<?xml version="1.0" encoding="UTF-8"?>
<testsuite xmlns:xsi="http://www.w3.org/2001/XMLSchema-instance" xsi:noNamespaceSchemaLocation="https://maven.apache.org/surefire/maven-surefire-plugin/xsd/surefire-test-report.xsd" version="3.0.2" name="com.banxia.TliasWebManagementApplicationTests" time="2.689" tests="1" errors="0" skipped="0" failures="0">
  <properties>
    <property name="java.specification.version" value="18"/>
    <property name="sun.cpu.isalist" value="amd64"/>
    <property name="sun.jnu.encoding" value="GBK"/>
    <property name="java.class.path" value="C:\Users\19432\OneDrive\notes\JavaWeb\SpringBoot_Web\SpringWeb\tlias-web-management\target\test-classes;C:\Users\19432\OneDrive\notes\JavaWeb\SpringBoot_Web\SpringWeb\tlias-web-management\target\classes;C:\Maven\Maven_repo\org\springframework\boot\spring-boot-starter-web\3.4.4\spring-boot-starter-web-3.4.4.jar;C:\Maven\Maven_repo\org\springframework\boot\spring-boot-starter\3.4.4\spring-boot-starter-3.4.4.jar;C:\Maven\Maven_repo\org\springframework\boot\spring-boot\3.4.4\spring-boot-3.4.4.jar;C:\Maven\Maven_repo\org\springframework\boot\spring-boot-autoconfigure\3.4.4\spring-boot-autoconfigure-3.4.4.jar;C:\Maven\Maven_repo\org\springframework\boot\spring-boot-starter-logging\3.4.4\spring-boot-starter-logging-3.4.4.jar;C:\Maven\Maven_repo\ch\qos\logback\logback-classic\1.5.18\logback-classic-1.5.18.jar;C:\Maven\Maven_repo\ch\qos\logback\logback-core\1.5.18\logback-core-1.5.18.jar;C:\Maven\Maven_repo\org\apache\logging\log4j\log4j-to-slf4j\2.24.3\log4j-to-slf4j-2.24.3.jar;C:\Maven\Maven_repo\org\apache\logging\log4j\log4j-api\2.24.3\log4j-api-2.24.3.jar;C:\Maven\Maven_repo\org\slf4j\jul-to-slf4j\2.0.17\jul-to-slf4j-2.0.17.jar;C:\Maven\Maven_repo\jakarta\annotation\jakarta.annotation-api\2.1.1\jakarta.annotation-api-2.1.1.jar;C:\Maven\Maven_repo\org\yaml\snakeyaml\2.3\snakeyaml-2.3.jar;C:\Maven\Maven_repo\org\springframework\boot\spring-boot-starter-json\3.4.4\spring-boot-starter-json-3.4.4.jar;C:\Maven\Maven_repo\com\fasterxml\jackson\datatype\jackson-datatype-jdk8\2.18.3\jackson-datatype-jdk8-2.18.3.jar;C:\Maven\Maven_repo\com\fasterxml\jackson\datatype\jackson-datatype-jsr310\2.18.3\jackson-datatype-jsr310-2.18.3.jar;C:\Maven\Maven_repo\com\fasterxml\jackson\module\jackson-module-parameter-names\2.18.3\jackson-module-parameter-names-2.18.3.jar;C:\Maven\Maven_repo\org\springframework\boot\spring-boot-starter-tomcat\3.4.4\spring-boot-starter-tomcat-3.4.4.jar;C:\Maven\Maven_repo\org\apache\tomcat\embed\tomcat-embed-core\10.1.39\tomcat-embed-core-10.1.39.jar;C:\Maven\Maven_repo\org\apache\tomcat\embed\tomcat-embed-el\10.1.39\tomcat-embed-el-10.1.39.jar;C:\Maven\Maven_repo\org\apache\tomcat\embed\tomcat-embed-websocket\10.1.39\tomcat-embed-websocket-10.1.39.jar;C:\Maven\Maven_repo\org\springframework\spring-web\6.2.5\spring-web-6.2.5.jar;C:\Maven\Maven_repo\org\springframework\spring-beans\6.2.5\spring-beans-6.2.5.jar;C:\Maven\Maven_repo\io\micrometer\micrometer-observation\1.14.5\micrometer-observation-1.14.5.jar;C:\Maven\Maven_repo\io\micrometer\micrometer-commons\1.14.5\micrometer-commons-1.14.5.jar;C:\Maven\Maven_repo\org\springframework\spring-webmvc\6.2.5\spring-webmvc-6.2.5.jar;C:\Maven\Maven_repo\org\springframework\spring-context\6.2.5\spring-context-6.2.5.jar;C:\Maven\Maven_repo\org\springframework\spring-expression\6.2.5\spring-expression-6.2.5.jar;C:\Maven\Maven_repo\org\mybatis\spring\boot\mybatis-spring-boot-starter\3.0.4\mybatis-spring-boot-starter-3.0.4.jar;C:\Maven\Maven_repo\org\springframework\boot\spring-boot-starter-jdbc\3.4.4\spring-boot-starter-jdbc-3.4.4.jar;C:\Maven\Maven_repo\com\zaxxer\HikariCP\5.1.0\HikariCP-5.1.0.jar;C:\Maven\Maven_repo\org\springframework\spring-jdbc\6.2.5\spring-jdbc-6.2.5.jar;C:\Maven\Maven_repo\org\mybatis\spring\boot\mybatis-spring-boot-autoconfigure\3.0.4\mybatis-spring-boot-autoconfigure-3.0.4.jar;C:\Maven\Maven_repo\org\mybatis\mybatis\3.5.17\mybatis-3.5.17.jar;C:\Maven\Maven_repo\org\mybatis\mybatis-spring\3.0.4\mybatis-spring-3.0.4.jar;C:\Maven\Maven_repo\com\mysql\mysql-connector-j\9.1.0\mysql-connector-j-9.1.0.jar;C:\Maven\Maven_repo\org\projectlombok\lombok\1.18.36\lombok-1.18.36.jar;C:\Maven\Maven_repo\org\springframework\boot\spring-boot-starter-test\3.4.4\spring-boot-starter-test-3.4.4.jar;C:\Maven\Maven_repo\org\springframework\boot\spring-boot-test\3.4.4\spring-boot-test-3.4.4.jar;C:\Maven\Maven_repo\org\springframework\boot\spring-boot-test-autoconfigure\3.4.4\spring-boot-test-autoconfigure-3.4.4.jar;C:\Maven\Maven_repo\com\jayway\jsonpath\json-path\2.9.0\json-path-2.9.0.jar;C:\Maven\Maven_repo\org\slf4j\slf4j-api\2.0.17\slf4j-api-2.0.17.jar;C:\Maven\Maven_repo\jakarta\xml\bind\jakarta.xml.bind-api\4.0.2\jakarta.xml.bind-api-4.0.2.jar;C:\Maven\Maven_repo\jakarta\activation\jakarta.activation-api\2.1.3\jakarta.activation-api-2.1.3.jar;C:\Maven\Maven_repo\net\minidev\json-smart\2.5.2\json-smart-2.5.2.jar;C:\Maven\Maven_repo\net\minidev\accessors-smart\2.5.2\accessors-smart-2.5.2.jar;C:\Maven\Maven_repo\org\ow2\asm\asm\9.7.1\asm-9.7.1.jar;C:\Maven\Maven_repo\org\assertj\assertj-core\3.26.3\assertj-core-3.26.3.jar;C:\Maven\Maven_repo\net\bytebuddy\byte-buddy\1.15.11\byte-buddy-1.15.11.jar;C:\Maven\Maven_repo\org\awaitility\awaitility\4.2.2\awaitility-4.2.2.jar;C:\Maven\Maven_repo\org\hamcrest\hamcrest\2.2\hamcrest-2.2.jar;C:\Maven\Maven_repo\org\junit\jupiter\junit-jupiter\5.11.4\junit-jupiter-5.11.4.jar;C:\Maven\Maven_repo\org\junit\jupiter\junit-jupiter-api\5.11.4\junit-jupiter-api-5.11.4.jar;C:\Maven\Maven_repo\org\opentest4j\opentest4j\1.3.0\opentest4j-1.3.0.jar;C:\Maven\Maven_repo\org\junit\platform\junit-platform-commons\1.11.4\junit-platform-commons-1.11.4.jar;C:\Maven\Maven_repo\org\apiguardian\apiguardian-api\1.1.2\apiguardian-api-1.1.2.jar;C:\Maven\Maven_repo\org\junit\jupiter\junit-jupiter-params\5.11.4\junit-jupiter-params-5.11.4.jar;C:\Maven\Maven_repo\org\junit\jupiter\junit-jupiter-engine\5.11.4\junit-jupiter-engine-5.11.4.jar;C:\Maven\Maven_repo\org\junit\platform\junit-platform-engine\1.11.4\junit-platform-engine-1.11.4.jar;C:\Maven\Maven_repo\org\mockito\mockito-core\5.14.2\mockito-core-5.14.2.jar;C:\Maven\Maven_repo\net\bytebuddy\byte-buddy-agent\1.15.11\byte-buddy-agent-1.15.11.jar;C:\Maven\Maven_repo\org\objenesis\objenesis\3.3\objenesis-3.3.jar;C:\Maven\Maven_repo\org\mockito\mockito-junit-jupiter\5.14.2\mockito-junit-jupiter-5.14.2.jar;C:\Maven\Maven_repo\org\skyscreamer\jsonassert\1.5.3\jsonassert-1.5.3.jar;C:\Maven\Maven_repo\com\vaadin\external\google\android-json\0.0.20131108.vaadin1\android-json-0.0.20131108.vaadin1.jar;C:\Maven\Maven_repo\org\springframework\spring-core\6.2.5\spring-core-6.2.5.jar;C:\Maven\Maven_repo\org\springframework\spring-jcl\6.2.5\spring-jcl-6.2.5.jar;C:\Maven\Maven_repo\org\springframework\spring-test\6.2.5\spring-test-6.2.5.jar;C:\Maven\Maven_repo\org\xmlunit\xmlunit-core\2.10.0\xmlunit-core-2.10.0.jar;C:\Maven\Maven_repo\org\mybatis\spring\boot\mybatis-spring-boot-starter-test\3.0.4\mybatis-spring-boot-starter-test-3.0.4.jar;C:\Maven\Maven_repo\org\mybatis\spring\boot\mybatis-spring-boot-test-autoconfigure\3.0.4\mybatis-spring-boot-test-autoconfigure-3.0.4.jar;C:\Maven\Maven_repo\org\springframework\spring-tx\6.2.5\spring-tx-6.2.5.jar;C:\Maven\Maven_repo\com\github\pagehelper\pagehelper-spring-boot-starter\1.4.7\pagehelper-spring-boot-starter-1.4.7.jar;C:\Maven\Maven_repo\com\github\pagehelper\pagehelper-spring-boot-autoconfigure\1.4.7\pagehelper-spring-boot-autoconfigure-1.4.7.jar;C:\Maven\Maven_repo\com\github\pagehelper\pagehelper\5.3.3\pagehelper-5.3.3.jar;C:\Maven\Maven_repo\com\github\jsqlparser\jsqlparser\4.5\jsqlparser-4.5.jar;C:\Maven\Maven_repo\com\aliyun\oss\aliyun-sdk-oss\3.17.4\aliyun-sdk-oss-3.17.4.jar;C:\Maven\Maven_repo\org\apache\httpcomponents\httpclient\4.5.13\httpclient-4.5.13.jar;C:\Maven\Maven_repo\org\apache\httpcomponents\httpcore\4.4.16\httpcore-4.4.16.jar;C:\Maven\Maven_repo\commons-logging\commons-logging\1.2\commons-logging-1.2.jar;C:\Maven\Maven_repo\commons-codec\commons-codec\1.17.2\commons-codec-1.17.2.jar;C:\Maven\Maven_repo\org\jdom\jdom2\2.0.6.1\jdom2-2.0.6.1.jar;C:\Maven\Maven_repo\org\codehaus\jettison\jettison\1.5.4\jettison-1.5.4.jar;C:\Maven\Maven_repo\com\aliyun\aliyun-java-sdk-core\4.5.10\aliyun-java-sdk-core-4.5.10.jar;C:\Maven\Maven_repo\com\google\code\gson\gson\2.11.0\gson-2.11.0.jar;C:\Maven\Maven_repo\com\google\errorprone\error_prone_annotations\2.27.0\error_prone_annotations-2.27.0.jar;C:\Maven\Maven_repo\org\jacoco\org.jacoco.agent\0.8.5\org.jacoco.agent-0.8.5-runtime.jar;C:\Maven\Maven_repo\org\ini4j\ini4j\0.5.4\ini4j-0.5.4.jar;C:\Maven\Maven_repo\io\opentracing\opentracing-api\0.33.0\opentracing-api-0.33.0.jar;C:\Maven\Maven_repo\io\opentracing\opentracing-util\0.33.0\opentracing-util-0.33.0.jar;C:\Maven\Maven_repo\io\opentracing\opentracing-noop\0.33.0\opentracing-noop-0.33.0.jar;C:\Maven\Maven_repo\com\aliyun\aliyun-java-sdk-ram\3.1.0\aliyun-java-sdk-ram-3.1.0.jar;C:\Maven\Maven_repo\com\aliyun\aliyun-java-sdk-kms\2.11.0\aliyun-java-sdk-kms-2.11.0.jar;C:\Maven\Maven_repo\javax\xml\bind\jaxb-api\2.3.1\jaxb-api-2.3.1.jar;C:\Maven\Maven_repo\javax\activation\javax.activation-api\1.2.0\javax.activation-api-1.2.0.jar;C:\Maven\Maven_repo\javax\activation\activation\1.1.1\activation-1.1.1.jar;C:\Maven\Maven_repo\org\glassfish\jaxb\jaxb-runtime\2.3.3\jaxb-runtime-2.3.3.jar;C:\Maven\Maven_repo\org\glassfish\jaxb\txw2\4.0.5\txw2-4.0.5.jar;C:\Maven\Maven_repo\com\sun\istack\istack-commons-runtime\4.1.2\istack-commons-runtime-4.1.2.jar;C:\Maven\Maven_repo\com\sun\activation\jakarta.activation\1.2.2\jakarta.activation-1.2.2.jar;C:\Maven\Maven_repo\io\jsonwebtoken\jjwt\0.9.1\jjwt-0.9.1.jar;C:\Maven\Maven_repo\com\fasterxml\jackson\core\jackson-databind\2.18.3\jackson-databind-2.18.3.jar;C:\Maven\Maven_repo\com\fasterxml\jackson\core\jackson-annotations\2.18.3\jackson-annotations-2.18.3.jar;C:\Maven\Maven_repo\com\fasterxml\jackson\core\jackson-core\2.18.3\jackson-core-2.18.3.jar;C:\Maven\Maven_repo\org\springframework\boot\spring-boot-starter-aop\3.4.4\spring-boot-starter-aop-3.4.4.jar;C:\Maven\Maven_repo\org\springframework\spring-aop\6.2.5\spring-aop-6.2.5.jar;C:\Maven\Maven_repo\org\aspectj\aspectjweaver\1.9.23\aspectjweaver-1.9.23.jar;"/>
    <property name="java.vm.vendor" value="Oracle Corporation"/>
    <property name="sun.arch.data.model" value="64"/>
    <property name="user.variant" value=""/>
    <property name="java.vendor.url" value="https://java.oracle.com/"/>
    <property name="user.timezone" value="Asia/Shanghai"/>
    <property name="os.name" value="Windows 11"/>
    <property name="java.vm.specification.version" value="18"/>
    <property name="APPLICATION_NAME" value="tlias-web-management"/>
    <property name="sun.java.launcher" value="SUN_STANDARD"/>
    <property name="user.country" value="CN"/>
    <property name="sun.boot.library.path" value="C:\Program Files\Java\jdk-18.0.2.1\bin"/>
    <property name="sun.java.command" value="C:\Users\19432\AppData\Local\Temp\surefire6362187639925040835\surefirebooter-20250526185343638_3.jar C:\Users\19432\AppData\Local\Temp\surefire6362187639925040835 2025-05-26T18-53-43_508-jvmRun1 surefire-20250526185343638_1tmp surefire_0-20250526185343638_2tmp"/>
    <property name="jdk.debug" value="release"/>
    <property name="surefire.test.class.path" value="C:\Users\19432\OneDrive\notes\JavaWeb\SpringBoot_Web\SpringWeb\tlias-web-management\target\test-classes;C:\Users\19432\OneDrive\notes\JavaWeb\SpringBoot_Web\SpringWeb\tlias-web-management\target\classes;C:\Maven\Maven_repo\org\springframework\boot\spring-boot-starter-web\3.4.4\spring-boot-starter-web-3.4.4.jar;C:\Maven\Maven_repo\org\springframework\boot\spring-boot-starter\3.4.4\spring-boot-starter-3.4.4.jar;C:\Maven\Maven_repo\org\springframework\boot\spring-boot\3.4.4\spring-boot-3.4.4.jar;C:\Maven\Maven_repo\org\springframework\boot\spring-boot-autoconfigure\3.4.4\spring-boot-autoconfigure-3.4.4.jar;C:\Maven\Maven_repo\org\springframework\boot\spring-boot-starter-logging\3.4.4\spring-boot-starter-logging-3.4.4.jar;C:\Maven\Maven_repo\ch\qos\logback\logback-classic\1.5.18\logback-classic-1.5.18.jar;C:\Maven\Maven_repo\ch\qos\logback\logback-core\1.5.18\logback-core-1.5.18.jar;C:\Maven\Maven_repo\org\apache\logging\log4j\log4j-to-slf4j\2.24.3\log4j-to-slf4j-2.24.3.jar;C:\Maven\Maven_repo\org\apache\logging\log4j\log4j-api\2.24.3\log4j-api-2.24.3.jar;C:\Maven\Maven_repo\org\slf4j\jul-to-slf4j\2.0.17\jul-to-slf4j-2.0.17.jar;C:\Maven\Maven_repo\jakarta\annotation\jakarta.annotation-api\2.1.1\jakarta.annotation-api-2.1.1.jar;C:\Maven\Maven_repo\org\yaml\snakeyaml\2.3\snakeyaml-2.3.jar;C:\Maven\Maven_repo\org\springframework\boot\spring-boot-starter-json\3.4.4\spring-boot-starter-json-3.4.4.jar;C:\Maven\Maven_repo\com\fasterxml\jackson\datatype\jackson-datatype-jdk8\2.18.3\jackson-datatype-jdk8-2.18.3.jar;C:\Maven\Maven_repo\com\fasterxml\jackson\datatype\jackson-datatype-jsr310\2.18.3\jackson-datatype-jsr310-2.18.3.jar;C:\Maven\Maven_repo\com\fasterxml\jackson\module\jackson-module-parameter-names\2.18.3\jackson-module-parameter-names-2.18.3.jar;C:\Maven\Maven_repo\org\springframework\boot\spring-boot-starter-tomcat\3.4.4\spring-boot-starter-tomcat-3.4.4.jar;C:\Maven\Maven_repo\org\apache\tomcat\embed\tomcat-embed-core\10.1.39\tomcat-embed-core-10.1.39.jar;C:\Maven\Maven_repo\org\apache\tomcat\embed\tomcat-embed-el\10.1.39\tomcat-embed-el-10.1.39.jar;C:\Maven\Maven_repo\org\apache\tomcat\embed\tomcat-embed-websocket\10.1.39\tomcat-embed-websocket-10.1.39.jar;C:\Maven\Maven_repo\org\springframework\spring-web\6.2.5\spring-web-6.2.5.jar;C:\Maven\Maven_repo\org\springframework\spring-beans\6.2.5\spring-beans-6.2.5.jar;C:\Maven\Maven_repo\io\micrometer\micrometer-observation\1.14.5\micrometer-observation-1.14.5.jar;C:\Maven\Maven_repo\io\micrometer\micrometer-commons\1.14.5\micrometer-commons-1.14.5.jar;C:\Maven\Maven_repo\org\springframework\spring-webmvc\6.2.5\spring-webmvc-6.2.5.jar;C:\Maven\Maven_repo\org\springframework\spring-context\6.2.5\spring-context-6.2.5.jar;C:\Maven\Maven_repo\org\springframework\spring-expression\6.2.5\spring-expression-6.2.5.jar;C:\Maven\Maven_repo\org\mybatis\spring\boot\mybatis-spring-boot-starter\3.0.4\mybatis-spring-boot-starter-3.0.4.jar;C:\Maven\Maven_repo\org\springframework\boot\spring-boot-starter-jdbc\3.4.4\spring-boot-starter-jdbc-3.4.4.jar;C:\Maven\Maven_repo\com\zaxxer\HikariCP\5.1.0\HikariCP-5.1.0.jar;C:\Maven\Maven_repo\org\springframework\spring-jdbc\6.2.5\spring-jdbc-6.2.5.jar;C:\Maven\Maven_repo\org\mybatis\spring\boot\mybatis-spring-boot-autoconfigure\3.0.4\mybatis-spring-boot-autoconfigure-3.0.4.jar;C:\Maven\Maven_repo\org\mybatis\mybatis\3.5.17\mybatis-3.5.17.jar;C:\Maven\Maven_repo\org\mybatis\mybatis-spring\3.0.4\mybatis-spring-3.0.4.jar;C:\Maven\Maven_repo\com\mysql\mysql-connector-j\9.1.0\mysql-connector-j-9.1.0.jar;C:\Maven\Maven_repo\org\projectlombok\lombok\1.18.36\lombok-1.18.36.jar;C:\Maven\Maven_repo\org\springframework\boot\spring-boot-starter-test\3.4.4\spring-boot-starter-test-3.4.4.jar;C:\Maven\Maven_repo\org\springframework\boot\spring-boot-test\3.4.4\spring-boot-test-3.4.4.jar;C:\Maven\Maven_repo\org\springframework\boot\spring-boot-test-autoconfigure\3.4.4\spring-boot-test-autoconfigure-3.4.4.jar;C:\Maven\Maven_repo\com\jayway\jsonpath\json-path\2.9.0\json-path-2.9.0.jar;C:\Maven\Maven_repo\org\slf4j\slf4j-api\2.0.17\slf4j-api-2.0.17.jar;C:\Maven\Maven_repo\jakarta\xml\bind\jakarta.xml.bind-api\4.0.2\jakarta.xml.bind-api-4.0.2.jar;C:\Maven\Maven_repo\jakarta\activation\jakarta.activation-api\2.1.3\jakarta.activation-api-2.1.3.jar;C:\Maven\Maven_repo\net\minidev\json-smart\2.5.2\json-smart-2.5.2.jar;C:\Maven\Maven_repo\net\minidev\accessors-smart\2.5.2\accessors-smart-2.5.2.jar;C:\Maven\Maven_repo\org\ow2\asm\asm\9.7.1\asm-9.7.1.jar;C:\Maven\Maven_repo\org\assertj\assertj-core\3.26.3\assertj-core-3.26.3.jar;C:\Maven\Maven_repo\net\bytebuddy\byte-buddy\1.15.11\byte-buddy-1.15.11.jar;C:\Maven\Maven_repo\org\awaitility\awaitility\4.2.2\awaitility-4.2.2.jar;C:\Maven\Maven_repo\org\hamcrest\hamcrest\2.2\hamcrest-2.2.jar;C:\Maven\Maven_repo\org\junit\jupiter\junit-jupiter\5.11.4\junit-jupiter-5.11.4.jar;C:\Maven\Maven_repo\org\junit\jupiter\junit-jupiter-api\5.11.4\junit-jupiter-api-5.11.4.jar;C:\Maven\Maven_repo\org\opentest4j\opentest4j\1.3.0\opentest4j-1.3.0.jar;C:\Maven\Maven_repo\org\junit\platform\junit-platform-commons\1.11.4\junit-platform-commons-1.11.4.jar;C:\Maven\Maven_repo\org\apiguardian\apiguardian-api\1.1.2\apiguardian-api-1.1.2.jar;C:\Maven\Maven_repo\org\junit\jupiter\junit-jupiter-params\5.11.4\junit-jupiter-params-5.11.4.jar;C:\Maven\Maven_repo\org\junit\jupiter\junit-jupiter-engine\5.11.4\junit-jupiter-engine-5.11.4.jar;C:\Maven\Maven_repo\org\junit\platform\junit-platform-engine\1.11.4\junit-platform-engine-1.11.4.jar;C:\Maven\Maven_repo\org\mockito\mockito-core\5.14.2\mockito-core-5.14.2.jar;C:\Maven\Maven_repo\net\bytebuddy\byte-buddy-agent\1.15.11\byte-buddy-agent-1.15.11.jar;C:\Maven\Maven_repo\org\objenesis\objenesis\3.3\objenesis-3.3.jar;C:\Maven\Maven_repo\org\mockito\mockito-junit-jupiter\5.14.2\mockito-junit-jupiter-5.14.2.jar;C:\Maven\Maven_repo\org\skyscreamer\jsonassert\1.5.3\jsonassert-1.5.3.jar;C:\Maven\Maven_repo\com\vaadin\external\google\android-json\0.0.20131108.vaadin1\android-json-0.0.20131108.vaadin1.jar;C:\Maven\Maven_repo\org\springframework\spring-core\6.2.5\spring-core-6.2.5.jar;C:\Maven\Maven_repo\org\springframework\spring-jcl\6.2.5\spring-jcl-6.2.5.jar;C:\Maven\Maven_repo\org\springframework\spring-test\6.2.5\spring-test-6.2.5.jar;C:\Maven\Maven_repo\org\xmlunit\xmlunit-core\2.10.0\xmlunit-core-2.10.0.jar;C:\Maven\Maven_repo\org\mybatis\spring\boot\mybatis-spring-boot-starter-test\3.0.4\mybatis-spring-boot-starter-test-3.0.4.jar;C:\Maven\Maven_repo\org\mybatis\spring\boot\mybatis-spring-boot-test-autoconfigure\3.0.4\mybatis-spring-boot-test-autoconfigure-3.0.4.jar;C:\Maven\Maven_repo\org\springframework\spring-tx\6.2.5\spring-tx-6.2.5.jar;C:\Maven\Maven_repo\com\github\pagehelper\pagehelper-spring-boot-starter\1.4.7\pagehelper-spring-boot-starter-1.4.7.jar;C:\Maven\Maven_repo\com\github\pagehelper\pagehelper-spring-boot-autoconfigure\1.4.7\pagehelper-spring-boot-autoconfigure-1.4.7.jar;C:\Maven\Maven_repo\com\github\pagehelper\pagehelper\5.3.3\pagehelper-5.3.3.jar;C:\Maven\Maven_repo\com\github\jsqlparser\jsqlparser\4.5\jsqlparser-4.5.jar;C:\Maven\Maven_repo\com\aliyun\oss\aliyun-sdk-oss\3.17.4\aliyun-sdk-oss-3.17.4.jar;C:\Maven\Maven_repo\org\apache\httpcomponents\httpclient\4.5.13\httpclient-4.5.13.jar;C:\Maven\Maven_repo\org\apache\httpcomponents\httpcore\4.4.16\httpcore-4.4.16.jar;C:\Maven\Maven_repo\commons-logging\commons-logging\1.2\commons-logging-1.2.jar;C:\Maven\Maven_repo\commons-codec\commons-codec\1.17.2\commons-codec-1.17.2.jar;C:\Maven\Maven_repo\org\jdom\jdom2\2.0.6.1\jdom2-2.0.6.1.jar;C:\Maven\Maven_repo\org\codehaus\jettison\jettison\1.5.4\jettison-1.5.4.jar;C:\Maven\Maven_repo\com\aliyun\aliyun-java-sdk-core\4.5.10\aliyun-java-sdk-core-4.5.10.jar;C:\Maven\Maven_repo\com\google\code\gson\gson\2.11.0\gson-2.11.0.jar;C:\Maven\Maven_repo\com\google\errorprone\error_prone_annotations\2.27.0\error_prone_annotations-2.27.0.jar;C:\Maven\Maven_repo\org\jacoco\org.jacoco.agent\0.8.5\org.jacoco.agent-0.8.5-runtime.jar;C:\Maven\Maven_repo\org\ini4j\ini4j\0.5.4\ini4j-0.5.4.jar;C:\Maven\Maven_repo\io\opentracing\opentracing-api\0.33.0\opentracing-api-0.33.0.jar;C:\Maven\Maven_repo\io\opentracing\opentracing-util\0.33.0\opentracing-util-0.33.0.jar;C:\Maven\Maven_repo\io\opentracing\opentracing-noop\0.33.0\opentracing-noop-0.33.0.jar;C:\Maven\Maven_repo\com\aliyun\aliyun-java-sdk-ram\3.1.0\aliyun-java-sdk-ram-3.1.0.jar;C:\Maven\Maven_repo\com\aliyun\aliyun-java-sdk-kms\2.11.0\aliyun-java-sdk-kms-2.11.0.jar;C:\Maven\Maven_repo\javax\xml\bind\jaxb-api\2.3.1\jaxb-api-2.3.1.jar;C:\Maven\Maven_repo\javax\activation\javax.activation-api\1.2.0\javax.activation-api-1.2.0.jar;C:\Maven\Maven_repo\javax\activation\activation\1.1.1\activation-1.1.1.jar;C:\Maven\Maven_repo\org\glassfish\jaxb\jaxb-runtime\2.3.3\jaxb-runtime-2.3.3.jar;C:\Maven\Maven_repo\org\glassfish\jaxb\txw2\4.0.5\txw2-4.0.5.jar;C:\Maven\Maven_repo\com\sun\istack\istack-commons-runtime\4.1.2\istack-commons-runtime-4.1.2.jar;C:\Maven\Maven_repo\com\sun\activation\jakarta.activation\1.2.2\jakarta.activation-1.2.2.jar;C:\Maven\Maven_repo\io\jsonwebtoken\jjwt\0.9.1\jjwt-0.9.1.jar;C:\Maven\Maven_repo\com\fasterxml\jackson\core\jackson-databind\2.18.3\jackson-databind-2.18.3.jar;C:\Maven\Maven_repo\com\fasterxml\jackson\core\jackson-annotations\2.18.3\jackson-annotations-2.18.3.jar;C:\Maven\Maven_repo\com\fasterxml\jackson\core\jackson-core\2.18.3\jackson-core-2.18.3.jar;C:\Maven\Maven_repo\org\springframework\boot\spring-boot-starter-aop\3.4.4\spring-boot-starter-aop-3.4.4.jar;C:\Maven\Maven_repo\org\springframework\spring-aop\6.2.5\spring-aop-6.2.5.jar;C:\Maven\Maven_repo\org\aspectj\aspectjweaver\1.9.23\aspectjweaver-1.9.23.jar;"/>
    <property name="sun.cpu.endian" value="little"/>
    <property name="user.home" value="C:\Users\19432"/>
    <property name="user.language" value="zh"/>
    <property name="java.specification.vendor" value="Oracle Corporation"/>
    <property name="java.version.date" value="2022-08-18"/>
    <property name="java.home" value="C:\Program Files\Java\jdk-18.0.2.1"/>
    <property name="file.separator" value="\"/>
    <property name="basedir" value="C:\Users\19432\OneDrive\notes\JavaWeb\SpringBoot_Web\SpringWeb\tlias-web-management"/>
    <property name="java.vm.compressedOopsMode" value="Zero based"/>
    <property name="line.separator" value="&#10;"/>
    <property name="java.vm.specification.vendor" value="Oracle Corporation"/>
    <property name="java.specification.name" value="Java Platform API Specification"/>
    <property name="FILE_LOG_CHARSET" value="UTF-8"/>
    <property name="java.awt.headless" value="true"/>
    <property name="surefire.real.class.path" value="C:\Users\19432\AppData\Local\Temp\surefire6362187639925040835\surefirebooter-20250526185343638_3.jar"/>
    <property name="user.script" value=""/>
    <property name="sun.management.compiler" value="HotSpot 64-Bit Tiered Compilers"/>
    <property name="java.runtime.version" value="18.0.2.1+1-1"/>
    <property name="user.name" value="_ban_xia_"/>
    <property name="path.separator" value=";"/>
    <property name="os.version" value="10.0"/>
    <property name="java.runtime.name" value="Java(TM) SE Runtime Environment"/>
    <property name="file.encoding" value="UTF-8"/>
    <property name="java.vm.name" value="Java HotSpot(TM) 64-Bit Server VM"/>
    <property name="localRepository" value="C:\Maven\Maven_repo"/>
    <property name="java.vendor.url.bug" value="https://bugreport.java.com/bugreport/"/>
    <property name="java.io.tmpdir" value="C:\Users\19432\AppData\Local\Temp\"/>
    <property name="idea.version" value="2024.3.5"/>
    <property name="java.version" value="18.0.2.1"/>
    <property name="user.dir" value="C:\Users\19432\OneDrive\notes\JavaWeb\SpringBoot_Web\SpringWeb\tlias-web-management"/>
    <property name="os.arch" value="amd64"/>
    <property name="java.vm.specification.name" value="Java Virtual Machine Specification"/>
    <property name="PID" value="32532"/>
    <property name="sun.os.patch.level" value=""/>
    <property name="CONSOLE_LOG_CHARSET" value="UTF-8"/>
    <property name="native.encoding" value="GBK"/>
    <property name="java.library.path" value="C:\Program Files\Java\jdk-18.0.2.1\bin;C:\WINDOWS\Sun\Java\bin;C:\WINDOWS\system32;C:\WINDOWS;C:\Program Files\Common Files\Oracle\Java\javapath;C:\Program Files (x86)\Common Files\Oracle\Java\java8path;C:\Program Files (x86)\Common Files\Oracle\Java\javapath;C:\VM\bin\;C:\Program Files\Microsoft\jdk-17.0.8.7-hotspot\bin;C:\Windows\system32;C:\Windows;C:\Windows\System32\Wbem;C:\Windows\System32\WindowsPowerShell\v1.0\;C:\Windows\System32\OpenSSH\;C:\Program Files (x86)\NVIDIA Corporation\PhysX\Common;C:\Program Files\MySQL\MySQL Server 8.0\bin;C:\Program Files\dotnet\;C:\Program Files\mingw64\bin;C:\Gradle\gradle-8.6\bin;C:\微信开发者工具\微信web开发者工具\dll;C:\Go\go\bin;:\Go\bin;C:\Program Files\NVIDIA Corporation\NVIDIA app\NvDLISR;C:\Git\cmd;C:\WINDOWS\system32;C:\WINDOWS;C:\WINDOWS\System32\Wbem;C:\WINDOWS\System32\WindowsPowerShell\v1.0\;C:\WINDOWS\System32\OpenSSH\;C:\Maven\apache-maven-3.9.9\bin;%NVM_HOME%;%NVM_SYMLINK%;C:\Users\19432\AppData\Local\Programs\Python\Python39\Scripts\;C:\Users\19432\AppData\Local\Programs\Python\Python39\;C:\Users\19432\AppData\Local\Programs\Python\Launcher\;C:\Program Files\MySQL\MySQL Shell 8.0\bin\;C:\Users\19432\AppData\Local\Microsoft\WindowsApps;C:\PyCharm Community Edition 2023.3\bin;;C:\Users\19432\AppData\Local\Programs\Microsoft VS Code\bin;C:\Program Files\mingw64\bin\;C:\ij\IntelliJ IDEA Community Edition 2024.3.5\bin;;C:\DataGrip\DataGrip 2024.2.2\bin;;C:\Users\19432\go\bin;C:\goland\GoLand 2024.2.3\bin;;C:\ij\IntelliJ IDEA 2024.3.5\bin;;C:\nvm;C:\nvm4w\nodejs;."/>
    <property name="java.vm.info" value="mixed mode, sharing"/>
    <property name="java.vendor" value="Oracle Corporation"/>
    <property name="java.vm.version" value="18.0.2.1+1-1"/>
    <property name="sun.io.unicode.encoding" value="UnicodeLittle"/>
    <property name="maven.repo.local" value="C:\Maven\Maven_repo"/>
    <property name="java.class.version" value="62.0"/>
    <property name="LOGGED_APPLICATION_NAME" value="[tlias-web-management] "/>
  </properties>
  <testcase name="contextLoads" classname="com.banxia.TliasWebManagementApplicationTests" time="0.548">
    <system-out><![CDATA[2025-05-26 18:53:44.543 [main] INFO  o.s.t.c.support.AnnotationConfigContextLoaderUtils - Could not detect default configuration classes for test class [com.banxia.TliasWebManagementApplicationTests]: TliasWebManagementApplicationTests does not declare any static, non-private, non-final, nested classes annotated with @Configuration.
2025-05-26 18:53:44.627 [main] INFO  o.s.b.t.context.SpringBootTestContextBootstrapper - Found @SpringBootConfiguration com.banxia.TliasWebManagementApplication for test class com.banxia.TliasWebManagementApplicationTests

  .   ____          _            __ _ _
 /\\ / ___'_ __ _ _(_)_ __  __ _ \ \ \ \
( ( )\___ | '_ | '_| | '_ \/ _` | \ \ \ \
 \\/  ___)| |_)| | | | | || (_| |  ) ) ) )
  '  |____| .__|_| |_|_| |_\__, | / / / /
 =========|_|==============|___/=/_/_/_/

 :: Spring Boot ::                (v3.4.4)

2025-05-26 18:53:44.934 [main] INFO  com.banxia.TliasWebManagementApplicationTests - Starting TliasWebManagementApplicationTests using Java 18.0.2.1 with PID 32532 (started by _ban_xia_ in C:\Users\19432\OneDrive\notes\JavaWeb\SpringBoot_Web\SpringWeb\tlias-web-management)
2025-05-26 18:53:44.935 [main] INFO  com.banxia.TliasWebManagementApplicationTests - No active profile set, falling back to 1 default profile: "default"
Logging initialized using 'class org.apache.ibatis.logging.stdout.StdOutImpl' adapter.


,------.                           ,--.  ,--.         ,--.                         
|  .--. '  ,--,--.  ,---.   ,---.  |  '--'  |  ,---.  |  |  ,---.   ,---.  ,--.--. 
|  '--' | ' ,-.  | | .-. | | .-. : |  .--.  | | .-. : |  | | .-. | | .-. : |  .--' 
|  | --'  \ '-'  | ' '-' ' \   --. |  |  |  | \   --. |  | | '-' ' \   --. |  |    
`--'       `--`--' .`-  /   `----' `--'  `--'  `----' `--' |  |-'   `----' `--'    
                   `---'                                   `--'                        is intercepting.

2025-05-26 18:53:46.497 [main] INFO  com.banxia.TliasWebManagementApplicationTests - Started TliasWebManagementApplicationTests in 1.774 seconds (process running for 2.774)
]]></system-out>
  </testcase>
</testsuite>