<?xml version="1.0" encoding="UTF-8"?>
<testsuite xmlns:xsi="http://www.w3.org/2001/XMLSchema-instance" xsi:noNamespaceSchemaLocation="https://maven.apache.org/surefire/maven-surefire-plugin/xsd/surefire-test-report.xsd" version="3.0.2" name="com.banxia.UUIDTest" time="0.08" tests="1" errors="0" skipped="0" failures="0">
  <properties>
    <property name="java.specification.version" value="18"/>
    <property name="sun.cpu.isalist" value="amd64"/>
    <property name="sun.jnu.encoding" value="GBK"/>
    <property name="java.class.path" value="C:\Users\19432\OneDrive\notes\JavaWeb\SpringBoot_Web\SpringWeb\tlias-web-management\target\test-classes;C:\Users\19432\OneDrive\notes\JavaWeb\SpringBoot_Web\SpringWeb\tlias-web-management\target\classes;C:\Maven\Maven_repo\org\springframework\boot\spring-boot-starter-web\3.4.4\spring-boot-starter-web-3.4.4.jar;C:\Maven\Maven_repo\org\springframework\boot\spring-boot-starter\3.4.4\spring-boot-starter-3.4.4.jar;C:\Maven\Maven_repo\org\springframework\boot\spring-boot\3.4.4\spring-boot-3.4.4.jar;C:\Maven\Maven_repo\org\springframework\boot\spring-boot-autoconfigure\3.4.4\spring-boot-autoconfigure-3.4.4.jar;C:\Maven\Maven_repo\org\springframework\boot\spring-boot-starter-logging\3.4.4\spring-boot-starter-logging-3.4.4.jar;C:\Maven\Maven_repo\ch\qos\logback\logback-classic\1.5.18\logback-classic-1.5.18.jar;C:\Maven\Maven_repo\ch\qos\logback\logback-core\1.5.18\logback-core-1.5.18.jar;C:\Maven\Maven_repo\org\apache\logging\log4j\log4j-to-slf4j\2.24.3\log4j-to-slf4j-2.24.3.jar;C:\Maven\Maven_repo\org\apache\logging\log4j\log4j-api\2.24.3\log4j-api-2.24.3.jar;C:\Maven\Maven_repo\org\slf4j\jul-to-slf4j\2.0.17\jul-to-slf4j-2.0.17.jar;C:\Maven\Maven_repo\jakarta\annotation\jakarta.annotation-api\2.1.1\jakarta.annotation-api-2.1.1.jar;C:\Maven\Maven_repo\org\yaml\snakeyaml\2.3\snakeyaml-2.3.jar;C:\Maven\Maven_repo\org\springframework\boot\spring-boot-starter-json\3.4.4\spring-boot-starter-json-3.4.4.jar;C:\Maven\Maven_repo\com\fasterxml\jackson\datatype\jackson-datatype-jdk8\2.18.3\jackson-datatype-jdk8-2.18.3.jar;C:\Maven\Maven_repo\com\fasterxml\jackson\datatype\jackson-datatype-jsr310\2.18.3\jackson-datatype-jsr310-2.18.3.jar;C:\Maven\Maven_repo\com\fasterxml\jackson\module\jackson-module-parameter-names\2.18.3\jackson-module-parameter-names-2.18.3.jar;C:\Maven\Maven_repo\org\springframework\boot\spring-boot-starter-tomcat\3.4.4\spring-boot-starter-tomcat-3.4.4.jar;C:\Maven\Maven_repo\org\apache\tomcat\embed\tomcat-embed-core\10.1.39\tomcat-embed-core-10.1.39.jar;C:\Maven\Maven_repo\org\apache\tomcat\embed\tomcat-embed-el\10.1.39\tomcat-embed-el-10.1.39.jar;C:\Maven\Maven_repo\org\apache\tomcat\embed\tomcat-embed-websocket\10.1.39\tomcat-embed-websocket-10.1.39.jar;C:\Maven\Maven_repo\org\springframework\spring-web\6.2.5\spring-web-6.2.5.jar;C:\Maven\Maven_repo\org\springframework\spring-beans\6.2.5\spring-beans-6.2.5.jar;C:\Maven\Maven_repo\io\micrometer\micrometer-observation\1.14.5\micrometer-observation-1.14.5.jar;C:\Maven\Maven_repo\io\micrometer\micrometer-commons\1.14.5\micrometer-commons-1.14.5.jar;C:\Maven\Maven_repo\org\springframework\spring-webmvc\6.2.5\spring-webmvc-6.2.5.jar;C:\Maven\Maven_repo\org\springframework\spring-context\6.2.5\spring-context-6.2.5.jar;C:\Maven\Maven_repo\org\springframework\spring-expression\6.2.5\spring-expression-6.2.5.jar;C:\Maven\Maven_repo\org\mybatis\spring\boot\mybatis-spring-boot-starter\3.0.4\mybatis-spring-boot-starter-3.0.4.jar;C:\Maven\Maven_repo\org\springframework\boot\spring-boot-starter-jdbc\3.4.4\spring-boot-starter-jdbc-3.4.4.jar;C:\Maven\Maven_repo\com\zaxxer\HikariCP\5.1.0\HikariCP-5.1.0.jar;C:\Maven\Maven_repo\org\springframework\spring-jdbc\6.2.5\spring-jdbc-6.2.5.jar;C:\Maven\Maven_repo\org\mybatis\spring\boot\mybatis-spring-boot-autoconfigure\3.0.4\mybatis-spring-boot-autoconfigure-3.0.4.jar;C:\Maven\Maven_repo\org\mybatis\mybatis\3.5.17\mybatis-3.5.17.jar;C:\Maven\Maven_repo\org\mybatis\mybatis-spring\3.0.4\mybatis-spring-3.0.4.jar;C:\Maven\Maven_repo\com\mysql\mysql-connector-j\9.1.0\mysql-connector-j-9.1.0.jar;C:\Maven\Maven_repo\org\projectlombok\lombok\1.18.36\lombok-1.18.36.jar;C:\Maven\Maven_repo\org\springframework\boot\spring-boot-starter-test\3.4.4\spring-boot-starter-test-3.4.4.jar;C:\Maven\Maven_repo\org\springframework\boot\spring-boot-test\3.4.4\spring-boot-test-3.4.4.jar;C:\Maven\Maven_repo\org\springframework\boot\spring-boot-test-autoconfigure\3.4.4\spring-boot-test-autoconfigure-3.4.4.jar;C:\Maven\Maven_repo\com\jayway\jsonpath\json-path\2.9.0\json-path-2.9.0.jar;C:\Maven\Maven_repo\org\slf4j\slf4j-api\2.0.17\slf4j-api-2.0.17.jar;C:\Maven\Maven_repo\jakarta\xml\bind\jakarta.xml.bind-api\4.0.2\jakarta.xml.bind-api-4.0.2.jar;C:\Maven\Maven_repo\jakarta\activation\jakarta.activation-api\2.1.3\jakarta.activation-api-2.1.3.jar;C:\Maven\Maven_repo\net\minidev\json-smart\2.5.2\json-smart-2.5.2.jar;C:\Maven\Maven_repo\net\minidev\accessors-smart\2.5.2\accessors-smart-2.5.2.jar;C:\Maven\Maven_repo\org\ow2\asm\asm\9.7.1\asm-9.7.1.jar;C:\Maven\Maven_repo\org\assertj\assertj-core\3.26.3\assertj-core-3.26.3.jar;C:\Maven\Maven_repo\net\bytebuddy\byte-buddy\1.15.11\byte-buddy-1.15.11.jar;C:\Maven\Maven_repo\org\awaitility\awaitility\4.2.2\awaitility-4.2.2.jar;C:\Maven\Maven_repo\org\hamcrest\hamcrest\2.2\hamcrest-2.2.jar;C:\Maven\Maven_repo\org\junit\jupiter\junit-jupiter\5.11.4\junit-jupiter-5.11.4.jar;C:\Maven\Maven_repo\org\junit\jupiter\junit-jupiter-api\5.11.4\junit-jupiter-api-5.11.4.jar;C:\Maven\Maven_repo\org\opentest4j\opentest4j\1.3.0\opentest4j-1.3.0.jar;C:\Maven\Maven_repo\org\junit\platform\junit-platform-commons\1.11.4\junit-platform-commons-1.11.4.jar;C:\Maven\Maven_repo\org\apiguardian\apiguardian-api\1.1.2\apiguardian-api-1.1.2.jar;C:\Maven\Maven_repo\org\junit\jupiter\junit-jupiter-params\5.11.4\junit-jupiter-params-5.11.4.jar;C:\Maven\Maven_repo\org\junit\jupiter\junit-jupiter-engine\5.11.4\junit-jupiter-engine-5.11.4.jar;C:\Maven\Maven_repo\org\junit\platform\junit-platform-engine\1.11.4\junit-platform-engine-1.11.4.jar;C:\Maven\Maven_repo\org\mockito\mockito-core\5.14.2\mockito-core-5.14.2.jar;C:\Maven\Maven_repo\net\bytebuddy\byte-buddy-agent\1.15.11\byte-buddy-agent-1.15.11.jar;C:\Maven\Maven_repo\org\objenesis\objenesis\3.3\objenesis-3.3.jar;C:\Maven\Maven_repo\org\mockito\mockito-junit-jupiter\5.14.2\mockito-junit-jupiter-5.14.2.jar;C:\Maven\Maven_repo\org\skyscreamer\jsonassert\1.5.3\jsonassert-1.5.3.jar;C:\Maven\Maven_repo\com\vaadin\external\google\android-json\0.0.20131108.vaadin1\android-json-0.0.20131108.vaadin1.jar;C:\Maven\Maven_repo\org\springframework\spring-core\6.2.5\spring-core-6.2.5.jar;C:\Maven\Maven_repo\org\springframework\spring-jcl\6.2.5\spring-jcl-6.2.5.jar;C:\Maven\Maven_repo\org\springframework\spring-test\6.2.5\spring-test-6.2.5.jar;C:\Maven\Maven_repo\org\xmlunit\xmlunit-core\2.10.0\xmlunit-core-2.10.0.jar;C:\Maven\Maven_repo\org\mybatis\spring\boot\mybatis-spring-boot-starter-test\3.0.4\mybatis-spring-boot-starter-test-3.0.4.jar;C:\Maven\Maven_repo\org\mybatis\spring\boot\mybatis-spring-boot-test-autoconfigure\3.0.4\mybatis-spring-boot-test-autoconfigure-3.0.4.jar;C:\Maven\Maven_repo\org\springframework\spring-tx\6.2.5\spring-tx-6.2.5.jar;C:\Maven\Maven_repo\com\github\pagehelper\pagehelper-spring-boot-starter\1.4.7\pagehelper-spring-boot-starter-1.4.7.jar;C:\Maven\Maven_repo\com\github\pagehelper\pagehelper-spring-boot-autoconfigure\1.4.7\pagehelper-spring-boot-autoconfigure-1.4.7.jar;C:\Maven\Maven_repo\com\github\pagehelper\pagehelper\5.3.3\pagehelper-5.3.3.jar;C:\Maven\Maven_repo\com\github\jsqlparser\jsqlparser\4.5\jsqlparser-4.5.jar;C:\Maven\Maven_repo\com\aliyun\oss\aliyun-sdk-oss\3.17.4\aliyun-sdk-oss-3.17.4.jar;C:\Maven\Maven_repo\org\apache\httpcomponents\httpclient\4.5.13\httpclient-4.5.13.jar;C:\Maven\Maven_repo\org\apache\httpcomponents\httpcore\4.4.16\httpcore-4.4.16.jar;C:\Maven\Maven_repo\commons-logging\commons-logging\1.2\commons-logging-1.2.jar;C:\Maven\Maven_repo\commons-codec\commons-codec\1.17.2\commons-codec-1.17.2.jar;C:\Maven\Maven_repo\org\jdom\jdom2\2.0.6.1\jdom2-2.0.6.1.jar;C:\Maven\Maven_repo\org\codehaus\jettison\jettison\1.5.4\jettison-1.5.4.jar;C:\Maven\Maven_repo\com\aliyun\aliyun-java-sdk-core\4.5.10\aliyun-java-sdk-core-4.5.10.jar;C:\Maven\Maven_repo\com\google\code\gson\gson\2.11.0\gson-2.11.0.jar;C:\Maven\Maven_repo\com\google\errorprone\error_prone_annotations\2.27.0\error_prone_annotations-2.27.0.jar;C:\Maven\Maven_repo\org\jacoco\org.jacoco.agent\0.8.5\org.jacoco.agent-0.8.5-runtime.jar;C:\Maven\Maven_repo\org\ini4j\ini4j\0.5.4\ini4j-0.5.4.jar;C:\Maven\Maven_repo\io\opentracing\opentracing-api\0.33.0\opentracing-api-0.33.0.jar;C:\Maven\Maven_repo\io\opentracing\opentracing-util\0.33.0\opentracing-util-0.33.0.jar;C:\Maven\Maven_repo\io\opentracing\opentracing-noop\0.33.0\opentracing-noop-0.33.0.jar;C:\Maven\Maven_repo\com\aliyun\aliyun-java-sdk-ram\3.1.0\aliyun-java-sdk-ram-3.1.0.jar;C:\Maven\Maven_repo\com\aliyun\aliyun-java-sdk-kms\2.11.0\aliyun-java-sdk-kms-2.11.0.jar;C:\Maven\Maven_repo\javax\xml\bind\jaxb-api\2.3.1\jaxb-api-2.3.1.jar;C:\Maven\Maven_repo\javax\activation\javax.activation-api\1.2.0\javax.activation-api-1.2.0.jar;C:\Maven\Maven_repo\javax\activation\activation\1.1.1\activation-1.1.1.jar;C:\Maven\Maven_repo\org\glassfish\jaxb\jaxb-runtime\2.3.3\jaxb-runtime-2.3.3.jar;C:\Maven\Maven_repo\org\glassfish\jaxb\txw2\4.0.5\txw2-4.0.5.jar;C:\Maven\Maven_repo\com\sun\istack\istack-commons-runtime\4.1.2\istack-commons-runtime-4.1.2.jar;C:\Maven\Maven_repo\com\sun\activation\jakarta.activation\1.2.2\jakarta.activation-1.2.2.jar;C:\Maven\Maven_repo\io\jsonwebtoken\jjwt\0.9.1\jjwt-0.9.1.jar;C:\Maven\Maven_repo\com\fasterxml\jackson\core\jackson-databind\2.18.3\jackson-databind-2.18.3.jar;C:\Maven\Maven_repo\com\fasterxml\jackson\core\jackson-annotations\2.18.3\jackson-annotations-2.18.3.jar;C:\Maven\Maven_repo\com\fasterxml\jackson\core\jackson-core\2.18.3\jackson-core-2.18.3.jar;C:\Maven\Maven_repo\org\springframework\boot\spring-boot-starter-aop\3.4.4\spring-boot-starter-aop-3.4.4.jar;C:\Maven\Maven_repo\org\springframework\spring-aop\6.2.5\spring-aop-6.2.5.jar;C:\Maven\Maven_repo\org\aspectj\aspectjweaver\1.9.23\aspectjweaver-1.9.23.jar;"/>
    <property name="java.vm.vendor" value="Oracle Corporation"/>
    <property name="sun.arch.data.model" value="64"/>
    <property name="user.variant" value=""/>
    <property name="java.vendor.url" value="https://java.oracle.com/"/>
    <property name="user.timezone" value="Asia/Shanghai"/>
    <property name="os.name" value="Windows 11"/>
    <property name="java.vm.specification.version" value="18"/>
    <property name="APPLICATION_NAME" value="tlias-web-management"/>
    <property name="sun.java.launcher" value="SUN_STANDARD"/>
    <property name="user.country" value="CN"/>
    <property name="sun.boot.library.path" value="C:\Program Files\Java\jdk-18.0.2.1\bin"/>
    <property name="sun.java.command" value="C:\Users\19432\AppData\Local\Temp\surefire6362187639925040835\surefirebooter-20250526185343638_3.jar C:\Users\19432\AppData\Local\Temp\surefire6362187639925040835 2025-05-26T18-53-43_508-jvmRun1 surefire-20250526185343638_1tmp surefire_0-20250526185343638_2tmp"/>
    <property name="jdk.debug" value="release"/>
    <property name="surefire.test.class.path" value="C:\Users\19432\OneDrive\notes\JavaWeb\SpringBoot_Web\SpringWeb\tlias-web-management\target\test-classes;C:\Users\19432\OneDrive\notes\JavaWeb\SpringBoot_Web\SpringWeb\tlias-web-management\target\classes;C:\Maven\Maven_repo\org\springframework\boot\spring-boot-starter-web\3.4.4\spring-boot-starter-web-3.4.4.jar;C:\Maven\Maven_repo\org\springframework\boot\spring-boot-starter\3.4.4\spring-boot-starter-3.4.4.jar;C:\Maven\Maven_repo\org\springframework\boot\spring-boot\3.4.4\spring-boot-3.4.4.jar;C:\Maven\Maven_repo\org\springframework\boot\spring-boot-autoconfigure\3.4.4\spring-boot-autoconfigure-3.4.4.jar;C:\Maven\Maven_repo\org\springframework\boot\spring-boot-starter-logging\3.4.4\spring-boot-starter-logging-3.4.4.jar;C:\Maven\Maven_repo\ch\qos\logback\logback-classic\1.5.18\logback-classic-1.5.18.jar;C:\Maven\Maven_repo\ch\qos\logback\logback-core\1.5.18\logback-core-1.5.18.jar;C:\Maven\Maven_repo\org\apache\logging\log4j\log4j-to-slf4j\2.24.3\log4j-to-slf4j-2.24.3.jar;C:\Maven\Maven_repo\org\apache\logging\log4j\log4j-api\2.24.3\log4j-api-2.24.3.jar;C:\Maven\Maven_repo\org\slf4j\jul-to-slf4j\2.0.17\jul-to-slf4j-2.0.17.jar;C:\Maven\Maven_repo\jakarta\annotation\jakarta.annotation-api\2.1.1\jakarta.annotation-api-2.1.1.jar;C:\Maven\Maven_repo\org\yaml\snakeyaml\2.3\snakeyaml-2.3.jar;C:\Maven\Maven_repo\org\springframework\boot\spring-boot-starter-json\3.4.4\spring-boot-starter-json-3.4.4.jar;C:\Maven\Maven_repo\com\fasterxml\jackson\datatype\jackson-datatype-jdk8\2.18.3\jackson-datatype-jdk8-2.18.3.jar;C:\Maven\Maven_repo\com\fasterxml\jackson\datatype\jackson-datatype-jsr310\2.18.3\jackson-datatype-jsr310-2.18.3.jar;C:\Maven\Maven_repo\com\fasterxml\jackson\module\jackson-module-parameter-names\2.18.3\jackson-module-parameter-names-2.18.3.jar;C:\Maven\Maven_repo\org\springframework\boot\spring-boot-starter-tomcat\3.4.4\spring-boot-starter-tomcat-3.4.4.jar;C:\Maven\Maven_repo\org\apache\tomcat\embed\tomcat-embed-core\10.1.39\tomcat-embed-core-10.1.39.jar;C:\Maven\Maven_repo\org\apache\tomcat\embed\tomcat-embed-el\10.1.39\tomcat-embed-el-10.1.39.jar;C:\Maven\Maven_repo\org\apache\tomcat\embed\tomcat-embed-websocket\10.1.39\tomcat-embed-websocket-10.1.39.jar;C:\Maven\Maven_repo\org\springframework\spring-web\6.2.5\spring-web-6.2.5.jar;C:\Maven\Maven_repo\org\springframework\spring-beans\6.2.5\spring-beans-6.2.5.jar;C:\Maven\Maven_repo\io\micrometer\micrometer-observation\1.14.5\micrometer-observation-1.14.5.jar;C:\Maven\Maven_repo\io\micrometer\micrometer-commons\1.14.5\micrometer-commons-1.14.5.jar;C:\Maven\Maven_repo\org\springframework\spring-webmvc\6.2.5\spring-webmvc-6.2.5.jar;C:\Maven\Maven_repo\org\springframework\spring-context\6.2.5\spring-context-6.2.5.jar;C:\Maven\Maven_repo\org\springframework\spring-expression\6.2.5\spring-expression-6.2.5.jar;C:\Maven\Maven_repo\org\mybatis\spring\boot\mybatis-spring-boot-starter\3.0.4\mybatis-spring-boot-starter-3.0.4.jar;C:\Maven\Maven_repo\org\springframework\boot\spring-boot-starter-jdbc\3.4.4\spring-boot-starter-jdbc-3.4.4.jar;C:\Maven\Maven_repo\com\zaxxer\HikariCP\5.1.0\HikariCP-5.1.0.jar;C:\Maven\Maven_repo\org\springframework\spring-jdbc\6.2.5\spring-jdbc-6.2.5.jar;C:\Maven\Maven_repo\org\mybatis\spring\boot\mybatis-spring-boot-autoconfigure\3.0.4\mybatis-spring-boot-autoconfigure-3.0.4.jar;C:\Maven\Maven_repo\org\mybatis\mybatis\3.5.17\mybatis-3.5.17.jar;C:\Maven\Maven_repo\org\mybatis\mybatis-spring\3.0.4\mybatis-spring-3.0.4.jar;C:\Maven\Maven_repo\com\mysql\mysql-connector-j\9.1.0\mysql-connector-j-9.1.0.jar;C:\Maven\Maven_repo\org\projectlombok\lombok\1.18.36\lombok-1.18.36.jar;C:\Maven\Maven_repo\org\springframework\boot\spring-boot-starter-test\3.4.4\spring-boot-starter-test-3.4.4.jar;C:\Maven\Maven_repo\org\springframework\boot\spring-boot-test\3.4.4\spring-boot-test-3.4.4.jar;C:\Maven\Maven_repo\org\springframework\boot\spring-boot-test-autoconfigure\3.4.4\spring-boot-test-autoconfigure-3.4.4.jar;C:\Maven\Maven_repo\com\jayway\jsonpath\json-path\2.9.0\json-path-2.9.0.jar;C:\Maven\Maven_repo\org\slf4j\slf4j-api\2.0.17\slf4j-api-2.0.17.jar;C:\Maven\Maven_repo\jakarta\xml\bind\jakarta.xml.bind-api\4.0.2\jakarta.xml.bind-api-4.0.2.jar;C:\Maven\Maven_repo\jakarta\activation\jakarta.activation-api\2.1.3\jakarta.activation-api-2.1.3.jar;C:\Maven\Maven_repo\net\minidev\json-smart\2.5.2\json-smart-2.5.2.jar;C:\Maven\Maven_repo\net\minidev\accessors-smart\2.5.2\accessors-smart-2.5.2.jar;C:\Maven\Maven_repo\org\ow2\asm\asm\9.7.1\asm-9.7.1.jar;C:\Maven\Maven_repo\org\assertj\assertj-core\3.26.3\assertj-core-3.26.3.jar;C:\Maven\Maven_repo\net\bytebuddy\byte-buddy\1.15.11\byte-buddy-1.15.11.jar;C:\Maven\Maven_repo\org\awaitility\awaitility\4.2.2\awaitility-4.2.2.jar;C:\Maven\Maven_repo\org\hamcrest\hamcrest\2.2\hamcrest-2.2.jar;C:\Maven\Maven_repo\org\junit\jupiter\junit-jupiter\5.11.4\junit-jupiter-5.11.4.jar;C:\Maven\Maven_repo\org\junit\jupiter\junit-jupiter-api\5.11.4\junit-jupiter-api-5.11.4.jar;C:\Maven\Maven_repo\org\opentest4j\opentest4j\1.3.0\opentest4j-1.3.0.jar;C:\Maven\Maven_repo\org\junit\platform\junit-platform-commons\1.11.4\junit-platform-commons-1.11.4.jar;C:\Maven\Maven_repo\org\apiguardian\apiguardian-api\1.1.2\apiguardian-api-1.1.2.jar;C:\Maven\Maven_repo\org\junit\jupiter\junit-jupiter-params\5.11.4\junit-jupiter-params-5.11.4.jar;C:\Maven\Maven_repo\org\junit\jupiter\junit-jupiter-engine\5.11.4\junit-jupiter-engine-5.11.4.jar;C:\Maven\Maven_repo\org\junit\platform\junit-platform-engine\1.11.4\junit-platform-engine-1.11.4.jar;C:\Maven\Maven_repo\org\mockito\mockito-core\5.14.2\mockito-core-5.14.2.jar;C:\Maven\Maven_repo\net\bytebuddy\byte-buddy-agent\1.15.11\byte-buddy-agent-1.15.11.jar;C:\Maven\Maven_repo\org\objenesis\objenesis\3.3\objenesis-3.3.jar;C:\Maven\Maven_repo\org\mockito\mockito-junit-jupiter\5.14.2\mockito-junit-jupiter-5.14.2.jar;C:\Maven\Maven_repo\org\skyscreamer\jsonassert\1.5.3\jsonassert-1.5.3.jar;C:\Maven\Maven_repo\com\vaadin\external\google\android-json\0.0.20131108.vaadin1\android-json-0.0.20131108.vaadin1.jar;C:\Maven\Maven_repo\org\springframework\spring-core\6.2.5\spring-core-6.2.5.jar;C:\Maven\Maven_repo\org\springframework\spring-jcl\6.2.5\spring-jcl-6.2.5.jar;C:\Maven\Maven_repo\org\springframework\spring-test\6.2.5\spring-test-6.2.5.jar;C:\Maven\Maven_repo\org\xmlunit\xmlunit-core\2.10.0\xmlunit-core-2.10.0.jar;C:\Maven\Maven_repo\org\mybatis\spring\boot\mybatis-spring-boot-starter-test\3.0.4\mybatis-spring-boot-starter-test-3.0.4.jar;C:\Maven\Maven_repo\org\mybatis\spring\boot\mybatis-spring-boot-test-autoconfigure\3.0.4\mybatis-spring-boot-test-autoconfigure-3.0.4.jar;C:\Maven\Maven_repo\org\springframework\spring-tx\6.2.5\spring-tx-6.2.5.jar;C:\Maven\Maven_repo\com\github\pagehelper\pagehelper-spring-boot-starter\1.4.7\pagehelper-spring-boot-starter-1.4.7.jar;C:\Maven\Maven_repo\com\github\pagehelper\pagehelper-spring-boot-autoconfigure\1.4.7\pagehelper-spring-boot-autoconfigure-1.4.7.jar;C:\Maven\Maven_repo\com\github\pagehelper\pagehelper\5.3.3\pagehelper-5.3.3.jar;C:\Maven\Maven_repo\com\github\jsqlparser\jsqlparser\4.5\jsqlparser-4.5.jar;C:\Maven\Maven_repo\com\aliyun\oss\aliyun-sdk-oss\3.17.4\aliyun-sdk-oss-3.17.4.jar;C:\Maven\Maven_repo\org\apache\httpcomponents\httpclient\4.5.13\httpclient-4.5.13.jar;C:\Maven\Maven_repo\org\apache\httpcomponents\httpcore\4.4.16\httpcore-4.4.16.jar;C:\Maven\Maven_repo\commons-logging\commons-logging\1.2\commons-logging-1.2.jar;C:\Maven\Maven_repo\commons-codec\commons-codec\1.17.2\commons-codec-1.17.2.jar;C:\Maven\Maven_repo\org\jdom\jdom2\2.0.6.1\jdom2-2.0.6.1.jar;C:\Maven\Maven_repo\org\codehaus\jettison\jettison\1.5.4\jettison-1.5.4.jar;C:\Maven\Maven_repo\com\aliyun\aliyun-java-sdk-core\4.5.10\aliyun-java-sdk-core-4.5.10.jar;C:\Maven\Maven_repo\com\google\code\gson\gson\2.11.0\gson-2.11.0.jar;C:\Maven\Maven_repo\com\google\errorprone\error_prone_annotations\2.27.0\error_prone_annotations-2.27.0.jar;C:\Maven\Maven_repo\org\jacoco\org.jacoco.agent\0.8.5\org.jacoco.agent-0.8.5-runtime.jar;C:\Maven\Maven_repo\org\ini4j\ini4j\0.5.4\ini4j-0.5.4.jar;C:\Maven\Maven_repo\io\opentracing\opentracing-api\0.33.0\opentracing-api-0.33.0.jar;C:\Maven\Maven_repo\io\opentracing\opentracing-util\0.33.0\opentracing-util-0.33.0.jar;C:\Maven\Maven_repo\io\opentracing\opentracing-noop\0.33.0\opentracing-noop-0.33.0.jar;C:\Maven\Maven_repo\com\aliyun\aliyun-java-sdk-ram\3.1.0\aliyun-java-sdk-ram-3.1.0.jar;C:\Maven\Maven_repo\com\aliyun\aliyun-java-sdk-kms\2.11.0\aliyun-java-sdk-kms-2.11.0.jar;C:\Maven\Maven_repo\javax\xml\bind\jaxb-api\2.3.1\jaxb-api-2.3.1.jar;C:\Maven\Maven_repo\javax\activation\javax.activation-api\1.2.0\javax.activation-api-1.2.0.jar;C:\Maven\Maven_repo\javax\activation\activation\1.1.1\activation-1.1.1.jar;C:\Maven\Maven_repo\org\glassfish\jaxb\jaxb-runtime\2.3.3\jaxb-runtime-2.3.3.jar;C:\Maven\Maven_repo\org\glassfish\jaxb\txw2\4.0.5\txw2-4.0.5.jar;C:\Maven\Maven_repo\com\sun\istack\istack-commons-runtime\4.1.2\istack-commons-runtime-4.1.2.jar;C:\Maven\Maven_repo\com\sun\activation\jakarta.activation\1.2.2\jakarta.activation-1.2.2.jar;C:\Maven\Maven_repo\io\jsonwebtoken\jjwt\0.9.1\jjwt-0.9.1.jar;C:\Maven\Maven_repo\com\fasterxml\jackson\core\jackson-databind\2.18.3\jackson-databind-2.18.3.jar;C:\Maven\Maven_repo\com\fasterxml\jackson\core\jackson-annotations\2.18.3\jackson-annotations-2.18.3.jar;C:\Maven\Maven_repo\com\fasterxml\jackson\core\jackson-core\2.18.3\jackson-core-2.18.3.jar;C:\Maven\Maven_repo\org\springframework\boot\spring-boot-starter-aop\3.4.4\spring-boot-starter-aop-3.4.4.jar;C:\Maven\Maven_repo\org\springframework\spring-aop\6.2.5\spring-aop-6.2.5.jar;C:\Maven\Maven_repo\org\aspectj\aspectjweaver\1.9.23\aspectjweaver-1.9.23.jar;"/>
    <property name="sun.cpu.endian" value="little"/>
    <property name="user.home" value="C:\Users\19432"/>
    <property name="user.language" value="zh"/>
    <property name="java.specification.vendor" value="Oracle Corporation"/>
    <property name="java.version.date" value="2022-08-18"/>
    <property name="java.home" value="C:\Program Files\Java\jdk-18.0.2.1"/>
    <property name="file.separator" value="\"/>
    <property name="basedir" value="C:\Users\19432\OneDrive\notes\JavaWeb\SpringBoot_Web\SpringWeb\tlias-web-management"/>
    <property name="java.vm.compressedOopsMode" value="Zero based"/>
    <property name="line.separator" value="&#10;"/>
    <property name="java.vm.specification.vendor" value="Oracle Corporation"/>
    <property name="java.specification.name" value="Java Platform API Specification"/>
    <property name="FILE_LOG_CHARSET" value="UTF-8"/>
    <property name="java.awt.headless" value="true"/>
    <property name="surefire.real.class.path" value="C:\Users\19432\AppData\Local\Temp\surefire6362187639925040835\surefirebooter-20250526185343638_3.jar"/>
    <property name="user.script" value=""/>
    <property name="sun.management.compiler" value="HotSpot 64-Bit Tiered Compilers"/>
    <property name="java.runtime.version" value="18.0.2.1+1-1"/>
    <property name="user.name" value="_ban_xia_"/>
    <property name="path.separator" value=";"/>
    <property name="os.version" value="10.0"/>
    <property name="java.runtime.name" value="Java(TM) SE Runtime Environment"/>
    <property name="file.encoding" value="UTF-8"/>
    <property name="java.vm.name" value="Java HotSpot(TM) 64-Bit Server VM"/>
    <property name="localRepository" value="C:\Maven\Maven_repo"/>
    <property name="java.vendor.url.bug" value="https://bugreport.java.com/bugreport/"/>
    <property name="java.io.tmpdir" value="C:\Users\19432\AppData\Local\Temp\"/>
    <property name="idea.version" value="2024.3.5"/>
    <property name="java.version" value="18.0.2.1"/>
    <property name="user.dir" value="C:\Users\19432\OneDrive\notes\JavaWeb\SpringBoot_Web\SpringWeb\tlias-web-management"/>
    <property name="os.arch" value="amd64"/>
    <property name="java.vm.specification.name" value="Java Virtual Machine Specification"/>
    <property name="PID" value="32532"/>
    <property name="sun.os.patch.level" value=""/>
    <property name="CONSOLE_LOG_CHARSET" value="UTF-8"/>
    <property name="native.encoding" value="GBK"/>
    <property name="java.library.path" value="C:\Program Files\Java\jdk-18.0.2.1\bin;C:\WINDOWS\Sun\Java\bin;C:\WINDOWS\system32;C:\WINDOWS;C:\Program Files\Common Files\Oracle\Java\javapath;C:\Program Files (x86)\Common Files\Oracle\Java\java8path;C:\Program Files (x86)\Common Files\Oracle\Java\javapath;C:\VM\bin\;C:\Program Files\Microsoft\jdk-17.0.8.7-hotspot\bin;C:\Windows\system32;C:\Windows;C:\Windows\System32\Wbem;C:\Windows\System32\WindowsPowerShell\v1.0\;C:\Windows\System32\OpenSSH\;C:\Program Files (x86)\NVIDIA Corporation\PhysX\Common;C:\Program Files\MySQL\MySQL Server 8.0\bin;C:\Program Files\dotnet\;C:\Program Files\mingw64\bin;C:\Gradle\gradle-8.6\bin;C:\微信开发者工具\微信web开发者工具\dll;C:\Go\go\bin;:\Go\bin;C:\Program Files\NVIDIA Corporation\NVIDIA app\NvDLISR;C:\Git\cmd;C:\WINDOWS\system32;C:\WINDOWS;C:\WINDOWS\System32\Wbem;C:\WINDOWS\System32\WindowsPowerShell\v1.0\;C:\WINDOWS\System32\OpenSSH\;C:\Maven\apache-maven-3.9.9\bin;%NVM_HOME%;%NVM_SYMLINK%;C:\Users\19432\AppData\Local\Programs\Python\Python39\Scripts\;C:\Users\19432\AppData\Local\Programs\Python\Python39\;C:\Users\19432\AppData\Local\Programs\Python\Launcher\;C:\Program Files\MySQL\MySQL Shell 8.0\bin\;C:\Users\19432\AppData\Local\Microsoft\WindowsApps;C:\PyCharm Community Edition 2023.3\bin;;C:\Users\19432\AppData\Local\Programs\Microsoft VS Code\bin;C:\Program Files\mingw64\bin\;C:\ij\IntelliJ IDEA Community Edition 2024.3.5\bin;;C:\DataGrip\DataGrip 2024.2.2\bin;;C:\Users\19432\go\bin;C:\goland\GoLand 2024.2.3\bin;;C:\ij\IntelliJ IDEA 2024.3.5\bin;;C:\nvm;C:\nvm4w\nodejs;."/>
    <property name="java.vm.info" value="mixed mode, sharing"/>
    <property name="java.vendor" value="Oracle Corporation"/>
    <property name="java.vm.version" value="18.0.2.1+1-1"/>
    <property name="sun.io.unicode.encoding" value="UnicodeLittle"/>
    <property name="maven.repo.local" value="C:\Maven\Maven_repo"/>
    <property name="java.class.version" value="62.0"/>
    <property name="LOGGED_APPLICATION_NAME" value="[tlias-web-management] "/>
  </properties>
  <testcase name="testUUID" classname="com.banxia.UUIDTest" time="0.079">
    <system-out><![CDATA[0ad6cd22-97b0-4106-8d31-a66ba80c2326
60da2655-fbdc-4e2c-b9b2-4b92e4fd86ae
7c40f32f-2146-4131-b5dd-b2919983fd48
8f355725-f1ec-4b47-8ac2-b95090317f87
630c71fa-5c32-4c47-9a97-1649bdb6b253
62c3b510-a272-44f0-b1a3-6e1b1bf2136e
36102e03-d668-42b4-a347-6f930fb719e3
c0538bfd-2552-411b-9c35-e5783a7748c0
2487b1e3-604b-4282-b6b4-39a223ecca09
e6649cfc-9a94-4bb2-a5bd-c748988cde5e
eca5de4b-52c1-4bfc-ba20-a5d79567923e
c1d2fd45-4d66-4998-83a4-b9f1f2267bea
919a339a-701c-4ed8-960d-03f2eca34b3f
328f6fc5-6c01-47e8-813b-07c9561e6fce
244e20be-3580-4f7d-b922-28d3dc3c0399
7259230f-507a-4013-aa90-6de00897c883
3c8b8021-7ae8-4631-b7ee-dfbb00d4c741
2ed7a07d-3e6c-4aaf-b78c-846adde009be
b1eab107-7b7a-4121-8d7b-e653a17b29ca
b37a3c09-cbe6-4194-99e4-336d32c78de9
7a9672f4-bec6-41bc-8ab5-9e2e8d35240d
1c2533ef-d6c1-47a9-a5f5-20baed398373
3f446113-f7f7-445c-9c10-404aac338306
86c6b8de-6ce4-4ae0-9f01-47576d8ce7a5
53229f9f-20f7-4f5b-b38e-e0dc67df2c5e
b7c79a14-259c-4a28-9879-93c60ec46c4e
937f04e8-70ea-4cfd-b15a-bad3337eac5a
355c97d0-9010-41df-b409-a830e3e890d2
20d9e5ef-5f91-4120-81e3-bf747355b133
68fc1071-303f-4cdc-a699-c64132d28213
803dedb2-e401-4c91-ad4c-ce7963c461f6
43b6e46f-89ea-425e-976a-66aee85e6494
6687971e-5857-4674-b2b0-8f6e333d1474
777802dc-77be-40f8-8d01-716043c85b1a
a00131ba-799a-413c-9a0e-2ba2d40f817a
2022d5ca-537b-4db8-a4e0-01ed22f4ee9d
7adfcd89-e01e-4929-b376-4f9f9dd990a5
496c2517-133c-4536-a515-624d72f88609
49f375bd-b3b5-40de-ac18-5a5802d98422
3182f086-7091-4b60-9472-5853624b8690
2c6a5a5a-0a81-4ebc-b83c-9f220830a3c7
7bb30fd4-c41b-4b6b-a61e-e17eca847773
0c2a4bf6-1180-4306-9934-0d7ac6403b8b
bdc2d46b-247b-4f40-a557-5c7adc133a3f
aa2b8861-bc1a-482b-b8c4-d6c7a2d46cd7
2ad4ff54-b113-42d1-84c8-e81ff29e7afe
76bc57f0-e7f8-47cb-a397-5a767d96df2f
bc205204-0c3d-431b-ab7c-603fe12af3a3
cad3e0e6-5b43-418e-82a3-9d163d69ad9c
502e6152-8642-4093-a05f-f6df7b36e9ce
5e6262a2-bb07-4139-9405-8e2620aa4044
478dea21-bd92-49f8-a3ed-7d7cab186346
feeecc7f-ded7-4712-a719-23827a69825e
a503eb4e-ee9f-4afc-bcc3-35db8b202636
a517c7d2-3359-4850-beaa-280c4653e4ee
15536cc2-6310-40b1-9d67-2b72c91eee18
73d4eb5c-c74a-40a3-a99e-8cf5078ac3c8
5df2ba4a-b5a6-41ea-ba19-f1428efcc454
b64b4adc-1f84-4fad-981c-5ee3e4e5455c
ffcf344a-45d5-4107-bd49-f5b2159db9b3
88f2aa08-fd93-455d-8680-10d2f3053483
b4195195-a3b7-4c60-807e-ea8da72683ac
a176c276-def7-4830-a29a-4eccde8ae861
39c0e3a2-7d33-47fb-bddb-fada93de9fe9
d22ddf23-1f65-49e1-a37f-07f317f3b124
77e7d437-9fb6-484f-90d2-4f5ccafd977d
49bfb7ee-5bb7-427c-a6e8-335a1bd07053
e42f9348-61b4-42ae-a3d7-2b2cdfc4b7dc
f3359246-19ce-443e-a6c3-6d229e9dc089
3cb98cfe-8083-4ce8-8fbf-d5953de8815f
2a455f21-d7d5-4535-a8b8-55bfccff20bc
5b9f3a45-6e61-40da-b2cc-9eff23c493f7
cd7e2958-92b8-4b09-ac11-4296dd26252e
dbee3c69-7435-4110-92d1-1587e189ac59
a9b01c50-b9e6-4fce-a486-4c1003f7c61a
9f0b5707-0696-4b53-8748-4bf7cbf2abf8
66f4fb28-2be0-4501-b0c1-6b3ca8f59c55
0fd91e21-af13-4792-a58a-aabe249a303a
6c3656dd-75cc-4293-b0e4-17e977a0d7c2
44a6b4b7-c5d7-489c-9651-5d5ca51172a2
163115ab-4d6e-4636-a99d-14e4fed3d61b
20753c99-071f-458c-b5ba-20d8391a7910
7df055c9-5417-4ccc-ae85-d993094a11b8
57d318f5-c1f0-4cc0-b268-b7dda72f5958
833fac4e-f9e9-4a00-b6da-3f66afa24635
eaf5c45b-e189-4a2e-9ffd-2a33933610dd
a5ceacb8-b7d9-4a7e-9baf-faf0441271a3
db9e470b-669f-470b-afef-43ebd24ad7e8
a85ee2d8-c630-4e75-93bc-fa8d79db8f6a
3b5f8897-d56f-4aa6-9400-f63e153bf856
164c1852-cffd-4b2f-8ad0-1e758e65d4b9
2d85e03d-cf25-4edc-9fef-2af5dd115486
33160426-9555-4a60-80ab-22d5e0569ee0
3f940fc1-35c1-4ffa-84c1-2f00ad5f00dd
ba291178-d2a5-4500-81dc-93ed9e137e1c
cc1617af-6c69-4a9b-b1a0-b809883fdf1b
b0874589-dfa0-4f6f-bb2c-5c30792f34ea
781c5466-9bd1-4ab6-b02f-b2610f176cfa
d6aac3d0-09ab-4a7b-b9ad-211ff27e94fb
74d9f12e-c793-4912-8651-dafaf30d8899
25811bb9-32e8-47d7-9b2f-f2ba4367e571
79651dca-37fd-42de-a950-d3c6f037e416
5c45f13b-8c53-431e-acc0-36de94281f53
e42c882f-7832-41fb-ac4d-b85059611769
cf14bec3-879b-4c9a-9041-5c562dde4f0e
efdfd7c1-67b5-4d2f-9b8f-7756543c86c3
3f5329e9-969b-4ada-9a1b-ac717bad7a6a
74993b1e-77da-4bc8-8f99-543ffa2f215b
8fc54ffc-3028-4161-8e5d-8fc16580d4f5
0c45552a-592c-43df-b9b2-b9ac435f5e0e
ee404036-e9b8-4380-84f4-ee2e4733b841
0b7d56e9-c0ca-4162-9671-bd11c14c2292
a2a6d863-3a47-4801-a3c2-2959ef4935ce
25a61c6c-b698-46e2-8817-7cac96fd0e55
9685165e-425b-4329-b706-3375202f9ef3
0b8c2378-e65b-4730-83f8-3b53e2462748
bf70b1e3-04ac-488a-980c-863383c864eb
e7a4d7a2-bbeb-4484-bb73-875cfc58d2a4
ae56a648-ea69-487d-b26b-ef38448b7b94
ad6cbf0f-2802-4f46-b50c-54c2d0aba24d
08c7da6e-2218-4896-b1b5-49dbbcb59e3c
4caba869-a224-4bff-9f10-299db51624dd
39e9b65d-fc12-4c54-88db-28284710e488
0edfcd25-b6de-4830-a588-c2b6b1a93499
63741d8d-959e-4965-89c5-92acd88134c1
0244e676-f024-42d7-b3ca-27e8b3063a86
4d2314f4-00f0-4cab-89c9-f609489c5ec3
608b12ea-fb38-48fb-8338-8f39031833eb
0f41a504-3ea8-402d-a0cd-47c084aa1370
b50d0c76-fc92-4817-be79-deb0edff424a
bc55b6df-9d88-4a40-bc86-fd4714d2afb1
917db4bb-1254-482a-9033-5d6d8cf3495d
fcf147a4-35ec-4018-9e29-f678ffc012aa
da9affbd-de94-4bfd-8562-cad09ef981a6
07d9c3ca-0efd-4c74-8dde-cf9dadca3c6c
39bee15d-b03f-4644-a013-8b4f4b772114
d9c892e9-d08b-4013-a891-f587781bc88a
e1b85128-304a-427d-a502-29f2c94b0e51
786f567e-a9c5-4032-b190-771dd339f67f
928395df-5dcc-407d-9b8d-134bf88ee81d
3e027e51-d9c9-41cd-ab9c-b0e34b44358a
44ee6e6c-d5c5-4623-81c7-85c08d441e9b
692d69c9-48b4-43ea-a418-c53b6fcef4ce
b8e855e0-3b37-443b-becf-b57c62bed455
70a713cd-89c1-4509-98b7-2912136c3f20
4076d10c-be75-49ef-a851-cf0795b45a99
205086e5-e03e-437a-b170-2bd1a6818ca7
7dfecfe4-e709-4a41-9860-d5a09b8522d7
3ddb8a0b-c6a9-4dfe-bac9-60899c2bdd63
5b90b86c-4687-4d10-87e0-695c9739756a
ccc9edec-8f72-4914-9457-a43e132193ec
27125b6d-d5e7-49a1-9aa6-54b87c8124e1
071c1881-6e5f-43d5-ab84-5ef9b05ebcd4
9d484d29-a180-46ed-8408-9dfdbd1eae4e
70827049-648e-4d69-93c6-2d1cf4ed10ec
0b9a4610-783b-4793-b82d-54c3ae81fccb
28f21795-87b0-4490-8b81-4b6f42ef7c87
d0e7888e-cfb5-44fe-9467-258b523063b5
fd9b4dfc-98cb-4740-9ae4-9bb91a236389
8bc6f636-4c96-4025-a714-f1e989c655f8
2b0252c0-4422-4413-b0d4-c82c5b56fe51
650b9e81-adce-4e66-8c84-328150ffbb1d
545f2c7c-0c2d-4af9-9a4e-194917c47b61
d341d3f2-57de-4466-8763-f073d57857bd
bcfc9cbd-220b-4455-86af-a5641ac1e031
4b2af02b-bfc7-415d-9b23-3410a3f2ea51
4446a4b2-116f-4227-b4d7-c7f2a2ebdea6
486ed264-9726-4228-80ad-fb6e4e7232ce
122460bc-df5d-483a-bdae-37e5755dba2f
95edc306-060c-44a7-b1c4-afcf0115fb2a
be690edf-e265-479d-97c4-423cdd09a40a
9fec80cb-da80-4c93-b921-d518022b912f
e8a4def3-155a-4b16-981c-381b04d8358f
81752ab3-fd21-498e-8c54-114f764f3cbc
7838c258-c7f2-43e7-a276-1e019c14ed0d
8f03e22b-f36a-4458-9274-3d11477ee3d1
83dad06b-f5d3-42d0-aecf-2ec3812db67a
bdadfd24-9b7b-4af9-a743-3f7f541f7991
09142c8b-4852-48fc-b8d6-9c715d7c5547
e7fc1900-b3ee-4ff1-8f0a-a8ce15bf95ef
b01f9b9a-8cd5-4a35-818c-e4728d7ea1e0
f13373d7-767d-46e8-9617-c0f5797a915f
f3b2d585-5399-4b5a-8062-605ceb74513d
0c5abcdf-5643-49b7-9459-1439d32e4e77
6e1a9568-204b-4a93-8ba8-1f3beb8ad257
676ce45d-8915-40c9-a5e4-72781d98f40c
7ac9f199-bdc1-4ef1-a9bd-06ce39c99aba
4c07b439-5021-449e-bc38-3604ed41048f
b5941fe0-50fe-48e8-b649-1a1bff3d1e3e
60fa716d-6cb5-45e4-b124-e8b9a789f366
82ca6bf9-ca81-4ea3-b44d-967b42092418
b7f2b7c7-7f13-4829-bad9-80c55b17023b
2d31a7d4-a809-4db4-a9c2-a74ea023f0da
3ae9b590-ee05-404c-8010-2b90079f4697
4fd544ca-14a6-4869-b0df-546be9280393
07f7ae89-abf9-45aa-a368-90a153a8f666
3b143602-527c-43c9-8248-0192a05487bb
10c58485-fe9f-46dc-97b3-0c02a73c91df
fdfc835a-aa30-48df-b438-4fcd1698bdb0
52f96c11-b6dc-41eb-8db9-f493b977431b
a6b7cbf1-6e50-457b-9bf6-de59550412f6
c29a427b-4b41-4e76-9b15-c1b65922a90d
c2a4cdfb-58e1-48ef-9139-0b9330c69e83
09e050b3-4f51-4403-a757-cea85746d522
e062820a-8d68-4c87-9947-86f71c87da60
e9599089-1b76-4265-b408-ea53e249070a
6452259d-405a-4f24-8900-2a7c84d182e5
e7c76d37-108d-41c5-906a-5ecb0562c251
66387bb3-eca5-4120-9e1d-208f3dfae740
41c51586-01e7-497a-8421-3785fd5b3cb9
14a5a0c6-0023-4d57-bc8d-98c4a102ee2f
b9b02251-2355-449c-9656-b0c5de8ff2b8
3957fbae-9a6b-4be6-b2fb-d0ed05192ed0
5498bb53-582a-4620-9f88-45da52d1110a
ed04aeef-e0a5-4481-958b-ac0fe4964fe4
be721050-589f-4272-893f-4aaff911ae4c
7a1d3f60-ae7a-4920-af54-8c06c0075331
1dc63d1a-d995-4c9e-acf2-4bdfbe7833bc
f2cf6907-d5f9-47eb-950b-c8476f50d9b5
87852dc3-de9c-4f8e-b1e7-51236a3f4428
99c66484-a11a-4959-9325-49a9bca50c0d
a63d4bc7-022e-4fdb-90e8-16ee8254cd49
51500370-69cd-4b68-9110-861e600e50cc
aea6a81d-dec7-499a-8d71-537170333152
7f7ffce0-ca06-4ce2-a591-484b5de95b6a
19344b82-4170-45ed-98c6-256f3f2c5a13
cfa8e4aa-4d6b-439b-86b0-a365fb29efca
f0a584fe-0a64-4e33-b404-1273240d04ac
bd7709cd-3170-4e61-9be0-dcb4ba441807
d5c4b157-f849-4e08-b81d-c65715f941b5
cdb225b1-0fcc-4c4e-a4bd-007b5bd521cd
45677c98-ac9b-4217-ae52-7d2e1ac5ed9e
23f883d7-45d5-478a-a2a0-eb94953140e8
fe9b611d-45fe-439a-a58b-c82db1d27c5d
a8593294-397b-4a72-aa9f-be748db5bbe7
65d0877a-a2e3-4a36-836c-0704ee1394b2
09428016-6098-47f5-aa84-c603e11cfa12
d0424599-a891-404b-8d86-26a459e8d498
03e8f454-d0a6-49a3-bd4a-4cab3185cc9b
d22c6c5b-5032-43fa-a253-ff33cfaf7b0d
3b2a77cc-cc37-4e8e-9487-7d85136e6cc4
ea4a3c8d-0da0-4ee0-b911-4b517aa2e3b5
8069eb9e-7249-4ed3-abb9-afd680d66631
6fee046a-0b9d-4b5e-b6b3-900ae76f8c93
e3e5d51c-cdec-489b-a707-0b3c9626f171
3489282d-b867-45b3-9882-683cf72c7795
4d7db0fb-458f-400b-a60a-453f2334caf4
94d515b8-c8e6-4c7f-9ced-f08e6a6699af
00be4a44-886d-4d3f-849f-fbaa06917efe
10ce8ca3-806c-43a9-8eb3-f7371065afbd
bdd75ead-6241-4dac-9d6d-d23e3649b1a0
de48844c-2fc8-4820-83ac-ce188e8e72e9
96d74a3f-a57c-4cac-bade-10023eca8650
b36842b7-79ff-4da1-91e1-3e7dd3442aec
230efca9-2351-4c3f-abbd-354b5b5d0adf
d4e5c516-6da8-413a-8736-ec49da390c39
291f2d85-43dc-4255-b568-70e16369da67
ff804d1a-d0b3-4050-b4ac-9a770b430141
d333c84b-30a4-40d0-811c-ee81472a0647
de1cbfd2-6e0b-420e-955b-6b78fa8b3f93
803d39de-386f-4875-970b-5103fcc93b73
ae352f6e-44fd-4b20-a8e9-6d7ecec83f1b
1e1c38db-3af9-4343-9087-46c9f3a834ce
42a5a85a-83e6-47a7-87f7-2c278f8bdcc8
bb026d33-1ddf-4537-8026-9c74668a398d
82083c13-b552-450c-8498-0daf2b2878f7
c3115e23-d00c-45cd-a373-94d2d1c81891
d237c306-8f7c-43ed-b7a2-7c3a22e1d25a
991bae10-082d-4ae7-8fc2-8d404a1fe639
ff765c63-b61c-4cdb-ae72-9c34881cd741
ff9e0392-b100-4dd1-b36a-1e8b9beafcea
9dc49c7d-5b95-4dfc-a17e-4eb030a0730f
0eb53edc-1357-4d7c-8f79-f15ffa5f2698
828865a7-94c7-4138-8531-538368afcc04
91b85530-ae50-4d60-93f0-d5bb652e68b6
d3fac891-f4eb-4ab2-96b8-e274dd46840b
72dfec75-44bb-4544-9861-eba431a7ffe6
79c341dc-9c71-4f36-a78a-1cfb76a9d598
5e57e1ed-447a-4348-add4-b85f892c0db3
11485b1a-0ab9-425c-bdd0-e45398fd4940
4405f2aa-7613-4d61-91ae-df664c032bdc
99c4b4e0-686b-4988-9440-d2c48fa36046
a4d5008a-993b-4df9-aa64-98c43eaacc59
5424e004-84cd-4518-be35-79de7016a8e1
67e8eb0b-4e03-4fcc-af8f-d515f93df33f
86b50f2a-cf3c-47e1-9fcf-15de8a7206a8
671e1779-0d46-4965-b740-c241452c9142
83274484-28aa-497a-bc26-4b0814f7a143
f8cbab4a-0869-4b94-bfe7-773f35ece478
d154144c-c915-42e3-9b34-9fe64d06e404
7d8baa1d-212f-4d12-bac2-dbc6e03f66ba
fb71a195-c811-4595-85c9-4a3185ef052e
778ca5b2-0a2d-4f64-88b5-4326e322d574
8e3723cc-efaa-400b-a8ab-4a5471440838
cc3b7579-b4cb-4258-b2fd-8a0cd093c8af
f3b859c8-7d90-4247-b2e1-7f0775ae544d
df97cbea-519f-41d2-91e2-04b0d9dc67bd
a752d060-ed6f-4c75-97ca-dda58c8c345d
beb33328-92b8-466b-9a6f-0509a72091e0
b835fd62-88a9-4d4e-8442-1822b0716701
1a4661dc-2b61-4c3c-b364-0b43941c7aca
7aca7d14-66da-4533-8f99-d72c631b17d6
943deb66-37b7-4123-af2d-93cc76bf8171
b5b83a6b-49a1-4577-9417-e786d79dc52c
81d43d1c-d524-4ab8-aa49-91700c1d293e
5eb20f14-017a-4918-b822-7cf3389b891e
1d3de7e2-2731-4859-be98-f54155e56426
903605ea-7901-47bd-bcdb-befb2d829322
5ab72256-dfb4-4829-b700-33d6122f2fba
1103bd4c-7fac-481b-ac07-6829a7fab6af
422c1a8c-0d41-4530-82fa-474b4624f581
6b5859d1-7c32-4a36-9239-23b0e85285dc
14ec843d-fb2e-4886-bed7-c374b1d898ab
ea92aca0-819e-49e7-8d02-fc9be20db58c
c80c7d02-9b04-44ff-8650-2c787482e372
53be64ea-10f0-43c5-a1e4-3582b4ba60ec
ec7b15aa-70ad-4da2-ba8d-2968e65af77f
e2427b88-8838-479a-a73a-699d238a70ee
411f2cbd-b026-4339-9a4c-9ea948963cac
3aac8d5e-9f6c-461c-8201-9391ca05b9ac
ae97be34-d094-4417-ab6c-d61a8a30d0fa
18c14116-0735-4433-bf18-aae09deccb50
4ecdf0e3-e445-466a-8636-be2570347dee
0317253c-87cd-41f8-9e5a-20aae5796a63
ffe2fbca-3fcd-45d8-b584-08a11eeb94ce
ea07c73f-2d35-4ae3-8baf-50ea1c270786
2ded96fe-8cfe-4e46-bc32-9774ec615e0f
5bd9edc5-ff1f-4aac-8e42-23ea6c5817c0
2adacd5d-0646-49e1-a52e-471dba32bb7f
2880433d-b8a1-48b2-9c40-982b67c8a59b
dbbb1fe3-d0b3-4fb8-b0a1-e2d62d84bee8
45241954-0834-474d-8b21-089bcdc82f4e
0432d9d4-cb1d-4582-9fd3-3a1e8a855410
ed2df8f2-3822-4858-ab22-9afbe0e663df
1a9090c5-fec3-4e3f-b37b-19ec3b64bdc2
1857b183-92a2-437b-a4b5-397364b3d774
c53815e7-1a3a-4559-a09a-934cac2be265
eab80ba6-0d38-40e1-999e-20cc1448f2b1
bcce6fb4-5818-4017-8e2b-70a018645f2a
2dcd8d18-3290-41c0-9806-ec3dcbb90767
be540397-b642-46f3-8ffc-8b4c264cdd3e
1879c0ab-aa98-4702-8a57-3646dfc0d2e7
3851ff72-f2b3-4124-99ed-37e4ad79a487
d1662687-0a38-4c1a-8072-bb50dd253c01
90ef08ca-404f-483c-9d81-e832443b0d88
21659c12-fb0f-4f79-8adb-4bca1f56c378
318b0ae2-80ca-4d7f-9e02-98efe45b68c4
f9cf8454-01da-4933-8c91-21b82938c31c
b8fc911a-9765-4725-bb83-ccf4fea63774
5559b98d-bcdc-484e-85f2-baea8edbffdd
eaf0ada0-c6b9-4a74-84dd-048e57eb2617
1812ca05-1264-4417-8e55-0734581eac4e
12bdf123-559c-4762-8493-600d9c5c7fb3
5282fc7c-5b57-47e3-85d8-8adb5f49b6d7
3da09ff9-97cb-4b25-8563-43bee0796882
4d8b94ce-da43-4fe9-9847-2c257eb9ab75
d55256ed-6802-4a00-a8fe-485d1516fb96
8238520f-7609-4614-8131-98affa7d6945
9240cac3-39ef-4c8b-aa48-2d02ccce2ad0
ef3859a9-abb7-4b20-8ba3-8b74171083b8
ad794b7a-d53d-4f27-b3a8-91b104c5446f
6cb40bf0-1087-4924-9eaa-4eca60240357
fb73d86d-23af-4584-b3b0-bb56e31e9533
db183a79-e6b8-4a2a-8d92-a2e4d6ba054b
d5c7e08c-162a-486c-b4a3-c7bcb11cf8f7
ba30534f-a8c8-4cc4-b20c-2cf3d5e05412
e092cdb0-2c81-44ff-89a5-f2bd27971adc
01390e75-70f2-4f01-adea-4f988b90d0d8
748bd160-8023-4432-b525-9b9bc96bc268
cbfe090b-552d-4acf-8078-10d5e1e6efa7
59527c4c-4ba7-44b5-9a8e-92d442a94859
0081808a-0d71-4de4-88ff-d0699b2a8017
0796fbb4-6dd1-4ef5-bfc4-85d1c9e9f8d9
d22465b7-f875-43ad-bf35-8e7f018a00e4
2d016b20-6164-41e1-b2c5-bccf9de18d18
65f08c65-6e96-41d2-86bf-0b88eeeead1c
9c32779b-0646-4ea0-9a52-e3a758668a0f
1b2aa935-35ee-4fb0-91b6-4089887e14e5
4d029c09-6797-401a-b16f-b8f043b54a5a
3b422d8f-6383-4837-a256-3c12615b4aa4
e08170d4-398e-4488-b302-1a2f339dd2d0
d200511f-7919-4f5c-ab49-2ddcb4f98851
a9a1c01b-6365-43ea-a3a3-86f9ef4006bd
943c95b4-e413-4e6c-b490-7056850d242b
86eb6fb3-9a95-4ec1-bc3e-89fa4a70eba6
9e6711e8-d6ba-49a5-a209-dc17760f0580
4cae7cb2-d7ec-4a5c-8792-1d7a63d5ed29
66760a77-43fc-4b15-a9d3-4c2d7b09cdd3
74990e54-15af-474b-8dc0-97d10925e6e4
0539b5bc-bdea-488d-914f-7a0bad555901
35a9299f-3017-4109-bca2-90a2f18b5992
600396db-1d58-4099-a910-5ba7b4e98a97
dda31a66-8097-4b34-b281-e1a94604ae7c
f215972e-893b-4d2e-a969-3557f5397fbe
73f67be9-262d-4466-9e60-9de949111bf1
84d7641f-2f05-4157-8194-7ba9b2ae854e
ba67203f-3199-4ee5-aaed-b288c4339ba4
afb5541c-ce73-49b1-8ed7-24f654b30a1b
953f16a5-72a5-487b-adb7-791e2aa180fd
5fbe8607-35e9-4375-8832-88020d1e0a37
fe75c696-ca23-4941-b935-d080188fcc02
d7f7bf07-1570-4006-b653-85fc7cf0b8c7
cf4ed5e5-ba82-4a41-8fde-900a0b2547ee
104f9460-e474-4a20-8981-016de6d7ac63
acb47107-4e2d-4b54-b78f-de3328c8293f
33556656-3d03-4cee-b0ba-38d81681d07c
32566fce-91a5-4892-aceb-7a4be864ff70
ed8d313a-ffee-4f5b-9555-85e348730938
126c0d6e-abfa-4347-b9d5-0dac58479386
e60f4386-488e-4550-87e0-740295071cf0
3783ab11-8be0-4dc7-bd73-8faf38ab289b
142af818-5525-490e-8ec1-776e45bac79b
fa56bc6d-8639-4c16-94b4-7d6d9a35726b
f67302cd-db45-4f3d-8cd1-d15da682b751
230a0a92-eb44-47ba-aed3-5f904fc8cfdd
621a855f-41d0-4bba-8452-900fc08f6d27
d0febb42-8dc0-48c2-8ee6-3e14e34dd158
e73f46da-edc5-4e67-a9bc-cff53c7675eb
478493bb-37b9-45b5-8c73-5b60206fd1c4
a22be2c0-3725-4a05-8b55-abf9f4799c52
aef22885-0c8e-4d11-80a5-b82b8058658f
e832535c-f026-40cd-a466-ed99056648ba
8284f3c2-042f-4273-abe3-6ed44ea70d5d
700d9a0c-87ab-4c1c-ac3b-720f4160b04b
22f6a829-565c-41a8-839c-108d13dc30bf
6880c31e-461d-4a3d-ba58-ba9a5afe58d3
d6379f3a-4cc0-4382-a334-2fcad502975f
f60613ad-54c9-4bf4-ac0e-a409e3fb5b2e
874ad01f-6edc-4ee3-8c99-a160c01226e9
cf7bc1f7-9443-4e0a-84fb-87636de39bd4
c51792b1-21a7-4e0f-83be-fe319daa4ddd
b4317d33-fd6f-4b10-8a83-6ddab3eb49e6
f6790c01-5745-4c1c-ab14-c16177c3d545
5574c1b5-3848-4a9a-9afd-8c4bca51ac8b
63ccb476-8f91-4585-88b6-dedd8964665f
43d94cf0-0293-4b72-a96a-2178ca115640
8f77ad95-5402-4f26-b8ca-e5864b46ff5f
8e87161e-c163-4e2c-8efb-395885fd6581
44f162c9-3732-4d42-a1e6-872400bbd059
3595eeee-d8b4-4749-9be0-ba4e7fc1fab2
1667438f-5684-4f19-b54c-bdade7e15e4f
16d89db0-7176-44af-b471-50325a996f7c
57503f68-5835-47a4-8f2c-9c26aab5d23b
eadc98bc-7193-496d-923d-b9e7d08dc35e
e2edf2da-e4fc-4eee-9ede-36a12e69d842
9a2a4661-9e4c-45c7-8146-96a7a4e90043
a8a2ba01-e16c-4211-87c4-2a1b9553d5e7
c60f1f6c-cedb-4273-aad7-72f7674e00db
49251526-189a-4ef8-8e95-b3e7ab189b6e
8b1fa132-00b2-4878-bfcc-043995746a68
3a60eaa5-a57f-422b-9e44-dfe91bb30425
65185aa0-8bca-4e9b-aa29-3361f219a01d
66695904-4116-4b4a-a2e4-e12b2fef3a54
7e17e4f9-6eab-4f90-b236-1d3f865cd0b7
bfd65260-da85-4c4e-811a-7f8a71844ed3
a5fc7c2e-f1f7-4d58-974b-c449404a1a5f
634e1c4f-de56-4a2e-9db2-82cc6c648194
379ed664-e8db-462d-892e-12392cea5576
6748a8e1-05f3-4999-add8-d4856aa33423
f56531cf-81f4-4acc-a129-4f755c73f567
e14fb36e-0034-498b-9516-b73fb4512180
18a0b711-f77c-46d7-86a8-5dcfe6013f26
86dfc705-c21d-41f0-a1ff-202a9a271a20
511ac51a-7006-4a62-a2fe-a52951a50890
635ee63a-f77f-4a86-8e16-ab2dca362d15
9f15a59a-7e2d-4bdc-93b5-92b34a3152d2
8dcc8b3d-beb9-4d7c-99eb-9a766e71741e
af8cfb09-972b-4567-aa40-d1ab438560b6
5ecb25b4-7d65-4765-ae4e-97802441e03b
971846b2-8e4e-41e9-8e0d-34adb350089a
a4bd25d4-e76d-45e7-a171-e146d534d388
6dcda79d-2a54-4d47-bcb3-1b15b5f3d946
f8648a39-fc22-4447-a666-74cd9e96d1a7
2a7ed5f3-db23-457e-80b0-26a43cfabf7e
1fe1ab2d-6ee9-49b8-a4c9-c21d4ae63353
56ec3933-b53e-490c-9233-3141048135df
3819ed2b-6d1f-4491-aaaf-923c7dcf0e45
677c82e5-8870-40c3-87b5-972c59884763
074b6b00-2acf-4777-86b3-b44d93e3d049
5a455356-0360-42fb-9e9c-4038f8bce568
d18957c4-736a-47d9-aab6-60d05b8b3dc4
2bbb7624-6c88-47c0-883c-3f554b6c7cbf
093ea79c-ab64-48c3-9e62-20313115a362
276ccd23-bd21-4490-96e5-9e5aea13ef32
4ff80d2f-5e40-47c5-925f-4d74a844822d
5e0c2a53-5de7-4ce2-b126-7b8888c6e1dd
8b1e2dae-3595-4b41-b896-6fdb1e3a06d0
96554728-c863-48c2-9400-2680471652a1
bcf09ff5-13d0-4196-b1d9-d02130e7062c
cad767b3-f46f-4811-a93a-b005f37f71ec
5fae61eb-2472-42e8-9770-a92f11f52ced
830e5d73-3c3d-4a0d-8eda-a09e2143f11d
196beb87-065b-47df-bf25-27572aff0309
1a057406-8c9c-4d55-8956-20591ad2d1f2
d2dc2798-0dbb-42ee-bcf2-c7e9aa12305c
8ce3a8a5-2620-4715-8b51-26c5036decc8
a4111487-7222-43f5-9970-84b8ca56fda7
9c5276d1-f182-4fe2-824c-658da8a1b0c0
3134fed1-ad56-48d4-855d-adb2b50816f7
4595c287-d4e9-464c-b826-de72c7c7e552
f21e4b32-8a09-4409-bbab-103e26ea418f
5d1fd0af-5433-418e-81e8-9338f00a4cfe
966794ce-b19e-4344-8759-7727720b76af
aa49a37a-d3f2-4700-977e-1f30ea870496
4d500079-6f28-4b0f-b424-4d362a67a856
db887845-0b9f-4738-8d11-f22a2287b5f7
071c0699-33aa-4fcc-a1a8-a91313b1de4f
a089b900-c957-4724-bcb0-da655d098979
f4cc451c-5ad6-447f-9010-2e1a4b8ca997
219a1f75-54d2-407d-88d2-71f812a53105
5416866e-b01d-4932-9579-0645b9e2cc6f
6c745014-9aae-4307-8562-1376e0a5342b
8018fed7-b921-4b15-9570-7f084b54da04
cf4aa8d0-7eae-4a28-bc8a-e829742cbe18
6bdd4665-3a6e-4806-bceb-9034e662c614
110acdbf-2904-48c6-b20f-f00f6d108fe1
2ead4c39-3557-42f9-b752-655368c04a22
9f000546-ea2e-4d60-93a7-de31917b8c1f
0a115eec-457e-4840-9c0c-733da4b0e1b4
e11bd34e-b6d2-4e10-91d9-7c929b226bc1
332a692a-f7b8-4d66-9945-0c62c4bb72fb
533d6719-49dd-4db4-9614-46ade14c78d2
e6776044-767a-43e9-9b3a-810b72015ff8
a9e5009d-b069-4174-a675-6a04b686e946
21a38603-c0e3-4539-9d34-a82e76722750
e9d51363-aec1-4302-8c1a-c357108ade2d
363eb6e4-06c4-4707-a6ab-761652c66a96
7acf27ca-ca5b-433d-abee-7625385123db
ac93e8ae-5612-43b9-a846-dd3545bdce89
0f7e8a55-17a9-4c46-88eb-c2245dfecc94
571427a5-e9f6-476f-bdec-2a2f853074d4
b326b61c-b69c-4634-a00f-14a6250bc7ba
da7c5354-9bd1-413d-a8d0-159b3a19c483
709214b8-fc60-48c9-a66d-b6111bf77f6f
e7ceefc2-2a4b-4465-b9ac-387dc3069cd7
9d9f9bfe-4152-4704-8d96-5cb340099af5
f0933833-9f18-4e4e-ad34-53832fb021c2
6497ad5f-1a0e-49f8-b96a-90ffd99fab30
885a48f6-3282-41db-bf54-2a02f2bd4cf7
70f717a2-0405-4aa5-afc5-6b103f190696
01ea73cc-6f9c-4904-9070-437d5f9adb59
47a01a29-c227-4682-8a88-639adf1271e3
ff73c7c9-108a-4e24-8fcf-08a08212b7bf
3287c9b2-9a69-4358-b913-d8a12d694db7
26897326-bc83-4038-b6b7-1bef03166206
d1f4a51c-01c9-471e-95d5-092a722322d3
e5b8d6ae-2f44-446f-bc30-84823fa4437f
e30e9317-be74-4458-8c50-2045985dd283
350e4f2e-82bd-4462-aaff-13485cb0dd5f
5e0b4923-f674-461a-bac3-e5510c98fb8d
cab6adf3-0a06-4731-8f63-7348af4ed1e4
87a63af9-e2bf-4a97-937d-b26a5176f2d9
d44a13cd-1531-44c1-911b-557ee2d18250
1718a976-b3f4-4b1b-8ff4-b6a153bccdca
a7fd6e20-0d24-4981-9859-fd567f6419f6
b24848c5-0195-4add-ba0d-8da4b35b939f
ae10e35c-ffd7-4292-b109-8176671d33a3
e30b9554-1f7d-4857-a97b-85bd53a0290f
b743a2b7-2c14-4e8a-908f-d0eaa7c2d928
8c26527a-3522-40e2-a96e-3262ccbeb6db
73477f88-df5b-46b4-a784-1b1ceb71b512
ac4d1678-d151-419d-8dd2-3078b2eecb4a
67a24a9e-8b0f-4b71-9265-32fb37427d28
75c4fc72-347f-4e48-9f61-69398bd56c02
75a1ae89-a009-4c79-ad2a-c1c366a27dd0
f7a85128-cfa7-45fe-a3b0-f4015a2d0571
bdcd6f93-4219-4666-9790-e0d027de88a3
178a8003-8166-4423-9036-b186b26b7753
d6a3581f-6225-4cf4-9ed4-a90e6cd5bd60
7aca6ff8-c838-40c4-be63-48ffe4fa49f7
beafc0b0-7e8c-45c2-96a7-c234e382bb97
2eacffd3-64cf-439d-954d-adbad4a86a15
e37a3a45-40f2-4a21-83a7-5685fa1322c1
3eb84cad-32bf-41a6-9359-bbab64dd4583
befed08d-144a-431a-b215-e621b366eb54
c7b7e907-21eb-40d3-b8a4-5ccd3d418a6e
135d7f8c-9d77-4deb-871a-6eea280ead3e
65778e0d-9b52-4513-8c8f-d53c97cc5233
5f9e66dc-c346-4172-abf4-266121ef3ced
0655243c-3efa-4b2b-b099-07bf300886ae
a7c5e1c3-4924-4db7-bddb-0f21c3e31844
e564f24f-b7f3-4770-bada-c8076b936016
45e072f9-db5a-4708-8604-34e246f0c357
93973c06-9aa1-474c-a380-2ab3cc4912a0
f0ed0a15-f194-4805-8175-92ad9098dec3
11b1c39b-95aa-449e-a35f-c8b875adaa34
8c2769cb-950c-43bb-9da6-8bf7973febb4
483319d4-e773-4f56-bf8d-6f239cfe08df
e4421a17-df29-4ef8-8d0d-df3b04e84b46
6048a797-66d5-4204-bb61-e43e1cbb8c9d
c1968e6a-2870-48c3-a432-135f77bf9571
797a2930-a371-4a2f-9fc5-e99324584da7
04d5bdff-7d91-4f1c-9477-ddc779c1d005
ae629183-695e-48ba-88f8-dadb71f1f55b
644716d9-8d45-49b8-9444-b66856148d3c
ab837c46-638e-44bf-b0f7-78b3968f4124
814615fe-ac3c-41fe-9c7d-1855c95eee2d
1235690e-11ec-4982-ab8d-c96f32128754
45f69628-f660-4ed2-87de-4228d6f8fa21
8ffc5c3e-77a2-4751-b5e4-9fc5ca730000
7f70095f-d536-4fcc-9958-facc92d1f120
636f03ae-9eca-48e6-94be-cee69e5129ff
8fc67e9f-373c-4331-87fa-fc3bfacce9ad
295b82f8-3d3f-4d9d-8cac-5d740c8e7670
d0c6a4e7-21d2-40a4-aba5-7041d06fce8e
a6a88b76-5b6c-42b6-b8e4-feb13641a712
5da121e5-cb90-45bc-9cb3-517ec3c6e982
c731abc2-94a3-450f-8d8c-e043f5ec42b7
e533e2b8-c811-4a7b-9097-5b6e3774d135
202ace61-2054-455b-92c9-d23e444b314b
1786e2d7-5546-48d7-b551-3d9125b523de
dd9f1ffe-87a4-405c-9642-1d04858d1160
12e98053-bf10-4d50-822c-18f0deb1644b
1cef159e-997d-4a3b-954a-28e006a05303
5dd00b08-c7b0-4be7-a147-6c1cdba70876
1eac19fd-34e8-4c55-91b3-23e1fae59caf
d4f44879-d7a4-4631-b482-682c0eaafb1a
ad165435-0eb9-40bf-b6cc-190243daa66f
f9b80ceb-8c11-4b8a-abce-447392e97873
98af4d5b-9aa3-4618-8773-76ac2db44591
6714859c-9961-4ffe-b5b1-989f261370bd
de3e9b74-543d-4238-be09-1400e100a3bd
6274a2f2-619f-4cac-94af-0939a7d7b8f4
b8d2d080-3859-4ec8-9874-274e614d1287
7c544b4c-c5a1-471b-b64a-c1932e995f21
45666468-3bd3-414e-9311-0414cd4d9232
888d38de-8bf8-4465-a920-238301338c54
80825c9a-cdbf-4546-948f-a555ea1c557b
7dad61d4-2c24-452c-abf8-0c61bcbac56c
1a29a133-43bc-47b5-b55f-ada456473c8f
a56d95ee-781c-4d3f-9614-9e32b62d195a
e1c9a033-0450-42ca-b459-76bba17755d1
49a1432f-7efb-4e13-baa4-5b90790ff03c
c7fa511c-0f71-4d09-9c16-731186fd9e84
daac9429-45f9-4334-9b58-ea31a51902be
03f4b1e4-6b46-4fe9-b98a-c27ec7401dad
fece0476-3cdf-403c-8c83-9c152b5e0aff
c69a5561-d0fa-453f-b6bf-efa29b9552b1
d162678d-73b5-4c23-b918-818f3a035e55
ef87637c-459f-48a7-80bd-47c2b9c8de42
2b984a24-aa86-4ad6-abcc-6c33e81892a4
7e8be86e-c8c2-421c-9d9d-4ac0075e5b9c
85eb7d4b-0cff-4ac2-996f-4f6f7acb6191
9f4fc70d-193a-415e-a291-6fea737fc29c
3949db94-85da-48af-a196-4d30b7f38991
1515b27a-efde-41cf-b3b9-52252b83a2f2
6f7fc60d-54a8-48f0-9692-a6c446eeeee5
4ca861ee-618e-4342-a148-5bc23bde3eb9
30f8c020-3d5b-4ddc-8547-9390ac64a60d
a5a25dff-109c-48ee-96e8-d3fe27763017
5b065575-d4f2-450f-af4a-1a54f6ad7824
dc9de8b1-9fad-45c6-b5c6-e3a5376d9253
a6371607-ac7a-4920-ae53-1324ffbb53d9
ced64561-12d5-439a-8ff1-e2d9b9362f99
0b8e6ccd-cecd-411e-a455-89a25d1e6cfd
e44f7d86-3542-4902-9365-e5d926792f11
090e8467-0e39-4724-9e50-0c0ab742c3de
633fa4ce-c081-451b-8113-80370fe24f7b
d7a86188-86fc-45e8-980e-86b81208382d
1cbaac59-b976-4ac9-be43-3f76b3223e8c
aff5eb5d-ba5d-493b-a3a1-40906b82e916
76c55296-8015-4d7b-8cf1-4af3e2f46d03
2c27bb42-6c6f-4882-8cae-58e920948c48
3bb76660-9529-4a90-9d8f-3f5302f293a5
2b3b98e0-2b8b-4317-9a46-92fda3e47c98
26c1c39a-39c7-4a82-831e-d2534eb9ca90
7aa3676c-78c1-458a-87e2-392707167ac4
056ab6a1-35e9-49b2-a227-ea38c3499289
a3eee9ea-0045-4e1d-958d-b6c2dad20c83
41d75e95-65ca-4451-a9d2-d001c673a514
a1bd8cb2-258c-478e-97d7-96bf3a4a42c2
f924e84f-1598-4788-8616-b670df47ffab
9f81621f-4426-4e0d-8218-d9c5a91c4c7e
47dfe53d-69e6-45c8-9402-3582c9155abe
1b196ef1-7eda-4a8e-996a-b48ad5127acc
56f67c5f-ec10-4ee9-9856-1855222e643b
36939cb7-0a21-41e7-ac17-9e6163daa87a
08bd5ded-2c0b-4d1d-9077-fad642463e69
be264577-2cfe-4aea-931d-635e7338f1e4
bf5cf743-7b7a-4fa8-ab1e-4cbb7fd80f28
c2b7f024-78c4-46a1-ab7d-c6552cdb8562
c53a87ec-edea-437f-98a0-c581f4dd8f6b
92b76208-adaf-40f1-93c4-8d4bbe7f5d51
f44b681e-ef28-4adc-aa4a-628365d2601a
07ae2357-05cf-42a3-ac30-edee932efc9c
6d621385-a179-4345-ae3a-963b76db15b5
5c4c5e08-e07d-4862-91c0-5effa05cb9e2
002cadf4-93f3-4fda-b8ba-4b4ad1ede948
85481062-c12a-4146-9780-30ed280b3142
40ebcce2-36a3-414d-be14-a17d016de38e
0773d17a-d822-4bcf-976e-ad5abfedd584
2ce89d7f-6693-44f1-8f32-9b62a37c075d
51c6ac34-8ba5-4fd7-bad1-3d70d28da76b
1be029f5-96f2-4b33-a493-c51f70cded4d
f811b8f3-0075-4566-a7c8-bf23e2e69c7b
47f0dc29-3f2d-4e2a-bbb0-ef1956488cec
4c7378f2-b672-45a0-acae-2a401f612c57
5ffa93c6-0901-4a82-82c8-ac9cae59af2e
22e438a7-3a0b-4dfc-9793-ba85ebc0359f
f9c5dc50-f0dd-4ec2-a0de-96dbb856315e
6ab9c33f-0bba-48c6-b333-d0f9513e291c
18894c03-8469-4c07-9fdd-00496d9b404f
d3523bfb-82d6-40d5-be09-18c6028cf94d
aad4cf48-58ff-4a6f-b36d-af243ce7d673
ad0843ea-5884-46b5-9525-b24e0624341c
45e83a85-85d3-457f-b208-294280991b37
cdd03153-fa43-4f56-a3d2-228a963055f5
f3235869-b60f-4a59-a762-cf9aaa21e01e
4da36b2c-8f72-4b9a-97da-a86ac84b3193
8f5be6a1-1607-4f96-ab18-e58ebd23af08
3fc98230-c0ec-4e72-abda-b3b0dc41aac2
1f972412-4da2-41b4-987b-14b69c537189
3e6f4a82-3733-4b1d-9dd8-6c87b917bc4c
a442f2f8-2b8b-4955-beb4-c4560121521c
3fcf8380-63ce-468f-9481-6923f59b9ae2
cc52640e-dc92-4738-93ae-a7cd003a75a7
fb537d8b-b094-4f42-8314-f13be948d21a
b07b5e97-2d80-4b0b-88db-1451c9d61bf3
43732bf9-d78a-4150-a669-684f8577ad78
7f1b2c7e-72a8-49a2-954b-109b6b3b7a27
2b98e30d-93f1-41df-81ab-6a35a2fc58a8
f4903a77-ff54-4822-bd5e-05055c933ffa
e5e52fa5-fe4d-4df3-b5ec-bd28ea57e144
4f96d24b-e69c-4b2b-a8e0-b3eabae03f98
9f31f94f-d595-4059-a917-ae5aeb4fff11
7c5891fe-456b-4094-8f83-e840c42363ed
311bb458-54b7-4025-9ea7-51b8d3380a80
4ca16a15-620f-48fd-9cd2-f0c8358064e8
babee787-f264-474d-806d-4fea1a1ece67
3697151c-8546-465b-987d-f198bed98b23
f829fdb6-6b5a-4687-aff3-e011f28e3c08
27e6e7fa-98e2-4a53-8a50-1ff1f236fd36
935fda63-ae89-4d5f-97fe-66f5c398e51d
f81f5b09-404a-42a3-b7c7-7dce2ccfded1
ba8b5c05-0c2b-4752-b730-3e4cb0c38dfd
ffb03959-7a3e-4d5a-bba6-7aa280d57b60
8086046b-e04a-434a-abf4-871520ce173b
c7f56559-a290-4724-ae6b-2e3510fb682d
930a0058-6705-47b8-aa49-dcca3dfbd96a
f3a28b5c-34de-4516-a511-e02a7f5933a4
0541b9a9-3cc4-45f4-9688-35269b02e50d
99ae1238-44d5-4dae-a50f-2639f3fdb658
c324f459-97a0-4eaa-a14b-97de1169ef03
6264d05c-6f4b-46f1-9f92-2e73eb23349f
861fbf58-5392-4046-8510-5e7317bd9e45
fa030ce6-f52e-4235-8e87-e7446b6d2ac6
d3034f70-b9f3-4a10-9045-04a81417a2a2
912aa42c-ae28-41b8-a8dd-324fadda6ac9
8a7eec0e-bec5-4f1f-8f59-1bba03b22ec4
61447df3-b329-4f81-abf8-fc2ec00ff322
f8ee2d54-1b8a-4da6-888c-5e849848c15e
bc5cf10f-df2c-4e9c-97d1-f2fafc6a55cf
fe387012-e191-43de-87a4-910de3a92b83
886fcfe5-b592-419e-a0ca-89b3d2209f25
9c5fe6dc-94e9-4d89-b12a-85563fc5d6a0
8557ca7f-18c5-470d-bed5-9045bfe6f2b8
0e864d77-1bdb-4897-ae83-3074af5a20dd
fb8b0a52-1dff-4547-9d1a-ce2ab2b69c59
76a939db-2309-4ca2-b191-2791f7927a24
8cb0de93-6c2c-424c-993d-c5f6ea2a19e3
3209115e-f9e9-47ab-b549-6bb2335cc95f
73f2c8c4-9746-4243-b563-9ad491b04696
42e84acd-df9d-4a49-a7f0-35c237ebb089
47d070f4-934c-40ec-8aca-99746f4b166d
56fc55b4-ba5b-4f60-8797-21f2e46a213c
e4d0a9ca-6a0b-41af-843f-dcc93be9dd14
e5ac4811-a6dc-4215-b053-9c7720402a88
78815402-986c-4f8e-908b-a270783d870d
f94add88-69cf-43a6-a118-634e031b944f
74943c46-5d74-437d-9724-21c741dc6caf
a1fe4283-4c7e-4618-9297-94273cfa4e87
cdbec425-5cee-4307-b627-2ed23bd4dd81
fc92624d-c252-476e-9daf-e4a7d53d195b
797e2e4c-4b70-4b55-b31b-16dad496df9a
cb078fc5-2887-4065-bc7a-731161cda3d6
295877bb-0a07-4151-b3fb-9a96fc5fd98e
90203516-805f-4e05-9d95-d69655785d55
aa02a22d-4a2c-4882-ad4e-4171ebd5799b
537b368d-fae8-42e3-9aa6-69a64c3551c7
77359792-abe1-467e-bfb0-afa4d8e34a6c
3c018c1d-91d0-4c4e-836e-3e85cbac0106
7cdbe26e-10b2-4e09-942f-3280e441b56a
16a1f71f-7483-4af9-b1b7-1d786b13b722
bfba0130-328b-48b4-bf14-cbaf02fc7df1
120ab7cf-060c-4869-8df6-08d1f9fe1c21
5c9d534a-1c23-4395-ab42-bb00c8dbf196
79ca33db-de8c-469c-8034-4eb18cd5e90c
40354ce1-b18f-4d2a-8762-9100232e9b47
075beb43-9090-4ce8-b993-eb5bf861302e
5c879719-630c-47c9-9f81-03d00494afb5
5a911e18-a32a-4e49-a7a5-4b75d2ba3f58
0de8cdcb-e3e9-469d-84da-10c59e82e4da
774c24ac-8b89-47b5-959d-1ab550921339
3680f261-2a90-4800-ada5-0ad4844d38d9
d5c4add6-0228-4d71-8f24-00e2ef385cf6
226bc29f-e3e5-4199-b1b7-3e5f0809d524
0a52756d-7c21-4059-858e-270825a0051a
c8de18b6-4684-476f-8741-634f9807ac8f
7777dd9c-0228-48f7-a95f-00c77580ee85
931678a4-9ded-431a-9222-55e0b3f3a605
7619c780-bf2f-46c4-a0fc-9933cb0ecd91
01587590-11d1-478d-a768-3e28566fc73e
fc313438-bbba-473a-9080-66cc89cdb790
5f5f2074-064d-4403-8537-bb89fdfc5e9f
c8b7ec87-42d1-4ff7-9de5-4bba14f6283a
819ff9cf-7617-4d68-a754-a5c45260e8b3
7abff83c-9d04-4734-bde8-74b6286f46fc
83072907-7921-4446-aa18-d70df81d535e
e938d7de-1920-4eef-a5ee-75aa2ae0f604
6e5dd7e0-74f6-4966-8fe9-230be98ba9f1
b79b9e3a-b886-4bf6-8073-2db41a9ab3be
092f490d-dee1-49b6-9e8b-b5ed6403df02
a70c42a7-2b8d-47e7-abfa-7e7488d664da
3d7c00dd-4ad2-42db-aca7-ea8681a62d07
9e4011d6-f0f5-4861-94d1-5e663ab92671
bacc3121-abf5-42c4-bbd2-981de7eccdb1
411f6d35-ba22-4ed0-b0ff-48c3746509a6
e7bcb798-4b75-4163-89bb-ba1c8a5bf103
42fc4106-4451-4242-8ea2-03a6ef641464
c45bd2a5-f70b-4fc3-aa8b-364d795f6ffd
62b1f943-95c3-4a3f-88a0-ba9ce6436d33
cdcf8a91-f25e-4337-9718-04724289ceb8
d0bfab0e-8f39-42b4-8131-c33c3ec47500
921aaa2d-bd4a-4107-9f53-2b14a82a8770
987d2608-1dd5-45e3-bfde-af6d9d79561e
bbc5bd67-2cb1-4c73-93ba-ef14fb9d8565
a8aa42ed-dcb8-4a17-b404-b9c6d65e8f1f
6097dd08-6791-49ef-8093-c3d55313c6cb
f3cfd039-d77e-4ed4-b441-26ccf4e01489
4d35a5b6-4e8d-4b0e-93f4-a4bc477a9163
11763686-85eb-46fa-b33f-0648b4ac8b9c
65820c0d-465b-4e10-a0c9-c2dc505f6a3f
6c40fab4-695a-41a4-b830-604163904b8a
72b522cd-e014-44a5-9d00-c31738a1499d
16fe4879-af5c-437d-ac61-5ccc60b47e72
b4942b12-d6b2-4074-823e-bb06b0cc4e55
6790cdc9-37ad-4cd4-9b3b-8d17b7f4859f
f53c8c2c-f051-4778-bba4-6309f88def76
f8ec777f-2c06-47e6-acbe-3cb252b3438b
21fa4e62-2b49-48ec-8356-e2b860e1d295
77c22dee-fe50-4818-b3b0-cb0acf5203ca
08a6d885-8f9a-4200-9ebb-3a52e1659d7c
c91a5244-0632-45dd-bccc-80a79f8e1781
d8abf11a-f2ee-4cf5-869b-6d28c3fbfa09
d106266b-a739-4740-852e-8b888d19c8e6
993b866b-5fc5-4e2c-859f-d80dddbe42e6
75514cbc-6592-4f98-9ce4-c49ef99d7f39
79b6cc5d-587f-44ea-a912-64d7395d6834
87d25b5d-563c-484e-9fb5-90ac91cd3c43
93200cbc-8c94-476e-a782-0d71df883db2
fb16cd00-06f2-4c1e-bc3e-ea341db1bfa7
65734cd2-c56b-4e7b-806a-ff3b07e5f523
4434e042-06fd-4fad-83e7-318d1a450637
2514e490-b335-4038-957d-407086eccc17
011240a7-fc4c-4e40-8b18-71b0d40109c2
e0de92c4-c141-4bff-b46d-49b9a05596ae
47e40363-0cc2-4154-8920-487dba647597
48f458c8-8ae3-4e87-b840-96217a370a35
c160e76a-61cf-414b-81bd-da0164d3642f
62a1dcd0-9c33-4c90-a589-f7ca5cb3a4fa
d2e8b2e8-1bdc-46ea-99da-ac4132632a0e
9d29bb0e-194c-4648-8ea3-e5770623ea37
03efbb33-2fe9-4d77-bd87-050d5e6ed78f
031afdea-4c06-4d35-9b79-308d00ee5a9b
82fb41c7-d36d-4b54-98cc-3b5373da3a9c
b9bd9f8d-1ff4-4b6f-ae67-cc13e3d272bf
36ba41c3-0ed3-4984-8260-e6b2273d06f4
3217a9e8-7a1b-408a-8fd2-e6ef384d2649
fd87b40d-f78a-4895-8bc3-3a0f8b39ec93
ce58d564-bb58-4434-bae8-0553e7f79b33
c4c18186-b419-40a4-9657-fa84f32d4cf5
5bbcd847-9dfd-43e4-b343-dcb939e00beb
242b2569-a590-4c7a-bce2-45c65147ae58
13bc4b16-5811-4f9c-bc2a-3e6bc2bf74a8
b6426d51-5a11-4111-86bc-c5c6bd8c61be
574c69ef-c3e3-4a60-9f9c-6395a85df36f
096f59da-f2be-4717-bc2c-d7166e21e0c2
86cfd213-e480-4cef-adf3-35f91b3792f3
fbaf4eef-074f-4555-8257-143025494686
64c46f87-1835-4bf7-895b-422b44b3865b
d34df025-09e6-4fc3-af7e-8402dca8cd56
9a5ddc46-2a8b-483c-8676-57fdee0b5084
de2a5da3-bc54-44d1-80f7-e9f79c477cd0
37b02ce4-c566-4c28-8248-2c5b7194b1d4
0dd3aab6-ab92-4677-94e7-15814114db38
0e69035e-2e8e-41d1-aeca-e7ea6f20c087
349a5cb9-e53b-4cfc-8c72-8b181056f2c5
48391969-3b46-43fa-b8c0-c81ad6ab3d4f
45d15f52-2b6f-40ce-af2f-a702106a19df
a5a3553b-f069-4ff9-a919-e00303afbca7
d531a2ff-916d-4e2b-80e3-c7b1e1f866e9
5c21cc69-5228-477d-bbc0-c06beee8502f
cd766b6a-5b43-45ce-8774-5bfc12af87d4
7ca98d56-daae-4091-ae54-c6b5c72b06e3
7b1c7fd0-760d-4d39-8ecb-56855a0523d6
5f452095-abcf-4a93-8ba9-42270bea669e
d3114f84-fc0f-483b-ac81-4154b3e62007
888a6871-e654-46be-a3cc-240fd853d2ab
f2b0511d-6066-40f6-b072-172c3460ec38
98b18446-bf6f-4cd1-914c-22b26ed8a243
42e45fd1-a564-4fca-84d7-8f30e276825a
afd13706-381c-41bb-80ac-975d1826beea
64a76fdc-58b1-491e-a4ea-4154c0f20651
84409ccc-f275-4f81-ade3-2d8b2d6fbbae
45cbff3b-e920-40ef-9a5e-c66fc367895a
4048c815-6041-4a56-aece-02023bb04c84
e299025a-0829-4e0f-8fb7-6171f4cf0c05
4846d6b2-4aec-489c-adf1-1b37cc985ab9
d583f881-a09a-463b-a638-35db54cff846
b34632da-f927-4f2d-bede-acf1f70cee40
e87b9c8f-a2d4-4cd4-aabe-0a541c9dd966
79242e51-865e-461f-b181-7fac7eded9b9
ab9ff96e-2571-4ee4-9fb1-8ef0a34f6be4
1e886f6a-c17f-4c8e-866a-bbed2560651d
4a4506b9-30f2-49b6-95d8-426bfd4b42c0
67ccf218-fc61-4b7e-aaf1-95b49ff66648
e90ce80b-2d24-40e9-8914-d049e390fbfd
055fcb83-a1ef-4ecd-a2bc-faade753e355
9e2e996b-15e8-4c92-9f0e-f5b58be02ad3
359101e5-5851-4261-a210-1a683481e9c1
552f18bc-e384-4489-b3fa-edac7c2827bf
785af405-54f1-48c2-bee1-85a327dd6525
daf6b029-a089-4ff6-a25b-28a5eee44f25
5466fea6-d9af-4ea1-91b2-e0133980da12
40b823ae-d85e-4b8a-b053-5ec93229a2ca
0dd5e086-4277-4186-853c-3736fbe6c8ab
6b571637-2e42-4c9c-9b49-0f8bd3d6a7e4
7041b56e-fb70-480d-b351-97cd9b7a44a3
aff1df81-bdfe-453c-b618-1c0ff285b5bd
709e3dce-0cdb-41dd-a7d9-29c5eb8520b3
a4cc74ac-2c74-4c5a-9773-9a76340a46bc
82051a2d-4896-4d23-818a-15d7702af1b8
d31aa79b-bdc5-4327-9f87-66221dcaf71c
6ebd1f06-135c-409a-a46d-4df091451a16
74523b01-17a3-4652-8890-45d87590a070
e1ecba5a-bc79-4460-a0ce-c6cd798f4e64
748abcbc-1a7e-40c9-aabb-1341d79ff315
fcc0a6a9-1070-43cb-9cb6-aade68f46a7e
0f2fd23a-2c45-47af-af2e-521f8ebb1498
2fb9c12d-c4f1-4852-a8b8-a2883224adb8
0fb2cee7-3aac-4f22-860c-a47a31b0bbce
28825e30-1821-4171-8234-8697f5bf83e7
6ca24487-fdc6-482b-889a-fdfe05ece677
01aa6060-d577-4e3b-abdc-3b0b9a9b842e
3d4bd524-3d68-4953-ad3b-5c393741a77a
8415237e-c42e-4645-877d-7a1777e1df40
ccbd8937-a02d-4586-9d11-67d8cbeaef84
1e68bd30-7e93-4330-9891-5368da28e192
c33e6817-9b60-4003-8982-791c57ea0797
6a9ec974-16e1-4a11-8e01-6cd8f09632b7
60110c08-fae0-44f4-bdec-71d344e17406
a4c2c9f7-73ba-4c13-8016-a687b1d04500
08b15805-10bc-4008-a9fe-a9db1919f753
48849f33-867e-4aab-b733-4b3d2bb85eaa
6d398557-0639-4a89-88bd-557dd600dd76
6b8aa1ae-9ff8-4e16-affe-02e9593e36d6
94c05586-7ddb-4e27-89a6-43d4d05635d0
137bad35-b8c1-4a40-987a-303f58fc3701
39a4472f-dba3-4d05-9296-9380056ca6c1
181cecd7-fab0-489d-8ef9-2e6ae282b5c4
6d2f5ab3-fe7b-4b4a-a2af-45a8591d3347
49f386d4-dc57-4bb3-9d38-491c5740724b
24342cdb-908f-4093-b15b-12ac42ab3271
66b20e4e-9ad9-40fe-a887-6fa5aa3fd72a
bc3a2c20-0a04-4f38-8d43-06df8d0fc73b
fd98899c-1534-4c9d-a588-e0bc3b746bbd
195c94cf-6f38-4713-8c56-f900cbc80694
ffd9a2ac-0cfa-40bc-9f12-1bac5a0c98e8
96eeafdf-5dc8-48f3-9fd0-cc3c5bb6d0e5
a06b821f-3172-47b5-bad1-58ab5f40b381
63eccafa-6266-4d83-b331-c87c9cb7439f
fcd56afe-339a-4b31-b2ac-f70a6523be98
74b3a1a3-4988-44ba-95ee-e8da0bb91df1
01ef9d83-ee09-4795-bf80-9b4499384a77
de79bf1b-b504-49e1-b475-3b6c4100ccd7
cf270b31-da76-4278-9f60-c257045d0fc1
2b7cb3bd-a368-43a1-b231-706cbd74fdad
95c1f728-68dc-403a-9f27-a786bbd76160
bb232f51-b8bb-4cff-8ba2-b4990e834c43
43b2eae0-f160-480c-a5e3-6a1904eb50cd
d81f467c-8497-41db-a398-2e61bb246d73
321c9843-72d5-4b52-afbe-03951b9bf644
7c2004f2-d866-4a64-9c99-bab4f30a2fd1
87c6f219-4079-4d84-af07-ca38be3371d1
0a800afe-0b7d-4ff7-8332-b93d88bcdefa
70a7f14a-b50e-4a31-b59d-a717acf42da1
adabd55f-acb7-4f24-a467-e5c8d319b087
cd2c9700-2280-49b6-874c-effa532f9865
9a804ff4-beb4-4318-8506-c442d584d980
b289fa9e-0906-4fda-ab5e-4399fd1eaad7
258d603f-dad5-48a9-a789-8199a4c811c8
e4b00a7c-d2d3-43af-8072-5e1abac467ee
886c4fd0-e93c-4d81-bc4d-57c3851f3b07
0b1a30fb-bd3d-41e4-9d6a-6224f5cbd4f3
5f1c65ba-8103-4e97-9f0a-7ea1bdc06e8a
76f41a73-9f5b-4a45-90f3-07f5f2321189
d9339046-0538-4e14-87e5-78ea2191fb0d
2150edb0-d97c-4e8d-88ca-0314a99ab450
4c6ab085-7531-44e9-88b6-c42549ffe0f9
64fc0269-3b14-42c6-8f59-415f1eaa164b
c4266914-3a37-4104-8285-b4cd0c46ead9
f8a1207a-f96f-42a2-8a46-c05058a867e9
bce72f6e-cd94-4be7-aca2-40394eac0f62
8c508792-a8c3-4518-b612-68509f26e7ed
e3b150fa-2f98-4293-9a62-0db316b1f8ff
c018702d-fad4-4883-84cd-c2abdbd010d5
8da76905-210c-44b0-856a-fa7fa5db9e89
dd5b1e4f-3ead-45e4-8994-89ca72fb03aa
7aef03e3-fe28-4c2b-85ef-c106257ecc67
7e82798b-0eb0-44ad-9083-48e15af90c6b
d5072059-2901-4e48-b2a3-df86e1dd87e7
728afe1e-5215-48b1-ab09-a79d677a5316
bc7c9c85-bc17-4b50-9868-edb8cff99ddf
08110945-7861-4475-b04f-a3e58dc08df1
0cffa4d4-40fc-4602-a53a-650cfa4fd332
4e8ea8dd-c46a-47e0-9141-3d1224c05a9c
546344f9-0a2c-4113-8e4f-b7d4548792f3
ea7f09e2-8e52-49fa-9422-3b5018c19702
d9e4959f-114f-4419-ac51-fa5fdde32b00
170f366f-3963-4a81-8d23-8d2a3b01ca7c
8e90ad82-a307-4901-ae2b-1be8bb3d6cfc
2383bd25-5f01-4419-9e71-96ee0d772cb5
2fc23a07-7640-4c28-a21f-5a9391188299
9bdecc26-952c-41d7-b8f3-301140a4835f
d4ec30a7-362f-4713-90fd-fa027023d6fd
278991e5-84b4-4844-a722-a98332ed3170
bd08615b-a639-4387-b472-21edd9e6b177
6e985f3c-470a-4a33-bdcc-ad37232ad730
6c1f398f-afe5-4189-a744-f6e3cbdf3f05
674cbd0f-b016-4a85-a975-fe46b3846cec
f5296dde-1103-482b-86a9-4910cf1f8d1d
d8aa5e6a-d33f-4c65-89e1-269daed48152
11a5a07e-8b58-4a93-9f93-53ef41d2cf9a
dbf2edf7-f1ea-4909-bedb-d137f6344524
96eb2a2c-597b-4088-b9a5-818b214a7d2a
dadd950b-e0c2-4a8e-b45c-e88ebad12a59
b21d290e-7b1e-46a4-abdf-bfbe823bc6af
e578e36e-ae99-4e03-8674-6646f890ecff
fa66f974-f72e-46e7-a4e7-33289663394f
20ff0767-4cb2-4fe8-920e-4d2b7f463e6e
f1c3997b-ef96-442b-b89a-fb9ff432eec2
c96ec9e5-66c3-4bf2-8bcb-9d620dda5da1
8b8178ed-9c0e-44c7-91eb-46e2f32b84e1
28314e49-80e8-42d5-b855-bf64271a4017
066f171a-4c03-4041-a51a-3fcd570ceec7
dcc07511-e154-4423-b072-dcce9e427a9d
7b4dd729-6960-47cc-adf9-b8c5174f8500
4f042265-4331-430b-8454-e4612153ef26
56368791-3065-4f9c-8c8d-f85d1a9a9eee
3b0d2816-c879-4b1e-8fe1-bc3bf3bedf0b
12cb645c-7d47-4916-9eaf-5e5240ac3d90
837535d9-798a-41b3-9505-82830f21dd3b
3ec71367-6359-4bc6-9158-5d10629f6671
d3ebf4e2-7078-446e-b4f1-839b275724c9
93628456-4ba2-4945-ac2e-bc3e49afd3fe
f046ccc3-324b-455a-9d9c-a45dd485dda1
3687e7de-ee9c-464a-9c55-076fa45138fd
183bdb21-a53d-4702-ad89-3a830972cf88
bce2fc9d-e379-4443-9cea-0a751e975c15
b047c5a5-11ee-4ef0-9311-f102a5657123
efc5a8fe-a9c6-4895-aaa3-9719b67b6fbc
f5a0dff9-3096-4753-9411-4835e924ba9f
b693107f-bff4-419c-9bc6-0ee6af5fa717
82b403ae-0262-4de0-9bd3-2e55ff687682
7ad85fd4-1e3e-46e6-a7b6-b734f5595355
c9747632-2ae9-4343-b317-4c45a3d04bf0
3f37c84f-1cd7-4ddd-97aa-fec87456a5e3
30337fd0-33d5-4b7d-a07f-5fa2f09204f6
3046eac5-1243-4dc5-bf39-532af6aad52e
2e8e747e-e3bd-45a8-b6a8-7dd1d2fb9bc9
c0dc9b92-2629-4392-8f1c-9d700a3f4969
2fc02fd9-abe5-44f9-8a35-7ac5f26efd65
ecb01914-6c2c-4f23-a23e-3f38b7ef0c52
846bfcf6-490b-48fc-a496-c68dedc76815
31ce49fc-fe54-490c-a0e7-7fa663875b1f
ba0de3a2-1099-404e-8cc3-b74eafe4deb4
23fe6545-f598-44d2-b74c-c628ae4be705
19904522-4e8f-413b-89ae-03ea74a2a068
9bb34632-ee52-4a1a-b36d-6d795a865e29
cc16a5e9-c767-4052-b0b3-ab1fdfca374a
f2105893-76e2-4559-9396-0b94646e6480
bad7bca9-9b42-413f-99b7-b1a44d951b1a
bf4c4c29-1453-439c-8a01-10a3ed83fcd7
511b1213-cb0e-4060-8481-56d39a8a4973
35f8a4e8-6bf5-458e-9dde-f509572e55e2
55358461-83f6-487c-9ac6-bde54c115efe
2f4ddece-5ac5-49bb-b56f-f90c2ae57b2b
233131d2-9dc6-4b19-a851-24d37cc4965f
7d973bb3-585f-46d2-9ad2-804921631c21
cdcaac3e-5819-489a-a244-1aaf92af7b68
e1103e88-abe6-4472-bfa2-2b582ecc7cb9
5c1a6cff-01e1-4a92-b2e2-5be221c312b4
6ecba674-2fa5-4539-bd3e-763259b612b2
10abf9a7-fa11-43bb-bf62-ab0ed1eb65d4
1147e2f8-4401-42d5-a722-44314754d470
bf0d9aa8-e5b8-43aa-a97c-9b8af9a76e38
d433b036-69c1-4ebf-b58d-1327cb298a57
0eac51d4-68fc-4685-807d-d929d93a28d0
35568614-b9a1-45ad-8ffa-e9107652a593
02dba8a1-ea99-42de-9c9f-102c2d745e89
2181382c-8e8a-4435-8733-9805b880197b
5241492c-b62f-4016-b3cc-8142e464b0ac
87fed347-562d-4862-a5cd-1323d258c601
ca9ef3fa-d0b9-4e36-b152-e9e0c528820e
ab4af7c8-e5bc-4871-9de1-100245b21c97
62ffd097-1096-4946-97f7-a50453bd82fd
2350055b-f4a3-440b-b467-11d1020ceb8d
8212fdff-e574-438a-bca5-243d2b5b3e15
a2e26578-9848-4d13-9025-6e1091b84e27
5d5739c7-1b29-4443-94f0-3a68f66724ee
b62ee00f-0bb4-4c3e-b020-bab2a41f5759
898a5c25-ac73-40d6-94d4-55f34f501621
c19cb61e-29ca-43d4-b78e-4c67d025c3e6
d53833bb-f6ec-4195-bf13-8c1fdc2320df
d4fe6d11-76e0-4e6d-963d-a34b8eae778a
309c75f4-a642-41f2-8f2e-44202fee29f1
cc16964f-8163-4686-ae30-3942df94d96c
cb20e3af-a25c-4a2a-bb62-b08077314004
0b66b3e8-05ed-466e-b36b-011fa539214e
92e06666-258d-4242-af77-68747f6fcc2f
47cd265d-3b38-4582-b71e-d66685894a52
43e22b8b-063f-49a7-9566-4daad8283539
c06e2552-4f48-4ee3-888f-52e6caaf2802
176aeaeb-24e5-4a6b-a664-da3012daf958
e93c2441-0079-4031-86b2-fb683effef84
c8824dcd-7608-4224-abb9-3f851ec7a244
a080a3ed-f280-4527-bce0-138a439c3079
b6fd4baa-d064-4fcd-8c6c-d8ca4f33f9aa
9b28e82c-6727-4d0b-8491-8cea19fd11c9
8a670f70-15a1-4d44-be7f-e2d660c2e8de
df36d0be-b3c0-4854-aa73-cbf9878117ef
3d5d31b1-4bdc-4b4e-9083-ef5f38b5c884
a2d20a5d-2d36-4711-976d-c8e3b189d4ac
1c0bc637-9dbc-4455-b3e4-c08dfc71368e
1ec761f8-5c81-4ea5-9f3e-95fcb2498650
49a3c52c-1701-4ad6-be3e-68c977ae8a67
a5473bbb-f983-42d9-a494-d686ac2eb372
59951478-6138-4eff-aeed-42d6efdc0c01
38d87b3c-054a-4463-9b6d-cdd15b59d9e8
0862bb5d-0af7-41d5-be22-6dc65959abe7
1981dc60-f263-4657-8fb2-038c6649b1e1
a755f956-f24d-4086-bc55-cb7e795bc32d
3fd52d2b-8c76-4080-a72b-e2d26341002a
c9c553f6-e801-463f-8ce5-9160a45dfc60
baa53c40-1398-4fa5-8793-a7499bee8a6b
318c2828-bff2-417e-b4b1-352ad479d8b8
d413ef94-4fa9-421b-8e2e-3275db7a2a35
6cbb0340-b1cc-4afc-870e-3428a7d24741
4e53f3ab-8632-412c-82ed-a3fbfe0e9f3f
8af4a4a4-c3df-4e95-80ff-99b0c3410e77
0caf5a73-68ab-4760-9c7f-1289d6a34aa0
26ea5ed4-3afa-460f-a143-05645309fcf6
98becc37-746d-4b79-b8e2-5fd920a71235
8ff46cb7-123e-4712-95a1-e9d398f8575d
c4f7d2f1-eea0-422e-a1a3-1730dbb63ae6
5e5ac64a-1a5d-47c6-8a92-703ba933a71c
e0361ae1-199d-4595-b43d-9f2f36f75b1a
d2f4cd8b-e37d-4fc6-a1fe-0a79f8f26bd0
c66c8a7d-42c7-4d16-81bd-305f610e0aec
f8d3ea66-5d03-4598-84a3-a705a8c28fa5
54653761-7aab-4ebf-99d6-d97c68071dc4
12a5208f-60d3-4a7f-b69c-b20d66789b8b
edf325b1-3b48-4337-9368-31d61073dbb9
fbed6b2f-86ec-44f9-a368-657a92dfafbf
9a0b4747-4630-43f3-a85a-26836ca310df
ea4d13d4-f5d2-4ff4-bdcf-c79d8364562d
53d93751-34ba-42a0-b9aa-d4a5b203d373
08cc3c7d-edb8-4761-81fa-3faffd95ab3d
f3768bba-367c-4f2f-9f0a-a2d2bec2362b
44fb93ea-1329-48ff-8e40-894268883946
a2b243d5-d461-4d43-8ab3-65f2a4215c1c
33d8f1ba-3a60-46d4-81d2-7514dd6774e5
efd83dd3-0782-4677-8b2c-a6213f81a8e1
ec61f3e4-0956-466d-bac5-c74c8c39a822
7c60340c-8471-4173-b1fd-40adfec0b90b
2ad3bb14-8522-464d-b4d5-e6dbaf065b5c
9275254e-f981-436f-adb6-ebbd994e6d7b
dc44090a-35da-4cab-8f09-843b6b72f5ef
8d2e4a7d-09cb-4131-984c-d7ec9af7da6a
2dc7fb49-7f1e-44be-a75f-614bf05c85e6
cecd0e16-2285-4bd8-9f1f-3294ca6541e1
b0b03c88-d606-42a7-9040-be22a6f34c8c
6ef6543a-fab8-4166-a6f6-6910fe64256a
64c8c77d-411a-4335-ae05-11208b972662
c1ebe15b-8109-412a-b886-17f35c754d46
aa041c65-3ee3-4980-a296-f7c650c97bd6
9af776ec-21d7-4445-b452-836dd5d13c8d
acf6b7c4-6571-490d-88c1-51b23be1d0d4
e531aaef-a994-4623-8cc7-11969153c838
e2a67151-ead0-4288-9d21-b9f6c5e8e171
95cb5f25-4f1b-4bb4-ae2c-0bc49beab228
3f3eca0a-86e7-4c28-a988-34d38ec65fdd
51c7324e-eb88-44c4-a089-89ef73d6742c
e942a2d7-aa86-44b5-9070-5336ea65a2d0
826ed874-3fba-4272-818f-233680680b33
fb175dea-6c10-4ba3-b280-2a9cb005b92d
3de2c61e-3710-4b14-9cee-9aef8547cf6f
fd8bc185-1fed-4503-b7ba-1e406055449a
0ff21f66-234a-4c7a-a532-fb74316715ac
7de00e78-7a79-4785-bccb-2b95b0cf30d8
13bd7d7b-4522-4713-8bec-6e7c52cbe4b3
4059679b-f0e1-47c6-9043-c96ef1fb8ab5
5a2c3e33-6f43-4d56-b49b-86c59b8b9658
76597602-e692-48bd-b72c-36ce9988119f
29647cea-2892-413d-9632-62818a164ec3
2a0b3d51-21e6-452d-bf5a-1a798932e673
39cdbcef-7a54-4091-a2f4-043689331048
2a7a5987-7226-4644-9e3b-227baccd91ae
d51635f6-083c-4499-9228-3ba8fa561bde
b6344ed0-7edb-4486-9ea8-4c60f3b8893f
7ec96dbd-9bde-4269-9488-252a4c1d118c
48f9e08c-2360-4ee9-9ad0-471e3bec36a0
0e2b9cfe-5e56-4da9-88a2-0035037e087e
3c06f966-dee7-4632-aa6b-88024eb59888
66d1d364-6caa-4886-92fc-9e4ac2472e52
3c1a854f-c3d2-49ca-bc58-c17b55dd944e
7d034177-9949-4dad-b7e1-b78dd4217165
32d2a49d-9012-4a0f-b4ed-4479f86eca90
aff05924-d35f-48aa-9492-f792114a1098
6b278b26-828e-42a8-a938-7ee3ab7da8fd
c65c6e4a-8cb3-4c75-969a-ac50d60d7a48
a9c798d0-6622-4acd-938a-e0520c3ba3c1
e1190733-84ef-44d8-a238-d7f733a321fe
5e9686c2-22c5-4b2e-8e2d-b617aa3be0ed
35c13094-dfad-499b-9819-6c94bb0142b2
a2508029-b59d-482a-ba4a-b01a5807f7ec
00c52fb1-5a98-43a9-b7e9-16e78d68e41d
17651e93-d54e-42ef-9091-2859e2277fad
d3cf416b-ca07-400a-a631-7522718a54bc
df71db83-c65d-4c82-b022-f00f5ca18d36
6b64a5a0-5c73-44a9-985e-073162e1a417
d994d93a-5092-450c-9351-e34da49ce1d9
494831f5-86bd-4aab-b6c5-7159302f0c69
1c1a66f8-9a29-4874-a39d-40418eae1bbd
1f45aded-ffd5-43b9-8f9d-619376945f74
1bd11d26-3dba-4879-aa0d-085cf58ead68
41151f5c-1ead-4fc9-9ae9-9cf65d1a3722
68a4a963-8d50-4c6a-a56e-3c860f5abcaa
d078c5e4-04b3-4878-973f-68aed033e023
ec3a9304-2247-42cf-ac2c-e1349a8297a0
9bebb4a9-f472-4e45-b3ec-0458445e16c9
303ba887-6330-41cf-ab66-ac9c4b3855cf
259fc22c-99e4-4e01-8fcf-04175a64b42b
da562127-f2fc-46d0-8db8-7e06bf61dece
e4e7fb19-6181-4d25-a40d-ec7e140216a5
d026957d-bb3b-4846-97c4-df3ce23e77a8
eeb1c71e-adf3-44cf-91b4-6afc7bcc8849
d664525c-36b8-4e65-9211-0790818fabf2
898d6dac-2be1-42bb-80bf-2e913fff20ac
9ac6e6f4-4d46-43de-93c6-87b0e1bc5425
0198f9d1-12fb-4aa2-b6d9-85e0b2706ed9
aed5b52c-6823-4956-b68c-437c075dffc4
ef20748d-2839-46b8-a88e-7c8786fdc6ad
158d75d9-a6f3-4d81-903f-6fc9d6639d8c
3892c95d-2e47-4ef3-9bc7-50b796f032e7
0c0f86c2-0390-4ac8-80a8-519dc218eaf4
1f181ee2-8d3b-43a0-bab7-14a624542f05
24a8e121-907d-4155-9039-5d85ac7f4e08
713e861f-ed7b-41b1-97a4-687c0ed89b38
a87924c4-d69c-4c93-a699-4598b0c6cea2
2b898ca9-d306-499f-8a11-a475167f0462
22024387-51c1-4cee-b65c-f10415a1562c
e52a0709-77ae-4241-a67d-f1da61cde23b
1c3b0326-1c9c-4b32-ad96-db519b4d6950
39baf71c-3e71-4f41-b73a-8676a322795a
4a44edde-ecfe-4e81-bb3c-15b100220add
2b343bb7-5405-493b-8ce2-eedec61b7e08
0880f105-7b25-4451-a5df-d07459ef00bb
3aef6aac-0835-4325-b47c-08f10c944d92
52fc5d3b-cd23-44b8-a957-6c91a4bf127d
e8b8c59a-b54e-496b-b43c-459b7f895dfa
f717afb7-bcbc-4b6c-978e-4db3195d3866
444d898d-2d39-417a-9207-9ccae98c67bd
e6c89aca-2500-4240-954d-5881dd62ed15
0226c30b-b64f-4a32-aee0-50b291814464
8f788295-c520-4b87-9c4e-2296d801dc19
2f06020c-dac7-4519-91af-72d1706a32af
beac2631-668d-44b2-8cc5-16e29b68fe96
276ce66f-14b0-4f4e-94e5-23913ae0fd17
601d822b-1d82-4d3f-a2d2-56d3d4c044c7
cf644d70-6593-4c1d-8d86-e610a41570b6
af679ed4-4974-483f-be5e-b5315e53d028
4c19e734-b069-4f7e-ae0b-0508a0d5d56d
8b737c6a-6354-47dd-8ed1-09b106f5aad3
fbe8497a-c547-47e0-8214-e978b624a3ac
355d3c7f-4a1d-4115-ac27-cb9f33276d3a
09dbe7c6-9b47-46b6-9637-909c9e4d0c3d
095887dc-ba74-4d7a-8604-574fe5ab4bbf
9cceb30a-c88d-4088-ba04-f9d7d556593d
3309dc9c-c977-45d6-9c41-1f22de7eed74
8ec87875-e5ea-4572-8f1d-b9949e92523b
a0b7311a-894a-410c-a0ee-a79825001163
2daf5e03-11af-4a83-912e-50cc3734782b
3ed980e1-6506-4a70-a323-da07d3d039aa
99857b83-2602-42ca-9077-070f4698d03f
f96f9eb1-69f2-469e-b03e-f51889908d56
03ed1822-3d51-4734-b7ab-628b157ff42b
d7e7e0d8-02e3-4e63-bad3-bd002c27f666
ac802df1-fc46-435e-9639-4ae63e12b78d
15e225ae-b471-4911-9e67-84167547553e
bc3e4f5a-9bbe-4603-8ea8-f10df7dc9926
ce6d8195-81b8-49aa-a44b-7c34037db954
13344cf1-4754-4888-9302-635328955d1a
5f93e4d2-1f6c-41d3-b486-6e693f9683a4
b092a046-9ae2-4da5-a7d1-f25361e31605
1eb2c128-c3bf-40ea-90e0-0db8d0422cc6
2350eee5-d882-444f-8079-bd4506286bad
67c8a9f1-dfe8-43cf-9fa8-0f738bed9a02
1232e949-39cd-477e-8708-73a88234f076
94e23917-c7e0-4665-bb3b-37f5138024ad
85924f6c-70b9-454c-a947-8740473f5ab6
b4e584b8-93dc-4d4c-930f-d0ee88297f64
69eac2eb-b0d5-4e43-90bb-e9f57d004955
1701c049-6751-46f0-87f6-3390fa8f06d2
b0010ea7-25a5-4b92-b701-4799a6c21cb6
0fd054c0-f2b8-4aed-b955-ffeead49494f
e88968c3-a83d-48a2-a578-4a5111ab3bd0
290cf38e-1405-4132-9975-e3e7e2f97d65
02443d8d-cca9-4849-b842-2e253f2be3e1
19632658-5e5f-4672-b092-dc6b638864c9
16077d51-551c-455c-8bad-fc85d30e17c3
6062c0dc-7457-4775-8221-a099b136df83
1d0b80a2-eca5-4b3f-8ee9-519e24c2940f
71c1d3a8-39a3-4a41-a69f-72c2fe0c40ef
7cae2da1-c793-4e0a-a085-eb2b381ea545
e4696901-7e7a-4ae3-9669-6fbf0e53ebf6
f69c6b44-7bdc-49f4-a4bb-ecf91c506634
7fbedeb2-a359-4e5b-90e0-34e85f0e1927
7ced4853-e291-4d29-8f91-3825e7dd8d2a
8fbd15aa-b3aa-4747-b0b5-cf4d4860cc8e
1854b7e0-e1c9-4a53-997d-1ac09f50511b
f6fb8a3b-05a1-45ac-993c-2eea068be113
1a09ee19-c415-4bf8-99e2-d5cc4bbe1715
88060981-a0eb-4f17-99f3-b0ae9c5a6f95
e8e82a96-be9b-4869-9505-436877b38ff8
c785abab-5985-464a-bfcf-8ce84816ec0b
6ec1fbdb-013a-4db6-84e5-40827cf5d2ad
a95447c7-ba40-422e-9f52-5fcb6705ba03
2e1647e9-d3a6-41c3-a4f8-5e0f70c4b989
f885e034-789c-480c-b0b7-01990f5c5343
e7558bb5-163d-4f98-97c1-a2942cbd9a81
f96571a3-220b-4acb-82e8-9ae460e5e9e2
863bd9ee-eaf3-4748-8dda-3eb3eba20f03
575deef3-4e95-4dfe-a857-53b249cd3295
58e24eea-2431-4d18-ae61-0514cc31940c
bab54f53-8a83-4a0f-896d-234c00604ea0
dc9d5e83-ee82-4442-95f4-35d5c91e59a1
a0ec1de6-7ffd-40bc-9cea-7ebc64d38a85
9a5dede0-0451-42da-9b32-0452a4d74a6b
4ac9969b-6aa3-4bcf-b8de-961f2f755649
b396712f-238b-4452-a6a2-ad1db46992a3
bffd779d-c559-4a44-add3-c8a274a3133b
35d838be-df84-46f6-9363-c2684d0b4371
0924f96c-418f-4ba9-af56-cc1b118a43ca
fb51f818-41b9-42f3-bbb9-5996f3153dfd
eb443422-aa7e-467a-8c44-9d9eea0d7b2a
5329c6c9-358a-4c43-aa84-a011edfd3aad
9c54bedf-603a-4ed3-a77d-d15e0bee45b6
b1114f67-db27-48ae-b4f5-fddd6399db87
1fbb5416-21a3-41a6-aa08-b5c0f96367c7
c2e53963-96bc-443b-9e43-6baa23d08a1c
a6283476-0d3f-4e72-ac26-978a4cf0b77d
48162690-c92c-49d0-8d88-a31c96d50d12
394f0fc1-4353-49c7-986b-e220454e8172
aad96753-97af-48ea-88d6-dd6269682fbb
9485f79f-e90c-483a-8b94-e21af2133957
91a77b17-900e-4252-82b5-dd9ab6c0a9ef
a42d61c9-e343-4e61-a70c-d73ce68c7a98
f085de57-0088-4906-8e11-a5a9d73a61d0
199b36e4-8ada-4879-8e7b-a8bde87a7c13
4eca7a68-0003-4616-b989-d4136ff545b9
40378945-9023-4e9f-9d7e-afe5daa8f1a4
e8de2c7e-aab9-4667-bf8d-812750659a0f
a9af43fb-f48f-4a3b-b4c6-4ec79b0b228d
a40af1e5-1720-4793-b3f4-49586dd74428
e9ecbdca-7ffb-4852-8091-0048375f905e
4d05ab29-9221-4568-bcb7-22a32a1a4f2c
c4c9a7d0-6bc6-4c8b-a77c-5d41b8c27151
a050d2b3-358a-46e2-8d1c-f08c609fde4a
15fa9b64-4081-4ed3-ad2e-3a251997e98e
f45a4c17-1d6f-4a19-9bc0-37bbaf50de8c
02b29d60-0844-405b-8a59-9a029e2c7177
bfa62006-86b6-4bbb-a4ab-bec12926a42b
9e480cf2-b0d9-40f9-859e-20199de29144
7b3626b6-7cf4-4e79-90f8-c0920ea368b4
9800f5b6-125c-4249-ac37-c500c918569f
48cfdc82-457e-4b62-82a3-3d75b8555264
c72ef8a6-b70c-4f02-82d9-a3d4ac6daba4
3b73c40c-4024-47d5-bfbf-279282201b01
6b958111-9761-49fd-b38a-c9055397435f
278bad80-ce5a-4a98-9b6f-22fa01adbeff
3b9d20f0-8aab-4b7a-b95d-43f8f3edbb64
6af92027-3aa4-4f79-84a6-a15702a1cc32
5bdae0a2-f9d0-444c-915d-842431e74329
fe1f7e6a-59c5-4c37-9541-3ad06494a012
cfc977ea-7fde-41f3-9ec1-2e70eeb3eaa9
718bf09e-311a-4ce6-a067-b939bcfee022
28d34600-9d2a-4dec-ba58-c57f14fb24e9
39a1624d-1430-4111-ac38-f92397053a74
6803f741-b653-409b-aa17-bd2134dce611
6e331545-0c1f-4788-bf80-1158a5824aa8
fa0f1924-9b71-4bf9-bf8b-13d1422d2efc
f0e4bc84-b7cd-423d-b0d7-9d127dd8cf34
85365a14-f176-4550-a47c-f0baed13d70b
2e91ff0b-1ef4-4b32-9e56-598e1059f985
5a00ff75-2cb3-4b73-b263-24cfd4d9c170
6254a8e4-bc5b-49f7-aac6-bf6e051de4a7
eee2a370-3b83-45ff-b572-4a8510678671
7816acef-f06f-41b2-8ef4-78c94fd8554b
0e54b050-db72-4edd-8a75-874b2b1a3a7f
772c4859-f705-4a17-81f6-136fb1fdd0a8
6d314936-5625-4fef-9dd1-146374b48d51
91d55ab1-2f4c-4f30-80c3-5d42959dc380
0e830a17-720f-4812-8c27-36692d38aad6
938b544a-6956-45ba-a269-e2c6265604de
f613073f-b971-436b-b301-be0087098173
0ed3806d-e622-4278-8746-aed0f666ab7d
eea8efa1-1850-4527-9d25-f8a720cdf39e
6e717534-42c6-4b83-a121-891cf63f6b4a
0fae9103-bb7a-43fc-82f8-21941689d71f
05381759-6876-4822-9981-a1681b96c3d5
f5609402-323f-4f6a-b99d-385b1d180bd9
b5afdeb5-3242-4dce-ba55-96dc20425836
218fe935-76d6-4f96-b44e-0b5a2136f7c5
feb83bcf-7500-44ad-a861-203a3bab3fe7
342c6fb8-de73-476d-9dd5-f73b8394511a
73294e7a-dbb8-4ac3-8d4c-a9ff2d1292e3
c9465b3e-d212-4327-a696-f7d17f0bbb59
b310debc-7aca-43a8-adec-3a39bee3dc12
080e577c-35a8-4fc4-a39a-d11d88560ee9
a9a6d38a-7abe-44ae-bcc8-a3dea02fc71d
f076f96f-7713-4f0d-8abd-4518ea8d25a4
c72c85fe-ff82-495f-8542-f7063021ceef
03b1e54b-820f-4476-89a9-3afdab8d4ff5
b20a5d74-d82f-40b7-b3db-88262c4a83a9
b97f049c-8319-4e48-ba5f-a932241f8580
482f15be-10a1-48bb-9095-7dc9479217d2
9cb4cbce-3bb5-410e-b27a-9a3fea37622f
71f2d243-2893-4c90-8438-db97eeb7c8f2
836e9afd-055b-4d5b-b87f-eb080b1aa5e6
6d22b697-8fde-49ca-8328-c67c6bc4cbdc
b9d8091c-6fc0-42b1-993c-c3d01575e6a1
77924682-c587-4864-9d2f-4d3bf4d25ca4
04bb05c8-0499-4077-bf1f-255979c270b1
4529e302-9484-429c-bf8f-a5db9d33a4c3
9e4e79d7-fd09-4d7e-878e-535537c02421
cfbcd13a-5df4-4cd5-a852-0c6d35d237d8
3c6fdbf3-3ec0-4122-adf4-daba48184790
825ff89f-9aec-42b0-9add-048fae60a549
15bea816-80ed-4413-8cd7-f76731ea120f
f8ebd835-8725-4467-b1f4-817ca76dcfff
ba8b126a-d4b9-43e8-aa2e-6df183781f44
ca4a06b7-5cba-43a7-bd54-afe15350bc0e
815ef45c-e83f-4ab6-aa16-3fa6f9a70bba
b6f3c03e-9746-4f5e-b788-3797be0fca62
364e4df4-d481-4f7f-b0c7-6461f8eedba4
d71e2369-eee4-46fb-8e33-b8d421facfaa
58647514-7103-4884-bfe0-44bb3c52e164
7486a4e9-c31f-49b0-a616-bd60f564a7b9
c577f695-1a56-4963-9b4c-1fced80f1bdb
c429189c-7b39-40f5-b467-57b0f472c1be
58d249cc-836c-45c9-878b-66ab0ab94467
e569afe9-2369-4ba4-876e-e2c303626d48
e1ea6ad4-c6b8-43af-b4f2-2c3671576574
1f92ed45-6eca-40c1-9d32-6ccb9d829e7a
df3832be-70ed-4ded-8946-4ba504404895
3834a890-c630-484e-be3b-a16d8d7a3210
ce0ed7a4-c4c7-4dee-92e5-c8e19e0b89e9
f6317b90-137e-4638-a18e-f234671235db
e2528d68-8733-44a1-9a2b-419d4e302376
b871a80e-30ae-46ea-a3b2-8a609548da13
d723cff5-f720-4359-b4b2-8ff62d473149
fa35919c-8c34-496d-9e0a-0d70d9b0ea87
132bbc4d-f721-4db3-97be-3e1bf7772826
61279113-d501-4ae2-b5b2-2d398b4e526f
dafc67e5-15d7-423c-9deb-6cd5a837db97
a1b637ac-47cd-4c2d-a5f4-cf5b7818a236
40697965-be73-4b6f-ba6c-1d647062b215
de29c02c-bf30-41d0-82b2-1b50da1022b8
5bfc80b9-6001-4d1c-8c02-afcc796447ed
e8023350-c2b9-4e14-98a5-23d8ef11b3a4
bfb1c527-582d-471b-973b-d6c5749fa0c3
53d29629-e966-4f3f-bc89-403dce623383
a8772e77-6142-49d7-88b5-4d130405daad
63e943ab-6d66-4942-be29-dc98641e95bc
7e23b658-a1d9-4b0b-b885-13277df0c7e8
9a98f711-f36e-4396-9fcc-31ef7dcaa666
fc3ed854-cb47-46b5-8e99-9d2e71eec559
becc3ebe-7672-45b6-ba37-ead793cbec9f
f5b0a0aa-549c-4472-9b9c-5ccba1730344
317d7709-1e19-487f-b465-248e810b1521
10f9dfd7-f9e3-498d-a614-af844605bea5
5f85f267-fff2-444a-bd87-e5be6332038e
32fa911b-65e8-4168-9a61-05279d0bd8bf
b599d18d-0bef-457e-b487-225ce3860c8a
685eb51e-382b-4075-9112-aa41e3e4c8a4
404ad78d-9e8c-4341-a5a2-147f8dbb1033
b982c4d9-7943-4ae9-8e1f-cfde49723c05
4d7897d0-ac04-49f4-9c6b-d31f0bfd175b
150b5d74-8840-4312-b8b4-b2672d29303c
70d7b0fa-21d9-424a-b4b7-19773dd295ed
59e6bab2-5488-42fb-9ea2-601ed7ea7802
5175b815-beda-4ca4-b5c1-ff049365dee5
d8b4e125-e4f6-4911-a78f-f2fa5c4aaef1
1b634d7f-5c23-438c-9c12-0a01f6335d37
4372825a-b049-4279-89f4-b383f66b6c33
e0302fea-e64b-4ec5-be2d-6c05f78e2d5d
5b82287c-bf0f-4254-8c02-74920327a666
6b08eb4f-201a-48c1-b7a5-b1618d7e1ce9
fa02a51e-8368-44d4-a7d9-11cdfa76c36e
b635a6b7-27c4-4d70-b6f9-dfd12e49f5e3
7ce0ce4d-224d-42d1-a6e4-13b5bdfee26a
f86541c9-34cb-4cd2-8f04-a73419ae398f
ac16be85-f818-440d-8abf-2d9ff4c765d3
167677c2-42c4-4aec-8512-6ddf05a94492
95f094c5-4233-4855-be1e-b09c258e5c84
dfe94f58-102d-4c48-9339-1ee2ba04faee
497402c5-6210-461b-8684-9bfcb0f1ceeb
a547f931-8b57-4149-b56e-9cd47ac5dd32
6cf35a85-df2b-483f-b413-7f963bce7dcd
0cc6285e-edd0-4d5a-921b-1fc8c863a9c4
3b180925-28dc-4f3a-b058-4cc6580ac342
a1ae7324-2950-4d26-958d-f25734cca92c
8758712c-dc9d-4625-b7fd-2223f2126bf0
306e6b23-a99c-4e14-b2c5-6267f7fe51d2
3f5e9d96-ab6c-4f73-804e-6b8cd5d90055
3ab3b8a1-ac46-43ca-987b-c360d753329b
d8094777-a39b-47b8-8091-3787f8e5680b
43ee9dd2-ce41-4148-a10a-a46a68b66bbd
0219ddfd-bd5a-4e12-b98d-a0bdccd1e89e
e8a40f44-1146-496d-a0ba-e70227a7fe6f
51166d63-0e90-42d0-8b11-2d6c539fced2
7aeb6b70-0eda-4e0c-b0b3-f12e94038a18
5f8916ef-9086-4486-9a63-ae120ac2c0e9
631fc36d-19fa-4ccf-88de-1105a4484d52
135f7ce8-0adc-4a81-b4dd-a9855935fe52
fa9c73e5-6ef4-48fa-be1f-730d3859f26d
7feb1b7c-2221-4f7e-b337-e558056dacc1
a707a6be-95e9-474b-aa2a-ceddaef49ee2
e718338c-f45e-4d01-9f10-f87388cfa011
67c0a23a-a880-44e0-8c8a-afaded631e61
35740679-f2c2-4030-af94-ee5a010bd3b3
e351e885-e127-45e6-99f5-fefbaf156f61
0538ebeb-567e-4a9a-ab8f-de2d57d00b18
86bd14fe-460b-4188-996a-3c83e068e425
1edc2631-124c-4cae-b164-b45715730b30
8db72081-9dd6-4107-b0c9-311ec576b4b2
cef16ab2-e7e7-425d-b230-0c99fb9d1d81
22a4d531-10e7-4e6c-9531-86dedc3c44a4
f48f497a-2656-45b3-8be1-aa2001a59bdd
da7ae013-0268-49af-ba5a-f31edbcb177a
c15a82be-1950-4337-8137-9c77a127c4e2
16eb5de5-ac2f-4bb0-bd2e-bf10c75b9711
be26f01b-3a15-44e1-8b85-d6954141727c
34ebcf48-273a-45bb-8411-5a77f6587802
e10d813d-9d59-41ee-af16-2624cabcd7aa
054748d5-03de-45d5-9fdc-f6304867f0a6
fdf87d97-aaaf-4b47-891d-51f8e5e7f930
3d0c1d93-321b-4488-bf0b-c8c42a8f4217
f9d8fca5-0953-4d74-86ac-1ea2aa45a95f
d847d0c1-166e-4e81-b9c6-571f7df6e10a
5d6b40f1-aa11-4089-8e96-85aa8240d88e
a2b867df-31e2-449b-8213-0c07e96ced32
839c3a4d-ec1f-4e3c-be1d-f3abb53f52a7
33ecff29-4422-4d37-af6c-f571a913a7f0
6f9f6d79-d3a8-4743-8c1b-bf3eee508bcb
6671d8c8-d245-437d-848b-9f6746e2d3f1
8d7a90c1-b2cd-4327-a236-405b87b269a5
3674360b-694b-4282-b105-163c1172dcd5
316e88a4-bfc6-420a-9f56-253f618bcb1a
359a1d10-7b6e-4bb7-99b4-de3596892042
8ed6c70a-5cbd-4b2b-9e71-9cfb3c7dcb22
b1003c74-94a2-4f72-817e-637cb7e5ad7d
23f26991-c596-44fb-bb53-624876d95fff
68471330-3af3-4ef3-a1af-8eb4b78ea2a3
2bc848ce-3ed6-4e61-9a5e-ace96f90822e
c2ffa05a-f3d2-4b56-8d10-629defea9ad3
e4db0b4f-44b6-473d-a455-837fd4893a60
275d21cf-5c4a-4e38-9b0b-5f95d19724c9
4104314d-7ead-42fa-9c6e-616194a54bdb
c7177197-d068-4f68-9a57-8dd3861edc29
98bb978c-432d-4f71-bb3c-465501c556fd
00f931f3-459b-45c7-89c0-a17ca89add95
aeecc484-14cf-476a-8cc8-b7c5ca962173
dbf2ac82-3fe6-4966-8fc0-16fa18abf5ca
07b62bb2-9ede-43db-bc66-00a64fc96c5c
1b9791a8-d3c5-4364-938d-aa942887c7fd
31d6b855-a6e0-4756-925b-d521c964a9c0
ca05165d-fde4-4ecf-af05-5a8ffd61ae95
b23fd041-0f43-4d3c-8cdc-da6129da5b9a
2e1c3e06-3b81-49d1-86b5-dc083b9b8295
887295ac-5917-45ba-8eb9-372babc85993
2eef41fa-cf0f-45c3-b816-4e1a41401e46
070f7b2a-b437-4f81-a5ab-8eab3466caeb
2fe69d7b-fcf5-468e-a526-bf88f9679848
bef89610-7e7a-4664-889f-cd1fc8d3c5cf
6ccc1ee2-d2ac-40b1-8874-2239db356832
ecf2255b-67a6-4f9d-9124-ddaaac7dc08a
efb410b9-f102-407e-967b-1b2c3a99bf88
bb75922d-a1fa-4bf5-a17f-f50c24682b23
39b8c007-6232-4b03-a3d0-a12dfd8810c4
0bdbff0b-de3b-407c-8f11-946f9c650ed5
d6d0c186-749e-497f-b5cd-42ed74f71281
d96837eb-ebf8-442d-9b7e-6a85e2deb879
f3790beb-645a-4538-b736-8461bd3947e9
261101f0-3c87-4740-b22c-419ceabe70e1
461b9407-be71-47d7-87e2-247f50e22ef6
11fe0ce1-49a2-4acc-9faa-5ea882f518c0
c736f42d-5a3f-451b-9931-84b19f854fe4
92be992a-adc2-498b-b04d-65b6688a308c
dd43cbb9-3bfd-4a17-b626-48b21ddf9628
21a56668-5651-40cb-8100-8c4eb6d33f2b
4caae7b4-aef1-4946-8fd4-b7b0b10107ed
4c24fe0d-7280-431d-b944-99423e75aaaf
4d8aeeb0-59e9-4e64-95bb-29f0a94db046
9c0e473d-1b63-47d1-8c4d-6e80cdff90f1
4e37d750-58d3-4492-9272-7d2abece998b
afc0021e-3897-439a-80d5-c5f2c4928151
74f7bebb-fd3e-4685-9fa8-4e88e02f6e85
52d9bfad-fff2-47d4-b5e3-729132fca4c2
9a625252-ed2f-433d-9888-6b5cd92d4d8d
1ee8dbdf-42d4-4118-86aa-cf532b6e0e63
5dda4b1b-1343-4682-aa6c-383d2a9d7638
815d77e0-b7bf-4ff4-a23a-5b037710956f
56391676-f1a5-48ce-bf04-947c002cf852
bd9597c9-8958-416f-af20-76277c76eed4
08643b44-aa92-4be0-937d-6aa856cc942f
120f6f35-5bd2-4dc6-9e8a-b46246d231e0
d2d44b3a-09c8-4905-973b-71ead82705ea
9be8b940-12da-490e-8c74-a639fd733811
47abc712-eeb9-4125-989e-2e1df16aed96
7c45b892-2b53-431c-ba6e-ffd22b1948c0
1b2cbbc4-6f0a-46c4-b9d5-07e5cbbb053a
35dcf2d3-87b9-416a-a2e4-7bad1faae36d
e145cf4a-c1a8-441c-bb29-ae77b6f9526a
61c36a6c-ccb1-442d-a4b8-43e2c5a4795a
00ef09e1-0aef-40b4-9f67-1ebb663c9567
e5f17275-a10b-419f-b63d-4790905c0f7c
85eeb68b-5ee5-4ea5-8139-6ec880fbcd82
4e49fe59-8ce7-434f-aeb9-9e28397c46e2
7dd49568-9e66-4689-b825-220a9a4a3c42
6c2156cf-ed69-4aeb-88f3-79e22fb011d2
d907df13-63a0-43d6-8b14-4ef71997b136
9114ffe8-b50b-4ea5-925a-b9ec158a0646
1b602fea-9f60-4e27-b02e-528f7bd24e57
d37623c6-1571-4572-9407-948a1b365889
907dc055-90ab-47fe-bb7e-b5a106604a19
689313e8-7faf-4557-aa5f-067925f508a9
8655ebab-c4fe-4a4f-94d3-b0094bce9b1f
ed509d4e-4718-45f7-bb0f-18e65c5dc36b
ad51eaff-f85b-4e77-9455-8c496b127ddb
f4964adb-a650-4278-98d7-262eee4cbb66
713dba5a-a285-464d-8a26-9d1c821b92f0
498e90ba-a1cb-4a75-a838-7e45499ccbd2
af1f3a84-acb3-47e8-bbba-0068562c7d4a
14a271a4-ce5e-4fbd-ac91-ccadfe60f466
dadeadaf-e757-4593-909d-33a461e11813
e7cb0737-65bb-46b3-8c2e-57950484e9ca
dcdc0f64-d861-4773-b6af-bc428c5a2d68
1de9d8e8-88f8-4164-ac25-13d5c1c270fb
66fba92c-10f2-47e8-af6e-ec14cc23b114
751eebe4-7a1d-4663-ac2f-04aaf33c2030
3322c220-1872-4a62-914c-17997b4f8cab
ce2eb7cd-da76-47aa-989b-42a50ce6297a
62304a9a-b854-462b-9d63-cfb3171f768a
3fd3b389-4940-446b-a56d-a9d8fcad5aa7
a6bf4596-d49a-4356-90a3-81d108746a5b
731e1298-4cc5-4812-8dd9-13bf5437647b
34aa0abe-7e38-449f-b54c-3f5f4030ea0c
8e2c012a-8d01-4dfd-8f75-72f5807c1c30
6aec7269-1f9e-4876-ab3e-047f18fb972e
c6d64198-cc90-4103-8faa-b96dc06e806b
bd0f907f-c356-4df3-a3c8-89b0214b2191
3303f53d-b56d-4cad-ac78-ae837df4a93c
3dbf9ba8-13b4-4597-8730-f08b1b0eb275
82028df5-169c-4bb9-bab4-ba1869d9708b
681df2d2-903e-470a-94cb-cbce46fc2f3f
f0c8056d-b43f-48bd-b1ad-2fb2d487fba7
bf75127a-4055-4364-a741-dad73339eb69
685d8d56-ca8f-420e-acdc-c50d64994428
240d53be-f475-46e8-a69c-eead3206fde7
e54011c0-d249-40dd-87d9-0814c3a1dbce
8b1a507b-cc0c-4d12-bc3a-0378028c0a88
1aa44810-2f22-4801-9db7-b256bcc9fe9c
e4432540-bb03-4257-88c0-a4a3b83e89de
1d8db0bc-6a51-4601-8bec-9b641b4e7391
068de1f5-15fd-407b-883e-1ad89a59045f
74c3d6fa-4029-4d7f-9293-fea326d74448
e6f555f9-dd60-482a-8978-5deb1baff6bd
6d5b1339-763e-4fa0-83c7-2dcb67d4faf2
5885e7b4-f3bf-4a5c-9bd1-4f9d63c1cfc3
d47b5774-6ed0-476e-ac44-f11434ebc586
4f64bd17-2782-44b4-8208-34da9aa840f6
35ead43a-b3ac-46ef-9c24-601980a0a100
06878b02-a010-402e-826d-54afe14c471b
9943145b-52a2-4fbd-a1b9-996bc31fd898
7ebd45c9-d0a5-49b9-931c-a183e618ff65
ea8775f2-0ebd-4365-8295-7e182ae311bb
426b4370-2da9-47f7-957c-5b1e1ec49835
0689f36d-fe67-44dd-a99f-f3b90d7ac59a
634e0c4b-5f1e-4186-bb35-9a99e1966064
d1a54bf1-bbfa-4306-b43d-b047608355f3
c4a46f51-cb4e-41aa-94e8-1dc3f838e25a
b3e28412-24cf-4f67-ab1a-afcbefdf6f37
9206ec02-7271-41cd-8470-f529cf3f888e
be39a29e-a368-410b-81da-7fc642b1929e
026187ae-04a7-4af1-89fe-d7308ca1e168
2ba56a5b-4af6-4632-a8fe-b325110d4b8f
18821c15-adbf-426d-b169-fa191fa3e90c
05e10b2d-c5c7-4ef5-b4ff-70569fa91df2
81a7663b-9a72-47ec-a38d-62d63ade4bf0
dbc8c00e-f157-41f3-9e92-7d2fe1944b1a
28be904c-a487-416c-ad4e-59b250d01b04
bcced525-29fa-49cd-97be-b533796c8483
7b791239-4310-4230-88b9-e9c78129644a
55273ae4-5f90-443a-8936-49abb6775c86
eb188809-9108-44f1-9560-73bfc42a69ac
ab8b2202-f304-49cd-8661-0835643ffa7d
12be9679-4e3c-400c-b31e-c60d5ac127ce
0f655ec8-581f-4fdb-b090-5232f73461e1
6ac5a10f-d27e-4d4b-bbe4-bb78d4960dae
5fd71e78-c8e3-479a-85cb-e88e5a652c52
f1e9138a-dc8e-49e7-bbf9-add1d72a975d
cb6123b8-1524-4e1a-8888-62a47e062399
79e14a78-2d88-44b4-a525-ffbbc2897ecd
82620705-0e78-4900-a264-57740917bcf1
7f9f3958-239b-4a63-ad75-eeff0b8f2017
ffd00ea4-422b-43e3-9a09-64ae17ff68a1
a037d0c7-de2c-44f9-8f4d-a5287ff3b122
dc85bf95-889a-4c4f-be6a-326562c2b730
0a6f2740-fa0c-42b8-a290-0d6f11271b15
acc11cc4-9748-43d7-9d0e-bee70b2b798b
f83dc733-7d57-4e55-b727-10e0ab7ae880
727cb990-6f7a-4cb6-a76a-7320ea57cf35
cfc6c5a1-349f-4b7f-bfdf-a4225185e08f
995ac798-233c-495e-9021-61a55a3e1d26
1a371cef-d755-4f48-8e0f-6a6ce7d4d2f5
cb7b30ff-b044-4bb6-a6b3-7893fbbf1b63
96414ded-ed50-4a2d-a43d-ab9cbb9fa1fc
e12b7d41-1d62-4770-9778-998161a38b30
bdd14bf4-fce9-4d1d-bd52-bd39ff76067b
36bbeafa-fd45-4c29-a4b9-2d07c0c3dada
0a05b204-45e6-445b-9a20-bf83677e1b1c
799d7d70-b57d-4c11-b0d1-ae91abf79901
c8f1a114-8039-4dc0-9503-b3f2f3d952b2
672a4737-dcda-40e4-b367-db2629c55c14
79f3983d-a025-4248-953a-5e088cc584f8
27d9a0f2-4d67-47cb-8335-fb76db38df8b
29726de7-012c-46ae-94ea-b2e035dfdc7e
40cd84bf-4626-4896-8a1c-244a2b82a135
de2fe8c5-9d2c-4ba6-999c-bdf51dddec84
e08a9cff-1dac-4502-bb69-8a9c2c44434f
391aff19-bad6-455b-8d92-71623d44adb9
577e25b2-1a60-40fa-8e3f-c06a0cd3b6e5
7d359175-5250-4b89-b4d4-ab17d3cd522a
7ca29631-dbc8-4501-b05a-905670212462
754e84de-af67-4b04-96f2-5f1ba6aeeaac
9c89bc54-d0ef-4761-b091-2de47a0ecf09
01973a5a-f760-44ae-b9e9-340dcd8ea730
acc927e6-c041-4a7d-8f3f-0072c8631447
69884252-396f-4f3e-bcbc-d82fcc122361
e6fb8232-bb1f-49a7-a54d-72b7b62d8c90
d96ae164-f193-4988-8ea5-a238e7a2186d
9b47e2ad-dd86-40b6-908e-99cde0a7d9bc
5720d74e-eaca-401f-a244-f47a42fb17d0
e4d72583-cf6e-45dc-8d2c-160ed8dbc884
07d3b0d6-9c46-40a2-bb40-781df3ad2875
c161b8ff-77ca-43da-beea-bb44666af1dd
8e80d0ec-df0a-4071-85d6-f64874d69d53
352b9d7f-bc07-488d-be24-4cbd75b43b71
5e5dff34-180b-4635-8d18-1f5b1ef9a1e9
eb92ab8b-85ef-4a5f-bebb-e9a23618d767
96a9f226-eeb9-4c1e-9499-7c5f805fc852
a6d77e0e-625b-421f-ac28-6561c43924b7
f9e28ebb-8e92-4c54-8ed9-e212a2ac7c3b
a4d1cd75-17e1-4f5e-8ba0-154a0d18dd51
8ebda098-7a54-4988-8b1b-ef651c6b6f06
cf48efb3-db26-48d9-84fb-01f8e35ebcdb
45447376-01e0-4848-be61-5fdea7a772fb
583993da-f236-4a24-b973-5d6709562950
d53f72ea-c1d5-4ef1-b9ad-89507e06d64a
5b6cecff-3217-4589-8a6a-456ef52dc4f8
b748417d-84ab-4f38-aa1d-15594c8edd59
6f413671-7695-4172-b5a6-091c9caa978f
7922947f-a466-40d0-b6c6-500676189510
90f1032b-4108-448d-8cb0-3c4a70a6a351
73207c45-61a3-45f3-ace8-df69b46c9600
72da5e1d-62b0-4c97-beaa-ac18cbeef3ac
aec3c856-9bb8-41c7-bf5c-601d74638857
c53e4970-332b-4152-b606-7432eabfb574
2e018c67-d8b6-4176-ae0f-84356eee0534
3106e0f3-fde6-4244-bd08-1b7b0c235661
e5b004af-9564-422a-b40f-8bf1ae2c6b49
c6898945-44ef-456a-9cf7-0d1810b1334e
99b26c5a-6195-42de-b1f3-1884a0fb1054
90ce5a51-ab44-4406-834c-1408bf96bee3
271d8008-5bd9-4a8a-8024-2286761afa24
802d7c99-b6ca-49fa-a8db-e29cd8ddcf31
6dbb5497-ceec-4b45-bade-3f328a16a9f2
e3d2a793-b080-4bd1-a3d5-9e82a05c0325
793056c7-a06b-4f9c-aa8a-6a9a60ff06d4
34b75800-6a4b-4ac5-ba00-ec15247a2bad
ff4c06a1-1d15-4e1b-8db6-b0fe23d0eb4b
60e9d8fd-8371-439d-a074-fcf948f547f2
bd8bc9b3-af95-4a93-9379-b9d8fb105f80
c931100e-9323-480f-b146-d0910741527f
f26e0523-7df3-46d8-9ae4-bfe14ade11f5
823c7678-ae4b-43a0-bb3d-523877f90ac4
c13f25da-0773-4e0d-838e-fe041d5a80da
aab5121f-eb87-408b-858d-aa3675372055
962d4b22-06de-478b-9bb3-e422bc6139d8
c4873227-20dc-4379-9cb0-a447bca0a37a
0ae6800c-eb6f-4b71-951c-17fddcb87cdc
7196e25d-011e-40c2-a9f3-c24c72bf4385
b89002b2-d9fd-4763-8255-93ccc9dd6ec6
c2015db2-0ce8-43eb-ac93-c86439aea9bf
9c7e7f24-ae1a-4efb-bd9d-fa0fd8f86b05
3ce6fb0c-538f-4058-90cf-dcf58b06709e
d20df9a3-5a17-497f-b042-86c791674e8f
7a919d82-ec4d-4421-9a44-51c57a5f3f88
0b0ff73d-743c-4fb8-916a-894c65c6994e
7aaf3ec8-9f33-4da2-95a8-03ea636ff2ae
bff738e3-ed9e-4f9b-b1fe-c5f9c65f6004
30ca2c6d-3e19-4cd8-a236-d5a9d83751da
6ef7b217-00ed-43e1-82a8-c7d50e8021e6
bcf689ce-7b83-4b6e-b7b8-a7336974717c
87b0df2b-e995-48f1-be9c-0e5c5bae8ab8
fc993d7f-675a-4ec0-96d2-bf34a41c4548
6508978b-7d42-4d9f-8859-9c2f4244e232
377e2f99-6f04-488e-bdd4-d14b8eba3991
6be8503f-ef24-4706-bf47-f3abcc7bf2a7
f79b7be1-c0d7-4441-a5fa-ba880f1f9d1b
5304fb3a-a585-4d86-9580-d3441627eef1
47208f55-586b-455e-b964-6a81442749f0
817c0fef-93a9-4f85-aaf0-7dc16f73fa51
9bf6fadd-8808-4836-98aa-3c0282152478
7a678e18-3829-4a6d-bf10-b9527d026d04
33242286-be53-4ef5-97ab-502d408b9ccf
9a140b14-fc36-4bfd-97b8-6ccd73fa20b6
bb748a44-e6ec-4344-8899-3934af4e6efa
ad403d62-5715-420b-85f7-10ae46886df3
75c370d6-346d-4d4f-bdb8-c5519f37d79f
100207c0-973e-4106-a948-a979b1655ad3
cb1104bc-f900-4ed3-a8d9-76e2eb8eed57
4e6ab662-af58-4dd5-ba36-59caf3480aca
934db638-720e-453b-993f-48aa6465b9c9
f55a252f-a22c-4733-b47c-fa85db259439
f8253f44-ba29-4f64-9899-5ab766af93b8
b31a0cdf-1274-4ab0-ac04-455431022ed0
6ca4e172-0167-4d57-9c43-27e24b34cf4c
b668ddc5-3eec-41cb-b933-1bd7a767d36c
7106ec3d-6853-4997-8980-07dae76cb47d
c5c3ca67-c41e-4252-80d9-856b2e92af74
c5d2b237-528c-46b1-84be-e02c56ba01ab
a239382e-2be9-452a-8c09-f3e1ed887c5b
3ac3a218-b745-4b2c-ba33-7048ea1360b0
b260b038-58c6-482a-b3d1-531a17e5bad4
2e9a23d0-4c41-4af6-848a-fb27446bb5a2
0402eea2-9309-42c5-ac95-feb7af190d45
bb5e6eb7-6786-4d87-9bfa-a978c487e8f0
23da2312-e756-4fde-89e8-8fefaa83c732
84482c38-0982-4a41-8a02-bb45c29965dd
83bed0de-3837-4b44-8db3-436da6c23397
1d419bfb-414f-4238-95b0-96ba4a593eca
39fe48cf-d8ce-41f1-b8f1-39ae5c0ed110
bbb014ee-912a-4a4b-afc6-186639a6b84c
90218035-a8c4-4943-84b8-759c14764496
d91a6438-7dbb-45c7-a6e3-dc0c16124977
5aa30759-e82b-44b6-b3b5-3fe85c5b225f
dec10f68-1c7b-459a-ab74-78a83dffac98
b424da60-9515-4f81-a14c-dc4451a8af5c
b8759212-5791-4983-bd61-0ce8567c6a2a
a3054bdb-89fd-4915-81dc-8396d15fd1e1
420648dd-40be-4041-94a6-a39908438e3a
82bfb0f3-e218-4d5f-800a-3fcc1d9c425c
67d0dc25-b2c7-4383-ab8b-3835ba2d9670
7dd7ef86-14b2-4654-82e9-856936ab648c
b2423f09-340f-4546-8923-f01649ce52be
ebbc08e4-99cb-4012-847c-353d21929c72
68f8e7c5-30fb-492a-baff-984b17293ae0
665414a7-54a2-4567-8e5d-6debb725bc07
8a6eb8ad-7eb3-4628-828b-d8561fc90bff
bee897ef-2435-4667-bfc3-87a196af4fbb
018daa16-ad3c-4572-abce-5fe76bb5d71c
20d60a38-d03f-4e45-adfe-30a35b1d02a3
beedd5d6-f3a7-4e2a-995f-fc115c58be22
11f62617-0a68-4f32-93fb-ea713ec370a3
a48105e3-3fa4-4356-ab93-1d8d21036796
e107d9a6-56ed-4704-a245-1752ec59d181
7af082a2-3755-452b-91ee-0f2e29ff15d1
1228c0f8-5df3-4da0-a35e-886046e8224d
6089c7b6-7750-4a32-8576-5ca7ded5f25e
1e2ac164-1f2d-42a0-ac50-a60df1203c8d
3e3335bb-2fd0-4af7-b86b-a27c23547fbc
bdb7db90-243c-4c75-9209-0850e9c2581d
d55351b9-473f-4507-9352-b797279bebd8
22e92a1c-919e-4d00-8445-74b5eb93c985
be8e699e-940e-4e16-a962-5cb2e930c4a7
5d6a4b15-2e51-4388-9ebb-9af021e8f9d2
4dacf658-5deb-408a-8f7b-1f5c856d67ca
e99956df-9857-401e-be66-507680b56242
79c91435-ae47-4a84-a81f-2dd0aa5ac35e
40d7aeb9-8d83-4268-8247-838fd23a64b4
b1d67175-55ef-4897-af24-80ee87b207ac
1dd0c95c-693b-4489-b2b3-0acf6d50922e
fbc9ca21-1e7e-47c0-bb60-7f3d6388f939
c6eb7225-cc2b-4f3e-9938-668ce0aef524
f92552d3-e225-4f9c-9862-5424b434778e
979d66d9-0e8e-4e66-b4a4-435a4d0a750d
41fb6d5f-972b-478e-bfeb-9e48bf121b55
5dd7153d-e0c8-460f-b6e5-6455d3f42ef9
7aba6454-238b-4fb3-b773-5d635ed40eba
c8574c8c-8fcf-428d-9844-aa1d53e55988
06b9f4d2-69bd-4bc0-b37e-1eb05b951c6a
ea6b85ef-1f6f-4272-838a-c69e9aecaa0e
46cb19e9-0137-4bb8-a3de-5a691cda4223
69de3b9e-a6fd-411f-a2db-e1b4961d77c8
7b0518dd-b49b-463b-975f-06ff75e7ce8e
4ae8a526-e3f7-4f5e-85b7-82c90420ea39
34a65349-9baa-4ccc-b711-bac8aa9bd8de
b710e6f2-c76a-4bf4-a58f-5008a0452244
8f06c0da-ddb7-48f1-8dd7-8cdd2f504d95
aee653b7-ad9c-4577-840e-b6e741cc878e
a46a25d9-669d-4339-bf91-b134bbed9b4a
ef0fcde5-edd1-4ef7-a65a-167440d9448c
95ecf3de-6122-4aac-a2da-93b6ce245897
8309307a-7259-4a8e-8fd4-5edee535f366
f92b57b6-020f-4918-97d6-2fbab7db5080
f0bbe3b9-1a85-4c0c-adc9-1a62af160324
fe7c32b3-f70c-4e3f-9a87-72ba51090a6c
ced5954b-ca2d-4233-96f8-d4d2dc741bc7
ae918fff-e51c-4be8-ad60-e027f3ba51e7
a6a98894-724d-497f-bb54-c828d4851210
42ef3533-4cc9-4d90-996a-f7c3e159a84d
9931e23d-0f35-45a0-ba8e-ad65f15d3f9f
be1ee789-9a6a-44e0-a2e7-0324dc36f72c
481a1693-008f-406c-9642-149087e57ddf
18a13f12-e1d5-45e0-b061-578287bf3b72
88555ea5-591f-462b-8b90-927851960991
b3ebdbed-e892-4e7c-a6f0-f4783db9120c
7a7d23c7-9a70-483e-ab98-50790002057f
0c9544fb-0ccc-4e8b-b8d6-7986fb5c4130
4f355efe-68be-438d-a4f3-9e5a2ef26d98
1ad221dd-6c9d-449f-bd10-32319dcfa2cb
c5c1be5a-c414-41ce-8248-4e7e5bb9a8f4
c0cfd36f-fe5d-4701-a8f6-29d31fbdf72c
93b9ccf7-1c91-4bfb-881d-fd6632205f98
8185bdc9-21c0-411f-bf48-7e7a8688bc6b
020cf70d-ad3a-4fe1-956e-2eab643c27c6
20cc7f02-3e01-48f7-a6ad-793058c84310
07c677cd-1143-4084-b018-0755a8a767f2
b8b70406-09ff-412d-8fe7-3951122ebac0
5751bd8f-67c9-4aaa-944a-7521612495c8
1e66a331-1856-474f-89e1-b15a2c692d3f
914c045c-7a3b-4166-bc87-b4a6afeca600
7557293f-ad44-4754-8c56-6cf352243133
0b19b25e-2f68-4f36-b566-2e4d86595a29
701e20c8-8952-4164-837d-5329e8e68411
fc9f1965-617f-460a-ab96-359bb7c5e868
f7167b6b-c1d4-4863-b348-bdb82ff2fd9d
4a1b9d1c-2f41-4bd2-8a09-16c4acda39cb
6290e0ed-545a-4f87-8a7e-ff855aedbe44
4f618899-5456-4a9f-bb94-b68e1fa2e1ee
74654439-a082-484a-a59d-79230c041a59
14da3341-5cda-4c95-8880-e9b1965085db
457b0b0a-04b1-45d5-af88-478cf9afc283
35140cbb-3e56-4213-9e8a-a0e9a41c7ab9
dee2d85e-679f-47e7-ba75-db648a8722ea
f97bdce5-67ad-4de8-8935-09a3620def7e
f226b9af-0ac5-4907-bb7c-e6a05765f261
4e33b1c2-7c43-486b-8dfd-5e28f8468ef9
45a1cf88-830c-4ff4-822e-6cce5e215b87
4962ab18-5883-4409-b7e0-1a915f789e3e
ff65e5dd-2858-44d8-9820-4251d83ae696
5c415d15-ebac-4e36-952f-e774347d8a95
892b607a-f71c-4e2b-88b5-390d0ef50512
75585b50-3c96-4626-a5e3-07fb732c5bd6
8a91513b-0e7c-48f8-ab95-b77f06404d46
b8c6def3-f95f-41d1-bb53-179ca9d87267
4e255e1a-fd3c-4c28-99b6-04f2f2ed5b14
72ae27d0-25db-41b1-abb7-69824a5402f3
9d6b70d1-0f07-4753-9f94-5c167490d017
238c29c9-49b9-4b35-8cca-75bb18e8fe41
fae751a0-864b-49b7-970c-7daae387431f
6dc04168-220a-4338-bac2-e5c82baadc9d
a27206cb-2a97-4eb4-9cfa-96916e627d4c
335fccff-edd6-468b-91ab-d9162391fe9f
fd54e639-993d-432c-9d81-ec10806afd2a
1c3a1ca5-3f95-4cc5-b582-e78d49d3472e
b938f8cd-6d37-4bf6-a2a5-dcfea94a0550
025cfd37-2f8f-4e1d-9251-c1ff351764c3
17f3cc0b-ddf9-4b6c-aed9-ae0b0fe75669
a2ce1c12-0f63-4064-ab24-7a6b13424fe9
1900cb16-b710-46bd-9da0-4a9f17fbd7ed
70ddc33b-4e91-4a0f-8788-e74afd02afa0
4ee13748-6599-420c-b549-c55d33978da9
b1d13a99-fdf5-4e9d-b122-15cbdbf7acba
b4b209fc-9b77-4aaa-91fd-32c09e5e3989
c48ffc27-d6e1-43b3-acc5-51cf7ec4ab57
0d5dec48-b571-4f48-a2e6-5a04a359128a
f6198dec-346c-491c-8af7-46a0697ce471
d98ad4b4-b650-4942-ac90-ad8f902ff0dc
67cf259e-59fe-4ccf-bde8-24c8494aed66
3f4044f9-5996-47b7-b804-005012f07645
60bb3863-228e-4d12-9964-9429ef2aac69
59c28c16-c1a1-45f8-b386-b687b23c3139
269e1c95-5578-4f56-8ef0-6eaa916391f0
a72c587f-320a-42eb-9bde-3992e4a935e2
30378e90-669f-48a0-bd8a-57fba5183ef2
6b9857c8-66dc-4469-88ac-6ef6e3898e45
08b11749-80a7-4d49-92bf-8ebccbebbfe1
c76b871d-e64e-4036-92e2-cb5afc65b423
e4d1138e-1c15-4e05-a08e-00eff31153c6
ae6c0eaf-e1b9-459d-a26b-053fb20091c5
1ec14cff-821b-4dc8-a2bc-841e075588d3
1fae1edb-fb8c-4b67-9a64-834fa4c18cc2
98006c4e-0c9d-4fb2-8a5a-ac5864c58f89
dd08b115-3e5f-40a1-ba5f-c34b674dd929
5c975373-143a-463f-9c16-4ae41a33fd51
6dc5a983-fd1d-4a90-a6a1-548e433f841a
4eba2fcf-b83a-4f98-9aa0-e2f45627ea98
7077fe0c-e281-454a-9bc0-ed0a1057c25e
1e494b9e-6c38-40eb-8361-a4fa1e8d8ced
de46302f-6dc1-4852-9fa4-f2eaa4e7bf80
f17c4f16-ddaf-42ed-85c0-96c19efdb025
910c06bc-46ed-4c18-a4f1-6e307fc3ce38
4587bdac-66b4-4277-9c63-030f9ee7b0e6
0e83192d-2bf5-45d3-88dc-d6516643587f
43efdc21-335c-4515-9de2-b38d94018011
d44b21c5-0a31-4e9c-b7ed-8893d16c4b29
a9613f14-faea-427a-bdc0-65b2e8887d6e
c2347a08-4ea6-4377-8772-98ab75aeca40
1074eed7-747a-4fdc-bb16-8dfd7dce7fae
1be96bda-46c1-4cbf-a84c-131c9908fa23
69127e0e-1847-4c12-a81a-4fc6d10cb186
6bdea312-0f4f-41f8-b793-1e5bb75961fe
a86c27ad-8612-4178-85ef-28014a487b7b
d14142e5-2e88-4afd-b10c-bfa2fff7bbe0
9f1f8e17-e4d8-48ac-a718-1fbd0b6e0753
233d6c7e-f01d-44fc-90de-1fe6897d07a0
9f9315c7-bbfd-44de-b236-1254fd927e78
afa70d18-b22a-460a-a956-21a6c8e90eae
6ad9c77e-31e6-4a4b-ad4a-1d3a4f752906
30bf005f-1ebe-4e91-8835-c54ff6b7e289
9a43b913-6afb-4aac-b156-5fffb958ba02
5ebaed69-c263-4ada-8114-af77eea90144
8024e541-d9fc-464d-b001-0ced7ad2b753
af572055-acce-4a18-9175-71bdfb4ff889
c18fc83d-3ba5-47d5-b019-ce604846a82f
fa1c5ec8-e96b-4c06-b200-eef7b42d0dc2
acdb9346-ca52-426b-bc77-61ae2996c0c2
05d607a0-011e-4ce5-9d42-59cf19ee3b75
873b2066-343b-492a-bf94-540b3e97e455
b498c268-bc3a-49f8-8a6b-17100b8feef5
1a5d613d-0361-4294-8cee-cfe15030f75d
487ac9a6-5aef-459f-ae11-0e76e06b8c23
69e33227-79e9-4639-8fe7-a72451aa8327
6bf30774-5ccf-4970-8079-f8c7a441e0f3
f117077f-7668-4f0f-a506-5acd6e3044f2
801492f7-1919-4d84-8a0c-9f97e633f49f
bd17d669-b0f7-40e7-b942-3542cb52544f
a75a467d-ae98-4a20-b26e-759a40ca9430
40e63b2e-cbea-416e-8721-7a715495215d
879a3feb-8c11-4da8-8717-398ab82c3a3f
99db2a1b-6928-49f4-808f-8a76aa8757af
7f207cda-1928-49fd-a882-23b921f5ae33
4d116c24-9305-467a-8676-90a2bb5b072f
9569cce0-df29-497a-a959-ef36c65614e0
888cc28b-10d6-4ab6-a373-bf94e4bf8d44
589fcda1-0e1a-467e-a89c-165b2368661a
a73b8238-6282-49b3-99b5-78e8d0141afa
e92cbb1f-7943-479e-8c9e-4c133ba5e8bf
6086e8cb-2b65-42f9-a62b-420be64af261
f63b3acd-3bb7-4fea-85e9-9d4f9cd53641
2cbadfc5-5543-4f25-a707-5a1c4d852486
ebbed433-a0f7-4bb7-9949-ee84246a694c
2762e21f-95b7-4675-8ecb-6f896806e316
a2006dee-fa10-466b-b9ef-3e6ec7f1a3ad
166f06cc-e2af-48c6-afdd-3f012be387ac
4fe0384b-5818-4160-934c-9961eaec5fcc
91ede409-79b3-4745-a1bd-4fc7d0a038d3
3dd84b31-6fde-443a-a83e-094c6a202959
f36d47d4-5a2c-4911-a46c-ce2d4ff4ce89
20f66e38-ecbc-472e-83c1-31fb91b19ceb
b67dfc19-39ab-4305-b544-006de2d40c6b
631896db-eaac-492c-9883-2c07f012679e
ab59f92e-8a4a-4cfc-8ae7-7911e542e0ae
fa7bed5b-12d0-48de-bb28-07f1ad0302d3
c837db0c-888f-4d8e-b316-aca384f245ff
b61c1459-b85f-40d9-beeb-f4b492dc0a31
a8a5e26c-b473-43a6-b730-218534f915f4
8280678b-8e70-49e2-88a9-5d5f3367837a
2b17db6e-840d-426d-be55-ae204088e18e
02124df6-ddd7-4d83-8aaf-91882bf870b1
342ed81e-cb2e-4ece-9c5f-399171ae6010
2466f74e-a054-48f3-8e33-ee820ad15ecd
aeee5545-cf65-4a95-ba7e-ff4e9235bffb
f2764ddf-435d-4707-99c8-6b5eb6f28517
5e94b5ca-b12c-46a1-a0c1-4daa9db052aa
7f690287-0946-4712-9f38-5d5f545ffb43
cf3ce1f3-1abc-42d9-a986-40c15ab72743
3129943f-4660-4cea-8476-346b42588d5a
ac9519bc-cf05-4f84-bc4b-35c2708475ff
38409923-b6d2-4f71-a171-4ca757063291
4c3248e3-0a75-4ff0-a005-e15cbaa59a5f
fc5b7b50-b74d-4ce7-a02f-716440522dea
22041a86-72d6-4ea6-bf89-0e5def231837
09959075-5dad-477c-ad37-30bd6facb3a5
03c55f29-c7db-4e22-9708-c917ccae2be5
74eac533-edef-4dd7-8917-b2bff9e09679
1a8f3aa9-3eb7-4119-97ea-bbca40eb45ea
babac0c8-83c1-4e91-a74b-09abdaa92c95
4c12e450-2f9f-4cf6-9204-ea147fab6b30
b9207d88-4620-4f39-b2aa-5cb70a8338e6
1942ef85-98e3-47ac-b846-8889ccc1b233
0202aaed-541d-4e35-a501-98ac5abdd8be
111928d6-d117-474f-a183-95e1dc03c56c
f60fe7b6-ac0f-4a31-a5cb-813689fec86e
5e284d90-7500-4817-a2ed-6f2fa3f75935
22ab390c-c6e5-47b1-9439-b3533b620289
43eb43e5-517c-49a0-b9b3-2058133eaac6
e47816ef-b7cd-422f-b015-c68169fd0099
51940445-98d2-4d99-9710-fbf79b93f63a
bbc8b602-48bd-4456-b5cd-584e48b089e4
56317d88-9cd8-4592-ba0a-99724c8fbebf
24a82714-15c5-4ec7-ad9f-82d26084a3fc
fa2aa1bd-d779-4155-bfe7-f8754b8363ea
2b4bcde6-e51a-42fd-81e5-ff887ec863da
2ca7d141-9f43-4c0e-8f54-5936e0cf15f2
fc9ff67e-046d-4aa7-93d8-3809d7dde365
7d5fa209-3e18-458f-97f2-272d4ea53de4
b728c44b-43c2-414b-a623-5be0290a65aa
2b80ec27-bbc3-4f06-8baa-0fe8b874c828
31c1f67c-87ee-4d75-822b-a5c09768d437
73816fbc-045d-403b-9c85-7ff4874e7822
74c2ee7f-960c-4c04-b446-0b0c16f364eb
8d0707dc-4dcf-4dd6-b411-04b2560b21bd
b7f52a83-bc90-4077-aa16-0ee629e2aacb
2571ea71-f495-4296-b9bb-d269ce460ee1
754ba34c-b453-42ec-a5c3-00b422f66f71
e3d247d3-1ee2-4eb2-a9f2-5ccfde6dfa3c
051675d2-f8c6-407a-a896-20c9709a1388
3e259bf5-ba44-47a5-97c4-8d7cd8a50cff
0dde327a-41ab-4b96-9846-ca3bc7d6e161
5794d883-3c2a-4a4e-8dcf-7fa3adf00724
8980b4a9-9418-47a7-87a5-f57eb7f90996
c3f43a86-e704-42c1-9be1-f418dfdd9498
691bfd40-0164-4c23-a3e7-e64c29e74726
1b6ba945-bf0a-466c-9529-1b5df3836d56
a96c89ce-df97-4a65-847b-d940ae4f1216
0a713710-cb82-45a7-bde2-1fbe1f24e33f
8e994495-7bfe-447d-8c3a-1e8084fb34b0
7b185731-b4b4-44d5-9288-b26738f36d25
e98af975-e82f-459e-9528-3c9cbb6d5a21
9d44bbd7-b53e-450a-9ccf-1c306544e0ab
a8868b56-946c-404a-be37-966405290300
8c475fcd-1899-4951-a91e-a1f93b4943f3
a60f3a70-c931-4baf-b413-292299d5c501
3fc25919-f4a9-423a-ba00-d9e07b729dd2
143d47ac-1272-4a82-bdf6-3888bafd2e29
7ceec800-6bbf-4923-a61c-dc655a6b40cd
d8d89cb1-1333-4251-a725-ae2531bd1ed3
ee65383c-5c88-4fb6-a298-1e8afb948821
b51a271f-fb7e-4a5e-bdb9-9c0cbe959722
e4680a18-d0c1-4afd-a459-2d23b6c7ff95
0b9af7b2-07e2-43e8-9f1c-cd117962f2e3
58656953-2fe8-42e4-8e0c-f3404c93b60e
6b490606-158e-4d4b-9092-b65143ee2855
73e6f49c-1c66-4fe7-a042-1e2362799363
0a1bc9f1-04c6-43d2-89cc-71265cdd879f
f0463dcb-0a3a-4256-9524-775a4f83c8dd
65069033-fb44-45f6-a978-63e2e69f87ba
38807b8e-de1f-406e-9e51-3dd053b23858
2adc1023-0cd4-4d21-b31d-c047df347a50
93cd75a6-4d26-456a-9306-af89eca9375f
cf858c89-5b02-46f7-bd0a-f9e1cc345e19
1b1d6e7d-f497-44d8-a1e0-a85536c32d4d
02c9c593-2b20-4740-8e9d-4ad5d4274fea
0829062b-4cfa-4a56-8c87-e66571682fe1
e28b8b68-5bfb-4c50-af98-4cb70de83ff1
a59e1eb0-08c7-4d4a-8ec8-759e0d14c3af
3b29d48b-ccec-4eca-85bd-92d09ad119ee
5de7fc5e-836c-404a-bb2f-a72bd967d09d
38e3556e-7696-4d9c-b805-f7f4e7f6d1a7
9b57ff47-f75d-4688-899e-3cc692cfbcd5
6e23d645-2a78-4191-bd33-a3110a133cc6
78058b87-fcf7-4fdd-b04d-0062c9f7ac5d
6ba4324d-1722-421a-8f0e-3e9404b52aed
e6e37631-a427-49da-a1ee-b4c243601452
9ac4c2cd-f753-4cf3-94c0-0b11b2e271dd
9c1c17b0-5440-4173-a41f-08670f9f992a
7b003ccd-79ff-46ab-a9a3-4a7001d7d70c
29e14c12-4d36-4bc7-a999-ee9b911343a9
a891553f-c8f0-4da3-bc26-6b76c3eab21e
33e4cfa1-ed41-448c-8e22-6cda4756cf9e
7d7d9df6-fa81-4a61-b513-f6d362ed78a5
022e52e7-9e88-48d1-ae85-403562d97987
38114a0b-754c-4374-8a6c-a3b2d2dee5b8
5885be54-4408-4920-bb76-fc427923b265
0487261f-61e5-4943-a24c-c6bf8e46268f
9328bbac-7cbd-45bb-9e09-9850c101b000
7d483791-a139-4698-97c8-a131ef10ba6d
d9a91ad6-ad86-4f5a-9114-ab66c1002498
52fd59e0-34a6-4abd-8f33-64bd3a0ac3e0
518a84d1-c566-4e8e-bf1c-533ac32f7d60
1127de8a-8bf5-4c54-9486-0fe47f512c4f
3c7dce7d-c9de-4c03-b088-382830d86fa9
26f7aa76-ee77-4ce2-82d4-969653b80580
9047a7fa-48dd-4664-b81f-2b8d656c584a
6422e96b-2429-495f-abf2-465926faa24c
4d33062e-44cc-4e39-8340-621c7673e296
bea75749-dbf2-4095-adaf-f47ed1665c43
fc6f6ea4-ecc5-4fad-b329-aad20737421a
fa4d48a9-70f5-4496-8182-1ea82c89c813
cb28f911-4a16-4953-8113-1fb69ec68360
ce99729e-0be9-46ab-8874-42710a2aa642
39463a84-244f-450e-8517-468f8c67bc87
25c97eea-22b7-4440-a2c0-386c9139a0dd
da0244bb-7e7e-41d3-9689-f1a8d464e177
1d9282b9-87fe-4676-ad9f-96818723df8f
cc12f846-8607-4798-8c10-a662c505e62e
befbd9a9-e94a-4200-b796-b6001722ce1f
a586be89-7b6f-40fc-9d10-bdfed70f6928
b8ede850-7c3c-473f-888c-008b7d5a6f45
4f954e3f-175b-4537-9caf-28963665d300
062c3c37-b000-42f4-bee3-c1769801ec14
07e150fd-43c3-4227-85f6-9946715171e2
f2fc10ac-3646-4198-a91c-fdc7473216e0
38c2b232-09df-4034-830f-508bdfd7c57c
9389b200-f9b7-4612-a4cc-00e78c0c7599
484893df-5624-47a4-ba94-ee522bb320ae
33764e5a-d053-48d9-9b3d-586920a7d966
ba84ba5a-8c84-4216-81d9-f6cf5862d22e
0beb9865-240b-4a06-89e1-6219204016ed
0e53a8d6-e809-43cf-b077-e6a0550fd621
4629198e-2cbc-43ff-9e7b-ed9aef5330db
e47bee73-ab22-4c4e-a603-5b7e0d48c89f
cc317b8f-d8f7-4f9e-a4f2-0645015b8215
5a2c6866-281d-4bb4-b34a-ddf62f747e9c
b3426f0b-d28e-4b91-af3b-566365a897e5
5c54c905-c019-47e5-a0e9-dd8b525e2f49
f49ddbcc-3dba-4880-9ab8-88a2f9df38ad
c4ee112a-0a9f-4945-9f3e-fbc12a867f34
33e2b483-a2b9-4c08-b553-6a5827ce355d
75099722-04d6-4a0f-a5e3-1e0c15200f53
56cf77b9-ec98-4a95-81d9-1a0c69e72e6d
5722048f-006c-48a2-abc9-66c528facc9b
6c9d6055-dad9-41bd-a241-5711319fcd8f
958ae82e-a262-42cf-a820-d3729739854f
e21c202c-4dfb-4363-8740-0ebfec53556c
a70c79bb-8699-4449-99f9-a0ab6338476c
d956c515-8134-4924-a40c-2175090182c3
199e815d-5bdc-40b2-98b2-533240ca30a0
7f3a75bf-1a1a-48b4-b6b1-c5a44d186e38
ad17a265-1e91-4c23-8a75-418053f126b4
78a13003-4fcb-4a9d-b01c-44e05e4944c7
6421d9e6-a93a-416c-83b9-d6d400da6237
d02a7d0a-ca4b-430c-85d2-c439b3fa3714
dd734e5a-8c35-4678-88d0-78e7a51e602c
302a6830-06fa-4e0d-8b95-351f378c572c
210ac57b-3643-4fb4-90ea-8ad61e7a0dd0
d1cdb4e7-3bbb-490a-9b0e-0875b7fc6e97
a0152456-a02e-4835-b028-8e7f3a959315
b984ad54-2b7e-4baf-b358-634be232870e
14bdf2ac-59b8-4210-b346-b0ce0abba307
28e076e3-8add-40c7-9413-a32476cd56d2
7a7e03e7-39d5-43a9-a1b5-7dd477c86783
fb86fd78-945f-477e-8491-b67398aefc31
32e0337d-47ba-4bc8-b3bd-d38e516ee752
0e17e73c-0ef0-4ea1-a225-b79888739898
a88701f8-1500-4768-aa56-c7be0b205f4f
f9c817d0-af13-4b8d-919e-c362652504bd
694ee0ce-3c77-4f4f-b5c5-21e663866ae3
aad803ae-80e4-4ef6-87fc-00672d04a9d3
ef7a8a14-db9e-483e-9a9c-b7a05b3c3019
c0c08715-d1dd-47ed-8a98-7987020d5b79
62c9441d-5be2-4ab7-bcc7-9227b3a162b1
944f31c6-4956-4c20-ad19-da716297a029
7b2f8670-19bb-4b16-964b-23fdde70ac64
b75c115d-8ae0-43f0-8c44-45fef1bbc738
dac4a538-e6d8-4a0d-88ce-0027c717ffc3
59b7ad83-355b-4cbb-bca2-7a991e87c5c1
451b707f-8302-4673-90aa-3cd750fd2a79
4ed38f97-9058-443f-b133-4870179d1388
4f8461f6-689f-42c5-ac45-3906ee309b70
04311fe4-2690-4dd2-8268-3ed63770e4ed
d8f46ace-80bc-4d3f-bf3b-8638bb4e1f80
6159614f-4f3b-4dfe-a3af-50202fae3ce5
2c001bf9-da46-433b-855d-983654c46582
cf69d8dc-2adf-4bb2-8fc7-bbb5ec02c6de
29a3f662-8e13-4310-87c6-34b784e0851a
def4e043-3d42-41a3-83a9-87a4d9a61af3
2b1c9aec-93a5-4c30-a180-6f3ddcf75f33
93b31eef-df5e-45dc-8e98-d469da6c22aa
ea5521ad-e0f6-47bb-9fe9-aeb1a3e9bda2
7c0f6a46-9667-45cd-9f95-7fbec7687e76
78c7202a-f470-4e5b-b3fc-e58c8fc66361
951c949a-6d99-4f5f-af23-3d879281e537
715a9661-4152-49bd-8837-a5c7047928aa
abaf54e1-94d9-4473-9f6e-e28c2ff205ab
a139ef60-ad20-4631-947a-e71b171f0427
cbca0336-b924-4475-9de3-9aa88defe093
8e71404a-34bd-4783-bd98-9b376836abd7
8e83761b-f516-4807-89c8-6bbd8759cbef
b0bddfb4-dd54-4e35-bc33-53d8c46fd9e9
176afa7b-c0c6-426e-bac0-eb434b8a7e52
827508ff-e350-42db-b617-dd732c2aad05
50f6666a-36da-42ee-92f3-a086e8e7f5da
32a48de3-43b8-4ac2-930d-aee3e28f7f6b
bce10efb-3c57-491c-9687-abd99edb114c
68d3f556-0866-4a57-851c-822605906188
0042b779-16ab-4280-8a85-b66152a01c04
b767f8dc-0e54-4abd-a482-7c810ea30e0e
aa782b77-af55-4732-9175-d5f75512b1c8
aec7ab19-9265-4c9f-a044-50c5b0cba260
1429c877-7623-4080-8c99-3a6163487d87
aeed7a17-290d-4ca4-8c86-6c7d7aaefcfe
da17020a-6d7b-41c0-9c8c-d66e5bfe5777
893b14a3-b98c-47ba-ad70-a6e1e29feb70
1768bc32-e20e-484a-869c-715069722602
7dd01189-2bc7-461f-920d-0aa548a1c5ad
f598a5aa-6573-4e84-a37b-006c3206b81d
630e1a63-8406-42ba-b5e6-f00dbc5fa1eb
ee21b1cf-a4f1-4299-9514-1b11cdc6b3ae
8707431a-f66e-4912-9659-342ba2186a0a
8ddef496-ba9b-445b-abe0-0b53c17ddde2
dbdc9d2a-84f8-4e34-8d37-373706ae267d
936ca00d-7d0e-4545-b8d3-872e515bf09d
a00e110c-d243-4474-bf3d-1db8083b2b40
0c8f69ad-c1c6-4a0a-b742-bceb253f796c
1a06edea-4405-4c51-96b9-2370aef44cb9
99f5d3f4-03da-4ca0-8c44-de29cfa496d2
bce32f7e-d766-4c8f-9db7-a5b037895f30
bd1e3b53-0870-4961-ad9f-48b324b26ef4
5c6c9f08-0539-40bf-936b-a9bad7502ac6
fed09b56-394b-4178-b689-f75d4b1aeb80
067e6e49-e61b-43ee-949a-cb74796efa31
08c9b352-9eb6-4f81-ad4b-3a5201901db7
7c0acf2d-9275-4f0c-91b3-b0a88570afa0
25937377-6035-4c62-81e2-90f682cde7a8
95ff42d0-80b5-4341-8606-177631d74c0b
e687d066-c72e-49ae-91b6-90168a06132e
79e5e495-8d89-43b2-8801-1adf8fbf5b12
ecfa561c-7bc5-4a34-901d-32ba616fe978
8ea95dc8-b2f6-4c54-856d-07a7f8a6c260
96c5d161-6e12-464c-a119-a898376c2efd
3042e170-6612-45e3-9619-63aa66a4669d
e63bcadb-21c9-41c2-825e-80dcb56f9516
0955c18f-cf82-4fbd-bdc3-a9a346a1ef05
64a75b4a-0e77-4705-8c0a-28a62b0cc2c5
9abb074b-8a33-4bd0-8c58-b1f72964f26c
b792fbe5-0a40-45ba-a15f-46945f7cedab
e322ee6a-8f78-4394-ac7e-4e6acdf1806d
5663e0fb-413b-4e60-8da9-a92425f1d6d4
997363ac-5171-4ff2-acd1-5112b55af9d7
16ca8e8b-fa89-49f0-9a59-b2be4f41048e
7aad0f7e-2d45-4332-b9a9-7e78fb37758a
68d1207a-da9a-4706-9fd3-7e4da799d7d5
11213f24-8a0a-4ca2-a1e3-9aaa21f88e4c
ecf3c7ab-0f84-42eb-a1a6-b7505e5b2fa4
28fd395d-710a-4501-ad2e-b078081d8a57
f2af8c1c-b28e-4ff3-904d-617faa563f38
41a6cf8e-f528-4e71-bff7-e51e9a56fd12
acdd9f1a-3afa-4fdf-9cfe-24fb24f169d7
6facab73-0b9c-4f99-a3b4-f17d1868b2ab
36c5556a-17a1-49fd-84ca-b943e08f1aca
88df1256-edfb-41f8-b4f1-bd4aa8661ba2
7ea1ec7b-0c59-421e-aa17-ffff2afb4276
59968517-b434-4353-96d8-6673e4d141c5
b25be07e-d5fa-4bd5-abc7-56fa81e97ce9
8e1551b5-460d-4a7b-a9e8-f16f888a1431
56f8f65f-af2d-449e-bc4b-33a0914163da
83012a1b-6a3c-44e9-a56b-8862d2696d36
bd1cc5d7-e1a0-4bf0-8fe0-b7b44817cd54
0b3715e7-2386-4355-a45f-4b0a7d078c8e
5a794e5a-5dd4-4b05-9f2c-aa88ab8a4830
7c3a8fbe-fb1b-4b0e-9a49-62b0433dae2d
f50550ac-e6ca-43a5-991c-76034d42e8a4
be4e33c9-a2a3-457a-9903-002882f90e5f
06355aa3-1452-4d3f-bcb1-b5050289c455
0fbd300d-2fe6-4ee1-9c16-993f4ed96705
734bc5c7-15eb-401b-9f4d-3d531e80e515
e8e780d1-2529-4de8-bdb9-0076a0727250
85d4fd9e-cecb-4e1b-a509-aec9155db2ec
0aa3df4f-7f2e-4c71-b721-7ef42db041b8
f608a77d-e0f0-435b-8a4a-ae6928d50244
56f1a1a4-1bbe-46d5-b057-85b4d30415e4
86343fd5-afd6-4b9a-aa4d-10ce2035dbdc
88cf1cc5-165d-437c-b74b-70cf66ad0724
bf64f4e6-0d09-4911-b4f8-e46ce7040a28
966df03f-e029-49f5-88f6-15174619f23f
7a6778e7-e27d-4f5c-8bd0-e954d7ec8554
25347e46-a6b3-4788-8ff0-8a2a81e2158e
868f8f26-26f1-4f61-bccb-93d8f624ba6d
b7243468-6d3d-4efc-b6a7-af6088f13753
fd08f6f7-5c98-4945-9cda-7268e1af4920
fc6d192f-2502-4741-aa9e-91af1204a56a
4c8e90ba-274a-400e-bf57-ff63553201dd
61271781-b694-484a-ab29-5856ed519a59
c1cdbe24-cf00-4aa7-b858-0ea3b229c5ff
794a483a-655c-4c9f-b08f-2499792a205d
18930e61-75a4-4053-be23-b55473bcc0fd
40a54ed7-f591-4e77-8f60-4ea515bb4789
9a7c1454-55ed-4f38-afdc-2a8f4cb261c8
3b14704f-02e7-48e2-a9d4-e533ea25debd
67f97303-c9a2-4a40-b285-cf86b454c3da
d3104ec7-fed3-4114-a6cd-9cadf2f89688
85f8c8d6-84a6-4354-9483-fcefc47c359e
002933d9-2d2c-483c-8b43-699d06c4e017
657297c8-4f1b-403f-9f2f-95e8838f944a
97191bdf-c22a-40dc-abd9-7bfdd9fb6bd0
3eca02c8-e52c-4916-9c31-8cdcb3bf7f46
88009662-f18b-42e9-85df-a0c2501d5e85
59db9ac7-3a8e-422b-bf8a-e8d89d91a2d8
8fc41dc6-2d22-4f1e-b82d-9b6766ecffc7
9de897a0-10cd-4947-afb1-23a0be50cb4d
4a47b03a-9f62-4315-9c1d-74b64ae8a3c4
bba62256-c9de-46ed-a727-185ee5913501
794b7dee-3762-4744-983e-7b98c19c721d
da235c09-b795-47da-88b0-45d99ce5d4af
e6de2762-335b-4d50-9f83-977d2660c645
6b8e2e76-074b-4aef-ad46-540e943360c0
03828fe8-574e-43dc-80e2-8d3340402c78
5b5ddfd1-900f-4ac9-adaa-4aba92cf0bec
afd16f28-f5af-4991-82b3-9d24ffbd8d0e
e677a7cc-9137-4fb4-bb74-a374d20bf3de
b0fe5ec1-07fc-46dc-966b-b1ded3781dc9
40c75201-9df1-491d-98e6-45dc6a2a1736
73a5da38-096b-4b54-ab6c-75281fbe7162
a02dfb7b-ce3a-428e-b80b-c1c1755853f6
c6b83cd5-2c95-4bfe-97e3-b7849b2ba8e2
640e8f0c-537b-4482-9553-a3fe63255767
766c1924-0b77-4515-9ddc-5f2a439ea125
1ead858f-4220-42a9-9aba-62c83cf1c348
990dfa55-16e2-4964-97f3-8c163ef58524
56f82685-ddb1-4866-b0fe-55eceb385365
e759423d-8d07-4cef-81c8-dee6725e8b25
a1684b2b-d322-4fc7-9329-72428bf0b37a
da798d85-b65d-4ce0-8444-c835b8eb82ea
b9a34d09-1a58-4fe5-b87d-2fefbee360db
d32e7597-e8f5-4960-a050-07ae182bce53
bb23489a-01b9-4429-9840-9cd1199383a9
720513b3-35b4-4bca-8b5e-6ad508d727fe
060677be-0735-4d4e-9400-141c1ab123a1
d8f76fc2-eeb9-4aa2-b671-b29f4f601df8
40073beb-d393-41d9-a5c6-4b58354f7869
5dcf9e5b-8121-4a37-802a-5c1baa427e21
049a6424-29d1-42c9-b108-d25f99a5d208
fa12c5c1-1817-493d-bb32-4c103fd1b3da
b40a4c3a-3d26-4136-af9b-fef231b917f8
77f3c808-817b-47c6-99bb-c54cfe37d775
7bb22ec1-a75a-4145-a868-6bd0284e500b
1a39c4a1-e04f-4187-b1d4-b5cec37653f1
1a99fae4-f3dd-47f9-9e97-0da53914ec1c
ebc8b72c-0ebc-44d7-912d-bf7a1ad1ce16
2e41b7a1-9f4a-46b1-b589-a5f9bc28d00f
f234f34f-429f-4436-9161-d6ef32135c59
e7bd5b14-5176-43e1-a64e-1a17117d4ea7
5a881578-f12d-4d74-9a2c-2f2e706033c4
bfbe8a1a-3d29-46b0-a923-6e4cb6f6ca8b
53640c25-84a8-4499-9530-b1deaf503b74
b720474c-b63e-4ba8-9c94-7f9acee98f75
4cba9768-c70c-4d01-84b0-8af80d5aee09
0675ae05-89d7-44dc-8151-50152bb9f22a
ff5f0dce-68b8-4713-a3ca-493146e78c01
e217958e-679e-4c4f-91ad-effae4856cca
e162d3e9-c339-4761-8f56-d2a564feb349
f6a3a138-8d40-45b5-a1a6-ad2bf89ebd4b
1460fb6e-ad66-4f28-927a-730e6c575de2
d1a01899-fabb-4ea8-8a9c-050ffa739df5
84e01a9e-db89-4d0e-8284-af0feb420980
cc74eb6b-a885-4b25-b46b-79085c7e51d7
33ea4fa3-fbe3-42a0-84c9-4f88fa02b01a
3d9f376c-efec-4a63-9a6c-be27710ce02b
3eed064c-0341-445d-8ffe-8354b9c863de
ed550217-437e-492d-a02a-bec778b8b568
ba13c110-a983-4f9f-831e-90e1ddafa7c7
096dfe04-b177-4d91-a37a-8a8de89c04c8
e82274c6-9210-4b76-9ec4-a351c2808881
2b4e1b8f-8bd4-4786-9824-2e3e631ebd83
3622a969-dccd-4c85-898e-06d00e3e5f9f
b0862eed-db15-43f6-95ac-bfaaa214891d
9edfb3ef-8975-465d-a324-1245ba798f2b
b20ab320-b8e0-46c4-a6a2-0d176048e051
3054348b-96a6-4bf8-932a-313a16e40bf7
1188180e-ff42-41f0-8b30-da1304fdef87
c64fbdbe-b549-48e6-9e90-48967af042ee
d868c207-4172-47a2-bc64-375eaa00d4b0
a53f3815-5d1d-4c99-8cf7-f5bf64b91e43
e5baa03b-1dda-47ae-b95c-231a27c6efe0
ace467bd-711d-4e76-95bd-f2de119c519c
7b78d21a-877a-4ed6-a487-84c5f078dc0a
817904fb-b2fe-45f2-adaf-28d3b7bfe184
19af96be-d243-41dc-8e28-f6a51ac1b7a9
7add4c66-1138-46a6-9161-2d56ecd29bb8
1ddbeb27-728c-4ac0-b8d3-64540d761245
1034684f-4f76-49f2-9148-9fe67678287c
32708853-75a3-4dc6-b810-48662962250c
ba1cccd4-8f2b-4e3c-a5bb-2167c88e1648
9bae1ec7-233f-4c89-b93a-4683051e6fa2
889ff247-11a3-4908-b860-4d0524ae3b71
3a437854-fb42-4bab-8471-a0608a31ff16
c6b41c3a-6b93-4fd0-9d37-34123c13ae25
c1e2c22e-a7bc-41df-ace8-02b225659707
32f0e237-a9f7-4a01-9f8b-7ac59982a7e3
6fda04d0-5629-4841-b8e9-d2097b89dbe0
769902cd-eff7-47ba-b8d9-34ed351caf79
00b11248-90e4-4e5a-888a-89eaa5562d04
36f46940-eec2-4658-bd0c-e84c138f3a78
cb78b1de-ac2f-4a76-b244-ec2adaa50ba6
442ec40f-d81b-4cf9-9377-279f87759634
552ee08b-f65e-4ec5-a2eb-6c02d1be96bc
6c404cae-0fe2-4a84-99c6-bc9ece14fa37
2f1025f9-24a0-4fa6-b2fa-5035bb44a97d
20a44509-f513-4d14-b876-ecb2f6d55299
1485eba5-7e15-49d3-888b-3cc7bcb45caf
c16d9d9a-50c0-4c2c-99ee-7631f8415472
6d3543d6-156c-4ae6-9b79-f36484cbeaf6
5742e303-1da6-4015-ac2d-a081ba476218
9cc798f7-4003-461b-a863-28d56727c9b3
a0ad5ba3-918c-4f69-b69c-e1218d09bfb3
63b93f5f-c35d-43f0-8a8f-0b4e74e6cf8e
ba787ee8-0850-4b41-abf2-2c155949aaf1
d6b0c8e8-cbdc-4ce0-90c7-12b5d0d560fb
3dc241ea-2c8f-4bd5-a807-55dea224ae39
5c275f5d-c9b6-4afb-abf3-7de52bde285b
5367cabe-464d-4ef3-a7f5-abb907946af9
7385e472-dadd-492f-af4e-607f84b2ca23
97db7b36-a9e6-462e-950b-912057b114e4
793c10a6-1880-4505-87a0-f1fd7552c7e7
76bd4e72-3a76-4641-87ea-4eea3310da71
d5c1c94f-144d-44a6-ae08-5a782e301dd9
93f327e4-323c-4091-beb3-200f868dfe96
74cdb5ee-b6bf-41cf-9a4d-f677813063c6
5d8685bd-f765-409c-8c0d-ad6189067e6c
423add84-bc97-42bc-adcc-7a8bc85dd71b
e3b5261b-15d1-47d0-a3b5-3a83e0246b2f
ad4c9c8d-30a4-47b0-ab07-bf8324478cc2
01735e69-8d59-4b63-ad6f-138b72ce831d
61934ce2-db30-4e2e-a770-a444214e13dd
120f522f-d903-4037-801e-611f696cafc8
a0f673e8-42c9-46be-9e7b-cdde785e1182
4632322e-45ca-4ebd-a152-aa6dfa06bab9
0300d557-4db9-4414-86d6-26cab32f605d
2ae6e2c1-569f-42db-b202-f1687f8aa115
3a9f8081-7d4a-44f6-863f-f5b7e77cd371
6d7e449a-fabb-4f57-b189-370c4ead43c3
50ae8400-144c-41c6-931b-baea389fca57
6495dd5c-ea26-4300-a7b1-266c4edc6df7
2631586e-3d58-41a2-a965-7b2037dec38f
08f76db6-ad3f-41cd-a359-d77532aaad42
6c81b76b-f41f-435a-af23-f3baa5496369
e021e21d-a801-4e92-abea-72f80627ff88
c716a9a2-817f-4d72-8a12-4aca0bfdbe3c
6f007817-d618-42e4-9f04-a141471a74b0
93b27991-b17a-471e-ae28-ec18caafb1bb
811bdf88-2f28-404d-9ac5-2d7a5a4174a5
4a538dac-73de-4f20-bf61-ed43fa76c713
fbf7fc42-8ab4-44af-b3d0-1c19a9b0cdde
d9ab1641-8f6b-4261-a187-53854eb05b90
f651e454-ee16-478b-936a-57cb39215b35
6ac7cfba-3059-467c-b846-b99c3107e648
4425c459-72be-4e5f-88e4-77b1befa7104
a924833d-ee9a-46b1-af02-df0cfbb988ca
11e712f3-2cc9-44ea-a47a-d84564c192f3
0ea63a6d-f2ad-42e1-8cd9-044e7d5bf58a
33464424-9444-4e21-8c84-0bc5c5173b10
d4d3c439-4667-4c5c-bf2e-eb1688e58fc8
9c7e30a1-e6ad-4e90-97fb-c66043b715e7
e93258f4-cbec-42f9-9999-9f0ffae66848
f5741c8a-c49a-4a8f-9688-c8cba14e7c04
cad82d67-7e5d-4cfe-a66c-5072a909d5c7
486cc563-6a96-4971-8cd1-cd4717ab05a7
6ae991b2-fc40-4675-923c-997263ac8cf3
6c0a0da6-10aa-4741-aa5a-96a149c3b8ba
9d81d3d0-2f52-4b8c-b195-9d7603e8b8b3
292b3f67-9b78-4b6e-96cb-5cd4a5384fad
a3597b2a-b59a-46cc-a778-598edc6799fa
e2ac8a69-5fa7-4e52-92b7-4097973502ad
261f0954-9c41-433b-bce3-9bef74644cc1
894ba809-1c65-41bb-86d6-cf56fdfb1091
516b8071-796a-4b91-a9ca-90f57870ca20
90285a56-c1e0-49aa-8df5-7dd902394a1e
b75c40ee-0271-4665-bad2-f8e9f393a052
de7db2ee-bf48-4ada-8765-081be1bd3a9e
85c5fcb4-207e-49d5-8915-00411edddf31
f1107bfb-9be2-48e0-8b65-1d6078bf02a1
4614d7a7-b400-47f1-9836-ca6b80249ddc
324ab825-6936-4027-a641-70293b768b62
28c02e2a-bfe8-4806-9050-ade0ac88030c
ba54b91c-a609-4f27-99e2-ce2afb3752a1
74f5d767-5e97-49d8-a667-2997aacc3053
85d873cf-86f3-4d12-a343-7b10d02af9cb
ecc28f73-5930-45a7-bf1e-8fd45cb9265b
834791dc-54e3-48fd-891c-b9000d5a8dbe
5612ac60-12bd-43a0-bbba-11e819763e12
486a2db9-bd28-4a79-a44c-958d2d666df7
aedc820f-01d3-4fcc-aef9-9e666d876c6d
9d9f001b-b159-4856-bc86-e5a93f6c0923
ee0b2e71-216d-480b-bead-4a36cb7c89d5
0cfb3ae4-a6d2-479a-9aa7-381e4de0de26
b6a3be5e-3a69-47c3-8cce-5782a6aa8ce6
d31bde04-457a-4ae4-8b8e-d1a800922bd9
e96c3ced-a2ea-46d8-b9c5-8ed96cbe8699
f7d2da8b-174f-44cd-b177-629e5a8b26d3
ac1d83c8-6627-47be-9196-ae730449a4fa
b61ff3fa-40f3-4a08-bfac-7a10dda2aea3
12ad85b3-3860-4dcd-933a-931d8fb12741
bf4e4bd3-5f49-4258-90a5-ff39dc1dc64e
8483d661-a0a0-4fe8-ac14-a1a3e6c88e84
53f80d9f-2851-4e10-8d80-c0ba61243379
59239308-9049-4a23-9107-b8d5085746b1
6b1c8b87-0b5c-4ec6-b65a-11b55e965b60
f3abf713-cfd5-4f05-a943-493022bc61dc
4a8a7b0a-7f58-4c5b-89d2-235f72ef9540
1915deb8-da0f-4310-92cf-ea7cdf96ca1c
a5c14fc6-9589-42d7-9324-7a8c9100700a
6553c2c4-3434-4f3d-9b21-096d1958e3c8
738d2599-b9d4-4736-9ca1-5f7b8bc42654
563547a5-f9dc-45af-a016-22a24dc9625e
eadc1e9c-4b92-45a9-b251-c191f7b53b18
9d416db1-e635-4a34-ae95-bf1532c9ff74
55758732-2028-4dc6-a904-a6ed99184f5b
b343183e-a044-46f6-82f0-c13e496783fa
1bffac7c-cfd6-46cd-af76-596d29200ff7
f415c4cd-fe3d-4fe5-8cba-feea618151bf
e955e442-2511-4613-a369-d2b7ac3fa635
c845fe96-066e-4cc1-83cf-cd0eb770fca5
d995c79a-97f8-41d1-8e86-22132f9f1afc
ba7bc052-7888-4899-8995-672e06fe0492
92b9ada4-8962-465d-baa4-32451b2c350f
a8ba88d1-5031-4eac-801e-022d6317eff9
27849ddc-50f0-49e7-9d79-6cb8497fb8a4
8f1e0314-05bb-4fa0-85a6-a6d6c7db20ac
d9dba6c9-3b4b-4e0e-93cc-730b5a777b45
dc1b9248-34d1-4f68-8969-e18bd875ff18
b02f48e1-9e4d-47f2-90b7-27757477959e
9a591e3a-7241-4c23-b837-47bba3577cb1
b636a300-1292-4c1d-aa0b-85f924199024
d34cf1ca-642c-4eee-a3a8-31de91b942d9
f548a633-aaf8-44d7-97ce-01f3ffc9e68c
2a16afa4-22ca-499a-8b4a-a0c8921f3fa6
3c0e965e-58e7-4040-941f-e1c44bd74c81
12b3e8ee-a8bb-4879-b727-2661a54e6ca6
fb571e16-01c9-4f12-952c-7c53ad7ede43
146e3599-d0bb-42e7-961d-d012ea61c547
6fcb9e2a-4050-4a6b-83ee-18b07cc98aca
8799bfb2-2c73-4c2d-80bc-ade5ab1dfffe
855741a2-def0-4da2-9ceb-a1333cfc36d8
838e3c7d-251a-4a5e-ac74-e34556f8898a
38212f90-954e-47ba-baf4-339ae5b29ddb
8cd023b5-793d-4319-a668-a7451a7217df
beada6e7-329d-4361-a7b8-6af51c5cc2f0
009eeb2d-6db4-46a8-93e0-1fe0346876c8
5e48fb26-3135-46bd-af9d-2fc8e23373cc
dc103680-4381-4caf-8271-05c033958dc9
c522473d-e8cc-40f3-add8-6b0f9252c091
f143c834-a7eb-4730-8f89-c682c4e096ca
6b4cc35c-6185-4587-a881-48efe24a84e3
ffbf64e3-c555-45b0-a43b-3f4e23683968
c9a396a7-aa3f-4c81-a67a-4c88c86f83d4
9114c03f-1483-4d50-b0d1-2a03b00ba66e
98767bf9-3589-4eb4-bdeb-f1686c42837c
ad183ad2-eaed-4f10-a030-0f46e9f91e38
2accd383-287e-4830-9f13-a8796fe68f84
3ff62c3b-fcb0-4d78-88bd-632e70afc843
53038ca8-a795-4de8-b2c6-9de035a463d2
6c94bba2-1b04-4181-867f-0e28b498add4
4559e3a7-c85c-4f52-8d57-9800e55178c5
cdccba76-0abc-48c5-b90a-53fe89974ce2
65bd704f-1724-4d84-9b03-14724dde1b0b
74877482-b0ca-4412-aedf-0881e74d8914
ed3121c7-bec6-494c-af64-8eee621ddb71
9140a9f7-df69-4d4c-aa09-223b19f23583
be22dacb-723f-4f7d-bada-1290c8f306a4
4dec684f-8d20-4a6b-bfbd-c5b640b90fd6
744428fa-0a49-4ddd-8c21-66e7b94b2943
b331aefb-5766-4e7f-948c-3c880940c954
ad7dfc86-16a6-4b06-9f1e-3b32a8f6508a
2a1b188c-0451-49fa-9036-07c43bbe8979
4b01060b-82cd-4f10-bac5-574b65a112eb
04f69239-c8d8-418d-852b-712133898e47
f65a6b36-ef79-4260-b90a-f9eb97a7dbdd
2a12b06d-fab6-4163-8008-897d72003c5f
330f3e51-61e9-4f66-a8ec-18aa199b7829
bc855952-dbe1-4ea7-8666-871686cd1827
cc17cad8-87c9-4342-9033-51b1a38d32d1
6e9cfdab-d048-4b47-855c-fb587346080b
b3c77815-53e3-44ed-88cb-32eb47f346af
0d995a51-e20d-4df8-833f-1bdb864fa39f
7baff9e8-2473-4083-9fd2-ff7c8b7ce818
4c1ad6d9-ec55-4920-9128-08f8205a8c62
cb58e463-c3fb-4a14-9948-8a35239b1337
9dbf043b-1b57-4f2e-a97c-02581a96bcff
7cb08598-417a-49bd-9fca-63bb250aa972
9042ffd5-c012-49ba-aed8-d7288ce54d56
80a5b576-feb4-470b-943e-5feb72b08ff0
37d237fa-6eae-4a33-af11-eaa56bfd1d57
b2baf27e-89e4-41a6-8ef2-e467e3260db0
ca05e0a5-66e5-48e3-bcb9-2405e19beb09
abf747a9-a72e-42cf-8613-52e99a521fd0
173f2d43-3056-4ef3-aa03-9bf639171aa2
38d2ba86-be74-4365-810e-7c332e36543f
67cc5ee3-b2f5-48ba-8b53-400fd259abfe
a48d232a-cd14-43c8-b1a0-5f3480316ff3
6e7d5c8e-bf19-40d9-a0e6-47f2797fe4ac
f7b584c1-fff9-48cd-ae05-dea21a35b227
d064dd30-79fb-4706-b18b-5f906e213310
476c327e-8572-4771-8f41-36e4f3112f08
14ba28c8-6a58-4367-a2aa-bb966efad516
3a06fcf7-04cb-4305-8482-440e8430cd82
7a40a1fc-0094-4676-b9fd-2752c2fe7732
0c1cd613-c2a1-4e8a-9ffc-f119f5bfcc41
4d813be1-df0e-4c3d-a9ca-477a40708942
400648e2-3df0-415a-9aad-9e818d43f9f0
3367567a-3b05-49a7-ae15-d12dc2e1dc2e
35efa731-67ee-4b2a-8e19-dbb31363e78f
8089056a-3720-4817-a538-f03813cd1eb4
6394816f-88f6-498c-a2c1-d93a931d0a27
fdee6717-4e4d-4dbe-8ca7-4066a9eb50ff
4ab13bd8-001e-44c9-b8bf-cc9c76f9b14e
d02b887c-f33a-4000-82f0-c6f4cd49ae2d
9b432776-6ba8-4d5a-bf5b-07d1cbcdd53b
53310535-bf08-4770-90ba-101f12a8e429
d1daf92c-0fa5-4fe3-a4f2-f47d88161df3
8fef4e83-4a4b-433b-a641-b55b7fbf9b8d
23ad9307-efe8-4912-a52f-4d7ec00ebb16
56dc504b-0871-4c44-a97c-32fd67ee56d9
23e2209a-f2c0-41e1-97a7-806b62a295f9
852fb420-64ee-42f9-b278-fd770914d2c0
58be7e94-4761-4f70-81e5-eb67f747903d
5c790998-4828-4ae1-9c6e-aa3f03551d08
b48e16f1-a282-4db6-9ecd-12e3a20f1cca
71860dbf-4bbf-4a4a-9e28-4ed6c04652fb
8cddd5f6-d2ed-4b49-b392-6571931b0abf
00917560-f406-4878-898e-9565b21551cd
f970c697-f079-4822-b71d-0595773fe80d
2fe05f85-04bf-4ac4-baf2-9623b6985ef5
f3c7fa1c-2b25-45d3-9615-f043bf9e5064
efc37e3a-80d1-48ef-b6ad-666876adc985
7418d69a-40b5-45a0-b2cf-73d55f6a51f1
e636fcc4-d5d6-481b-85f8-52300807170a
989f2bbb-e41a-434b-983a-120989d0435b
ae5e34eb-0d06-4f3d-b6d9-20f58d98faf2
1e296f96-d125-429c-a06a-1e4c130a062b
93316270-3af9-4039-bb62-ebc2047edc77
fddb64fc-5d64-4aaa-8db8-b40ce51d8e23
eaa3f7c4-4994-4e56-8668-c1f28e02877e
2e58a804-baae-496d-95b3-970456f7ffae
432ab1eb-c06c-49e0-b24b-ef496a1c04ff
8d956617-e30e-40e9-83ff-687f5b0cc42a
9e20308a-22c5-43ac-bfc3-997e276305b9
65379059-d2f9-4dbd-9602-87719e943239
78c14b98-e38b-4000-be76-af1fae2fecaa
edfde314-6135-41f8-8f89-192857ee0056
989bea8d-fdc1-4b6e-8101-fcc7a96298b8
6302f041-99a9-4da8-9bf7-a3676cb5605d
2026cfea-50f4-4661-b2fb-48847474d864
0d30e925-174a-4fbe-8e9d-f932497b7c9e
b29c19a7-6abf-4195-9670-aa1d10e97d71
a5d13d29-2b48-4680-bbb8-587ec44d6999
9a5f4c1e-8248-4ba3-be4b-86714669ba48
b601ee86-0e53-4043-9f43-da92d0a7b06c
cd605fd4-84fb-48a2-9d2c-40221d8d967e
cc53a84e-0f66-4a44-b7fd-da9d58a517e7
4cc827a0-e34b-4813-84b0-e87a63314ff7
a038a55a-86c7-4476-b22d-6ad6a00fcf7a
3b33a686-527b-48ff-9679-6fdebc148ba1
15652005-815b-4917-aa5b-8253ab9ffa30
3e457459-ff82-43de-aecf-db5bf789da66
2582026d-418d-4f83-8491-a4509c0d21fb
7eb88ca1-6dd1-40a3-a4a9-b5691df70a0b
443ca554-ee32-49ca-a648-c1c506385c50
64808de1-ee48-42d1-adf1-2681661aa842
9aa8629c-42d5-439d-80c2-6a6a50095f04
11c5da99-c477-443f-89e6-4c71d78c27f0
e8a114e0-bc7a-4f9e-b0c2-0a23226b1ddc
be5dadcd-a3b7-459d-a158-d43425d733b7
5c9521fc-e0cb-4701-903e-924140c73861
914a79c7-f76b-4252-88d6-bb6d6cf9c7dc
46c14273-c840-47ed-864a-98190cd0cfe5
648400b8-b5fa-4a90-98f8-61f0f7ad34bc
b945bb9d-8ae4-4cbd-9b78-8cad3c6e7dff
c109a521-a3ad-4a60-8b88-f5c078c2845b
59d6a803-941c-42b7-b54e-d0a55272c086
e6a7b220-397a-49ac-9592-39344127567c
e343dcbe-3299-47c6-9699-d9fd79b10ad9
9a87e97d-8f47-4de3-94e2-d5aa2e5129ec
b7cfb4b3-b15d-42ca-b2cb-b421f353a88c
0513a744-1f16-4777-bb00-195781fc19d5
9dd2f798-ec54-4331-bf70-5de437ccd693
f0625101-0874-48cc-8297-8cdc58303e75
cca50bbf-8f62-4336-bbbf-a6f4f1292029
9df22053-0e7d-4b20-ad34-155bc914130e
0cf4c7e8-53c3-46ff-bb82-dd4cc9969b70
30782909-1ac6-459a-930d-3a503b1b3c64
4946383e-4990-46ea-aca8-6e1b4082fc55
b2425ba4-4248-4bc7-bd21-cd3e08309722
38078126-9def-47eb-91b6-8e64f7ff0715
e53f48ca-db8a-4783-b8fc-e20bdbdaf7ee
d7671a2d-697a-4072-90d7-b8b872c9867b
4722133c-8918-4cab-a9b9-f7f195cbfd13
7b94ed04-3d6d-40e1-bab2-3426a1a9d8b3
97c83e3c-bb93-48a2-b0d4-06e42dc34358
e739f29e-7306-4f4e-8a89-eb80f25a08fb
b1b49efd-a08b-4dc9-bd9b-e1832be0e5ae
f8e952c7-7c69-49ab-8c8c-44e94714487f
6c23c071-1466-41be-8a95-f98a5dff9170
79608ccd-9eb1-4f2b-9bd4-d011b1c9c18b
74c8ae69-7c7e-4591-8f73-ce5e9a4fe2b9
40b2fd31-2d69-4a3e-9afb-66c718ce55f6
2cfa7a15-09e3-4841-b3f9-d4dcba2a4062
9dda72f8-1bb1-47da-84b2-1d65ebc77628
df07669d-7d27-4668-b1c9-afa0b48ac9d8
79daa6ec-ad4a-432d-afd1-b6278fef75bf
817eca0f-90c3-4e6b-8061-a0a96aaf1c52
c179e775-be91-4d13-984f-acbc83eb22e2
25609507-9d7c-4017-ae51-bf16c021ac36
449c3f77-cc5b-4ca8-9752-f19a6b1bed1f
6fae861c-0d13-49cc-beda-f1b36e913d3e
47ca0cd5-6602-4f85-b300-0504d36b03dc
aaf4cc51-1507-41f8-afe2-b3524a75e7a2
55aaf388-ca0f-4d5c-b238-6fd8a273e013
fd4a4839-929e-4b48-a665-08ba119b9c15
ee22a7fe-7727-4db0-a2a3-c8ca5bc9297f
c3754ec8-5cfc-4b28-a66d-61b87efb211a
a460d784-bd3f-4906-a35d-f28d93a1b1f0
b028dc34-7d0a-45b8-a611-e2e5a11f32c3
9720debb-3916-41e0-b8a8-00d21e06fffe
5acb8e9e-d293-4802-a867-06bfb2b694d4
c126965f-7117-4a96-85c2-ca533321ea2e
84efff31-a0cb-4850-bb86-27c53e546e6c
3f6dad83-6a25-40f5-b866-41ccb9c5e959
75f5c968-4455-4e90-bb58-88aa7624e308
53867de7-1933-470b-a5c7-941570af9156
b9866966-941f-4939-bfc7-62530783cf55
04958ae5-132f-40ad-910e-8f8c8ec5f5c9
fc90ed04-2ca3-45f7-a3ed-f775711e85f1
c21ebad7-5848-432d-a437-3f401783fbb4
d32491f5-c409-4e6b-95e0-1d9c5a1fc5cc
976013cc-e0b4-45dd-a95a-2eb7f2ae918e
300de052-0b16-46da-b3ed-9edc6b81f466
4e0c2cb9-a98c-412c-abd5-f6fd6520f686
1bd82a5d-cfcf-410c-8585-60ccaa0bb09d
ff64a0e8-588f-43fa-b8a2-9142f9d2d935
1e27a2cd-39cc-4bca-8aa5-a50f0a721eaa
8cef6122-e3f6-4335-947b-c0c5e2ca62b1
414e6ad3-320d-4715-944a-07546b2433f2
0a54542a-4bc9-4e8f-bfb5-c5e841e30027
7e754ca5-a6b9-4a86-a927-2efbd177b87d
6a3b20a5-2156-4978-b5a0-3068a45ad9af
295d211c-db49-4566-94a1-7c5b0826e2fb
45be8eab-8a60-4d21-8170-759d050cc171
c77bd61f-40a9-4312-b62c-6b5d628e98e7
163efc52-a180-46ec-b8e3-fad38fc5aa50
c75cfaba-a611-46a6-90bc-c7712ca50ed6
0392124d-8adc-470d-8637-828671628870
55c73d2e-5668-4439-b40c-09293305226d
2c78eccf-2130-4f33-90a8-217ecac80d4b
fbadd832-2221-49e9-950e-d76f4e4c22de
9e9167b4-bd17-4f7b-b539-554a98bfac98
9acdad77-d2cc-40c7-bae8-f8ba867b6bf3
66b83e28-56cd-4ebd-808a-8d1f9abcdf08
069a1467-4146-4387-9ebb-c9f69a1a8ec9
4d6df3e5-2936-4720-b3dc-e68c988c24ce
6380383c-5837-4334-86cd-7651e31e0126
b32aa8d0-0d14-45d5-a0ba-f765d3ca146c
4dfd3d8a-cb20-4b5f-bd33-25c3fd9c6b93
31b0fc89-832c-46c4-9917-fa7878496dd9
c06cf499-8706-41b6-926f-4e8389f8572a
16a3f8fb-2cb1-4c9c-a790-64f46498d686
4587d310-b1ed-420d-9c1c-ce090fd4e8de
9de2a798-f655-4024-a8f8-4ea992cc877b
34f4555f-69c1-4652-9cd8-e034180d65f0
c953f5cc-7d02-4f9d-b273-77bfe5b2e4ff
0bd9c4e1-250d-4199-b976-80cec12db65d
297a5480-a645-4d0c-bba7-6a3ee6135893
db9e711e-f5b6-466b-90fa-224a4de4be0c
2083fdd3-c2ce-4f1f-b5c0-1e8dce9e3567
65699f06-1375-4a23-81b8-1f0163356b53
d9553943-f4fb-49d7-a8b5-181ce4686649
2225b3e8-79eb-4142-af0c-44dd33b7c9b1
8eb611a6-4ca8-447e-8e02-78d3fa3a119b
26d9691e-ea5d-49cf-a47a-958993b36008
db06d8a3-af5f-4922-bed6-980c5020058d
fb367233-b8c8-411e-a9ca-699221390df5
041bd73c-1eb0-41fa-a8e8-5ba0621b62c9
23930890-6188-4dd5-a8de-dcd9d4722fb6
6524a27f-2918-433a-9ebc-74b6bb6fbee3
37634486-a5f8-4bdf-95fb-f27a7fafb2e5
1aa97cc2-f89e-48f2-8ef8-4f0c35506e40
f681ebb0-e084-4b1a-8c2b-eb0218fb2542
c6ef3ef9-25d0-4f1c-bd8c-43372b726676
d505ab61-3af1-4bc4-ba29-9f2b338ac66c
6000403e-21a0-471a-bded-02b0f997b24b
38523254-bcab-43fe-9388-33dfef2ab029
421aae03-6b7b-4241-a391-9a962a7a8255
0985fcce-ace3-49b3-a792-e66cd32217c7
85df2051-7146-4cf3-b3c0-b4fd7ea38721
fe725a2a-4220-4489-a794-f9550493e9d0
f0f33a25-32ef-43b1-8c00-ab2490e7ac49
b6f33454-9d2d-4de7-95e5-ff260eedc463
72316d6a-0b1b-4aee-a0eb-c16236cb36b9
d4895967-2eec-4b59-89d3-c20f78a3d5df
b990e399-3dce-45d8-a96f-6da23b65c2f2
359f45ad-92aa-45dc-af96-ce970dfb1145
08bda984-a8c7-4400-a6b8-e357b8f5da45
ee797dee-71c2-464a-92e4-a71859d0e03d
a95453b8-a9fa-478c-a3aa-278476121136
5bb2b696-4cb8-40fc-889b-f992b3bf32e9
40221164-51a6-473d-833c-164be1d6e924
a35edefc-a0d6-4705-8b4e-bcdf5a99f931
de8832be-819c-46c2-b378-9dd71c4c1bd4
d05a47dc-8868-4d1a-b658-abcb1e2f3d5f
316b4cf6-a495-461e-99a8-58c32d03a125
013b0912-04ea-4d9f-8d7a-498916bd03f7
a3fff249-a6e3-4f1a-8e53-0348cb77c005
f86240c0-57bc-4a5f-9c77-3c80c56758c6
b5bddd13-d206-45d3-9203-b0c550982af8
b804d170-a95d-447e-bb7b-91e1f640ab2f
bdc250db-e7b1-43d2-ac45-004b895926b9
880056e9-3a56-4be1-85a6-26de55042da5
43ac0a94-306a-4ebe-a4ac-3b3b4659b982
19f66acc-f839-41b8-90c7-30e76ce5ca94
97e3e641-ce63-43f1-8dd6-917a0250e1cb
7abb98f9-d857-4786-9ae2-1aa8aa8519fe
6dc3cd32-8eda-4fb4-b7e5-b017fb6dd184
84e024ae-0d1a-43b6-b14f-b58bc036efc5
7215b445-fbba-46e0-af8c-7cf80925600e
066df7ae-3431-4219-87d7-e2d2bfd407f7
dffc4c2d-c577-4f4b-b262-69bf49a34540
81a4ff1a-d1df-46d2-b540-dd6da3ff0b3e
d43bacd5-e6b8-4fa3-a05b-0db0fb4a0dbf
51caf6f5-877b-4751-a00b-822e5eaabd9b
5383cda4-c562-46ed-ad1d-e2a4a69ab3b7
375c0796-1be2-4fb4-b62e-f86a47eb3643
1fc510f1-4d47-4364-8f5c-674766f502ef
bba9e5ad-b49f-48bd-adac-8571a2c3f593
18161423-7198-4214-8315-d4145db5f78f
92524813-8096-4d91-bfde-6dc15384a2a1
718f1d21-7b53-419e-9cdc-52b506cd7572
8fae4926-eff8-4437-8fae-493c78447b1c
2e47be83-dbcb-43c4-9134-583178de19ee
033dd2b1-ebfb-4c4f-a890-ed48f600e954
7c0ff395-7e67-499c-98b8-b0b588320ddb
9a046a45-6bcd-42ca-8081-37da27073d97
8b9420be-fb23-469c-9596-2a6e13e38f3b
4d2a5b88-c7d6-4807-b15d-4e1036a9aeee
d7d1db1e-28d7-4f54-87ec-c9fb0db27710
574982f1-515b-4348-ab96-4cb3cd3b5539
b21ce049-b5fc-43d6-a095-c76c2cbbcf96
a506f82d-94ed-4406-a3f8-adad55ae32da
127805a9-bfad-4f70-b54b-2b8d40de10e8
4daa4203-2f6b-4745-b2e0-35e1c0bce9a1
2333f166-09bb-43cb-935b-ebf7426c1df6
5f9d1343-7604-4d68-a927-3c94c7912207
3468d5b6-ef85-459c-b677-d5421a590468
abd28bcd-65c2-4cd4-9205-7f3f3182c315
f507e493-2fa0-4896-a98c-fe6c652924e5
85aa93c3-6736-49fb-a220-4e03d34d42f9
0225286a-6db1-457f-8271-0f9511e6c524
09cb330f-8209-4ff1-aa09-660bc934366a
f4ee5bd3-7180-4ca0-84c5-d196dcb9ecfe
809782b1-8de1-408d-b4d3-f23cda9d1fc6
fa031d92-efe6-4249-895b-c8c2e204dfc8
9c7b36b4-c6eb-4eb6-a5e4-410a240a7662
82043aff-2d39-413b-8c1e-be276f0f5367
9a854c4a-ab2d-4a47-9fcd-6fcbfe093abb
be62401d-ab4e-422b-b735-02dcca71713f
a97bd611-2c06-4d0b-9b0a-7771cde81beb
33e483ec-a139-46ae-bd53-cdb8674d4121
029125b5-7581-4d47-84e0-c1166413d86f
2250f8cf-a1f3-42f4-8a3e-e087e750c129
7e2f3058-7c2c-4be6-91ab-5ee9c3e083f8
6ac0c37e-40bc-4edc-a4fd-b7a6f79bce69
bc03c512-b14a-43a9-b8e1-9d9e6379ae6d
4388c6a9-af0c-4681-a78a-cba623382e21
6cb22345-af5d-4be7-9533-73088ff50a0b
0f1a6400-3312-40df-88c1-9872fb4c1084
ff20cab6-eb13-4275-a239-4ecff14c0b65
4e5acaba-f009-4b98-954a-4fd973d46b5d
7fe315e8-9db0-4027-a2c1-734bf4f8c7d6
8d4fc87c-8c0b-4449-b2ba-30a9d2ec1cbb
54d3ff59-5f97-4f20-90fb-0d615eff2739
6ce14348-0544-4499-852c-eb4c8b221bc8
04552aeb-7970-4361-b1d1-4c2c8d0b5244
d9f5d08b-8f8a-4b4e-94a7-b6196b6da93a
3926621c-0f44-4c56-8fcc-898684b8357b
a891aefc-c66f-4680-be7f-5dfa964df3fa
f0e1b120-8492-4654-b0ac-7607e7a77166
256fe05f-22b6-438d-a195-0da0600f3530
28028cc1-80b0-4fd2-be67-77e203dda897
3deb50df-a9c2-4b9a-803a-5a88ef2eabea
f915510f-5f35-4839-ac25-a78de340d41b
d23b936b-4982-45af-89cb-3d96faabf04d
ff468248-7043-4ed3-9dcd-c96ebe6b3349
ac00fe83-d44b-4c61-8d98-ce68cf58b7ac
e8dbb254-fd4d-4c3f-aa1f-603bec003c7c
acf130d0-4bbe-4f1b-b06d-8ba1c80ad43b
32f219c0-762b-44d2-a7fa-8591dee5c92c
7d27d0cb-4638-42ad-bd5e-24aa6f4a0a1f
7132f980-1dc3-4583-a176-13c24a29c37a
54dc1f10-214a-43f3-b849-9162a693ff49
effa2688-a3b4-4da4-81e6-5ab508a0ed6e
8265b617-f554-42d2-8e32-7e19f8adbc4c
92f571ab-a4e8-455e-8adb-aa6adf298060
7f7b575d-3c6a-4339-a035-de54ed8986fb
6fcd9b20-305f-4239-aa3d-44ca7d2dee54
3d30da98-948e-454b-b2f3-6af00513f657
8bf430ed-76c2-4dfc-92f2-0bdff285c92d
e5e954aa-0380-4894-8d82-9375bac825a1
b9f39fda-c5b2-4e1c-a321-0bdcc6e620be
9905502d-6a09-426f-90a3-a12d77ddba29
bf725259-b559-4f91-adeb-b4f143c15c5f
2a2822ad-01c8-4d3c-b5e8-e8e0d162d3c6
9103298d-e045-4465-ae65-8d383c424517
a0bfff44-8add-473d-b9c4-174319999d4f
37781042-012f-4bba-9c56-740d449f782b
8fb4344e-66ac-4b07-b449-ceb9de03bcc2
b8685c34-ad59-487e-96a2-99648d129a6c
ddeb4bfb-0d23-4f42-86f2-82b56b65e9f9
77ae5a0c-21f9-4d4e-bd64-28432add01b7
c239811f-6771-4b01-ab80-f6f80ea713e3
95047345-cb0d-4af6-9eeb-897f12c829d7
fe9d69a3-a4fd-45f7-9e3a-cb1aba109736
790ebfaa-ef26-4b1f-966c-8bbd6c9acc02
21fb057b-23f6-41e5-95fa-a8bc221a45e8
75c03bbf-2d12-4aab-90fe-912073b0041d
c70b8e18-db82-481b-a466-5313a202bfc9
6e3b4354-d8ae-4475-a95f-95a9f840a96b
3b2c0f7b-badb-4610-9280-32845abb6d83
084ea9e3-ac10-4cba-b8ba-36547d80a59e
deafac13-01e4-4986-8849-6a96a51f570d
e067c7f1-41d2-4f4d-8410-cd62c34dfed1
e4e92792-a422-42ed-8282-d0deb1d131ba
b10142af-8098-4cb7-bf17-c96c7aa4895e
7b13fe21-fd98-491e-9daa-d76b3aa93291
c4d5cc00-4206-4443-8835-0e96c96696d3
5f8c373e-e41d-4666-b94b-086ff9480456
3a932f4c-49ae-4652-add9-a230d69ee6ed
9ca39067-8897-42fb-8c15-c04de783831f
705bda0e-44ea-475f-b727-4856bdd8a866
3a915f1e-2623-4c09-824f-4cdf125818fc
0673ebc2-059a-4841-a2c7-05d4ccabea18
74ee1b35-9dd5-42d6-8f65-6104897bdc89
5739aed8-c641-4c3f-a665-3ae38338e5ae
39c06e3e-18b5-4b1c-a482-5c76960d73cd
afb03313-f1a2-433c-a210-30ac65478714
4f10ef9b-75b4-44be-a850-6cfd171b24d7
415843a7-6b3b-4ffb-b4ab-3127cb484bf0
20efb0c0-999a-49f3-8ee2-d8c8f90d98e5
6af65310-fce1-4960-a608-21bd9cfdcc37
d879722b-2d08-4694-aebc-1013f8962130
c7f9342b-35e3-4ee8-aaae-72a83d2added
4cac8662-d74b-4a00-8d5e-b59dbb23b55c
d9386b7f-7a80-4a71-906a-642a2b909bd2
03f22d34-cef4-4d2f-a1a7-c1efc0beaa7a
a02c63f1-010b-4f66-aa46-3dcad89b0ff7
5cf9bda4-75b4-4e57-b173-17b3ec1206bc
8133d6a1-1a26-4389-97b7-a4cd5dcfecf0
aa76b65d-3196-4984-981e-f37d58442c5c
fd201dbf-2da5-444b-a3c9-8de2c3640867
813affe4-f09f-4efc-ad8f-12f3e1a6f639
51e72916-2bc8-4884-a261-0c822b72aa51
bba8afa2-65b1-4aa0-8b56-bd87ce1dfc77
cff64d01-946a-43d4-93fb-3ceef3fd237d
137d29c3-484b-4c81-8088-e343ce295c86
030f980f-9e2d-4a03-b533-5d4284256467
d0468323-2628-405f-b941-851aa7f9f475
ba98d906-1bd9-48e7-93aa-f14da62d805f
13ac7bfb-f018-444e-b172-0a4c2913b273
482d5c7b-f051-4ff7-b8a5-e2a36e2ebd5f
4c43da2e-46dd-4787-8cf1-11e13f7aba6d
d8d4dd41-f900-49ca-ab3b-e7d88acb77f7
252210eb-baea-4a9d-9f02-865253d73f51
e8c4ff69-fcdb-4263-a84b-074a2c4839a5
e769f094-24d7-4b0e-b161-169ee63acbc9
a77070d8-5cc4-425d-9566-37ce3c69d93a
9f5455fc-06aa-44f4-bdc9-18e5a53cf84c
6e157a03-8323-4580-a794-5ad271aa0345
a942924b-a6f8-4f12-b6e5-d77dd4b433ca
064b74fb-4bb1-4ca0-9ecc-b8cbcc6506a3
d50f6f9a-96ea-43e1-98f8-c88844db1f21
169c4bbf-1af4-4075-ab79-c8a2414509fd
f363b8ab-b447-4d62-8f3a-2a977bf6462b
f8d67f48-7c47-4bf5-a858-86cdd37d9aaf
1a46a609-e48e-48b2-92c3-bbcaea24dfc2
4b5bfa8a-fad4-467d-bcf4-43b629a342d9
f3ea80c0-281d-48b4-a268-3e10ab0b14fc
6f664d33-b005-4925-aca4-176a45efb256
04181882-b97a-484a-88ae-008805344318
da92f6eb-122a-46f1-b56f-777b539bceae
d9ccafce-e176-47f1-b6d4-528899812da1
dbd3a735-41ce-4037-a86b-93ca7b8c3862
038995a3-7f50-464f-b23d-c4a21e362e15
5224debf-122e-4669-9143-b3fe1515dfda
3f3c2dff-2668-4a2e-8f9b-b2eafe98ba60
58f94419-bf73-4247-b4f6-a44a71e636ca
4912abd5-4804-4efd-9fd7-05c2745d0850
e67ce389-b345-4e05-bbe8-816e752b4522
7a8d0c16-01b2-4092-b529-60ade7e5cd95
f847cf8a-a255-4211-864b-7fac74643fef
d4bd7697-0a81-482b-8634-044076c828cc
8556dd7f-147f-4991-8e56-df3688ba9311
952d7cf2-59c2-4d7c-8f7c-b958ea361eca
588390fc-30de-412b-b9e1-8bc1059f411d
9f5413bc-2a6b-4494-a74f-38dfb4457c83
fc8bb267-8f76-4d78-9ec0-d255daa94417
0ff429cc-f4c5-426e-b58f-10c861f2ae44
806dd6ef-36f4-41ae-9b61-bdd2b5398495
d539fe4b-a5ee-40e2-a63a-bf028f2c1bcc
ead164a8-3285-4e80-95c6-f4a6d643b26c
c9e4f914-f3b2-4841-817e-806e18be583d
ad911124-35cc-4cb9-92bc-a4fd3d811ec0
f6c4468e-1868-4a0d-b1a3-82de0ebb4205
084f7ba1-9a23-4ae8-a01a-9b206525af93
92a7c24d-1078-4442-92a6-6f2d616710c3
093d7630-a529-45fa-afa0-a000b0d92dc4
221317b4-9687-4d10-98b2-b43ea8624019
a3037d83-cb89-446f-9485-8875da337395
8030ea59-b1ae-48fa-b623-10490cebf324
0a290720-6319-44b2-baa5-328e5f22f711
428bb69b-21c8-46fd-bc72-7cf8abbfe825
fe729f2e-51b2-46f9-b3f4-ebd23a6c9e09
01dc61fa-56fc-4d7b-899b-2c324432e19b
a8289534-eb5e-40ca-973f-848eed6f402e
47682832-c94a-4aa4-a1db-2d6c6a3ded14
fa1d97c2-71f3-4a03-9f9e-4ab116e57cfe
3f9cf3ed-d32d-43ee-8316-fc215d4ed980
8ef35ae7-94e1-49bf-a6c2-0440b2876a1b
56bfc228-884b-4d3a-99ed-ca0b23d7f2b8
f2a79adb-065e-4e59-a8f9-c8e0473198a0
0572ccc6-5a87-449a-a539-bf4b7f64be52
f5743807-df72-4343-879b-fa1898529f1c
8e29d1b0-7291-4d29-a523-7b5902bf6c7f
865525ee-7083-4625-abcb-c52b1cfc2963
c61819b7-e145-4b3f-8cc4-c7499aa92e5c
c22e5bae-34de-469b-bda0-54f829a01008
f831cbf5-bbbc-46a9-93ad-1e74325ec90a
aa7dfee5-f6c5-4759-8742-8920a047ecca
149ae58d-cadb-47b1-bd53-40d25407bede
b84169c8-7cad-4299-951b-ad0107369d48
6bf3f735-8b98-424d-a3a0-f7fb6817cf28
efcc003b-b30f-4a2f-a967-032ec2357393
279f10df-ea2e-4f38-8b77-2c2545c68d97
0aa83fb6-98ad-45f2-b5d9-c1daef64f801
ff5b5ec2-b5ea-4ae5-ae6e-e59e3a915bb4
9db3258a-8716-4dc1-be55-f408c631694f
cf15b0b0-8678-49f6-a79a-acc5d80d00e9
8567e690-138a-4e43-8908-ce1be0c53a28
3b871932-2210-4835-9466-1f57cd157d6f
a1dc9e50-aa88-4dac-891b-4e75f252ed3d
e73f1418-05b9-415f-9800-3516f6a0d768
825325b2-2cb6-417c-af37-89f089923460
72e81575-38c1-43cf-bbd5-de18cdd3097d
c6c4a96e-e45a-4663-b5c3-04e2f73bb0df
c36bbf6c-2f77-4cdd-84de-a01d02d858ed
2e49db4e-b49e-45aa-b5e6-d0a43031db66
f538f45a-26e0-40b3-a70e-a5dda22e2afc
2f82c8ac-ac46-45af-976a-e69bd2a870ea
f010aa41-fd06-4773-b2cd-b01e3355af48
35f72944-a4a8-47a0-a5f5-541880260752
82e0bec0-e48a-4c7b-936b-11020a949fd7
bb040b3b-a541-4f64-9b10-55eb6850f3c1
c390175f-e1f1-4f93-a283-785ce5a19063
f6892218-29ed-4a7d-8c09-1420e1639f5a
05d41ff9-efe8-4a9e-9eb6-1068ab8e3d48
ad5a0573-8826-4c74-b0ef-19297977482c
5f83a22b-76e9-4d01-a197-e438bc8aa81a
08cbc349-22c5-4f96-a9dc-569eec14c0df
aa4ac4da-856e-44e5-b005-2fbd3ca76026
1138ddd1-0412-4901-a5f7-c509faa06a11
c4f673f3-191f-485f-95cd-a9c940d6e3df
49761eb0-daa8-4a4c-b3dc-0d029858220c
70ca31ee-c500-4dc2-a4b6-cbe225ce0a6e
b42de285-287c-424b-9414-d29a9361ab85
b9697b5e-0865-490b-9b78-35a3c80e748a
07057b54-25b2-4979-9d9c-2e13c0d36abc
47734351-e7c0-40d9-ab1a-159b677da33c
bb280422-8bbd-4eae-a2ee-0bff5fce2614
37f12cfc-5eda-4779-811a-3d0e3866fbe2
e3d34f5b-e436-4573-9867-5bcb801c64ee
9bc60b28-a1bf-4139-b44e-bd220f64cee8
259d5959-942b-4bf8-ad24-51408a49fb7c
b81980af-f131-4807-ae9f-b3677f743d47
f95040ce-d880-438f-acbb-26a136baf08b
0b87cb70-4743-48da-8dee-36075fdb25bb
133cb495-e22d-4785-934d-2093ab6940dd
27afe71c-3891-40a9-9ce8-c6162de9603b
e0ae0715-25d2-4af4-83e9-091bff327993
a62c02fc-a15a-4e31-ba13-849845dbe441
4afafbc1-62c7-42cb-9b6c-0efbaa775469
e689ad35-6d50-4f94-b1e2-3461d7a3a67b
efe427b2-76f9-4747-b76f-ac472a0f3e06
9f8cba4a-7d04-4c2a-830b-01abd0b77704
abff4912-b445-4f0e-a7cc-acc98960375b
a719c82e-0b50-4d33-8f9c-532c124edce4
ed920699-1dba-44e1-bf9d-e896ff770b2a
8ce4d10d-bfce-4c0f-97d4-e721654f680a
8bf70e04-4b68-4694-9cb9-4ed981253c84
b1b53d0e-059b-4035-8cbd-b9b83f808330
c6563f3e-2f88-4e37-8c3b-abc109b5f62d
24880c45-24f9-4d44-a033-d3be04a33e29
dbe14f37-716d-4787-80b1-a62cd1a96e2f
134e542f-9ee6-4618-b95e-5019e8cea3ba
8c9e185e-1494-4075-9f8b-09dfbd17f671
3e99d7d3-1034-47c1-93d4-d36464707e6c
0349ae53-dc3c-4764-bded-d5ce851d059d
1e937b82-1322-4ae1-9b97-d35ca9e50e83
ab8c70be-61de-4fce-a44b-8a6fc69202cf
9e795659-460f-4fb8-b473-96272af16813
1bca3979-4712-4c15-b2e5-a2a36ea532ae
77920bf5-ddeb-4f5d-b218-f47cc404a7cc
688e305e-55ef-4808-a335-13acaede7b1e
d07d89d4-cd93-45bc-b31e-c9f7e7af013e
829f5ac9-9d81-473f-843f-a6b69fad3642
4b2ab8d7-042e-40cf-bc4c-59d9e3ebfb64
0b34ae80-8b89-49a1-8071-95e0f7e9364c
139ba792-6431-4c0d-a548-1faf74d0768b
0f703cab-533c-4ce3-ae95-9be92b3c9d57
7700633b-6881-4879-afa0-1cbc9d7e6b9e
bdac6ef9-c16f-49cf-901c-abe10c1b5a4c
ef53fec5-d514-458d-bcd7-f99e7e6cb405
2b41819d-a3ca-4f05-b511-24d7ee81c22b
fb531e99-9b7c-45e8-ad74-21ff819d308f
e7980a58-c0fe-43f7-a3b0-dfb75dc9e60b
12ee724c-aaea-41dc-ae11-49137340b084
c389ab1d-10b7-4fb2-b1dc-b1a5dd0b6e64
774cf2c9-bffa-4e95-ad61-630e2ca69506
2c33bd84-f126-449d-bf8f-7bfe4875d836
38b7d4ee-ab69-4031-9068-6a6516966d14
bfc6fb55-976d-4264-b66e-362a668ba242
5e339366-14e2-4983-a6d7-99ddef59026e
1ea88554-cba3-471b-93b4-d4b78f78d8e4
298a0355-161b-473c-a188-3008dfa09dc0
7dfe87b2-3f36-4866-9144-7061f3c82c8a
526c85f5-d436-4ad9-a61d-ef939630e47c
15181793-0a5a-421d-8cf4-1ce8c549f116
8e99ede2-5f3c-43ff-ac07-e0f5fb3d854e
efdbd7d1-f9c8-470a-932d-f1e6a15f1b41
8949fb82-8ef7-4d30-9053-df45dd4378b7
d830589c-392d-4931-af0f-3902179752cd
42a193db-43cd-4f63-9192-0703165e46d9
974d05c8-9c48-4991-8edc-7a2168a440f2
3dfe5aff-c121-467d-9c8d-51defadd7970
b3317b50-46ba-4032-96cd-b2d788f2c27f
154caf42-3c13-4fcd-8188-93c6b06f45e6
6e6c22fd-fb0a-4406-983b-e802b6368105
b5c5b4c1-2f8f-459e-883b-e9591769034d
aaf60e33-c768-44a6-80d5-85a0fa60e7ef
eb2ff301-a36e-4ba4-87f2-188b5aa83a83
72a3a9ea-c189-4cad-ba2b-568730b7f944
df4532cf-7588-4692-b3fe-8c734f353922
722776f4-9b06-436d-93c9-6c5ba079c3b8
aec6c759-0add-4174-8421-2bccedbed93e
b2c0a165-8617-4e92-8ce1-50793c1ed37d
a11aef0e-361a-4c6e-b2b9-8c661c2035e4
860f1d69-4848-4162-b23b-5f33124e8347
6e5f4216-9b39-48fd-9911-fb28be3b6b21
0f8ba71e-fb61-484f-a450-6f650fcf7b09
4e7515ef-0a80-4427-b9a3-c3671c6babde
1367193c-9eac-440b-be89-30c748603910
a0672fd1-252e-4853-a387-2637fadff257
bc1f4d67-1848-4202-bd32-1861fae7e356
d48374ed-8132-49bd-88e3-f069ce66e06d
cc70e999-99ee-4368-a252-52755d71dcbe
cfe28a72-a30b-40a1-807d-4cc593933c8e
e545ef5b-3ccd-42a9-a9d7-3658fb0b5cd7
e5cd5db1-f7e8-4e7b-b310-2d679b3a04d0
ae707122-46c1-4ece-a543-4fde7e73343f
2468c39b-fa2e-4588-a16d-35bdcbbb89a9
9342c08d-ceff-44c3-b432-a1a2f0103624
cd078295-18ec-4928-8a3f-070026a066f2
74474d1a-cbaa-4bb3-82c7-d7ced5ea9d25
c5951764-0ea8-480f-b790-81666f6a0949
b3d718b4-7e3c-4465-914d-80d24971336d
1404f21e-8fdf-480e-819f-77c972c57c4e
59167b38-9ed5-4241-a68c-43a1dfbc19f4
161aedc3-5a03-4424-bc9e-e907c703df77
e8957d21-2a58-4a5a-bb6e-4649c2246aa9
e8d7b7c1-01c0-4b32-b95a-c2792c4e4d6e
ef90ca01-41a5-4385-9b1d-857be2b1aa96
9ff226d5-a604-49ce-b9dd-43c8b8bc2a3d
0b194294-10eb-4160-821e-5bfe9efcc90a
b09e9dd3-7ea1-4a82-9f1f-845b8ae24325
44b2e942-1049-4a71-bab2-8a4466f62c9d
e3656825-7ceb-4733-be86-a00cb4a4489b
8a0f01be-d217-48db-9f3b-021dd70dd281
086b13be-eb03-4778-9efc-45450e20b4d6
54bcff69-8259-4e3a-8bfc-7b16a6deca94
87dbbf86-003e-41d7-9053-70ba2d2039e0
e6c0c677-c143-43f8-97f7-ede1a3c3d114
715bbbe6-2425-4fdb-a9b9-63ef6860ede5
e6a80563-2a55-47c5-8829-78d6be8a778d
8db39509-a076-43fc-b9a3-05fc57e5575d
39c1a873-a906-4d79-8737-18107adbea82
e41fc802-0182-410d-829c-efc50d36e210
7dec37b2-b17c-4da0-bb19-b0691de0a1b2
8e5f07c9-80b8-4157-943c-d144f5bb9fe4
870eddf4-d11b-49ab-a3e3-63008e2a427c
3d6aa745-490d-46a1-9600-679c60b94194
2737825a-b11c-4c2b-b5e3-2255ef735508
bb193000-a720-4b61-9347-9e6b7c56cef2
197fb42d-1c07-4337-aa9b-39bb9660bb72
f96047b1-539f-4934-a979-a40464e5de6b
9dd80f0a-e7ac-4297-9d1f-f984f07206c2
efbea16c-0440-4e24-8ea6-b16fe90942d5
a86cf72a-46da-4b38-b105-bb84467ffac6
2a69063b-fa40-4e71-b647-d52e0a9c9b48
53ef4e56-a1fd-4b99-bba9-c5540be4af09
315441fc-6994-420f-9d10-4afa2f4ba806
ff4f6582-55f7-42aa-bfdf-5ca82e568a2e
54d9213f-9d42-4356-8617-d3e044712fd5
60f57596-7f12-4c08-ba21-0b40b462da87
8bb8fb04-caf0-4c4d-b885-9fdd6ca97b37
3601a7e3-43f4-4689-8b0c-e33e3600e1ef
191ff3f1-9357-4013-a0bb-c54d471fb14b
1cd3f912-10d6-47af-a041-e38d84110701
a4110fe9-8c35-45c0-9e9b-f58f7addbad7
e0fd1c07-181d-45dc-b6ec-c5665cf9999f
7be1b50c-c6b3-4f0a-a6f1-44d28468c7f5
d437ab7a-14ba-40b8-af2a-c50873b59b02
0230742d-9d7d-4c2d-9428-11a96e545a9e
64efe392-884c-429e-a4f9-364269657ed2
83f5d817-2ae5-439f-a636-17ecb0074a34
b9a2150f-299d-451d-a5b7-5a79987473e5
6d6d28fa-9ed1-47fa-a45a-010183b56ef5
3660c3cb-aafe-45c8-b2ed-d4b1b3f37c11
31edfa87-4278-4400-be6b-f0f5664e6dc1
a524dcf0-f473-4e8d-ab48-1d47f1a4e194
18288cad-602e-4eec-96af-0fc744060ce6
f8fb5eb3-d10d-4425-aa9c-0697504e2acf
17d99003-c650-4991-a13d-b22a484577d3
a92b967d-6f65-4989-b854-3501fda129c8
54ec6717-54e2-4314-949a-87911a0f0ca0
c04e505b-eea2-4e93-8c55-1e04921c42b0
a8ae32c7-46d0-490c-95dd-a2c216eeec7d
054fd4d5-8021-413f-8c9b-d1e92bf77eae
da312320-7c26-4c8d-9c94-d7aded61ee8b
7d77d372-6657-4c1a-8891-4aa9538b5137
0be68b48-aaed-4878-9d5a-153620a1e0a2
979dd596-5684-4033-a80b-0e20412fe210
dd3891cf-79ca-45f6-bd24-306bd63e41c0
003f584a-33a1-4c39-97cf-efa56d86e4f7
b796b647-c28e-4cdf-b5a1-f75481a6b350
1d90b640-76b3-4656-a349-5bc9c42fec6d
cad4f0d6-6ad6-48a1-9dd5-abc76441a485
a3de46ed-3ab3-425b-a712-7cf64858c02f
cd664677-a9d6-44d4-9652-fe9f3b6119cd
3a7162cf-85f8-49a8-a87b-955cf9c67ec1
3635ab15-5b70-4667-abca-b8b96c3997da
9cfb8bf9-0bb0-4f55-934b-3adc47fdab1e
812c8564-9b31-485b-8a1f-d8741cfd409c
36006b96-d1b8-4341-904e-4eafe32ec6cb
2535edc2-43b8-4bf2-bdc0-8188cb9d2143
37fcfc37-caa2-4938-81bd-0d9b6165247d
55f2dd72-4ccd-41fa-ac56-43327ccff0ec
e48b8e56-a21c-4573-b31f-f30bae5c81a1
7e20981a-996a-42eb-a13f-f802f79f45d6
1b28b8fe-ffae-403f-ad03-d9e23b66f936
4f73c94a-18fe-4bd1-a8a6-195622d2cae7
9a8d2f42-1617-4689-918c-7e7ad2519acf
fc60c4f7-9d88-4c15-9fb6-c2ec86952295
363e035f-4d99-435d-9940-44c133ad7287
b6e0d28c-2015-4057-91eb-244358d10b7c
41e29a9b-94c1-46e8-8a01-0ee4567e7f52
311dad55-389f-4689-9b14-ed42b5e9e405
f84dc73e-8176-4ce0-afa2-3a6e7d9ab987
4e83503c-a92f-4497-ac1c-7a05e2571e93
b057379b-2419-40ef-be21-0543f483df04
f56469c2-5119-43fc-8976-bcc5dd52508e
4238875b-58e0-4d57-aeac-89c212720051
8f465484-9583-4d77-91b7-45860ee1ae90
1191a44a-9821-48b1-a060-3125031f3278
cb2dbef2-e2e4-44d6-aa0e-63745bf8d204
30831cf1-2391-474c-9b78-c02b11df9f4d
ec76d266-b5d6-4ac9-996f-23aec095ce83
df0a7649-885d-47ca-b08d-fd411b8c540e
0905d1ce-e27f-4f19-b97d-ed4719581bdb
bb3b333a-e748-4dcc-aac6-69c941e0c8ad
99e0186c-c766-4e9f-9ba1-c7b254eed079
b5189d39-0040-47fb-bdf2-c5945f1cf108
c0d0bee3-fb0b-4035-b1f0-0f271ea8db9c
2c143611-f80c-417b-bbbf-5cabea93bda6
f8ca7a81-0864-466c-a04d-c7053b7af9a0
02722fcd-0731-4923-a616-90a16165ec73
de60f9ba-fa84-41e4-8975-708badbea308
f31f9daa-ef70-40cf-9800-fca9aed6d957
f09abaf0-84a8-491b-a564-82da6f990781
579d98e4-6bbf-4e02-9097-b2d5064e0cbc
2afc92fe-a2ef-43b8-903b-638a023b4362
89877def-e61f-42bf-92f3-369d3718fd13
015d080b-b176-44bc-8608-c4dcc857f677
7a7230eb-5c46-4ba2-bbed-0cc7432a5022
9b486d70-bb81-4655-94c7-a8190ec1515f
26c978d4-5ae0-4c59-9f3c-8dbc2b0e8f90
7572880f-5d73-44ec-a1af-fc5f8dc95148
e1535d68-fb02-4749-a949-9942cd8eb78d
bcaabb14-0636-43a6-96f6-07fe00aa1725
d4f816e6-1c1e-486b-a587-bea113a8d893
644bf6ee-df96-446e-b251-4cc4f41ef817
7d7bce18-e4f3-447d-82ac-d179412e542b
78997649-6b98-4d58-81c2-21494df03f37
576c19d8-4868-47e4-8975-924013cf1118
47b54c41-3a19-4a29-9b72-0ef5f953d536
5426b035-c40d-4890-a179-eeb45e1bfe8c
302a7753-c5e0-4be9-b009-c96da97a9374
e06fabec-2029-405d-8d51-cc16ddafa12d
c999836f-ee53-46cd-af3c-2747f09e51c7
5d49d773-7d89-4d51-9bfc-5d1e16de4ab0
d104b5d1-c9c2-46fd-a898-d1128f66c555
68006b54-9469-40ad-b216-65a661d7151a
8eef355d-5a30-45fd-9b20-99aa7b9271fc
37c469f8-d1e6-458e-8aff-d1344808861d
c0b6d742-f793-45bc-a21b-48a467a7ba52
b6d634e2-3d6d-4d62-a090-26b4b2abab87
a3b2bc62-f415-46b5-97b0-b09eb8419dc0
97a89326-ef4d-4e30-a2b1-26885a71440e
4747b49e-31bd-4a2a-a532-8fc621a016f9
1464b02c-54e3-4b3f-84dd-f2ada5d3455c
511195ba-fcb0-47fe-9cb8-c4a5fd3d816c
76de248d-a0dd-4bf7-9b24-965e8772505e
bfb3f7ef-4a38-40b0-991c-87ca8eaf2ee3
a974eb41-16d4-444f-b11e-02c8b3872bd1
0cb0f335-ad81-4f23-ab3a-668d6fc50564
7d2f86a0-ead1-4a66-8a7b-e50f37d6d4a4
ba354267-717d-4266-8846-369a1ea4129c
5086ae4f-784c-4889-895a-b7428cde5c62
e0749b23-2861-4611-9b77-5fbda34450fc
91e0bc1a-5287-42f3-9f7f-3f5275dc299b
e4a9551f-ce56-4195-94e2-2776ee12b88e
29eef6dd-96f4-4ef9-ad6e-3d4aa7cf0036
80eb641b-1513-46ab-9016-474ffb5cf587
bf476667-c236-493a-9b24-9959af5aa0b5
dae3f365-dd80-4b2f-a8dd-2d3207009d7d
3e309bf6-9012-4c61-9223-ff4a7a0b9a61
e0167025-92a3-4d1e-bda1-c1ba7dccf0d6
7d8de504-f99c-4601-a1b6-179befb05160
1e537fb2-be2f-487a-b3c8-fe81c390e171
1de7edb2-b0b8-4c05-b374-ff1a7f73f12e
38765dbe-4e46-489b-902c-8a5f7a4fe01f
5f03f20c-61e8-4977-a330-db02240383f9
6c299df3-eb6a-405b-8d52-21678f52c1b3
31446768-4e5c-423c-992e-2172ef9c254d
dc456d06-2587-40b8-8c4a-b4507329d145
41fb9b7b-2ed4-49a3-b6b2-eafb3c80e2be
6864d2f2-edd6-4b5f-8eec-f9aced1ee619
09345de0-55b9-43ac-81fd-3c8d80bd8fc6
b6053047-70cc-4fe3-a0bc-13ea713cdfb3
3a5a1c98-8b93-4845-83e0-3181a9431f8c
dedf2ae6-776c-4129-b3df-1263510f3cc3
a02f0bc1-404c-43d5-8047-e5eb72f2f472
88b60e8e-7e5f-4d59-ab0c-0cf6be24e832
85b03685-a01f-4100-ab44-36509f2ef10d
b0acfdaf-6e98-492e-aeb8-1d99ea8ceb63
8563925f-4b68-44fe-9970-439fd543a84e
65747c6e-27ca-48a8-b845-71ed240614e8
ab22f2d5-86fd-43ae-a50d-064e72bb262c
e8df23d8-4244-4bb1-93ce-afcd5564021a
0e6cb6dd-422c-4a8c-b32e-aa30d548472b
f33a4013-f4cf-4502-a4c3-a0ba80008d67
82affe8e-36c5-4a0f-9ddc-79973339784c
933bcfda-db3a-4f03-9f08-50698d248986
a5f15eec-b6f0-42a8-9cc0-d3e3000a9a27
e109bc89-d5d4-4344-bc3d-282348d1e1f2
69f67bb1-10e4-4283-a01a-fe74fa256ddc
044466c1-c9cd-42d9-99f6-d2b3e7c82062
54d9889d-0c7a-4997-9a3d-23ac5f064e02
b0119cce-c703-42c5-b7d2-50549d630bdd
3cecd8d7-ce39-4ab6-84f8-4b960b1ce68a
435de355-a2d0-44d9-b2bd-483e9e5d54ec
d7f05d0f-1d35-4e88-9cf5-4b8b528e8e67
e8689cc8-36ae-4969-88f7-6427f970536b
1be00ed8-7062-4a18-921f-7173664cee2a
c7bca612-9d2b-4c7f-8b76-ced070c371ce
4e7fad16-1504-4f80-949e-2bd01009af85
4de51370-de38-4ac9-8cb7-16c76ec2d288
e1778ddd-bb83-44d1-8d93-f44327897981
49a18030-e42c-4eaf-bd79-8122a5353cb2
cfd64d73-8311-4e2d-a0a3-3c892c7a98d5
db1e74d8-d8c3-445e-84f2-6a2f1b3cfc1b
a83ac921-60c0-4795-9226-80ac7dc31309
9fda78f5-997b-4edb-bbe4-c378beddbee9
6f4f6fdc-fbd2-4e8f-a386-e3367ac65656
9e428426-0565-4dc9-aa35-0638ce2fe08d
353f2c6d-3995-4835-8f41-552f2e7a3eec
2c7f5b7a-fd36-40b9-acbb-86ada96ea7af
f788f822-95de-4905-9568-768621c343c3
50c67df1-94dc-4328-821e-621190d82160
62bc7b0c-fdf1-4d4a-9494-2e73468020b2
3e31aa43-5f5b-4606-96f7-71c5e5ab92c0
2a874dbc-528d-46d7-b5aa-d9dedc3b3639
94149090-2a3d-4dd9-963b-477fa3f93ed4
2f49ade0-190d-48b9-a96b-c0f5443dedc4
6c88debf-fe8d-4fa9-9cc0-07081166e8a3
e225d71d-f1bc-4359-99a0-ae88f74927ae
f15dc817-d65b-4607-8491-2f9cac63fc4e
a6837b42-760e-4b9c-bc0c-32b165b007ba
e5c61610-f5e1-4fa6-9b73-0402e422e534
3603efc4-00cd-45af-896d-fdb592c3eaa5
f64188d3-ecdb-4039-a652-6add3ee8a632
715a578f-4880-4b9e-835d-9a1cf5be376d
c0ec0526-f85c-41f4-82f7-b6cf6d5197e6
fabf28e0-764f-4001-ae7f-fd40a13f8908
6a9e8c9a-ea14-472c-9464-71b9fcdf03d0
222c628a-a820-42e1-91c4-e11b912f3fe5
179288da-f0f1-4887-8edd-6be788e85a5e
70798b4a-f1ea-4911-baf3-9fd6f83a925e
7f5054d8-b0c2-4b03-a50f-86099fc47ed3
83d100af-98ab-4b0a-bba8-76d19daeac90
4f54a4aa-25b2-4a4e-8938-f3a6bea0184d
6482cc65-399d-4c38-8c42-8749836b7535
997ee9b5-ec17-4932-b62e-09d05d5c7327
3bc207f9-dbf2-4041-b1fc-ef376ab6042d
05856aaa-298b-4b51-b020-81a334c8cdb3
e936cfd6-36e6-444d-814d-c3b612380e9f
afb842a5-54f5-4754-876c-60871dde0afe
428764a4-da6a-4730-9220-e0b41e7f5d04
3ba1257c-c8ae-4581-a324-49c51299c905
e41351fb-10ea-4465-8eb6-cf9fab5ad2ff
71b4500c-8d09-42dd-8764-1d6d1c07ad43
c4395259-52de-4eb7-88f9-81423fa6ed30
827e870e-538a-4cf6-93b3-99a4d88f1b5c
0dfe6bae-005e-47b0-a565-7ba570fa6204
c385443d-3757-48b7-92c4-185716f6b47c
fe3ffdbd-5f24-428e-aee2-098a03977f4d
f5fc8631-ede3-469d-8ddc-2c3e9fdea5d2
736fd18d-f7ae-4d21-9166-222ddea0c560
417da700-7029-4a8e-8f9f-0399f5b94201
160b7c87-1e45-4811-a5fa-50a1dbba4cf0
8c9429c8-d126-46f7-9cba-1ee126d1595b
e47c1941-fecc-4058-b172-9c14832e3cdf
f12a9368-5ebb-4765-b141-23084c1beb9f
727b4daa-64de-4f0e-9802-d52c12f53f98
39d6eba7-7876-4969-b6bc-13703816ed94
b79c0308-a2f2-4f29-849c-4b1f623562ab
567c1ae6-035b-4332-9efd-debd1e4bfbfe
ecec0b2c-cec0-419e-bf42-020916eae37d
878347e7-0fa7-46e8-88a4-496fa2922715
44ea8f30-d072-4cca-bd2d-7666eaae50c0
28e684fd-1eaf-4de1-9d43-4092bb26895e
0a372980-b759-4507-8276-09ede8203136
f7235134-67cd-4f13-b041-bd99044cc62a
61183a57-797e-4f3f-b857-335a3197e679
1762f43d-60cc-4938-8868-1e20d29ac756
0d59b0d0-4756-4e98-b10f-d6505ba85ad1
d86eda82-1b99-49e8-88e0-c805775304b3
24263f89-bacb-42b5-a186-7dcd06ab755e
ec968cf7-a0c1-41cb-9629-88dbc8667405
58385b43-2040-40c9-a5bc-65ac35cf3856
7818dc1b-d22e-49a8-82b1-b7863cdbba0e
29b0cdcb-e375-4d03-84a2-0c084f9aac51
1e534f6d-4391-4d9c-b56f-b79ecb44f195
805006e8-46c8-42ab-a495-0a4dfd13c510
65e62695-afbb-42ab-bff6-c42627d0f249
459f0691-80ae-4efb-8ffb-36db9cc4379e
e30a2d5a-14ba-4e1d-8aaa-0ddb90d7c6b4
6d60fa8f-7c27-4d8b-8c15-4f5c929d2e85
605cd6b5-8fd8-4fb6-88b1-8fcfe7d6c4dd
2f0a085a-86ed-49c5-9255-255940e54370
37cd6d09-ca84-425c-a1e2-27f339932ccb
8dcc8db2-f8bb-4c27-9f41-03710122bd03
8226d5f2-b16c-4c39-b043-df3e4e15c03c
6ae11f9f-39bd-4a53-8a4c-72b8df91f263
fa034f1f-7cce-45f4-84b6-def4e8670135
e551b191-0e39-40af-995c-b33339b017a4
05a90095-6fee-45c0-ae4d-eb6008dd3d35
a8917087-b1fc-4059-b246-65a7d759dd72
cb7cd5ce-8c22-41c8-93fe-535df4e83e94
68ef86d7-2fa6-466f-8f91-3dce8f727671
e9e131ec-d23b-40bf-97a3-a0e3962d993d
fc162ff5-3198-4188-a85c-154b091db6ac
507dfa5a-d353-4ba6-8be5-57e73f069080
518704e5-f0a5-459a-81ba-029180ec4c6d
8cde4bfc-6dbc-4f7e-a14e-b56f2d734e9c
73d13982-c762-4b7d-86e4-2c49d6d098c4
26c7ab4c-d2ba-41f3-b10c-b8c3a5c164a8
94eb8fe6-cd53-4c16-bce3-a7b1c5e34ffa
3916fae7-bc38-43dc-b69d-140969c001ce
aef410c1-0771-4184-92ca-a3dbdb49be98
a0e683a1-4a96-45d9-9f42-54736539f9b8
df02e5aa-200d-4257-84b8-c0e084cc0fb7
2bfc77e3-943a-451b-80ac-b9ec5874d35e
3d23bb3a-3868-4a20-bd7b-38398df14151
2f1a1bdc-a618-424f-a0b6-5efc08ac0c93
15cb445c-5d41-41cd-9a93-fa30af58a343
4f4fadad-e309-4a00-a3c8-8962d59f5b8a
0a13182a-b0cb-4d3a-9ce4-253ab179d10a
0cac0f75-2da6-4830-bb1b-4551f0a664e6
0b78382b-41ee-43c8-8b3e-3dbed07ab8f5
5723ddca-84bc-41ce-b454-2131d6592fe8
a7a41026-dd5f-4d47-956a-862ce102b5c0
411ab313-fb09-474c-bfa0-57b24c566ef7
39d7f1b8-b7f7-474f-b683-4054a509c996
fa3a1748-1f98-4c5a-99bd-d3720d96b409
5ed1bdce-f936-4916-81c3-1d6707a70984
b2baa4e8-5969-4736-a2ed-295e82c57907
bb8e811d-5c68-4ab1-8018-fc14828a706d
9c8adc17-ed33-494f-bae2-d9bfc780ec9e
2cced9e7-0d91-49d2-a525-c76f0413d85c
935d1138-0a02-43c2-b43c-ce6470be9d01
1122bb85-91b9-4727-8da1-843d9ccb3ede
0f31f45f-90a8-4193-9b3a-fb8ff4bc04bb
388b5241-a830-46c1-b025-1fdb23b1bf9f
418b4f34-ad80-47ce-8280-7cad8f95d059
de1bb12c-dc1b-4784-b2b2-82a2f6bfc034
57f17e4b-73f5-4ca3-8315-1fafd0391458
06fcfdac-9c75-4d70-baac-04259e10ba66
61f42bfd-b4e8-4b8d-9324-20ca69aa6e11
00d95a18-2466-475f-a195-dd91675ed7ef
c9d3ecef-8b83-43b5-bb7d-859ec2c0b8c5
f7c0f59f-8dce-4138-8e77-586000feffb7
6666857c-3945-4256-ae78-6df2633e7291
bdc1d8c5-b565-428b-8acd-d6b3de31896e
1d5205de-9e8a-4854-a64a-523cf46c7c41
d21da48d-f238-42d6-9f4c-42c3e5fbe108
9f46f163-700d-4e74-8022-4b52509cec36
a90b0869-9116-4896-aaf6-a677c80a4237
a1801294-231d-48ff-bd80-be9e51e8d158
8f72bc63-603f-4095-ba71-c1d7d09def59
444ae9cc-a6ea-4b3b-b818-a43765ca50c1
fc4293e2-a9c6-4390-beeb-05a6bb694c60
3c9b90d1-3f8e-4774-ae7e-4cdf49b5898a
21cb3e4a-aaf2-4f2d-80aa-f02c17c301e1
0ac4e41a-53b4-4f1c-b682-3df71d26b2c5
05e5aa03-e089-4ef3-a72d-6ce742bbc5ae
4d90b9a1-01ef-42df-bd3e-97c08ea5ef69
0da165d5-63ca-46a1-82c9-a59c2cc52570
5b9f65f3-f23e-424e-960b-fa468a7d183a
7c695a25-d93f-4bba-a82d-1587d24eccf9
27308c9c-8d0c-46d3-a698-21c300a7aadc
ac0968a1-8ec3-4fc5-8cc2-4810b4a0cd77
8c15c9e1-0b96-48b5-8fcc-1ac0a1589207
082a10c1-0ed6-4708-bc22-432c8379ce2a
c864b617-fe8e-4db9-8d35-bb14e06d6704
b7ec84c9-f8be-4ffa-a149-ce611fa5ee17
76b3e5ed-94f3-455d-aab5-bfd4c53264e1
db9787c6-ab54-4e51-b9ca-35f2e9f111fa
b860e128-0d96-4464-ac42-13761a0a0483
79e0d1b5-23b3-488f-8029-e61c62decec9
6fdb0601-2c5b-406f-af3e-8ccc01c61aa4
1b7f6865-81cc-4503-87ef-ecfc0cf8fa2f
b5b3b0ac-6711-4337-9eef-494731d36721
7d92f9d3-5f93-4928-8879-180640f1338f
d78dbfa8-950d-45c2-8199-6e4e4aab29ab
4d437e32-d694-4f2f-992e-cdc60cb67a7a
af9d25e1-b3a0-4d31-80ab-c7fa13955fa0
5cc260b1-4a30-4426-815f-52631a1c156f
5e1f19c6-4902-4403-a471-daebd0077226
9f46e3ed-1d66-49bb-b658-1cedd6b8f363
01971a4b-f861-414e-b35d-5757610e500c
d3bfbf70-d4be-46fb-a938-a43906a3697b
6ba2556e-82d3-43c3-9d55-b20dd4c1133d
f9218f7d-0d20-4fc5-8914-7a67d0c1f5fb
4432de88-5b63-4ee0-b59e-ad13e0ff1f95
2e365bfb-6c00-40b9-9dde-ecf2d1184b1f
a4369347-9503-427c-a323-47c25ffc3a64
baa25510-6700-4e11-8e40-d1e59930b44b
e5803b57-de08-49bf-aed1-d7db91bf0f55
faa423f0-9f39-4ffd-a6b0-f1c7dc1aee41
6f281a62-395a-451a-a9a9-5576760b2f85
492900ca-89f1-46bf-9994-44fb7a638329
150de8cd-f881-46c5-b7ff-ced2248cbf12
c82174a2-2013-46fd-9e52-f5cc42e151bf
64bc703c-da07-4b72-83e5-2328058be7c7
5bc2c950-6808-4b14-8017-bf843f65b9ef
365fb90a-d3a4-4628-b58f-931734d842df
d75c0b09-c74a-43e5-9635-d9513a2a3d48
b03b5c57-c010-4bb5-a621-730af4612abe
93c4a500-3454-43a3-ab2a-3420c14c0fef
ff976696-4286-46cc-8b68-1a50dfec509a
b416c117-8fb0-4f5d-8696-1876b6eaa40b
4cbab6f6-6d3c-494e-830d-d70ee57d9fa4
35d71ffe-2a3c-4869-bf5f-d6000645d8da
a7b24a20-d427-4940-8795-8f8f649fca2c
89471d78-de5c-4dd1-8ead-a7db6c28095d
1ca5a087-8da4-4aad-8ab8-297a458d66b5
a62f08c1-f1f1-4d6f-9173-d8f545fa2da6
9d9bfe9f-fa4a-4834-975f-d84e83010d4e
9a781b21-0542-4c95-ac39-fd98deb4187a
32ba1001-f63c-4265-b3f9-13f0f083c964
94d1ac3f-5e21-433e-897d-816c0f593234
ba719ca9-4cfc-452f-a932-12a22af87467
fc8287aa-9af0-47ec-98bd-526d220db854
7de2a451-2928-4d1e-a0e5-e67adff9d8dc
237be22a-f56a-41f7-9036-5fe75061bf1a
71352ead-522a-4e58-a58d-ee4f02d8ca83
48b352e4-b073-4499-bf62-13504a944c4e
2ad725fe-ada3-4602-adc8-8345a0408893
6fafd2b8-1520-4970-bd91-e27e5fe60539
e60d49e0-be57-4d67-bdc3-24c6677bb12a
17b382fb-69d3-4b8d-b243-ac977f5b4a3a
210a538c-d6a7-4135-b3ea-eca5bd39f270
5a2277cf-0247-4522-bad5-d1236af29ded
7699f00e-081b-4d15-ad37-42c52dd0fa9b
7d18cf8c-a09b-40a7-a093-fd72a6a37a9e
5036a421-43bc-442f-a84e-a1cb6ad2194d
baeb0857-eedb-4036-ac4d-0aa955f436b4
ea56bd79-adc3-4f4b-8a5e-c2c5dd119308
1e6c96da-0d0b-46fd-ba9a-27d0da4ef7ba
236b3a51-1f58-40f0-a25d-c30423890878
c8ab6547-e3ea-4cb1-8acf-42cf236f58ed
3e9a545e-b85b-46f0-b0ba-8b6c145fb513
c73eea48-7a7d-4f52-afa6-10aaa0029af9
8a48d726-f97b-4e5b-8981-e18d91614ee8
393dfd0e-0925-4eb8-9849-57f623373557
070890ba-13da-4cd3-8cc0-97651cf549e7
84b2a8a0-e1ba-47ee-a6df-374bf55fe50d
23b111b0-ff4a-4ea8-b098-b312134fc4a0
1ad8e6b0-0a44-44bc-ad40-a34bf4ee49f5
a3e854f2-94b5-4c02-a974-4589d8aab529
a06afb29-32c4-4555-bb61-0eb58273ad02
beab6e05-abed-44b3-8e3b-5155f5be025e
2600827f-a6fc-47ee-802a-2764f4fede8e
38382fc9-e7ef-4efa-aee9-21a71e9a291d
4f8bc7ed-7148-4ef1-8e83-754a8d93c057
84eb2230-05b3-4d7a-bff0-6c8666962f34
f1b93c78-f0d1-40b4-99ca-51fa5ad67191
d62cbe29-3cef-459a-a007-c4627804f07e
5e59a8ed-bc8a-45fc-bfe4-3c031d4104c3
a9961c47-4a74-4ae1-94bc-77c419294163
5570f073-194a-4022-9c4b-b9d4ba2871e7
305fa358-9123-46d6-9994-4543329c4284
26a3aff5-07c4-42cf-9622-aacfee31d4c3
8dce3f69-d634-423d-9b30-a2d917340519
693960c9-da07-4fa0-b88d-cf15f5797ce0
703a66a5-0922-4270-833f-b275c3161ca7
c0f5d8fb-05fd-4b04-87b0-3bb0a9ce8b1e
0cf91351-2379-4975-abd8-41529b62825e
5fe5445c-451c-4099-ac89-ae1798a39f7a
cc6cc071-da48-4fdc-84a4-d4dc95f8b688
312102c6-3adc-4bf2-acfd-cd9990d89ea9
da707d06-a894-4c58-98fc-d3b54808e222
2a99847e-5aab-4b8e-8333-f29044bfecbc
12d42945-a355-40fe-85d8-699b185d5896
3bbcddb0-6e8c-44b4-9361-63d4cbb24f97
4ea48662-840b-4eec-808c-bed3896a63ff
3217aff0-487b-4ff3-bced-5dd30c246d57
5866342b-8367-41ba-b598-2e48f66353f7
094f5379-9e77-445c-8a69-52e01d5eeb1b
a2f00d62-5834-4954-9e81-b9a24cc818da
4a706b43-995c-42a0-abe5-307f148bcb3e
6f1c9a2d-6a7d-484d-b676-14cc9484b19b
2d56233d-56d7-4580-971f-635cd342c462
e2b16d8c-c27c-40da-89bc-47377dd2a79e
3f0a7ee1-a72f-46e7-a509-b28ac89adbd4
05c2c1d5-b74e-4cc3-b1ce-6d7f0faecb65
0a4c9e09-49d9-4112-aa27-1afae6867d0b
5c830269-d302-46b1-b50c-8a7ccb2bf3bb
4d23a0e0-1278-4c9e-adae-3b735ffe353a
6077c8ff-f16c-46c6-acbb-762b6e2695a8
87b27f66-e2c8-4653-8812-fe5fdafe1072
622cdc26-a05d-4bb3-8912-fd24bc76c66f
14306add-7c03-4089-a598-93dd2d94fb1e
15d6e6c4-b9ef-496b-91a3-19155a6a56e8
b2f454ac-bdee-4a07-ba84-6c40fa0ca28d
984c6f79-73b0-4b77-8b66-f9be2dc2a552
d68787cd-cf44-40c6-9db6-ce1d068fe731
ccb4a8df-034f-4cf9-890f-30028ee8912f
012a7be4-07c5-48e8-8cb5-6dbdd69ff00b
9aa89167-84fe-4082-9f9b-8af6c65f118d
57cd2854-cf3d-4139-8b5a-7784ca458a28
9cb2a013-ba79-40be-8dd4-e3d2ee6045d1
c9bac87d-f2b8-4b40-9117-7afbd6cf2407
338c6e19-1878-4756-b361-bb2bce0d7e5b
19fbcb7b-2eb6-4c95-bc3d-e87e5a916a76
80078130-db83-4511-ab40-2ce192e684ea
0cc3631f-4931-4537-a7fc-d5b51c387b46
c868e7ec-78e5-4094-85db-b2fa679adb4f
7476e2f6-d8de-4783-9b9f-519125295429
9159e546-7b97-4882-98eb-14c67dbdfc34
48b08ed0-b276-4935-a4e6-a5c4b54e3161
b72ced52-7a34-493a-a5f9-8ebb05a39614
509d9b4c-2b57-4df0-b592-effad53bc55b
28338b66-84ad-4e04-b3f0-3ebcc0df1643
aa489e42-10f3-4587-86e7-f8fd85211090
86b4edf4-4f6e-43df-9220-3174a00e5c17
47bcf0cd-afbf-48ef-8624-b89d627da63d
6b78e44e-9ca1-47e0-a8e5-a22a11332ced
7abbe996-9194-4535-83c6-cffec5645b50
7dfbf09d-706e-41a4-9961-5f0d1f84334f
92a15095-2e90-4e6e-bebe-2e4b7a1267a4
5093d58f-6430-4b48-a4f3-be98f9cbe0fe
d08f74c3-9db6-4eb4-b9ac-dc2d1f986f11
76ea9d9f-8344-4013-8318-3bbb07ee2074
2db9a007-9427-42fb-9abf-20cd5e72e4e5
316475e0-f800-4de7-82ce-dfdeedb65458
b3400df1-e8a6-433e-8815-8421c0f069b4
8f3c11c9-20a4-46d2-9081-b5d11dd4b56a
cc299ba2-6730-4084-b225-a8c69e8a2aaa
e0821f71-97e7-40d0-a42e-3c43867bfd74
e3d9fe49-4133-487f-8db9-7c460702ce25
6ee4323a-9161-4b0d-b039-daa12af5ea39
3c5c0bea-b0d4-4b3d-aad8-8e58cbcfa605
1fc699e8-2627-4399-a6f7-4225f44abd07
0b86504e-8a4c-4005-9526-e93b0879e338
cf2398e5-31d4-4209-b067-5fd00bcd7eef
89174132-d450-456f-bb15-1fead3d888da
82aed2ec-ef5b-4470-90ba-1f5ac0ce3916
e8d5ed6d-e2ad-4dad-bc2e-83253d2d7952
3f3e2fa1-58a5-47b6-a954-41728d668cef
c9025c37-55e8-455e-8c9f-e423bbfe8ab4
e0da21ff-09cf-40a3-9989-e0e68899a31f
1ab43b40-f402-49b0-bf91-fb146050ce93
10235cec-9207-4e31-8000-bbd156c8d274
74491932-135d-4d01-8a22-f7e2242e0ca5
fb101d9f-8bf5-4409-a0fe-465f11860af5
d4ee4878-9144-482b-9a07-0161799602c0
3f5189e4-bce5-4b53-9056-9810b1c6db95
1ccf6530-878d-4c39-a92d-590366a2ab4e
a81d1a58-e79f-4f7b-bae8-8ba0f4f62585
eff60b0a-e6a4-4154-b1df-1339e2dd337d
d09df966-54ca-48c4-94e0-763e7fc3e93b
4a4f9f33-18f1-4ec8-ae6f-9bd1fe8b15cb
a578a1b2-cccc-4abf-a416-38826b3cafc0
8ddc26ca-388a-4ae5-a0b2-971029661b43
83704c4e-93b8-4753-ac9a-d02aa70cea59
c950ee89-4214-456d-afa5-33d9170a2b37
21d10a8a-c2ee-4a70-b9cd-18cbe3e123a8
f66c4565-841b-4a8e-887d-cc74b4ef49cc
98545b7f-48b4-48b5-9811-56ca14816619
7caf91d1-f2a8-44ee-86cb-dc1e450ad9ca
d7bf5f51-ae5c-4441-bd6c-c2b8a6c4fe00
f4aaf054-b36d-46c1-baf9-6e0087929847
cb47d50a-bf1a-4fd5-b769-e4072c3d2c0f
6d713c39-e6fc-4d93-a060-b7877c7fe93e
d82c18ec-f0ed-4bd5-8cdd-56e34aaf5f9c
dab1234c-691c-41cd-a309-29de862857b0
7a3ce571-aff3-4822-93f2-bc89d8effebe
65147ea2-4721-45ae-8f07-1d0a3d0ac948
854d55f5-a4a3-4dc4-a55e-ea84b74a83a3
b6a55c10-dfd8-4494-8d29-f712c3ff8f02
8e32bf1c-262b-452d-aa1d-3d9925b1b3f0
f4710ba0-d5c0-47da-abc0-22256c11f587
f1df5614-e977-4e7e-b0d7-344274e972ce
e1d508cd-1277-46d7-8a42-ee62a2cdf32b
18e92fdd-3ea4-459a-9c3a-9835ab1e180f
660fdfca-befe-4340-882c-3e89906ab550
9c6ec1f9-684d-46d0-86fe-4eec65f6d145
b1a04b65-3d9a-4fb9-b31e-0e59b2212fc7
2868474e-615d-4877-ba38-a8553b4f8847
e3aec266-9f31-4be2-ae82-a3e2cfb853ab
67cb7fdf-f76b-4292-8bbf-de210b51de5f
c206587c-d4d8-44e5-a6c1-82038ffd1f35
00444a43-2aed-4444-af1a-1beb608ab3eb
10d46c6a-aaa7-4b30-bdf8-647b878f4204
fb7921fe-cb4c-4aa0-97ee-4de1cc1dfb9a
2a4bba0b-78fd-49a1-9253-5f6a69b891ec
95db972c-3dd8-4389-a341-67a040a93cb2
92fdf995-b142-4959-b930-dce9cbfd5a48
70288ce6-efba-4cd0-8c4f-d3a9877587f1
ba757b4a-9b7f-4926-8152-1a0fb62cf05f
a5a3b44d-e2d7-4ffc-b0c2-9983c747944f
591caccb-7f6f-4b0b-ae1d-7aeebdbe4d26
c49774ac-df30-4283-906b-4989b63f8a97
a2c725e6-38cb-4709-adc9-728f5a772bc9
1e1ecb9a-d442-4bfc-8038-35e8eb61a077
b357886d-22a8-4c4d-8b34-707dd0869484
a2a10ce4-bf60-4d81-8172-f4972fe037e2
ef64c922-827a-41d7-9ffc-cf9d2de0b0dc
17688dda-325c-47a7-b569-935b9036ca4e
843cfb1e-2c67-4e0e-8d42-9f44818cd640
97f59f17-2878-4b70-b66e-9504aaa40051
2e5e5219-30e6-486f-be70-2d7ebc5ffad4
7cabee5e-de59-473c-a6e5-993c8f9528c1
3f28a4dc-bf51-4b63-ae4f-7e4e4100f318
7c877d8a-1b5f-4455-8946-b07bd8576b9d
bd50e55a-65bf-4ce3-86bf-97eb8d117bb7
37e880c4-1b71-406d-89dc-ba1ac8437c98
45ccf74c-770d-4af7-8e62-55f90d8e251d
556902f7-8091-4d2e-aa08-19ea39e7a997
65c7210d-f557-4b98-9965-cca56f202b39
d78c25e0-dcf8-429c-a468-cf50d75050c4
b24c0d1b-18ea-4255-ae2e-b65f9f00b1d4
ac8af985-d373-48c4-975b-9b76009310e1
c19dee62-a7dc-42e1-b061-6aa58b389fd7
0498b2dd-f8fe-4f26-adfc-31a4b791688f
5dd8331c-6aec-427a-94f4-96a4d151d4be
e849eb5d-31c4-473e-80ae-b73c0a505183
b1f48ff5-0a5e-4af1-a057-13da696c6f13
6c39d710-c132-4fbe-9c06-549ce0640ea1
e0d0668c-66c1-4327-b02c-014df191d2a2
8090e3c1-9525-4158-80c9-d91382316764
da1b43ee-7907-4252-82c2-362ad249ee77
a1f451e3-73af-4a2d-ba6a-5bf79a7e8cf9
d0ab06a4-6226-4e73-b204-77b27c7b798a
afdb5663-6c50-4e87-888a-b6f9c81d1062
8a468d01-1a3b-4511-b35a-9f0062828402
dc89f296-24c6-48dd-8967-fb61d1cfd70d
a2a0dda9-e25b-49e8-8150-3b95e295cea3
1f89d675-3222-4c4c-ad2a-271a57c0bcd3
218f6b58-6612-467b-bfd3-233d35fc5e9a
8f399048-688b-41de-819c-9555ed5dea47
a784ffa5-b23b-4c47-b121-a12a90afb4d8
0adaffcc-74f3-4240-8f49-a23595229cee
affce319-4af8-44c0-994b-03d7813bb3ad
f7454f09-5f10-4098-a8e2-f508ed3195a6
eacbbb0b-92b5-42f3-98db-54a9a550c25f
b0cabeac-7be7-4827-b6ad-c7db5dd89154
05fa63d6-8a57-4c89-ab2c-d555a2529eb3
fb4003e6-9cfe-4507-86d8-8f3ec5b14d1c
8f439c33-90c6-4572-ab61-24a8d2975e23
f325947a-f07b-49fe-931a-5d56500962e5
8cf2ae83-47a7-4943-944f-cd5a44b14459
1103cad8-bff4-4213-8fbb-8a793a15cc58
7d4655f6-a0bd-4506-ab3f-19d8a9597f2b
3301df10-8ee4-44ff-8b62-7517c5353255
25a03295-6831-4d67-a51f-110dd988399a
c2e0e70b-ce5d-4ab4-9449-93213fcfb301
e10e5bf5-27ca-4e3e-b462-bbafd7ce01e7
0653ef73-dd0a-4bc4-b18c-4831644479d5
248c6d0f-0dc3-47e9-8f1a-c142a77505a3
92e2131a-8a0e-4f10-a66d-52c8c4a25866
b699326e-c900-4546-bbf3-6c71fb1df374
c4f6ae1f-de64-44d5-a48b-264e4f76bd80
703cb268-86f3-46bb-b07a-b6c7a0c40bcc
80c9693b-68df-42ae-874d-34065697e1ff
447edd4a-4815-4fac-bb31-dbc2ddb4cadd
2f053381-5006-4b59-ab4d-2fdcb6a7635e
34f2644c-fa5b-4b80-8f3b-166083ff7fe3
05d6de05-9915-487c-bd93-64602892fd48
99f1c216-3bd8-40e0-b214-e6b5641f0346
85423975-af44-4d18-afbb-2502794a62a8
45d3904d-398e-426f-9fcd-02cb82afe633
12d45fe6-a06b-4cc2-aa30-185f732890da
96c86cdd-a76c-4f1b-98d4-9e576811b37f
015a2937-c125-4514-90a9-605ebc70ef0b
bb031428-4230-4d36-b20c-9e9df4e37c1f
262e2d33-8c87-462f-9ed7-76f7a3e5d38e
37ca458b-f331-4efa-a4ab-3d85908669ce
f49736a3-7883-4941-b4ac-06d4e4d1e567
a48795ac-5840-4c48-b4aa-3bf51a4dcc32
8717738f-861d-4eb7-a039-750ef99052a0
bba2f9b8-1a89-4acf-880c-427cfb04bedb
5bdfd8e0-e5df-4bc1-9023-25040848f456
c838a23c-9aef-4d99-936c-c5504dd50b89
880a736c-36c4-4c6e-baf8-af32a5cc31a6
682afa7c-97d5-47f1-9a98-260a36164148
a4b95d59-6562-43fa-bdc0-000ed6fe3f56
d12ff146-36e9-4a8b-b297-dee0c2b70016
f9e0dde7-7a88-44d8-a0d9-b1a738ebbe2a
c8f230c0-c30d-4544-99d6-0c07d90954a8
dd22028c-e6fa-4538-b3c2-2380fcfe0478
e42db293-25ff-4ed8-a21b-9d45e6bfb0b1
d1049ecd-9acc-4c21-8389-9b7b4cc07fd3
d6349cc9-5f96-4724-9872-e6b384f9db33
e038adb3-5070-442f-bea1-cf55517e2ed8
2bd6c715-fbd4-496c-8509-b9dc87e36538
5b3650fd-9983-4b4c-8128-06e36acebbf6
2abae24d-64f0-4fc7-84ed-50e884ae32bd
78e6487a-147d-4d6b-bd1d-6c39c87fda2e
c2372fa0-bba0-41b7-9ea6-363288def54d
81a4c92a-6d2a-46c6-a413-87b02d42f03b
8c7ad06e-14f2-42f2-8a19-5d27302b4160
89fa7207-c2a4-47d4-8b50-9bbb1b74c35c
81716fd9-d819-4fd0-acf7-ffed654b9b36
38b8ae74-3e02-4e77-8026-c2e83193ae21
d7f0820c-e784-4bf3-a4d3-98e1536fb67b
e47112c7-17db-4f81-8b29-c6641208f0d2
3855a0eb-c01b-4126-9d79-5121345fcf84
ade141fb-8280-4b56-bef5-e57435c69949
06ebf35c-c15a-4277-b76e-61ba3512363a
9e1ed63a-5f63-4ec7-bb23-040f3afd4279
1c0ff74b-fd50-4e5d-8a4a-dd8b4796b64a
3f78250b-23e6-4963-9c4a-8bb67e7e7afe
30661bc1-2b2d-430b-a3d8-de087600eea5
4a886078-bff3-4b88-9236-5b6a8f7620f4
ce94a4b1-c2d9-43b5-bf95-a1e13118fa1f
11c611df-92ef-4101-885c-4b7bcc092876
dc36d7f1-3c59-4411-abe5-02cd72e82668
5b7db190-5387-4063-a9bc-dd20253821cc
0fe36738-77f3-4659-8eb2-e65b007e5a0a
349cf740-481b-4e2c-b8f2-ada42a2903b0
0dc3a9fb-da81-4ec8-be4d-332e8076245f
d247b2f5-5789-4229-83a7-4554788a030b
dc38a1fc-6003-4e96-8cab-ca34837d55b3
c3f5c1fa-8aa9-405e-ad35-f3b52aeeda70
e5699fdc-75ce-4b90-8998-e1c4b8a209f2
d0a5a512-021e-49b0-8045-5af1e76934b2
8eb9f8a7-7bf0-4096-a60b-f812e3019e8e
85ee724e-6ae9-4bdd-8382-bb9f899611ef
a002c1c0-c098-4c52-9209-a54544f1c37b
2a28f00b-34a1-464a-a9f5-ad1016f2370d
7c30fc1c-a2f5-473f-81e1-b1ab1240d95b
1cdb3b02-6ad2-4d19-80f3-b2c04ec99eec
88539a1b-1d42-49e1-a9d8-78b766390b2d
2cb7fc05-8ae3-4798-bd6a-4ee8d206d4db
d75eb3fa-46b1-4018-842a-5196a5107b29
0737c20f-19cd-4bb1-be6f-091a8565dc08
4c842471-6c9d-4561-b640-5bdc5ba9e2ca
f309c254-6ec9-455b-942c-68b716e431bd
197fe89b-9c77-4e92-8343-cce052d5b9ea
ba188a3d-e18b-44df-bc33-e4f2bacb65c8
93af4c26-201a-4839-a1bf-bd1b8b057538
da41b171-1baa-43d2-8d2a-d69611adcf39
b90b3612-2a3d-4b65-92f6-3de5c41d91dd
1ca833dd-3000-4759-a671-fdb5a70cfdff
008b2a2e-6798-496c-8059-4973f924a69a
fa784abb-1bd6-4cdd-a99c-ea9a4b77fc28
dc1ae5da-7445-4cb9-8cf8-e283c8fe74c9
be7cb18d-593c-441b-9fff-ac4c878c97a3
d1775aca-37ed-44f6-a830-c961621769d6
0c962743-dbe8-4503-aff8-2087f6134538
008c622e-3e1c-4cfe-8bab-62340b48e88d
7f0c83cd-d641-4a71-ba01-dd51b3dfad1a
cfd9513b-4bba-410c-91e2-6c5026befb0a
285aebf5-6d57-4031-97bc-e25c5d744d4b
c79a1800-749b-421e-b658-97881d4d5323
d2a5025f-e0eb-4edf-96b5-9dc851bea411
f4e50bfc-7376-438b-9edb-efcb386f32af
1e4b9880-179b-41d7-9a02-7498e2e486f0
0ba6ac8f-b7b3-41bd-aa31-f6da3eb6f9dc
99717d97-5d46-4b7a-b925-a99f8413d6bc
7e3e04c4-5343-43a0-952e-f45da0d8cf2b
c72b3ecf-0cbb-47fd-ae66-fa6a984f0a94
1242ba34-0a5f-42bb-a6e0-09c205f5bbb9
b14995d7-7870-477b-b05f-a399e801af74
db8dd96b-f13a-44f7-b5db-90021c8cd220
b9ed7ddd-76bb-4dde-a252-c88f17ae5139
c6597487-577e-404b-863e-aa080acce42c
18d23a48-ce17-4583-88a1-4602f8e4a6a7
3e3213f2-d400-45e3-9b49-b54b65b8c7fa
87defb90-d87f-4e90-9b4a-227498a3ba87
cc307fef-a572-4d0c-a4cb-14bab94c110e
df959fc9-92e4-40d4-8ad0-cb34de16d9a2
17148e44-eefc-4fb3-93a9-6b1ac10ea147
27252def-7d73-45e9-9201-614b9e5c4568
0f650a90-b833-4048-aece-1495c4e13d77
2620c387-8ece-4a0a-99b6-f5aa0ad4364c
efc6fea1-f6d7-4ae5-89a9-4735bbcb8786
085c126e-3510-4564-9015-cfdecf4c9279
2b954d34-8a1e-4fdd-aab9-e4df94a9ebe8
e33144b5-5ea6-41c4-9021-f1baec3f0765
67fe7453-b3e7-4ecd-a39c-41c1f48e5c81
109499e7-6909-45c3-a521-6c63da1bffc6
87df1941-b357-43c7-b4cf-7165c701aca9
7ba14835-7548-4cc6-ba50-e8877eab371e
9d464dd1-bd35-43ae-a991-f805e387cd88
451faca0-147e-475b-b797-728af952da1d
870ed908-403c-49d5-8f77-2c9fcc913db3
f25bcfce-8a52-4b64-a085-f71f07382b83
5c2118a0-ef14-4a18-be02-715e3526f19e
da83ca78-53b0-4c56-8289-a1eccd824e39
66d24b15-01ad-46e7-b71a-b50fba3b39e9
1c0bb9da-a86c-4c60-8776-d20e426f7254
c6e78c9d-1169-4db8-a759-eb154dd91483
57018252-b7b9-4d43-bb4b-be956cdf2dfe
6d1ec1da-6485-4566-8612-126a06267c48
d8808456-0fb7-4475-859d-0fb1234a3ad7
9731d1c2-1156-4e05-a8d4-f7aae59928da
8bc96a4d-baef-40b6-95fa-2494563c4f54
7d973028-2e6f-4778-866d-decc28cfba20
19d4ea9b-3ab6-4402-adc4-dc90b13bd470
676d1147-c6aa-417e-93eb-e8a7d75f95b8
7e9ccc73-3a12-4ed5-9013-5333c4b1ff2b
15bf82d1-04b8-478c-abe9-0fd14388946f
e92f9618-b52b-4abe-b153-64b91bc56a47
6c0a7f4a-4e8d-4546-8e91-1cff1d34f818
47410ef8-0384-4a5c-8b08-7ff547eb04dc
b9537b76-8969-4c77-9c8f-ae2e35177204
f05bd39a-0483-4c0a-b783-9d8d9beb9a9d
5632bac2-9ef6-4ba6-a4ca-fda9431200e7
207e0c2a-c847-405a-9808-7c7420bb3d0e
f3dbdeef-3114-45b8-ad5d-5f3743670fb7
f31559fc-9e18-47f6-9d39-d35e2e63ca98
56910764-379f-4408-8347-0d12c675bc72
dfe060fc-4884-4dde-bc15-de18132a7278
5f0fd389-6375-42c5-a398-e6016681b5fa
9d79388a-9d31-47ea-ab29-88de892b0e53
574d52d1-d9f1-4ba6-982f-8e70d0c24bc8
98704514-157f-41a4-9e37-c546fd5a0e1f
6f89b7e4-7a56-4a9b-ab07-78b9dd4bd56e
8bfd4e51-c0f4-4b93-9dbe-9295f2679f5c
50b8d071-584a-4d1b-95d8-0a9700cbe049
896338e9-8ea9-4795-a5fc-291d82a41931
c6c76fdb-320a-4706-b66b-755e19844011
ab0f5eb1-2f60-4333-ab3a-cb4ea2d18264
e86c741d-bf59-400f-8e30-d18f2e4326d1
314c01f7-cfc0-4f9c-b65f-fc1b7048887b
a8b92b02-1e0f-4fcd-8445-b29332fed1af
ac56f55d-8deb-4afb-8d82-6a054b9cb0a4
0b00d131-dadf-489b-9bba-8dfd2124e52c
3b3ad880-453e-4a66-bf16-fbb0016d3b01
add32963-d799-487e-8945-69ddc3e0aa1b
2d8cd417-4360-4ea8-9568-b6e03cddcce0
7aa14d4f-4e34-492c-b5ec-f1b4b7c59d53
40b9dc28-10f7-4950-99de-34b401e0ce2e
bad779d7-c3aa-48a8-9c11-1867e49bdb82
d42146e5-ab07-4151-a014-08ab606f3438
61348e93-1e8a-41a7-b96e-aa1656367174
eda0b89b-04a9-4ee3-9910-3f602c9e40a3
8154da8c-ffaa-4e52-9a8a-ce276468430c
be98ecb3-5a4b-4794-bb6d-66886c6acef3
d4f28dda-eb73-43e0-811f-bfbeb0bcc1ca
d0e0004a-ea33-46c9-b2c5-ea6ac8f45b7a
fa69e4c2-ff40-4b06-a052-c16c7ba47eed
04077649-a868-4ec4-8e5e-e4fa04f81f54
37233bfd-1527-45b3-893d-40c3005cbfc0
f036a191-b6de-4fc9-b21e-1fd2bdcdee0b
6cdc14f3-86b5-42d2-bc3d-86c07bb895c1
40224c2a-9716-4d92-809b-232d3454c4f5
66a74121-dab7-4f4c-a635-499c8722e559
e89aebec-60f2-42d5-8620-a749778ec0c4
2fa9db79-54af-46e0-bc95-0bcc974e596d
6f4bc483-913a-4dc5-9c3f-f2193b5019cd
a5078f6a-c866-42d0-8d5f-3739c01a51bf
ef7f7b19-4f70-4b0d-8573-f588f5adfa7a
791569a8-efdf-4e54-afde-c0f7f5b9bf09
fe6f957a-4dc8-4a21-833e-6ff6edfbe63a
50c34a3a-74b9-4ca6-837f-5347adf0bdd0
890fce56-3a32-466c-a31f-8e41a075bf0b
01d1f7d7-67e1-4f06-a5e3-61e9b5283396
0f8aff54-458c-405f-94cc-43ff919dd123
8a4e21bc-8e03-409f-afeb-8d491cbce9e7
0f32c61e-f02d-4cbb-894d-5f43b31c7bc3
8dd471ec-7d7f-4703-b286-4b619e8806a3
8762d4fa-f9c2-48cd-be29-33d85fba64a1
582b2f7d-4d0b-4e49-880b-4a6ff1b4c0d1
90988483-5d35-4d75-aaa9-9c55812abfed
20f8fdd6-87f5-4e60-a725-dc6e2b59ce26
7c63d480-aac2-4f79-9ac6-5389ca99b004
d6a63bf6-4f81-49a7-bf7c-ac0219657938
b9155f67-4367-410f-8cf7-d8579c225db3
448d37d0-78b4-4f12-b1c2-4fa90b867ebf
2b6d619d-5449-4364-902a-47982624e1ab
374b9366-540d-4cfb-a5de-7cb369109a1a
7a174b34-3433-4c64-97df-487584cc1ded
dff903c8-490a-49e6-9b67-add7e5a89b3b
11e6c896-e5dd-4ce9-8161-85535879c22a
23f1e033-ef90-42ab-a1f4-aef44319744b
9859103e-eb3b-44bb-ba32-09b2688f8ecc
65e5253f-481d-4729-8122-c965a02cb368
8916792f-4141-4767-88bd-980766c75b89
b04d7a29-6286-40e0-b893-28f31fb306b4
af99ae95-38cd-46ac-9943-10d0bba5ae7a
fedd4933-a6cc-4690-91e9-658c014cded7
443cbc0e-296e-454a-bcc4-7cfff2ec1a5e
47e377f7-2f92-4727-8efb-4d4953360175
5d547697-a0ce-4d87-81f1-fd9256703cfd
3699adaa-a3e4-49be-a5b4-364cf20d7ce4
dc7e027d-041e-4c2b-b11b-59bee4a3cbf2
ded13b5a-4df3-4eb7-ae94-2f55e694c20e
83cd5d03-c67a-4c78-8628-237928b8190f
97af92c9-9fe9-4f15-8f3e-b431aba27d46
1299c72b-ca26-4634-a9d3-8503c356f0fe
f7a140bc-fda4-4646-bc42-d75c202dbdbf
0bb233f2-de12-42c5-bcdd-5a1792426dd7
3abdec03-83e7-419b-bcad-200d4e96d42b
6da64764-8406-462c-a272-861c85176e07
3c2302c6-3c7c-437a-a9ae-bf14653a9356
ca0196b1-f646-4a89-b0e1-43471d89e059
5766e54e-0014-44f0-b95f-92eaa4a83aad
9553cf15-566b-4e66-b6e4-aec09455f246
6ac9911a-d8fb-44af-939d-4ef1203cde03
80fba66b-fecb-4a15-8629-8a562cc248ea
96bfd878-e2dc-4c1b-8510-19e88f5b39fe
42a7c56f-a911-42d6-a75a-3a161dd9406b
fefbfc06-f252-4268-ba09-91ee37ef7e2c
2eaa02e2-57bd-4974-812c-d90261a37bb9
e35a1767-e4c9-4aa4-bd36-ba8cb8473e30
fd215846-e580-443a-90fb-986bc282742d
6d84d91a-fc91-4177-86a7-cf884a711633
9b35185a-e2b4-4c67-8250-9c5492a7338e
da7a4b28-0794-481d-8cbe-7acd8c61b12a
56c5d4bc-cd46-46c3-b0f3-ee83e79441f3
b1117e07-e8d4-4123-8df2-c4fb0e73363e
8757827d-b1ec-4708-9c83-7a2cea8e55d3
c8a6c8a3-d0b0-4c91-a3d7-c64186b75bc0
829425a9-e2c0-4a8f-9ebe-ae9035c21d88
22f4d6e1-c56f-4630-9244-7c515aa2e700
ce1aa73b-1544-4ab4-91d2-014500b64228
c39cf2c8-3c4f-416a-aa84-35b994a88ef2
1cf0cc8a-cf43-4ae4-bd7b-dcd023461177
0e12c7ae-3e58-46cd-aa74-962ab56874a2
08944b5b-8c55-4365-ada1-af3fb91a4f79
55b66260-ab6a-4d60-8238-c3e16b240204
adcfb849-63ed-4924-a7ac-f3d19b144e89
a31bbc86-4564-496e-94e5-a3af04100359
4e99b902-463e-41ed-a864-0a99b878641f
d56e303e-0772-4fcc-a1c5-39837c26bb31
2bad83a9-b423-4338-9eb6-f011ed64aace
6b307030-b606-4efd-9b05-1d3b04e5f614
0b1389c1-4f66-44aa-b9f2-f9d07dbf0172
d5c29c59-de47-4752-8a82-21899e6afefc
65a56a76-4c52-4c35-ac73-2ffc1d5e260c
3fe53fbe-5f7e-4006-9a9b-e13ce7571145
15934bd9-ffc1-4501-b7dc-d5136fd8e5eb
4d247846-b162-4b9d-8381-75a29f8a943e
b4de93e7-6104-4b9c-abd1-5a006c6849fd
142199f8-ec5e-4f97-8a95-2caa294691fb
6f48a01b-084b-419d-bd8d-eb1255e9fcd7
e280c30a-3843-46c8-94e5-8d83cfa27c87
41e3321d-b05a-4084-a730-108dc06a8eff
7592748e-73c0-4ea4-a50f-52842619c690
fe9e7532-5bb0-496e-b7bd-2fcaca430934
73dd0d39-82b1-4cef-89b8-63023d82f88a
d36e3ea5-4dff-420b-8ff0-449a24d2c804
99940fcb-5bc2-4bb7-9ab1-cdc443d53a7f
e2722cf8-15f0-4821-87a8-a95257c640a3
bbbbb580-f220-4b9a-bd6a-e4478028d8af
4f1ed7f9-f130-4e95-8e4c-39a2c1170e94
1973e581-820b-42d7-938a-39b249b72ba5
1bd7fe40-85c0-4b73-a2fa-71c8d0553827
c6df4a9d-9d0c-44cd-930c-03152e6fc640
a4146a96-84fe-4220-b6df-800bf4c58b42
a1dcde5c-9921-4891-a296-47c6b06fe015
b8c47437-a9e0-4882-81b5-4dc6505ec574
7729a79c-7e68-44d2-8d99-1f3df0dbda6f
77cc7c77-cc8c-4a50-9306-a2d488dc6498
1b2481de-898c-4f73-8d8d-1b59c2aaa9e7
954aaee4-d564-4060-946b-1e95d82c81f9
51e181f3-3ee0-4d3e-ad63-574b6bec1ffe
1b1fe796-7c8b-4d16-836a-58df1e02ef19
d66371bc-8acb-4247-8141-b0b7811e9846
dd63c97f-ffdc-4a82-98cb-3903d2b1b15e
1e139c15-4cf8-43d8-8b32-b2dbc26a9dd4
12bb6ecc-7a46-4a3a-8513-248ceaa2be88
19fd93aa-4c8c-4c22-a0e4-e5ffc1b34f34
26252d74-9f36-4a28-a8bd-8393bd005d74
cd56ea77-2712-422d-97c9-8183a53191d7
9f7a529f-479a-4432-8305-248c76be70d6
6098eb84-96ea-4cee-b723-157cf649a817
30ad28ab-25dc-4399-a825-a335ca5e0c79
ee6ad82c-fa47-4af0-907f-da7706d82762
c7c48574-cd7e-48af-be20-055a2b29a8ed
52cdba92-4ea5-4cbf-93dd-d91b89338484
d52d989e-b8af-469f-be9e-97cbbc9988b7
00dd969a-f378-4bb8-827c-fda3712ed7b7
fbe33d53-db91-4bd6-957e-9f74100d28b3
af9ae5c7-b73c-45ce-8763-d114876b0be1
e1a25a9c-a9c0-42c1-8f06-df7dd64465e2
cf7431c0-e5f3-433c-bb7a-2143a2c0caaa
2b1c7bc7-aa0c-4ea6-a61e-27616dba8b03
408f5211-f0d3-4c3b-8c8d-985d23069210
9baee35d-65cf-49f3-889c-ba794c4ee23d
8034bcec-715f-4aa3-a811-2e7b6a616c3f
3956dbc9-a000-49dc-95b5-f03e66e77645
2ac2ae4a-94e5-47a0-88e9-1c38e63cafdf
b8ac08e9-8b91-4e98-b1df-180d940fb2bf
9bc75404-f298-41fb-88ec-0cdd659eeecf
c84d0346-ac01-4173-99e9-c6ec459a671d
01d70370-bc4c-4a0d-9284-c9ba05b7202c
5c17250a-c42b-4066-90ef-018a704dc31f
056b8558-1198-46e3-bbf1-27d03d479c4b
e11330c5-6ee0-4cd1-9240-4e58a1f3dd44
08d58cba-689b-4abb-9ad8-2eed9f0182b1
391533f7-4169-493d-84f0-727c82c2a863
c7e05bef-014b-4d11-ae38-f04cc6e488ec
558ba53a-bae6-4902-baca-38db1e5f1e63
a85d6c52-c75a-4652-b042-34b675b4a9c3
0a39440e-f9bf-4dbc-b07d-febec69ac9ca
8552f778-5f21-44b9-9b74-42935b235cbd
7f90480f-d9b6-430a-935e-d27ad3777d31
c64c8fa0-f79f-4318-9437-280f8dbdf10a
3644244a-fa11-4a3d-b35b-4079db7b843b
0ce34f80-0813-4776-b5cf-47c2148e5431
314632a6-e8da-44b5-9d4f-0dfe02adc547
310227fb-5d63-4de4-8224-2dd5a5d1a966
6698ebf2-4de3-4a41-a631-94300c2ac1e9
4291d204-b4b2-4739-a423-35434edc81d5
3cf1d456-5df1-4e80-8cf5-d5ec9ea03ce7
168311d6-dea4-4dc7-a6d0-75ddabdbe8e4
3f2548ec-eeff-41bb-bcd1-262c6b3e9b4d
5a4fa91c-1479-4737-8df4-3917d0687262
bdbf868d-e4cd-471b-aa4f-96f94bc8c9dd
c8c7da7c-57e8-4d59-a93e-95b9fb0aeba5
9edd9730-9576-4351-a5d6-a03b2e70b365
f9f365a2-0baf-44ee-889e-a942d3087df2
e58a67fe-9a80-4e1d-90c9-54252d029be8
cc1130f1-f78a-439a-84a6-7efd0c3e8fef
9ec85183-7230-4f54-8ca4-21a61ca744dd
c14a81ba-782c-4eca-a53b-e0f92c32276d
505a7dc8-7b55-4e4d-a7c8-48c3818d62af
203ca3b6-3eb6-4e8a-8232-1c1280bbd16b
bf8beb8b-6ffc-471e-9f70-0bf0cd113e14
1b307c19-40bf-4805-891b-bc697bc1e2d2
d6979bff-0ba3-419d-aac2-2bb09c7caf1a
e0c870fc-004c-4fd8-8c84-0bc826f587b7
eab1427c-fa45-40a1-b38b-635eceee07ce
55e19324-3a8e-427b-bc63-e004c2d741e8
40acda95-e879-4422-aefc-d9b0c290ef91
7e77314c-4d53-45d2-93a6-f889b82567cb
ff8f0c28-e3f9-44e9-b43e-a287e15be5fc
b47b9b8d-1a73-4695-837c-7c39aed5aa36
1890ae55-9726-46cf-b22e-15c088d2aec6
04e6ea2f-e1b4-49df-b4bb-a8c9cfe5f61e
be266a8f-fdc6-4684-9472-2d283cfedd8f
83284eef-da9b-4e55-acd8-382183f7e850
dff60fe1-bddd-4bd8-8aa2-afc04050d012
8e6483a8-b0f4-47ac-aa5f-8dac33c6ecbc
27eb4fc6-e355-446d-94d6-2e296346acb6
485f1ae0-bef2-468a-8f2b-0ca3f913a980
03215e79-3f2b-4756-8c18-08e78db856a4
b0e0784c-2c58-49d2-bb40-42be0c328bd3
db00bf36-b1eb-4892-8589-13cd306d3337
37573b75-5422-4e91-8dac-674aabae7f27
89d9a48d-b5d3-4380-941b-10fa313b3637
21388a53-917e-4e46-9c49-ddf85194f558
8cc2bf05-1d2e-41ff-b0a5-f266bdfc9776
0d00601b-ef3c-45d9-b53c-826bba4a2aba
498300db-4ccc-4d7d-8c3b-f721220311fb
19cc5759-8f82-41a8-9f16-2e3201a3b2b8
c8d61771-60e8-4c42-8eba-a33324ced469
b9e582a6-e77a-4980-ad06-d41c899ae527
7e57dfe3-6142-4891-b86f-3ba6737c18b5
f9c7c7f0-e1a3-4551-af61-719aa63e88e2
ef684d51-e9af-45e9-9a70-094f26f931e2
98045388-ac56-46a5-a9e6-28ccbc8c788f
74e40999-a22a-40cf-b90e-ac50e0904021
456a94e5-85ce-4706-a0c2-6f8cb0908ee4
28765cf3-3337-4006-bcd0-ca3fa55c9f37
47651039-6814-4f4f-b858-fa8fb09dd296
11590c18-8c8e-43d5-93fc-61d0a1b2cfc2
3017775f-ca0f-4748-9ad3-2cd0fb091995
97ae8f50-a426-438a-9b4b-6316b49d2fd5
7ad2f491-3f4d-4daa-a5f8-e99acd6ee4ff
a20c2215-e49a-4a30-af12-ba2398135a74
0beccca3-1f8e-4593-aac9-e5cb48605ac9
4f4053d9-6a48-4ec9-a20d-64cca8e86448
afa611ea-37e4-479f-938c-c389f5a981ad
6bf6eb39-d503-4920-a9fe-a322ede8a2c1
95193693-01af-46c7-b200-da7aed36edfb
9db0b030-b34f-4584-85dc-6542f8b01604
c2194f7c-3dda-4079-a6b7-a453eac6a825
b10c97ea-983f-4633-8cf2-810c85beb896
410a53f5-cba1-43c5-86f5-b59b76485822
b19c7d32-dd95-4d08-86ec-360bf0f10587
8404231d-dcd3-4fd0-89b6-eef536ebc8de
41dde9e0-1be8-4079-80b4-5fa2436ec4b0
64bc50b4-6eab-4919-98cb-44bd4c619d52
8c3c0178-16a8-4283-b9c3-23c675c0a29d
ba8a9fee-d4a0-45b5-9a8d-2e2a653f2917
40eed1f6-93e4-4be9-8e0a-5dc42c365050
36b11b1e-cb33-4556-bc94-39d032b5b0b7
25b6a8ef-835a-4d93-8cbf-5e0d13659c97
5c70e19d-e770-4a9d-ac2a-67824ba06115
1a6ac86f-2d39-4e13-9877-045707e07d0c
a4342766-71e1-46e3-9ef6-9b7ef44729b0
bbf7c89c-2871-4092-82c7-49470fbd0e00
ef24a5ad-b006-4da6-a43e-3de32a5f793f
cd89f321-f212-4f1f-80a4-240651bca26b
2f539940-f3e0-4f53-b4f6-fb3a9fc135a4
da766e50-ed24-49ea-9dc8-16390b2a7e8a
8729877e-aa6b-4459-84a7-f63a21a8b24e
cc2ba81e-9b47-4cb8-be57-7f299a1b8c06
ae84ccef-c0d4-4332-9aec-c9844573a2a2
612fa91a-4131-4458-a0be-84c09dcc2066
2eaf9b37-dd92-4a7c-9ad6-92c8e7a7e7c4
849041cc-218a-4fa9-8934-48a248f10bb3
6f2fc486-7665-46a8-a9b1-294876a2c91f
a9572c69-45d4-458d-92d3-f740a6081c39
d7e15def-3bfa-402f-9932-88723b2799d4
c3f17fe9-430a-4855-9d0a-972699a4f120
f0490fcb-09ef-4aa9-9b93-0575172ccdd7
ef0e8f5a-85d4-4df2-866f-1d7a107acb9c
0bc12407-7bf2-4b17-bda0-adebd74884ba
e6182c83-d4f0-447d-a60b-8ff3fb2c8eb2
464aef63-349a-43aa-bdd6-bd21ce0d09c5
8e0407bf-9d82-474d-bc6b-8d792a124b63
e15ea355-31df-438f-b03b-1cc78f4a5ed3
36bff70f-d9c4-42a3-91d9-65f79b37565d
b33a3b75-d55a-464c-b059-e31b0e59d914
56b7a0df-e3c7-4329-98ba-41b35278b421
7a3b21f6-246d-4625-8271-67d1aa43e009
6c9de9a5-fc40-4a30-aba1-3b929b17e97a
ef07aa1f-81ed-4f34-a278-c04ce1ad22c3
b3bf3006-d6c9-4f5d-b580-756ae3adf035
40059b99-f665-4556-9c7a-14bdf5aadc3d
959860e5-6f3d-4a14-8479-0e4e2a79f6b4
fb3e1358-ba14-483c-811e-708e4a486063
9ef02af6-6bbd-421c-94bd-5f7d43645de7
94965a5e-ff7e-411f-8474-dc5d5984ff43
b4d65364-f8d3-453f-a8ed-e7befdf0dca7
226881c7-9e5f-4e68-9107-142109ea752a
78db7c3c-4911-435e-b40b-d536d7d0df08
a6962eb6-bdd2-4c37-9329-543fe942a9e8
8a925567-6ed0-497b-babe-9767da568e41
ccb9d2a0-08e5-4c05-9c59-fd0a706a34f2
ef256177-1db0-4bfe-b652-bd5c4e0f7495
4d433493-dc92-493d-8dad-0892ae9c0d5e
6bb36c80-cede-4b6d-aa29-00c5014cb0ab
3b2e2671-35ef-40b6-899f-f4d267ebeffb
333bcda6-1efd-4248-806a-2a19f641685b
251d393d-c528-4c7e-aab7-fd711db9aeab
4bacf0cc-1dbd-486f-ad72-7f60b074b9e2
7626d9f5-46df-40de-95af-68f64bd227d9
70765835-50bb-4aa0-88a3-d42e9e5f29b5
9e86bb22-69a1-42ab-b769-f930f2bd34d8
3b5adcc5-8cae-4162-b2bf-f8611bf34f73
495df423-23a1-4def-bf4f-4f8156dbca95
cc5b3fa5-c861-48bd-bfd2-6d31e1b7b691
11bbed58-2986-4b9e-b3e2-6033be254b52
b9629e82-ec95-4f13-8be2-aa014f191992
0bc4338f-3301-4c56-be12-122d0014c710
05d8082b-92d1-4fee-afe4-c690bbf52bd6
d348fdbd-b4c2-4b01-a139-1d661f7932e1
19ecf163-6c2a-4bcd-9a02-22ad8386623f
62ee9604-ef42-468b-a81b-6d0b4ad8f7fb
4769b93d-3f31-4be9-be43-03cd64ba38ec
57e67592-64fa-4597-b142-a79d774927c9
c1bdcf2a-ee88-4e67-b330-9399eb50ad8b
849592b7-8071-4187-904c-34b0c07a27fe
f3c028f7-cc54-44b7-84e0-97ed32ba49f8
9b0aa872-defa-4b69-8f6e-bdbf8cece36b
f65f9564-de6d-4fdd-98ac-b230797c3bc8
a285fe7a-3cd3-495c-ac90-129a6d866b34
50c0e80a-1d90-40fa-bb06-73650f30885c
f7aae792-8f96-47d4-b588-c9542cd4feed
e4e8d542-7596-4803-a6c8-e85c719e9cea
e58961d7-5d67-44d0-8f14-ae0f86a7da6c
a1d1c6b0-2313-4e65-9067-d9c0b8dd5e07
1e79c5ce-3e57-465c-a81d-49ada525756b
4470d870-e046-4070-9007-e3cc21838228
f92d8c6c-a324-4114-9d73-7f58676d54ca
eb7dda9a-0119-4be0-b71b-80485cbb1cb3
86252a1d-f5b3-44bc-9721-89fdce405a19
3c11c622-0f98-4d6f-aa43-57f51b9227ee
83257c8c-d1b4-48b5-8c51-fc76b85b39d8
1823628b-4804-4a0c-be79-d3f44cbf3452
0a0ae177-c925-4878-8f59-18d8eed11658
590b1b74-e073-48f8-8701-b99f6199c6cc
73bd7998-fa7e-4fd7-b746-7c162988cd41
c3c3bfc5-b839-4a30-9e37-7addb837f994
9d714d08-5194-4e9b-974d-b73e9283201b
30d84482-db5d-4aea-b388-5b61c6ddce26
27039777-9a8d-4267-b140-7df5d17fc360
a156410c-5541-4b46-8e63-9aa7c00b54c2
20330be3-35e6-4e2b-ac61-3c5514843f7b
2c011757-649d-4d8c-8dcf-4acb67213575
799371ff-b90a-464c-800f-e7359d859dd0
79248af5-edda-4580-a7b1-aef527f5e513
88edd0ec-1e99-486a-878c-f5bab70592d0
95d5f07a-5afc-4f17-8678-3989c3a30327
ac455019-8373-42c3-811e-7e9a56cd6c5c
78597bd6-7010-4129-a645-74686ce09d9b
80ead500-d705-43ad-983d-201f59602857
40b04708-5357-4256-80fb-7bc20a9a44a8
22b95d51-527c-449b-8f04-3c8008528343
74737d7b-373b-4d47-9e62-fb115cd9c13b
63ec1746-7e0a-43b0-92e6-78bf3c008a5d
fb9f1709-f3a0-4275-8272-732bf6a7df48
c9aee9d1-a3ae-4de1-95b4-d24b5b9e1e54
fb161eb5-405b-4b52-bd26-ecf7f5e2c14a
f684f48b-2aa7-4c28-968f-a25241db834f
f579ac45-7296-4417-910e-6aaa9dda8cbb
3b72d088-bb15-4d11-b0df-3f675fc8cf26
cd4c1984-77d1-4fb3-ac05-6f577bb8ee42
669b10c4-6f91-4fa5-8181-3a71c9cd86a1
ed469cf2-e44a-48f9-a8e4-e1f271ee4a8d
b0835664-61d4-4896-b5ee-e93fa9273438
c33ae019-109f-48ec-b3aa-d4989da11c2c
f33eb983-a50c-445e-9c39-c82d29b62b43
6f67dcfa-0c1d-4880-bfb5-64015db37326
4fa81c2b-fada-4f49-bbaa-935b6558909f
7c716d2a-5cbb-4f45-ace2-0c35e9b532e8
a4f7acc6-de6d-43c1-afb8-681e15ef880d
8e6f0821-10f0-466d-ae99-1411c8180781
af8a00d1-bbf2-49da-a1b8-8c407f6e2021
40af32b7-c6aa-4122-9f2e-92e2ae41c89a
ff76fcc5-d7b0-401a-9c6a-0f3c67b9b735
9eca232a-7afe-449b-b01b-eb7a7e4d9304
9a8802d0-a95e-4d7a-8ee5-a5173b8ee5e5
f575ee95-76b1-4c7a-8a34-d94aeccd651d
7eb8ffd5-7ce4-45a3-9a9f-62c52f88dc02
5fa8e2b0-0dc5-468c-8205-76c4004e9504
b133f8d0-ba44-4ed9-b09d-fb781335bcb6
3c283d11-ab55-468b-ab14-888873a77be6
0e9da58b-4618-42ef-96bc-c6785f6c92ce
93aeba63-f24a-4059-99b1-7fc96eed5647
89c2ed7e-6cb7-4a94-a13c-acad52c978ff
fb984207-36c6-4d03-a4b7-db951dca6a2f
b7ba6670-7208-4d3f-a236-5f70a7eec68e
c5371d9c-ca7a-46eb-a75f-802094b36b08
c011cc5c-d8b9-432c-90c7-3890d7b28040
4cb30399-9e44-4da3-b6b6-158a85221a59
7d76cd08-9b0c-4f31-9618-08c4183bdf17
e399512d-7d7d-455b-af2e-056802a88989
2ce5cd11-95f4-4355-be6d-a03393cbb404
35deafb0-6253-4f2e-b066-1ef8c1a86c43
79966695-95bb-4d7f-88e7-1b171e0a286f
ae4f885b-44b8-4770-a161-cbb6fd13edf5
782babaf-493a-42ac-94c7-6845f265dd93
eb547731-6e77-4743-83be-e11bfb7953ec
5c87adf7-d794-4520-8dae-6f2b22bc689a
75421036-d86b-4057-a30a-d025b86c78b7
859c0b64-fbbf-4169-a2d5-2170bb3d590e
4311e032-854b-4211-b416-51debfc263a3
081b1682-ab21-4b1f-bc78-f59652fcdea6
12ed93ca-cf3b-4536-adab-c3a5164f038c
7254c27f-82b6-4e25-9d99-271fb356340f
ab0e4d8a-38f8-47cf-9f51-bdfb65f9acf7
5bd25884-0b48-465a-b6dc-a3b929fd63f4
32067016-4014-4cba-8cb5-228fc500178e
fd4172e3-b2ab-477a-8b47-3a39efa60089
6097f713-deaa-4ba5-a37b-ab22b03e66f8
f1049207-4790-452c-9337-63e012d655c9
6f9e7868-f1af-4919-abe0-c8bc8c5b3468
702fd40f-432f-49e3-9422-46748087aa89
f9ba926e-f100-4466-abc2-7327e6222887
f5fc58f6-9a96-4af7-9462-8d568b86de23
7342ac57-baef-442a-b4c4-53d00439e464
bcd087ec-5628-4e74-825f-a9a86dbc9202
e176b76d-61b9-48ae-b998-8cca403bf07d
f45e800b-c892-48d9-843a-1633173f6ae4
2dc44902-f9ed-499f-86b7-a63e31518dc9
6d30be16-ae26-4409-b952-83b0eced89a8
4e4e91f9-4ce6-456e-9c65-de134a89f673
65bf1f8c-feba-4c2e-b77c-cdfba3862651
ae1dae37-8f69-4cef-bc0a-6781f52be444
2739dea9-bf6d-47ea-bbbc-1f01ddb137a7
e9e0dfe3-8ace-4379-bee3-ece89b282ce1
03ef942d-c91f-4d85-a345-37cf28f6f70f
abb36a0e-38eb-49f3-b2dc-2585970d804f
04135d44-f64c-4d6d-bd20-651a4ca54b0e
7a8fe131-ed27-4470-94a5-a19dfb6b10e5
bf0f2cf8-4bbf-4d41-97c2-4e986f9c0a6f
5b5c6f4b-2b0e-4a3c-8a1b-f20561aa2ad4
15b40624-63ea-420f-b167-6821d10f430d
5660575e-a93a-4154-ac38-85033368c5c3
273a074d-b6f8-4adf-a508-eb606e2e7408
597b3213-9cff-4754-bc2b-9c1461a5b648
44cdc44c-7be4-40ca-a6fc-a7e6d062820d
24dc932d-3573-43ca-95d1-2e2d26b6f977
40c7c179-24b6-4589-bac6-744b5d58e8ba
fe1850c3-ddc0-4f8f-a945-f62731764234
544de53a-ecc7-4ccf-b69a-6fbba23a42cf
15d19ab1-97c6-4a2f-aaa5-6ce8869dc478
cc003a2f-47a8-4785-a888-679656b20b04
a7425e39-f80d-49a5-8a00-51c037fc0f15
3b8ccb13-8983-49b7-a36a-40996cbd0e27
6f71922a-4788-4559-a7e6-063a61d77964
bdf3e3ee-33cb-4d4b-8351-6740c3ee8a7f
f3ff32a9-a43f-47e5-b87b-bcbf232f8e5b
ecef849b-935c-4d85-a7fb-9d158bab3172
f2d505c6-d7e4-4aa6-9f48-636f71e0484e
28297371-0ab9-4938-9ddc-c091d872ba25
dde73e32-16cb-4179-820a-6d5f31658cd8
b721cd14-fd9a-42f8-b7e7-d92de5f5a91c
6203caf9-e397-4275-a149-a0972f3d7aa8
2945e219-8951-41ce-850d-ddc2873f14b8
27bd220f-e1f5-46e9-80c2-ee0c7ec4c6e7
dbc8764f-52e0-4ca9-86f5-b5ee341d2f6f
88bf2580-3705-4c2b-9a7f-390be3578bff
95a71bd3-a772-455b-99f1-7460bab5df5c
d6ac16fd-96fe-4ee3-acd4-81cd0aea208e
e86af8a6-bef4-4dc6-9e81-f286031dbe1b
45aa144e-f9b8-4965-b667-2020e74559bd
92a45d29-3d72-457a-a341-ab0d0f2a47f1
bd3b1d0e-436f-4787-8ceb-3c314ab60e1f
27db488b-6eed-48ca-bf9a-7f2077ff78a4
887fc350-1ad1-4878-b8d4-61b2f9175cf3
9bf2d065-14a1-4eaf-9bba-99843073909c
5e3b42d4-c1a3-4f84-886a-5e355cc8aaf3
c7b5a79d-d7ec-479b-b4e3-7a56b0b81951
69fec2fc-9d76-47c0-a91d-d55268ed274d
2c865383-dabe-4cf4-9c9a-4b8cab08360a
6ff4f396-7c78-40e9-a3ea-1d0ee63df074
bd1106e7-ae70-46cd-a355-95c4af9cb708
9659c5d1-4fd8-47ef-9406-6319197028b6
45f0a59b-a532-4272-9e82-b5834c52ca0d
5756eb4a-39c8-43bd-8c6c-ab8fd56a227a
2bc9f6e3-26c1-44d1-b407-a04e17abe572
995cc694-7910-4daa-ba1d-29ca72fca1f7
47745156-5247-43bd-9ea7-dde20fef6da3
3ddc93eb-47e8-47fe-9217-f775285b5c36
9e035fe1-5932-41df-8aaf-20e7007bb14e
67360ae2-90e0-409a-98e6-3e5ce5d6a79f
8f5c0a98-a69c-4340-89fd-f3131261969b
af534a50-fbfe-489f-8c6a-fcb93ef52273
b3d5701c-9de9-415a-9b8c-b98bef96cd4a
c5657f08-72ef-4d3e-926b-4e068ebb355c
9bda64e9-cef1-40fc-a154-a9fbe744e99a
b01e8be7-b5ed-4b77-b52f-f7140a995f2d
19488017-b3b7-4cf7-8c7a-030852624893
371704c8-0bd6-4143-9a50-5e705fbfead5
0a75e49a-98b2-421c-89c2-0e4195d49146
54bcc74b-1f3b-4b2a-82b2-fa5c0f8ba068
a114f662-45eb-4195-bba4-c2ad90636cc2
a49ac034-35f3-4006-9425-2f60545beb59
c75552c5-3744-4f19-b5ca-27403eddff7f
b731baef-2665-4c89-b4ee-0fb205085512
3f3f50a2-5f2b-46e5-be74-4360417b48b2
f3e862b5-7258-4fbc-b332-db164c62e1bf
7038fdb0-31aa-468e-8252-78932f6d4762
ae571fc8-5e18-4f2b-b4d5-7ddede5a3bb5
453bda1d-33ed-476a-9f52-11b2ac5d7ebb
c4a4d8b5-48b6-44b8-9c88-5ea73ee46c3b
0c5f5338-4d79-4ef1-a626-c933a355be1e
cd525f3e-f3f1-4cd9-9ccf-be173ceacc89
296afda0-acbe-43ee-82b4-b5a0bba0e38d
fa167980-1851-48e7-a913-e00c562e102e
74e9fbbd-e81a-4ced-a4b8-877c40d7c079
9d31a307-c590-4801-8ade-9c946f73b1bc
2d06f4e8-b522-413d-8775-ae443bde6880
f32b4171-7bfe-4f1d-84d9-e6278e4b999f
59c183ed-7a53-41f1-9a67-a155cf7c8fb3
0fda8fe2-bc6b-4d2e-8d96-08af41cbd22f
023dedb3-5871-4f91-af22-7dcc6bce7904
48934b34-03c7-4ca7-808d-f17222dbc0db
473305dc-90fe-47b8-a283-bea6ac954f39
c402a0cf-18c7-485d-adf6-2aec96d64979
dc78b141-677d-48bd-91cf-c37dd9d0396b
4fe95e5b-ba76-4512-a4e6-a9a263981238
5616a1a2-4d09-4d81-aeaf-fee94dc4c1d9
0fdd490c-fd5d-474f-b001-a949391a59b0
1f0c0e5d-1730-4691-a8aa-2e747340f10c
08666c2a-6bdf-477d-8062-94ba5c0254c7
cd71938e-889a-466f-9627-74711fbefbe0
dc1472d7-f7fe-4a74-a4de-62419a033a21
715c2b9d-35d8-4568-8ea4-d6ad9fa7b29d
0d5a443f-76c1-413e-b142-208d644c3a0e
10906507-b613-4874-a0e2-feeaccd71e22
408659bb-3aec-4e76-888a-f086f2d11f02
da5525ec-9e33-48ed-9dc7-0b4d871e9e60
17d988ca-598c-4c21-9ff8-574de1e7fe5b
625c557a-956e-4171-b4a2-f3f591a89d2f
6d2c90e2-03da-4ca5-a642-cc8ce07fbcb1
b9881b8c-a608-4067-bc9a-8f88f832788c
26545991-af84-47fb-bda7-42196b35e795
6a1cf574-37ae-41bc-944b-914a72eb76c6
4be98da3-5dcb-4854-ba16-eb1357b97efa
e76195c5-36cd-4323-8561-7ebebb80e15e
5f1828f1-b44f-40b3-a643-f1acb4a93cea
a2072e50-2a36-4d16-b2ed-bfaed9cb0946
c36ad71f-b8e4-4b53-94ec-b7e4ffe6b732
be585b49-f3d8-4299-acf7-3f9d504de3a5
46707298-9eb5-47f2-9ee6-82d07ab51080
9f35f3b4-80db-420d-9f3a-f2cef465a35c
8a395edd-5d61-4363-8f05-d1d6bb24ccbd
774cceca-62ae-4801-9916-e1894b817e1b
034f2d32-cb8b-4fab-ab88-b31dd73cfbd4
90ad73fe-a04d-40a2-8890-8e135116dcad
d5c6521d-9dcc-4b16-af76-ca33e5546567
a654666b-7bfb-462d-8c4c-ec52b3cd6e11
b1087440-e1bd-4fc7-b48f-d281743a6817
53098af0-2053-4152-a5c3-d982831b46f3
703d79dd-2e0b-4c28-ab6d-70d09a7da24c
a91fd265-edeb-4b57-a769-035dc561fdc0
d204eccb-9c9a-46cb-9c6c-c288a61897ea
6d4cbfd7-b7cf-49ba-b7b2-b280d7332a44
a952e0ca-7b22-4797-b5a0-df29459cc971
ec5991af-eda3-46f0-91bf-a9c95e0ba18f
22ab2f46-0bf2-48b0-92cc-c0d14c288fe0
e09774a1-93bc-44fd-a457-1ab898e73b55
ae1e9d05-d334-4021-b49a-b9807eccb7a9
ae269d94-3e2e-413c-ae81-fd3e657770d3
7ac8461a-fb6b-4631-9f4a-ddf30d165c87
483bce5a-bd69-4d69-84cc-5d3ddd2b1bd2
4b326127-6798-487a-bcfc-84c0eb34edf0
c905e1ca-7efa-469c-823c-7c086eed383f
7d95b5bd-f0d9-4552-b101-a03da59adac5
ed299b11-787a-493c-bcf2-db14ecc2aac5
079a7b3d-9eaa-4a31-abb5-0b4fc7dd8b68
31c8648d-f4bc-47e1-925a-c38cb68043ec
63874cf9-eead-4287-9a50-81e2349a47ca
0a01ac86-f523-4f29-8c4d-1e0f22ea56ba
64e758fa-a397-443d-b18c-1a82d6f2a7bd
36e66e78-fe0c-412f-a844-042bb05170ea
43cb050c-dddb-44e5-bf5d-a2acaec5a997
10bf67eb-6b82-4d05-a792-e81cedf1e68a
52f940e9-fb7e-41c2-88a1-c7d76a6ee541
60b417f8-9316-4898-b0b9-ecb84d2e779e
b1e47d13-16ee-4b91-a04e-9a36cfba2545
cd36b963-4e6b-4f9c-ac9a-059d4a24cd25
6bcba79b-ca40-47ac-8bf4-c0169380d903
2288a6c5-4b32-494f-b11c-af091b30de3f
969257a4-6413-4f6e-a517-5e7d4254ce36
b61ee946-f719-4349-8700-51047972c00d
3b2178f4-99eb-4a6e-bd9e-7b6f55907e7b
12115720-c02d-435e-9c69-21cc6cca9d22
6169565e-5b85-4b0b-874b-847ece0c85db
81c703b1-eddd-4d5f-a01e-d8bc97ded69b
0484cb72-f2e7-4b78-b8bd-67bcca7ab989
01f9ad2a-4850-426f-be9c-dda034ec1588
8a6bf111-5393-4080-9219-b03750daf2b8
445880e7-0b25-4e1a-b515-169a6a3dd467
a75cbd2c-8df8-46f8-a3e5-60da1ba5f421
417467c3-b157-4a96-b372-d799b0f6bd2d
abea3bab-099b-4c59-b9d4-ff5a04b3257f
da98fa7e-0ab6-4777-a912-f3c9107f3843
5d0e718a-d029-4fb0-824c-19dbcacfe21e
35aec6c4-0870-433d-ae1d-d6219aaf0ff9
dd5cd5a7-42ec-45c1-a6cc-74441dc554be
8e671268-3d37-430a-866f-9d04befda7dc
43d75005-014f-4443-8903-b32fc06ea29c
555161ff-8ab6-4794-8ed4-aaa53f97f233
dba9f836-9553-4e97-b891-b917fbbda8b3
7138eb0c-56a7-42ba-8ff5-9c6c195eef99
7094af89-dade-4838-b752-c79e7f26e67c
f3b7a851-91d6-457f-9ce5-c2657a24c162
2b05f821-efc9-4436-86db-2e3328d52993
346ab4ad-3e91-43cd-931f-22140c227e63
568a23fb-9ed7-44b1-9843-3a5221d96b8a
73944e97-1a2d-4c50-9cb6-bea50d217d55
1160968c-8bdb-49f3-a1b9-53b01511e17e
0134bdea-2a40-420d-bed7-b57be38b7d74
305bb9d9-cae7-4d0f-a5fd-9e707ea7f7ba
22422587-442f-4b72-ae9c-94d155347ec7
f9f99a77-606e-48e3-99ad-adf3e5363779
fb6681d5-e35e-4380-92f2-de326099eb9d
a32afa6d-2176-4001-93bd-cda075350e66
35dfa326-6363-4c17-9003-317098387439
db2c01d3-1bc4-487b-aa18-fe0c0fc78068
2bcd6e81-a745-40db-ac49-2e69f3ec0d8d
e4652c84-d3a7-4cc4-8ad6-e63ef9c9048c
6f2568ff-1a5c-4c33-923b-a1d95636cf42
a9ccf551-a5b6-417a-8acf-1473200abf30
d993a4b0-474a-44e8-801a-5274bcf0ecd6
9ef5ce05-d66b-4fc8-b738-53b1b7901728
52cff453-91a7-4c92-b87f-5c010c08af74
50c1e90d-8805-44ae-a32e-3520954e21e1
73a2c249-b194-4659-92f4-10c31e8a65b9
d9d807fc-85c2-4e65-a175-b178fbc76246
8eb421ab-a3e2-4ff0-9a28-e85bd3afbd11
2fd36d07-7b2d-40e9-866d-4436f9381c53
c514ae75-5889-45e0-be24-67aa206c9e0f
01137000-c52d-45ec-8083-b5c967dcd320
2ab6edc6-11b8-405e-99f5-1b541e83346e
0d10ec62-c8f8-4a5f-adfe-524c9766dfbc
5f974e35-fb35-45d5-b8a8-e791fb98344d
fd739a7a-5fca-4991-b639-8b71b98a6b21
920a255a-a131-4391-8d1c-54cb7190fd59
1459c27c-25b0-4f60-9dd3-a31a7c0ffe8c
f7077bda-5687-4c2d-91a5-ab41fded5862
10bdb4fe-b6de-490f-be66-22b6f4e9ad41
21fc6984-c3cc-4eb9-b14d-6ff9925c2c39
5f4a8fed-ac67-427f-81e1-2058d0460358
a7dc0235-937c-4727-93e2-8c9d7aaaa5a6
8188fe04-dbe1-4642-845b-30727ca60aab
74865190-fbc3-4804-952e-1f16b736c3d1
7095b71e-604f-465d-9b07-3f887a7350a3
ec1a5c29-97eb-43fa-9815-cd7c28c2961d
421bbec1-e6a7-4ec1-b783-e808e691b65e
7df906b6-0113-4693-8fb8-30f6799bd65c
05737b39-c616-413a-843c-b8c983dd0dbf
4e6e856b-b1f8-4221-8ce6-8d94abbf9439
7e77e102-9067-40b7-b23b-38616eb7185c
288f2a09-ed9c-482e-87ec-0f9e16a90773
4f2d3a58-68b5-4fff-b30b-e108f4a5081a
a710e18d-6184-4caf-aa51-b25533471fb9
9438b82c-aa6f-4abd-a550-23c5509da1b0
89351c13-bb1b-47e0-a056-65b5f300e513
73094f3e-7d96-4ea2-a697-2d65d52eb7d3
baa2419d-2ed7-4d5c-b23c-639ace709ab0
bedada86-a28b-4017-ad63-0cb863c291ca
66006bfe-cefb-45aa-97e6-990112e1ceed
ee5dae4d-54da-4f81-aa22-1dec24d727f6
e77a36d9-cda0-4699-afb2-3b44eb2ceeed
5554dc38-0ed6-412e-bf13-204e5a81bc78
ea4d4d2e-53cc-4ba7-9f81-108a47e4e972
fd7dea66-fe46-4d7b-a496-18251de657a9
d009f10e-8006-42aa-afd6-d6ab64c3f41e
aad15842-593c-4c57-b0ee-5c37237a1b83
ac338d85-3710-49ac-8ece-bacc624062ba
e1b99966-2359-42ed-ba86-e760687ee46c
db511556-8c54-4e55-bbb6-e58e9ced68e8
11fa72df-495c-4d19-8089-b404b8a18697
5586f581-f6ce-4470-a59a-e97f38af4cb6
cffd0e5c-89ce-453d-96c2-3e3fd38f0418
e286c8f5-c797-408f-a7ae-4526b57efe34
b31c1bd4-897b-405e-9a23-414e7a3751ab
cb52c53f-be43-4de7-903e-837a35ab015b
771f525e-feaf-4b4c-a286-936e84bb71fe
f79cf771-1d6a-4210-b818-3dcf62ccc5b8
ede0b40b-f47d-4812-a3a7-08c012dcddb9
c396374e-636f-4190-a994-c822c131d373
5845d9bd-b1c8-447f-a16f-44646499318f
85735ce2-b4b8-4c4a-a848-36bf949b56ac
99fa6d7f-82e5-4a2c-967a-006cebffe4b9
daafc471-9af6-4a67-a075-cbd6fb00665b
3e7503d0-289a-478a-843b-d1141df3a871
6b614091-6f61-4696-82d6-6827e45d1941
40f07b5d-342d-4399-b67d-fa8408862970
371d88bc-50c1-4359-a0e0-cce19d8ac4ee
5994dee2-0c3f-483c-a27a-5912fbb1ac74
9244e8d9-22ae-4de6-b6f5-6d12bec38235
da6a1021-1934-4f3d-9868-4904f6b4e019
5bcbfbc5-b36c-42a0-9343-01cb85e4845d
09232b74-63c0-4aa4-8e7e-8e70be7a06ad
8c753163-7046-4741-ac55-9c875fa758b8
86c57e95-3936-4370-adcc-78074cb20984
73585e49-bb71-464f-9366-03bf6b974c3b
7dcdefb5-d31b-4804-a846-fd54db868cda
8eaa63e9-e202-4c71-9c60-64dbc6731b6d
1503f5ea-fbef-4846-8983-a69a6d1f2ab0
b05bbfbe-349a-4c1d-8923-4c81dcbfb904
c0a17820-eaac-4896-9086-fcff09d35b1a
da391206-9878-4be1-9fd1-1ddaf79a56de
e2e03399-ba67-4592-9448-6da3d04e01d7
38e3fbf9-901a-4179-94dd-e8b5d0d71807
f14639ff-707a-41aa-96ff-4eb3af85bab6
b61a37bc-30cc-4adc-ade1-de4ec22690f3
e820d8fa-e696-405a-8b18-c718e0225cc4
6e9b04ef-ac87-4fe6-8b92-f2b1dd4f654a
0cb66041-2c5c-4c19-90d7-111454497158
cf42c7a7-924f-4252-bf6f-afce53d62439
18dc2617-a85c-40f9-ae82-6bb1da02d8ab
dd98dee7-7632-4ba7-8c53-17fb0104cd96
bab3adec-544d-446d-b517-88c5bb5efc65
7cad8567-ea7f-4c1a-bf7c-f43a04b853df
93d2d476-adda-4148-b1ad-c8dd88d55df7
17295084-05c5-44b5-9e24-80294ab50374
03f8d210-2b68-4bc3-81dc-842e9618ee08
1de1bfb7-00e1-402f-898e-983c3d1cbfbf
78bf45ff-a50f-4174-80b8-78103ecea2ad
ae1a3c8b-6599-47d0-ad50-bb9b40942bf3
e2c8e23d-b13c-4cfd-9d51-05cb706911f3
47f85c73-4ecf-4019-8ed8-a486e66952be
b1a49b6d-622f-40f6-95cd-b5c1a6293fd0
9c068aca-833a-479a-9a1f-c540c0054f4a
16600075-23ed-40c8-ae25-08600c7f9d83
71368664-eac1-447e-8f4e-55fb96cd92be
e2071b0f-fd42-424c-9022-de86a98e8b47
d54ca8e1-202e-4cbb-a575-24a3955eca4e
0211ddd4-3f0c-4f68-9b57-479f0b7161b3
f6b2a590-3a8d-4bb0-80cf-a1f73d496442
f4d90ed4-19fb-44f9-8eb2-5baf7a4b5b3a
f61c7aec-7204-4795-9b69-c06c2ffd4bb0
aede1923-9625-4be5-9f38-c59b2670c64c
534e3444-7df9-4697-ac1a-81b2eb6b7c7e
17041fe8-18f7-4d46-b471-31ba919601ef
8c18a3e0-f6bf-4041-8708-cf3e9b890293
9e4b439e-c9d2-4965-b6e5-3f19a5ba6f7c
706c2c3b-4c98-43e1-96d8-4fd71e3b9f25
9c49640e-7eea-4164-8194-38592e3ec4a2
e486bf95-ae62-418f-a2b4-09ea11638fa9
b35ce39c-5571-45dd-9b7a-9b2d3128e161
444aa3fd-0260-4b7d-81b7-b64bc5fc51e3
01820736-3045-4c43-943c-5100713c9a5b
2518e21a-e097-4e47-aaa3-1378b105dd6f
1bd59996-137b-4638-b72c-fbbceb8302ea
d9d34165-f7d7-4156-a9a1-38a536ced40a
de383e97-2446-4adf-a312-2adf483d7e18
19f54017-a9dd-4640-b6c4-4308d4d0b480
256df51b-5b2d-424c-a70a-65007ed87f12
0a827045-5ba9-453d-8063-4b6ef8e603a6
60789288-5e7a-4c97-926c-acd5ba972e90
334c487b-1427-4c93-84d9-1e3ed8e4509d
33297fd9-e99c-475d-a860-f8e37901ae13
9bc6ecf3-84b5-4677-b375-411a4e5f5cd5
9dc61e93-0abd-482c-8f14-556f9ec84ccf
d9a66142-b160-404c-a981-94945dd4738a
68a134d8-8c34-4107-aa3f-7bc44f267e02
4dd1c6de-ea56-4ff1-9f91-56fd3377f76c
b3e39230-00dc-45f2-912d-58df25347e39
0d38d1db-aac3-4e84-8234-e9936ab4e17e
4081d037-3cba-4526-814f-d360789eb75b
24397b58-0af0-4cea-8ed6-7a8166bc7605
37394da6-a70f-487a-a42a-93257fd51c18
e240af79-dfc4-4070-b70d-51610bab3cfb
b42ccbbd-0d36-4d94-8f2c-730baa1f90c9
e8616059-691a-4a1c-aed4-4c39aa9ccfb7
28382cfb-b936-471b-941d-5be07b1a48d9
dad047c8-b31e-4a66-b599-7f4d261a82c7
b41dca3e-42f4-4d44-ae82-8ccb0e331f79
119eab75-1510-4945-a709-88b684f171b5
f76cc914-c855-48a2-9671-04886fdfeb98
25db5467-9ab3-4c94-add1-8403cde41fec
377fe0fa-0684-4527-9f4a-282bd561ad12
2bcce587-612d-46c0-8e4c-4deaa8341ba9
eebb1b98-aa61-442a-818b-27e6611ed406
55755ece-c42c-46bb-ac4c-f466b16ef3de
18960ba9-01b0-4bd7-8777-c05cdf237edd
42d8fc05-0338-41ca-95cc-ab58fa19adad
78ac75d4-609c-4d73-b166-1e722bb50e78
6c0a2905-0c11-420d-bed8-493b6a0ea058
fb54044e-da2c-4d09-8aec-5fb5b227a1b3
7314931c-5218-46ed-b1a1-714c91f89872
a0fed648-e24d-4eb9-b171-3cf37ed6b01f
8fea68a3-fb3d-4541-94c6-04d3e4816362
8eaf3c2b-ce3f-4584-adef-e995e7798f82
fee0978f-2b6f-43ce-a378-e2cdbf95bfff
2ed7eec1-f6f2-4be2-b64e-1245f754729a
ffd7e748-fe09-4e45-a3e0-e4a1452b9414
78dc9140-3c87-4509-b6b9-5938024df538
b9bc2717-f126-4e98-91b0-89069eabdbe2
7f0fefa1-62cf-4f2f-acaa-d05b01e5d9a9
d5d3f1a1-4fd6-42f2-b776-a22ce1ee8a1d
bb8974ea-d0cc-4006-926b-645c8bbbb190
92e3c671-539c-4da5-8f82-7ccd6b4280c1
ce6ab8e7-6b63-4d07-a377-7020ab0ee486
f549a5e6-6331-4e6a-8883-f87daa3014d7
e236da2c-83a8-4647-bc8b-09f0f1aefedd
c6843332-5f73-490f-b7ef-167a8bae43cf
bdc29c97-60b4-4837-bf44-186d398c29d0
8491463f-b162-4065-8ad5-fc5d2428e178
ee35ac66-ee8d-4355-aea2-1d5ebb262bba
8d7c996e-b234-4d5a-863d-89e60269f0cd
5d56689a-ad3f-44fd-a57b-0c7b2b329dac
97f14832-55a6-4b5b-b52a-87188f520914
f8856df2-ec87-4bd8-93ad-3e4bc50120bc
d74f1d59-a544-47de-b448-2763d4e61854
41b78213-0a72-46f4-a860-b8732e151000
d8af1d06-4e77-4a94-973e-6397eb3b84cf
20af9085-d390-4fd7-bf76-14e468300f4f
0e044ad5-8649-412a-9441-a89fa86de546
936a352d-91c5-4e2d-96ba-f2d67ebf32f0
837671b2-5f33-4284-bc1b-71b803e4ab24
9515e1ca-6cab-4965-a616-0aaaeb5cff5f
ff432a08-d2cc-4672-929d-b21439bd71bd
14c0d330-e17a-4927-92b0-c90ed33ba7ca
67d5f562-aea4-41c4-a599-3b68204457c3
27157755-eb76-45bd-909c-b6cbff80a379
e8c7085f-acaf-4954-b9ed-c00414ad1dcb
b957ce83-81a5-4dd4-92e3-f63c9f5e4326
fd393893-0d0e-4f25-bba7-eb9aad9a0a03
4e973f5c-9ccd-4d46-8279-ebf643aa3f22
09c1cba8-2ee4-4737-8b43-3a44fd12237b
9a0fc9e8-9099-40b8-a260-2f22de3d59ef
653fb13a-8ac1-4972-8313-30716b54fcff
68c6fcf5-a27b-4444-a57c-3b490dae9a4a
d9d3d9b2-03eb-48d3-8273-f059dd9eb17c
dcb68edd-c56c-41b2-8d94-bb938d699e67
19c0e143-5785-49fb-af84-be9a0a772ebf
37b931ac-9a74-4869-b0a4-906d3032e3ac
6c28eb10-fe3d-40ca-b7fb-fc696d65759f
97a43c78-b725-4dd9-8e98-c24e0e306f82
1ffced42-a518-46dc-9f3e-d746c3349202
edc341cf-27eb-463a-b4f5-23faa6ee3324
ffc21698-87b8-4d76-b501-7de2acfe80aa
cf5898c2-aad9-498c-8d74-4b1c8f0df3ea
de76c177-da23-4711-bf57-dc3f6d97824b
5d5e6085-a2dc-492a-b682-7ca7f7e6a129
c3fbd840-ded9-4d9c-94de-7b1752227230
791f030d-e028-4fce-84d1-cde7c7b735a2
03a297bc-2775-4143-b429-ac17893be161
998b67b6-e424-4ae7-8a57-697a1ade86f7
28897fa8-97a8-4cb9-9859-45de12fa4d99
46d7b079-3ffe-4cd1-b3d0-28c07ac809dd
0f79b95b-9df9-415f-aefe-b373ea3dc9dc
41c8e1ea-255c-4e44-ab5e-babca95b6866
8934cca7-0870-46cb-9550-b44c9902e920
13aa1546-f18a-4d65-93cf-761ab64b5bb3
da37fb54-c178-462a-b6e6-166f4c646912
b786daae-1934-4c5b-854e-2c11a0631166
a31caaf9-5200-4133-88a3-6c414395eb17
30ca5cda-62f1-4205-8481-6a0e628b9f14
65907a3a-e163-4587-aa5f-eb76bbdb89a0
603b28da-1d49-4282-972f-11b2dc749004
68f3a225-d8d2-4da8-86dc-5acd95668d56
f4248876-b043-4e96-ba5d-9c665a6be778
77e44e78-b17c-44f9-9f32-3d75ef6f5323
127e3a93-f9df-4467-98e8-5345148f37ef
4b0aa0b5-258f-4f3c-b732-a4a1b3c34c62
5a9eb093-2d81-4c31-8359-ae346bb6ff2e
363582d7-d58a-4151-9311-9d20bd046663
f2cb945e-269d-462d-ae4e-a600fc4bc190
6fc59bbe-aafb-47ff-9f3a-f09acc10ad43
cb1a996b-18c1-4fa0-bd71-e4cc9ecd5ea7
6bbb19c8-50eb-4332-9869-716ac00d38e7
0ffa3192-a5af-4c08-b82c-74294c03e76c
739020e5-1dfa-4538-be7c-67eec16a39c5
b40b8b13-e374-4f86-a110-df2a4629d079
aa38af4d-f47d-44d5-9a36-b9f4dc7e86c3
2dfafab4-0a62-469b-941f-3fd6f6637605
018b035d-5fb4-4ed6-a1ce-b6ce00d1b59a
31d4745d-e974-4bed-865d-22de287a3826
79725be6-6760-47d6-a483-524924b932ae
c268ae55-f194-4041-b61c-5a891dd165d1
08d99b5d-12ba-43a1-aa21-2f9245ff94e8
ab8030c4-874d-4986-832c-e2244d22f152
ef83cb7a-b4ac-4a5c-96dc-8a8e88bdb9d2
cb5960cd-9e7f-407b-9f6b-4aa0b487e327
d996428a-f19d-4b74-ab8d-04a01ec9c208
6b4e63ff-8461-46d8-8912-20085570e8cf
32ec8d06-581c-425a-a356-ebf0e303b5fc
e393e212-5261-4b73-abf1-6be76b4a1d56
4cc20178-b4d5-452e-acb4-ac083983f267
9c71b161-2e8f-4e85-9943-7366c65d5b52
37f6e813-feeb-4831-9a6c-7c45906959a2
2524c08d-157c-4688-b227-5bc776c680e2
0ff4435e-5545-4aa0-a8a7-8b96d3aebb28
324294f2-6ef0-4784-85fc-11bfd3a6760e
f46c3d74-4c99-418e-9932-c49697f89336
f5cab09a-24d6-4541-936e-9b45dc7f0784
fd29bdc0-61e4-4c45-9def-b67e0b9423c5
d6d99830-3122-425f-904b-5b047abcf9c3
536a460b-9092-4576-a34b-de40a9ff8245
dbbbe8ba-75e6-4aa1-9643-500657539060
a239a49c-b1cb-4b90-804a-b949a23554d9
08e786cf-1ca2-4fa9-bc00-9bb8c435bc3b
7e4af2b6-d18d-4b2e-8653-3e678ea1aac5
98e2c400-982a-4761-982e-04ef5e961211
74bf4060-112c-4774-9ad0-97afe89098eb
9eaa13a9-038f-4835-a9ac-c1a2b91dd279
d7d9bb1b-db76-4aae-b4e6-18b46f28d7f0
f0e0c3eb-75f1-4517-9a1b-37c2e52f10b7
06fc480b-a26b-4656-b581-dfd04b0c7ccc
d24ee332-29a7-4509-b332-b98f23834316
2cfde69c-96e9-4dce-9bf4-90c5677445a0
b4a1701f-7561-43c9-acef-c9e3a7617881
6fbb2fc0-628d-42e7-a07b-0f352ded3a06
ef54d837-72a7-4ad8-a8ad-7c431c73c626
3d6f5e62-067c-48e7-a484-1dedf5a4620e
24b14cbd-4c9f-458c-9e3a-3770c96da477
ca1834d8-2318-4bb1-a51c-777466aa7e1b
309f84e8-6973-494b-ac97-9c004d00b155
74a781a9-9986-4a8a-8fc7-aaaeb9079c74
7370fd8c-9fff-4c90-ba9c-94da8487dd67
9d927002-9e20-429d-b29f-736c18bb5716
4d606c76-784b-406a-995f-75715b3b27fd
e8a6e119-0fab-4e63-b304-7a229b68cedf
c73e5b22-1497-4200-b192-f5499d62bb5f
f6accb35-729b-4cb4-972c-261b9cd70b41
ce82c43d-dbba-4ae5-bd62-8e84f11778c0
86908dc7-31cc-4a38-9b43-b02cb3cdf1b1
66017611-9afc-4da1-910f-d97830711ac2
bb99bedb-b568-4261-a23e-88cd001f7046
5647399c-dec8-4d7d-838d-af6fd96bdb5f
94f3fd12-8fa7-4896-91ec-6ae2a99953c2
4f8e9c15-8f2f-4936-80d8-8eca6e015488
bfb144da-0000-488d-89df-4fd9c5c1f18e
f7a93170-3681-46a1-97ef-7979eccdf488
4eae6833-733e-4fd9-82af-4f7de97a48dc
18c35028-900c-4e7a-96a5-bb680e6591a1
295c4818-733c-4125-9d87-128bd181c3ba
c880b71d-379a-41dc-9b30-f6c22cf100ea
4bde8b3c-1ef5-460e-a4a3-7dfa2e14ee49
77291e09-a3d0-417d-b36c-d3b151b00543
bb5ad38e-714a-4762-b4ae-43c7eb69223f
5df22bf3-0052-419c-abbc-6d29b7038f8a
1e7570a0-30c2-46d2-9b09-cb841f50470a
95566be0-c11b-4255-94af-4245b096c678
7bec57a9-192d-4c36-a8b5-4c4117cce329
0a4df2ff-fb5a-40dd-9156-66088d73da02
e3ebdd85-5241-4817-a5e8-8789f6ae0bbb
f7e86540-7d30-4242-bab7-f5b0ee2f3af5
5fafc76a-174e-490b-825f-28446d31d31d
b663bb69-469d-4170-bec2-69ed4601c89e
5bcd9cf6-04df-4987-80b8-02dc88602e4b
73b3d75b-a22d-4ebf-bc89-bec01d8f8116
98d82dae-07b9-448d-b252-3df65ab39fbe
ff52e057-0892-4898-9234-06a1812cd63c
4dd3936d-6f94-4c73-b537-4f5d7aacd97a
3918477f-f98a-41c1-86e1-d3b3e09eab11
f3b28962-b919-461d-9f8e-2d53bce57ba7
e30c51bd-394f-4958-87c1-e3c2543df689
fac3b194-381a-40f7-889f-a3e6d846216a
a143d819-11da-4f2d-934d-bd7d6d0eeb58
a5b5cdd9-eb13-472c-aa67-c3e27ae67761
070ef2eb-f610-48f1-a5ff-a55aceef8e0d
48017cea-0a62-4681-afec-406b74ea6bde
d94682bf-079f-460c-8615-7ff360203c2c
01a7e78a-1900-415e-aeb9-1508b800ecfd
6445e624-630d-4e13-9704-7a0cebe6676f
7eb55d4b-8ab0-45bc-9769-16f959028a6d
2b1c08cb-dbea-4d57-916d-0909505ae3cd
33437a62-08b0-4d6e-8d05-3f4aab4d2a54
a409c0cc-3037-4c8d-b943-5b392b9858f1
abeda882-06ee-4b97-86e2-96031f8137ae
7e7921c1-0757-444d-95b1-0f814cae84f8
40afdc66-b1a8-4057-b4b3-eb0417d044b9
259a9813-1bad-462c-9576-f0e64b3f4597
470f406b-0793-449b-ac67-25931feac2c2
cfaaef60-d64a-47e4-be22-baaf84e6262f
2fbeff9c-5852-4761-92af-c58214d33fbc
a6605a54-0101-4f66-af0c-be398389ddc6
659696e8-e315-4e94-ab7c-92e17ff31275
738e5018-8c86-4d8a-8d0e-8f663260f020
52f67afa-4b08-4a2c-9e7c-b80d7f495fc4
86a00d41-33f1-4912-aac6-c0742a45ff33
56ddb1b8-a800-4618-80bb-9fc09791bcd2
364f7948-c8ee-400e-8a30-c4c482ef81d3
0d87c99d-3afe-428e-a4ac-9cd7e4d8f96c
ca5e9d31-9a09-4038-94a5-457ac1fb44a6
7278c1f7-5e86-4486-9910-229b727d47ec
d6342dda-a978-400e-9a95-68836508e35a
626f720b-2cd1-44a0-a77a-7c34c152b93d
d805278d-1fdc-4192-8e83-ed3b10a5e759
db02f1bb-c18d-4ff2-b795-52c2fb870ccd
a1e0737b-600e-4ce9-94bc-f68150eac812
4e063bbd-2620-4e01-82a8-01703c83a7c7
39fe7d6f-70b9-4ffc-b9b2-fb3a6030d8c4
9e19b3a9-96c6-4a2d-b76b-880dc450b4a7
52257aca-b4eb-4840-a49d-de2533946464
b33feffe-8e19-418b-9e83-30df5c69868c
01a32c97-035e-41fe-b1d7-bef2bab19adf
e83a3521-8801-4bd2-8e77-e42e3dbe6f21
6a625a91-fa80-4441-a305-f8ea134378c5
235a7fc7-e9c3-4fb6-991d-5160b6ca65cd
530e09c4-5db1-43ef-a3ca-a6c0ed510c0c
77b85d4f-529b-4366-b09c-41374d26e83a
f200d3c6-b2cc-4ce5-ad6f-e291e7badb88
82834a28-53ba-4922-91a0-767d861e607e
582a555c-7bf1-4961-a7c3-481ee46cc2d0
3e305285-c188-4e85-8487-dc3a1eba45e1
aa2c9ebc-59d3-4851-a8af-75f180df1f70
86defdd9-7ea7-424e-bf0e-90e1a1267cb3
1713bedf-bae3-452a-9aa3-8fb1b61e4afa
f903bca6-79a4-4f85-82e7-adfa0d64b4d1
388764ac-aa69-4f94-a248-857793e05803
d74a3c98-c864-4703-95b4-f12d4118c6d2
78a96158-088a-45ae-825a-04d9c32e4796
dcb167ae-cf21-4a72-b8e5-7c113b71df84
94a449f3-8d46-49fa-92b7-b24d314325ed
a0c1985f-250e-4286-8d8b-5b111d72e7f9
e3c2f45c-8e85-42d8-8fc4-3af46d617036
502e1305-ccbc-402a-8f0a-dda965ca1201
e1a427d9-ca4b-4c24-807c-f667f5ae8779
26d22533-09b4-49b9-bf89-de670e297312
44f3b356-f5ee-4a68-884a-59ae8624a1b8
e0d1ab09-5d26-492c-80cd-ac2833677589
2197d40f-4b37-4320-8741-41c446375cc6
6f022fa4-307f-4b7f-936a-09295fa7bd72
94869257-c6b8-4a26-9055-b53dfefb4f1d
e7344fbb-b00d-410f-832c-1817a318fd04
6a675c5c-ec69-4a40-bf63-1ea8d9e27e90
5f090ac2-7f83-43dc-8ce2-24b3eee2b8a7
93ac187e-d7b5-4b8b-b66d-239442ad3677
75b9ea8c-04bc-45d6-8a05-bf2d453a04cf
479fb1d9-e6bb-45f1-a7bf-99f22afe2412
fab89933-9a85-4350-85d6-45170a53cbcf
6fe4d116-c465-4f6a-9291-e2d025709bae
afa16613-f5f3-438d-b188-12cc5bdfe2bf
f0fdaf68-b91a-4f33-ae19-320ac0561157
744072e0-8b5c-4cd8-8c79-e2d0d9e27587
fc79edfd-eab8-44c0-ba48-086bfecb26cb
7830e94b-2e96-4d2e-a58b-8ccd3e7b5d31
97336a3a-6615-4964-a0b1-63b812477ec3
c870bc3d-ee78-4490-a402-4a4aed1c8537
603f531e-5e6c-497c-ad60-a255079c8318
2b4b1ce2-be11-4971-a490-28dd52decac4
c0e77651-775d-4f7d-a29f-974d5ad174d1
d4da8121-fb8c-4bf6-9c66-2699f25797f2
1c6d6892-4cbe-4b36-93f5-da38563ea44f
4035011c-3973-481e-8034-c7cfbefe3796
bc0d644d-e8bc-49fe-a945-6075cac10a5f
7092c7c7-1235-4030-a1c9-573d12833d8f
778d820b-a2bb-4a85-8901-2ff57a02e553
3c90cf15-3c67-40ca-973c-14c5893787e0
6d613c0f-9b21-4ebb-b968-69dd60a13a00
fe77acd8-002e-4d28-91d9-85eda7d6e2d5
f7f3a72b-2274-4fe6-82a2-95965bba39bf
89b9eb42-9854-44d4-9f25-5f0231a6d9c0
7bec101b-cc27-4f99-9fa3-4240e2c90825
b69cf83c-fb29-404e-9c44-1aa4f3246127
64bff7de-d577-4a1e-8a1a-db1a87c14d33
fff73d54-bb57-4751-bb12-5c274a49cff9
fe9c02ae-cf92-41c1-8bc4-b694f583f182
5e02b39f-700b-4793-8d94-38705aa88a87
ac459ece-0e3d-406d-b134-26f442d44d16
7477b102-c9e1-4662-8de3-1c9c4e6d0cb6
5b96ae27-6fd3-4d74-a69c-25043c089e6a
d850919d-1c96-4767-9dab-3f32592bec09
af744560-a645-4ac6-913d-764b98864f79
fea9abaf-4efe-459d-b6db-0ccb5f843a69
c0e1cebb-4e1c-4bfe-93df-9a0da58e5211
0f8fc863-1180-43b8-8f0e-b383aac31e9a
dba2e684-9537-4088-a252-e44accbf0971
323d8bef-f139-435a-9d7f-0c962f0751ed
1361a98e-b5d7-455b-8413-3782ec2fae92
1efdfa2d-9061-42c6-bf93-d65806256f91
d1544170-0880-414e-8641-742fa80d62b0
fc80ead9-fa1d-401d-810f-b4186867c693
3ae236ed-c074-4f87-b673-67f85f4d597d
772f9839-b676-4f36-bdb3-27f6d0f5f56b
b9d04171-258c-4e8d-999f-1251ec0f3308
51adb2f3-d53e-4b71-bee0-8736dcedab9c
30a64016-537e-4ddd-8caf-67befd54aae5
a808c4ee-e606-431d-a7cd-41c9197b26e0
f6fad635-856e-4b31-87be-1c9b567686b7
e04556b8-c2b5-4dfb-a595-717c03feb123
7a534b12-b8a5-46fc-8bda-5d0e0bf6f72e
f3ac3a26-8baf-4d28-9611-f0208abd1ac1
ac2ec065-44f7-4e3a-aaa6-e27f45ba7845
8ef318d5-0e55-445b-8455-97713aad3176
d0640408-5773-4478-b7c4-ef15909d5fd2
293c3ed1-fa1b-4c04-a2c9-344f78eae5b8
9a130a99-d125-4a82-ac4e-562c54bcaa6a
501015fc-1f08-4931-a302-ab1a222c712c
3d40e9d5-6c86-4824-a86c-da379d5eacfa
d4c06ab7-dd54-4a9f-bca7-fb6e93a5c381
00d649d4-a682-4db7-90ac-d863f8187dcd
309b0f2c-b82f-4382-b297-14a98fcdfeaa
66ecbe37-14d9-461a-b951-a1d062f5b16c
9aa9a88f-4854-471d-876c-38d257542260
fa6e6c55-0e37-4548-860d-902dcf434ec7
8887cebf-9243-40a3-9f79-3ed636a4f9b9
32d4389e-cad9-411d-9aeb-25f2159e8dfc
46776a98-e6d0-4119-889a-ec329d78d0b3
19cd8fb3-d346-4ec1-b3e3-43c980a4a437
8e09c0c8-f4f6-4ff4-9cbe-a0d51f17ec04
e207827e-59a0-421e-8971-68fb535c1a7c
d3063403-58b1-49be-82f5-0572d35679cf
a5cd5451-fef4-4879-9694-a731eb08a10f
9b285fde-1295-4333-a2db-65210814430a
c1ccf855-3200-4bd2-acfe-a56058e5b280
42656be1-7e38-4015-952e-369a2cfc3818
1e195af8-a831-4d2a-ba00-3788eb0271b1
96b60466-7e82-406f-a442-eae6b8f449c7
d7caa484-baf3-430b-9cf0-a379531f970e
ebb5dcad-4233-4413-9e94-eec254108529
1d4a27c0-58ce-411a-9c9b-c51529e8a2df
a173b941-840d-44d0-8f94-fa2274bb8ac3
2a1f335c-6284-457d-b37d-596db7cbeb80
b242ce94-6517-430c-8ffa-ac91463ad8e3
69e11bb6-35d5-43de-875a-2745eabbd8c2
a080e58d-3558-41d0-b96a-9cc95b62f245
696822a7-ee12-40fe-ba7d-10e9eff4cf74
10756cf4-0be9-42cd-a955-6a7de35934c6
d19b5590-1581-45c1-9056-fed46566d122
9363ff85-01c6-4915-b24e-377eacabe010
f1b9d688-6ea0-46a2-a85e-f3736cb15448
826b96af-e458-4be0-8f14-aea207223ff2
c16098c2-0e48-4ae8-9086-0154d3fecc8a
44fc7140-0f8d-4474-9ab5-00c8a0af51ae
aa1d40ab-68c5-4f16-915b-600c388756bc
c9558da9-3f2a-42e6-8299-3a4507c43614
ead1f9c3-63e2-4ca6-b47d-d9a5058e7479
573649ac-270b-4713-988d-c2baf02aa481
f6d79155-169d-4dc6-af1a-55cebee24b92
a3ae0f53-5637-42c0-b675-fe83f1edd33c
94300906-d54f-454c-bcd1-ed82025a6dcf
935a13f7-00b1-4f23-81ea-000a51deecef
5374aa4d-3398-4501-896c-3844cf64b5c8
3ecbfd3d-efde-4772-9add-0c36ba086343
a2afd12c-db90-4958-9dae-03bc840ba9e5
8cced229-cd6b-42f8-ab21-d3c337d4c104
d3d3d4f0-41d2-4b52-8e51-d44008ff0d72
1867c31c-2566-4155-b6e3-6cd059a329c6
3aedc5c1-a46a-45c9-9aa3-03887c48d361
0539d639-08d6-40b2-bed6-52aed7ffbaab
e7495059-a5a0-43d7-8d8a-07bf1f89cc3d
500618e4-5701-400b-8a27-ae925f704f3f
735ecacd-26e4-4a30-9891-c707a257205c
e5e34f7c-6ed8-44b9-9f66-afa3ea0a2fa3
e1fd9904-c9a1-41c6-8ccf-06a0830a3a61
cbf7637d-7db2-4b69-b753-c192679da612
078bd500-157c-439b-9547-e9f9c01ed101
c793c880-6190-4d2f-8437-bcac4385bde1
0ea8cf84-d290-4ce7-a947-49cc785c7334
22c17bfb-4b42-4bd9-aa7b-aab94c1e6941
74e9d480-7a13-4b82-8cbe-498b5ba0efa2
74b9ae27-e0e5-4c4a-b43a-cd1dc8c5f3d0
7cfde3d0-3787-4e34-8c92-c5f7e53c9e38
09cd9860-fcc0-4376-85c5-9316f3901461
80319a53-126a-4139-8ded-f388e7fc7a81
9658910e-db5b-497e-9611-d9f7380862f8
69494edd-0ec6-466d-8d65-09327d9b1cd4
40941d17-302a-45b4-8232-b93a4b5b76db
789976ac-cf0c-4172-810c-6d89b4e36efa
e1709751-83d2-4caf-818e-f90f834c9799
fafcd117-e112-44a9-9f23-64aa803031c0
be62581f-8acc-4b6e-ac20-97c10a8e75ef
f93905da-9b96-45ba-af59-18fee9fa43ef
f84aa4b1-f852-4ad5-81ed-e27c762b5938
dca330a4-6834-4cfa-96e6-a4d3bafa4151
29859e47-9ce1-48ab-81a1-a83bd9f1f38f
5860803e-e163-4e9a-a457-333652fc8ce5
1deebc32-fc8a-4a36-9824-9692a3246365
f11279f9-5087-48e4-9bc4-96bbe7f9ee8f
be342d0f-27ac-446f-9dad-da51db527683
d9732932-b7de-488d-a913-e00357b9af24
2294e779-7aed-4ca1-a3cc-a8b87ebc0e33
a5ed288f-350d-4544-9d81-518b7ea35174
2faf9d96-2a7b-48a9-bbc9-ecdd150fc098
52a15dec-2f97-4e78-94e4-78132737492f
32b9b258-fe6c-4a61-8f83-4cb6e1012e15
c5439e4e-2723-436d-bd13-f577f22f28aa
09b38a21-fd2a-41fb-9246-87fb8388968c
959cdff4-ce17-4571-80d6-547cf094d9e8
705e3e91-cfc9-4362-a36e-3073215706d8
e806018a-84e7-4988-9ddb-60fad429923a
fec66a1c-31a8-4612-86af-1c44a7cf14c5
9f71d089-4829-4196-9c07-8f67125fb9f7
71611edd-3cc1-4059-821b-e4d2f95fde6f
28596230-f988-4b1d-bb21-7420bdda202b
c205b0a2-11e4-46be-ac01-2d10dd8ec6f7
a1ffa13c-87ed-496c-97c8-652d4d8dcc9a
4532bf16-e62e-4fc3-9d67-6ac77ba71042
a0e525fe-c282-4878-b5fd-1d075da878e6
0cc0572d-778b-48af-a348-1733cf25e8f6
5f73889c-e9f9-44d7-8d20-c687963d790c
14788694-25a8-42ac-b70a-4fe9a5d15f09
c6ac9b35-32a0-4193-ab29-d6c237805626
cf50fee4-4590-443b-9b02-4028602df841
5bd51dbb-a834-4371-b6da-adfca7d62fda
dcad1e03-59c6-44ea-9d10-2a01f92116b7
04ff7590-977d-4234-879e-02c0e0418ba0
046aa525-2269-4a9c-9b6a-85cdfbc47349
8c4b4c03-925d-433b-bd7d-70ac13b5eeba
36d59fe7-654f-42c3-8023-b1b7cbad035e
898111fa-3887-454a-bfa0-b40581964e64
3deb1989-8920-4f0a-948a-bf8086effa9e
0eaa5f1a-87d6-44a7-a598-cebe6b35f86d
420bd3d0-fc9a-4684-9c9b-d92e08d7b92b
1de77c21-5f8e-451a-ac8b-45482eec0c70
39ed57b3-9ecf-4036-850e-c13931119251
92349525-8aac-42ad-aae1-b8cc6a767567
454d552c-62ed-40a3-8222-1c04951d36de
49b472a3-7bc9-4151-89f7-fcf712371d29
4c423183-60ae-43d5-b91c-7801e3aaf53c
d4f6277b-88e8-4240-b1e3-62f68b022caf
5ee2b920-b97c-47e3-b11a-d848d192bbc6
deef738b-3569-4449-90c2-93963e5b433b
26aa8db3-8e6d-4020-ab36-a13a64fd14c4
03415d4c-f6e6-41d6-976a-d5bf400303d9
821bea35-c1fc-4c4e-ac8b-efc0ffe90059
48420693-8fca-40f3-9c77-4f3ed33a9634
d0735060-82da-4729-a6a2-e9f9841ae1cd
0814583d-b6ce-4f82-bb0f-6e8d6da08e2b
7e42d094-df1f-4a69-97df-3993dbb99d5f
61632c5b-e1ea-4dfc-8c2f-d48f0cdf2b54
c44cb72e-f639-472a-9cf9-c3256a2ea1bf
efecfdef-3817-4c17-a832-bc6acada6444
a2a4b78a-381c-4754-9a46-b30676827097
a123378f-daaa-4997-817e-84831b27f7ed
9e81df10-a3e1-4a1a-a786-efbabcdf0d77
05ac5bd4-30af-42db-96e9-b8873243f17d
4aebde1a-543b-4c16-b1df-650a965c15ec
096c700a-819b-42d8-a298-552d7a2fc767
5cd48f74-217b-494c-a2c7-33e82482d621
9b1a2f2e-6cc4-4efa-b72e-aff0ef030e3c
1bbae67e-5f10-4c61-b133-fe312724c87e
9ef87c9b-1276-415e-9fd7-02ba54aad0c5
0bbab9a5-009d-4d2a-80fc-9792a6f2a8be
33c8e685-0626-4c4c-a435-d995a41dcb90
2fd93c31-57ba-4be6-8b61-b0a86f79fcef
262c17e2-d069-485d-93e7-dc23fd8032d0
1df06e49-3553-44f2-b972-2c6d02f7d4f2
cdb1fc39-48f7-4c7b-900e-439bba3e7452
f35b4a38-27d0-4c84-b1be-a8036ee37aec
0f040e46-fa36-4c91-9f8f-f6269695a3eb
19e8312a-2de3-4488-a595-a68f2b95448f
28c050ac-e424-4e54-9c24-5a4dff74f681
fab0ae98-07d8-4f51-9d98-7cf6372202f4
43cc8193-c0aa-4a61-8f14-d43956a3579c
004e0820-a034-4745-ba02-261b0dd3ed97
05cc2dbd-4f8b-4433-92db-daa1ce91495e
d188a1cc-200e-4079-99f1-f69a3b0099c0
7a461ae0-c8a9-4518-aed7-aa64c5406ea9
bd748292-142e-496a-9fdd-01c219fc61db
974cc3b4-8d08-4f93-99f2-c25b53aeb374
8dd5933d-b5f0-47bd-ba75-1467590c8614
7bc058ea-cf09-4f29-9a39-633531e7d69b
698318df-02f8-449d-9a67-3172f5046e1e
7018729e-2284-42ef-af6e-055f02ac1f6b
9bd43f18-31e4-4d88-8ed0-1420e1436851
c0faf2c2-b2b5-41ff-bf19-83607d850172
65854a66-386a-4cb2-80a6-cae15f738c1b
58ba72ce-01a2-4959-ab93-ce3cb09e7afa
db2e322e-23f2-4a00-9a79-089b0170f2c7
600110db-4826-4ec8-ac52-79007bbe4594
c67ae4d4-5a5d-47c7-b178-8eb0a2f8396c
4340e900-8ef2-489b-8cf9-cfceca496633
00284798-cec0-4d81-bca4-4e296bf5a868
5b638a41-3696-4b63-994b-23c578fbe733
9cb389ce-e259-4705-aec0-685f7e6c48a1
52f2bd40-9488-4f03-9433-69c972661304
27c71d46-e832-470d-ba61-c707dc1c2a16
a6f68d1f-edc2-47dc-9e01-e0c986078cea
5b69b5c9-f611-43ea-800f-1cbf7d0e9d8f
9345844f-4bb9-41c4-bf6d-20ef043e9797
2472a2a0-9854-4562-a2a2-8653c12d9a27
3e425ae6-a0ee-4f26-a8d9-72be5c6a3ca9
5aaeb2ed-12ce-40aa-873c-9814622b280c
1bab1521-8d23-4b52-ae72-b194e1e211eb
984bf8c1-7683-419e-9fa8-5e45b6052364
b547f5f8-0766-46f5-a059-19885919fe87
5e39137f-d98c-4f9e-8ffa-97ccdd3d63fd
efff634a-11c2-4ffe-b369-13f53bf83198
c17d5df9-2b20-4e24-9239-12b57c03c71d
c68e5612-719e-48e6-8e56-2ab20b1f63bd
005170ba-719c-4581-a866-6467e0bbdbd3
47a39c95-02eb-4972-9b02-c31b36aca39d
e2100ee4-0bf5-4e61-8304-8afe8ec43073
9409e78d-8af7-4eff-a404-8c02f433439d
0a0e56d8-539f-44ae-9c6f-49be09be3c97
b7c489fd-2042-42ed-aaa9-120acfe455b9
496b16d3-5c80-4975-b4b9-c96de88bb049
cf5e4f2b-8da6-40ff-a9f4-fc7e159e0481
58f9d039-c3e7-479d-972a-44252500d6ec
ac08510f-b546-4eb1-be57-9b623de686e4
e5bee888-ff4b-49f1-be5e-47e3ad62ea32
a2a45608-2fcd-4d7b-a9a3-2762de407284
9c1aa37e-8539-4990-99ad-5bc13cd6276f
87d5511a-0b56-48f2-9969-264c87a366ee
676b9c61-eda4-4d41-a5df-09be0c0508a0
7174e133-0e1f-4ec2-b5c5-d19380570c9c
cece8a28-e49f-4c5a-b3d8-ac45089837fe
0dbb0a11-7f33-49ce-8816-8876f828c4bb
42ee9289-8276-46c1-a704-0c427ade7a17
8b4a22bc-bf70-426c-aaf6-96f2ffd33bd1
9df6755c-b407-4341-9ed5-310230616ece
2eaea557-ef80-4973-960e-fbe5773fd861
b0ac25d8-94d1-4a4d-8906-79fbbeb2ad4c
51785222-8cc2-4cc2-a524-8064f348d32c
a5510a63-21c0-40e2-b4e2-f5b20a43749f
cd3e508b-5f64-499f-b7fc-cf1406dcd4a7
2636cff7-0ae6-4e0e-aece-5bf675ddc8d3
e4719fcb-67a1-49a6-a4e3-0605a82b1427
a6bc2404-0026-43d1-bed6-b3d314ced088
a7aada2d-e343-44c5-8048-4d756fb22734
d846251a-0203-455a-b58c-1d78f0659ba2
d8bc0d2e-1239-41b6-9fb0-d93b9d988cf6
4e2be448-379c-4b22-bc53-1556e9988ec6
0e70ce8c-4431-413e-8eb3-1420f7cd047c
59da1468-f9a0-411a-84ad-7ce500d61e2a
8be89d3e-fef4-47d5-b1a3-c05e968bea6b
d872d8fe-ac4c-44e7-9320-95992396d694
6684ac4b-1d80-49c1-8177-bf110693f9dc
c60ddc36-dd5d-41d4-b2ff-6c31c8db474c
23d4fc17-6cdc-4da1-826d-155acceafbc5
670a5ffc-2e3c-4fae-8d11-01637ad0bd6f
10a6044f-a4ce-4947-b572-0d5102b8944e
a4a85fb3-d1c3-404f-a56f-53aa93fd2a5f
3ea9e8c4-20d8-4980-b406-ee3b4586c03e
324670f6-2ee8-4647-a57d-4930cc5845f5
e9024623-0ae0-440a-a5ae-7d75c2846506
316e11c3-6af5-4492-9d2f-a5798810ac2a
9ed9ca61-7d89-4c1a-877e-7fc464008b12
20dfcbc3-19b7-4fd8-99dc-c3a97c5d5663
78c91687-0964-48e1-b340-7dd7af6a52e3
416ca103-ed29-425c-bc5a-d3198dd219bd
a6f56a64-a4ca-45e7-bdcf-7da36a7c9e56
68597f15-8b8a-41db-8b2d-87270de8d573
ee27a927-d761-4310-b8d1-e3e68fb7d181
fe92ef9d-2022-4070-84a3-86d71732d692
7fc1889b-6f58-4936-87b0-16aadd494696
cd607602-68e7-4c5f-8d7a-a7aadf1bc2e3
f32188c2-ba14-41f2-8e92-542945bfdecc
3e5ba8a6-8dcb-4973-9341-023814eb3d8f
e8a37eae-feba-49ee-8fb3-bbc1e5b9f750
99805fac-990d-430f-a668-90a9bcb8878e
d078bf59-35fd-4ff6-bea2-1015138780f9
16cf54ef-1aeb-4301-a7fb-73a7ce293b76
7a5dec31-74b8-48bd-bb81-3ed15cd3a21b
6a69a964-3ea3-4c76-abb5-9194fd2a1034
861f2883-6f35-4c7e-a1b1-565900521f76
532ade8a-737e-4363-8c0a-d940940899dc
b087747a-51b3-4cf9-9a6d-5d50d34c1089
dd4dd76f-cabf-4ffe-a77b-cc0cb74ff7e7
29bfb4ed-e1f5-4fd2-a5e7-2078603d284d
629baabd-11d6-4168-822d-ca2f1ea46d85
1b5a3e3a-8277-4e28-a1d6-ba3006358627
c8eb0de9-a2a1-4c26-bfb6-ddf0007b577a
03ce44cb-f3f4-482a-8b25-1ac889035d12
252b05f5-53d3-4496-b5a4-e1b9918a36a7
4d87c601-5044-49d6-9275-632af7cf6d12
5d0809dc-009e-4070-8f88-cf860e76064e
b3e59aac-d3fc-4a0d-b0a0-9a2aaae13c60
8682a4e6-58a2-4d9a-89a7-93625e49022a
b5721c1c-6459-4c90-935f-d12c92b57a6c
7e79fbec-a82a-41f1-8df3-ff0ca32ae8b8
b04d2cec-97ff-4ed5-a627-13255fbbb1ef
fcfb6878-553a-4d60-8aee-cf227df195c5
1179d493-7660-4f5d-bb63-dd638abfae0d
683d7187-c686-4823-be04-3668b77bdf65
1bbfb73f-c586-4a42-a91f-ca9038e87ae5
eba646c8-c9d2-4dc9-85e3-9950a03e1544
6e146864-ff78-463d-8a9e-3adf475435ab
657b0ff0-b68c-437c-a45d-e1b60ef77407
13de03ab-9802-400f-a897-c2b8afe4b3e5
5441c022-eaba-4c2b-8de4-692a81b7bf23
e1533c97-b4e1-4328-ae4c-87f68d99f618
f5569c7e-6ac3-47c6-877f-617754dc5a12
f0f1aa44-50be-4493-8799-ae57b9617a2d
39b066f7-e705-4612-9142-b0014934d519
7234b460-725e-47fe-b3f6-df8a663f0f18
9582fe97-b262-4f54-b384-8e20dfa1a457
7ade32eb-9616-4957-a6af-ac21f081985d
2f1f1223-0680-4e73-a431-56c9552ea773
ae573fba-7eba-409b-81e1-5fc85cc251bd
4ac91502-f82c-4b8e-85ed-bfb746904b6e
a92fbc4c-cee3-4049-9395-4d2e380c4bec
e5406c0f-29d4-4e0d-8d97-a793e43ec871
8000a4f9-c396-4704-a0a1-34967f4a5fc0
1442c4ac-94e7-497a-918b-1d146d6fffa4
b4549d86-ac90-48ff-a555-283a33246097
caa5c817-92e6-4866-baa6-6ed09a2c7a2f
567f869f-69a6-40d5-adf8-35a42538f84c
d79022a9-b2dd-4cbc-a69c-292f67d2e403
6dac3d20-e973-4227-8e2b-d8d46cbb6056
a420df0d-a105-40bc-92b9-aadc533017d2
7c139c2f-c18d-42bd-831d-7dde3e02129b
e0498397-a7bd-4e61-ad1c-35915db85679
3b7a3499-09aa-479c-9744-7f350ea4fabb
4a822ce4-1e98-4167-b35c-9feba3f43aa0
4ae0b518-1784-4e0c-a54d-4ad62e516cd2
5505a78d-f977-4c41-9a2c-c1f41d1e291f
65d70c2f-60ad-4506-9c3e-7222face1939
2d32061b-2d83-4e27-9453-cb5ad7a761c8
26e18ec3-b2fd-4dce-ac12-64bee9fbcdb4
cff0f0d5-2a45-4c6a-82fd-40ca298f8bd7
8f6a3989-3fea-473f-8715-903c66ab6a0a
7dfeeb9d-b1ff-4342-b54a-d45e7e38e40b
2ff81d09-14fa-4349-9280-0ce323fd09d5
695e8261-b0fa-4f66-9b91-9d517c65e946
eca413e3-c458-4fe3-bf68-99923d9db7de
9f4f2943-ff13-4e3a-8261-64662035cf79
cc13b3f5-1707-4f5d-a921-4d7a3e2d3508
5b6e3ad7-961b-444d-99a5-d656b2033451
b8463cc9-0775-4caa-aba1-28c797d04921
97953733-2f40-4302-8285-ca62185102d0
ebab8c2d-4993-4776-8cc9-72549cf5454b
065a95c2-5f3d-4833-93b5-5a46be609e69
28be9c42-653b-4826-96b5-0501619a5744
5c23c448-89b0-4084-9b07-4d488b51221c
275c9d7d-be88-402d-82da-1df12e7d2d22
94631f12-7c5f-4226-a822-c433ba84932a
16c82a11-72ec-479a-ba8e-28c06555dc17
02a5c7e2-7b10-4c19-a437-08ef41ca966d
3ed48133-55c0-45b8-a632-39d528284a54
feacc3f4-07f1-42ff-b6d4-6f6354f94cba
5fa02ba5-4a36-4aa2-a38e-9d3edee2c925
91966c7b-7a10-4d6f-a2fc-2bcfbbf8342f
e25be9bc-7c13-417d-aab9-c412103a47ed
d0af28db-2d02-4d0c-ae3e-a58f3cce2dc7
93e6890c-b386-4d48-b04f-ec9ce807edad
e54ad614-433b-432f-9582-c7f54dfe9ab5
7bc256d6-5bdc-42b4-b44d-d796a1e60960
295b4dc1-938d-47aa-8ff9-77b1e7b36cca
57cde94d-e233-45d7-87ec-0e5ca68dd3dd
4a5efca7-7c7a-419d-a0d8-e8278d73162e
7d959f5e-63bf-4922-9adb-7b28640e3150
f6e5c9a2-9f9a-46f8-8818-dc5b1cc72532
16335cba-e039-46e7-a9e0-0cb68b72be7d
5fdb6bc6-3109-449a-818d-413d06a8b664
7823de9c-9009-4657-9f9b-670578e2ac2a
42e53310-9257-4393-a95c-f48e7a7aed92
e4c80e5b-5596-4eb5-b332-fea29e930845
dfc3887d-f52d-4dd6-af7a-5d07d95e2729
9d10aeb1-0828-4ba6-a894-c4b86fa5e91c
e7d33474-f52e-4547-8c72-2045228b20bb
ebb28b3e-759c-413e-a883-4e6b6ca61626
828d8602-cb7d-4d4c-bc72-9cc9eee41c1f
013bfe42-8d62-499a-865d-68d0f3eafa48
8dc132fd-5f1c-49ff-adef-5e503c5942b0
88d1595b-7254-46da-b470-e9563b7513ca
c829b912-d09c-4895-9007-f524483f0ef5
00819ddf-4d55-4751-9271-564c8bdfac0e
73659372-3ef6-4655-a443-193c82d21e31
e34b1eff-5e6c-4710-9bee-622e654cfb9c
da18d135-1970-45df-b273-7100c48774b6
c51c25ad-b4d3-4f20-afb6-bf6001f08acd
fb3a7621-f91c-4353-a236-f8aace2e8b75
52efb7b9-65d4-4fd7-ae41-98c6df9cbbd0
d2a604a6-9a60-4707-b6be-f1c4b44e5749
056fc268-b14a-46cd-b4bf-48dfa4f44c62
c4b86bdf-5bb8-4e6e-bb85-88ee04e73233
c0784ab6-e60e-40ed-926c-46f0c343f2c4
f1e46402-ddbf-4908-9ec5-68c67f1b2230
46a2c827-06cb-42b8-ade0-7e6ba3cc6643
8c3278fc-a298-4718-ade3-a2a7aea29aaa
ed83fcaa-2ae2-4a17-9fb7-0fd66a353b1f
228dd912-bfd5-428e-9783-d047cf889e93
10a26309-8ac5-4bd4-b4f9-ba64455ded94
8e21d235-a6ce-4253-a71f-0e7cee454fb6
c9067004-9c26-486f-9709-5fe389c56959
7b44a6b4-568a-4d0e-8fd1-dcb9ab2ec92e
b9298234-7aaa-4b62-aba0-3258588eddec
5ad1208d-7e0e-441b-ab3c-10b8d4815762
926dcb1b-c8cd-4fc2-b67c-e7895b21928d
a763ee13-ee56-478a-91df-fe204de79850
73e014bc-bb3e-4bd5-8865-dc6354e7da43
179e487d-9c9b-4938-81a9-3bb1134f4f1e
5d47d6c3-5577-4acf-9b2a-2f40922bfdb2
47fe12fa-7df3-4eb8-9b0b-71dcec365bde
65af05cf-d83f-47ae-b113-f356a9c106c8
a08c66ec-c871-44f7-bd5c-f4cd7643bacb
f0d67b8a-a175-43bd-9a9d-1e127fb01161
41d1bc81-70a2-4639-9302-ac7ef405f867
799dbea9-287c-47d5-9330-2a765f645bbf
86974b10-5ada-4f49-b529-824fa7a69890
5589895f-25e6-4aa9-bf80-7b5e254bc569
9dc0f863-6301-4dae-82cc-356da152ae3b
d85f18b8-22d4-47a3-be47-c352b7301ddd
f576ab02-519e-4746-a8cf-b28d3155271b
7a961e1b-b2cc-4fd1-bd09-8bf2f3e119c6
4d7c596b-ee95-4d22-a2a1-fd847c8bf6e3
1ad2adc7-6776-4e93-a9d8-412b7a06df9e
c08765dd-57a6-4c95-9088-b2d9ebf07928
6962fa4a-ec72-4693-a8df-cdbad7139be6
56f28b42-3130-4c8c-a7e0-f5943e0c6a57
c6462d60-5e9f-4cef-87f2-cb6cbd2c3736
ac8a5cc6-5c4d-4b4b-b739-12b540ae5183
8ed75824-e23c-47c2-9cea-bd891989828c
5bd59d7d-ee2d-437c-a062-971e41ba9780
3dda07a1-30bf-4dfe-998a-4976c0cd6a97
6301b3fa-0e39-4d69-8845-90f514571058
9b997491-da55-4c44-a8e9-f81992f504d0
b5b42d32-8c39-44f3-971b-964815435466
4732ea95-69dd-47f4-a227-03f4463315b5
56c9d59c-f9b6-4a14-a21e-09e12199a790
a949258e-1307-4320-b708-05ba422bc1c3
80644c04-7b2d-4885-aaf8-73e2e31d44d6
eb5b39f3-dd35-48f9-8d61-92cd2a2945b1
75bedc9e-c709-4d71-a3c5-b1280c408317
0ed9a45f-c397-4cd8-82bb-e060e56a6ff7
aa95786c-7d4e-46c2-9a60-892a59204808
fef227ba-a6b3-4a01-8627-28d343d39141
c773092a-9c51-4174-989d-2ce2ce8024a8
97460d38-de87-4685-a98a-9e4aeccbc851
56c7971c-434c-49ea-a96c-5f4824abf316
666c7ed2-8536-4568-b8da-7db10198a688
929a61c2-8500-491a-8251-c938dcf1280e
21570d9b-4e24-4ffd-92f8-8baff6e3c92b
b528b9e9-750c-4fb0-a8ef-c915920ef4e9
56517d7e-e58f-41a2-a92b-4c41d2450b89
5283cb29-449c-4d06-8ca9-c02d3a6e2761
a897d888-8390-4241-ace1-13a6b9141e5f
419414c1-fa89-46c4-9879-a6def4886813
0c9c74f0-5d36-4121-a6b5-fa51f0525944
26ec5918-cdee-4a3c-a04f-3ed6ed2e3e2b
a9eebddc-59a5-4bcd-bc44-5d465b9fe968
cdb62781-fe55-4fb8-9b33-1529c07cdbff
0ff12e69-6540-4954-953f-dcc6344e5d13
79dabf14-fdb3-43e5-8650-fb6f85e776d1
a3dedcd6-977f-4b25-afa6-cc4249c55b0e
b5c0773b-5f63-485a-b83a-70eb409856a6
bba56103-ff17-4cf8-a667-f8e6f0cbc99a
8cb6cc51-ea86-41f1-a56f-e2dd536c56f1
635e4615-dbd4-4a5d-be7d-9f0cb913f094
1cb2eb2c-13bc-4507-97b6-77d61fb7179a
769089a1-a7b8-4168-a74c-c0abb7184302
9ae8763a-b970-4c75-80ca-ba5e22fe7ed7
e8a3199b-5f0f-45b1-88a1-188adffcdcbd
cda7dae8-8ffc-4ac3-9bd6-732e197e2647
847d47c7-03f7-48cc-82ae-af52e4ffe5a2
69444916-00d1-4c19-bbe0-90f73c27fc0a
b6291b9f-c8cf-4223-9cc5-a804a24daba6
1a1fc518-1287-439d-a4e5-b239bc5f2e12
7adc6a5e-312f-4be1-a6b8-081be41b2cef
80337040-3fba-422e-aaa8-d7c38c531bbd
cc17ba6b-64be-4497-a54b-169d4d2f36f8
09f6fc46-aa7c-4b3a-9b52-94a1a66ec32c
1b302d26-78d4-4d02-a59d-3ccded2c910d
754b990c-82f4-4ebc-a9cb-54b30b04ea4a
911b7e54-27fc-4bb3-b382-6b57d22374a7
76a02066-67f1-4f11-9fbe-0c9aec62a201
20b98dfa-b2a9-4af1-bdb4-23558ee52f49
df3855e0-1ba6-4500-9f71-60342e670d6a
e266a5ed-ccc5-440f-b8bb-defd1c9c14a6
e473d80d-5ac5-4d41-87ea-1de4ba9d29b5
641bbace-584f-4abc-a4d5-4421693eeec9
e6499b9d-fc58-49bc-8115-b8359e58be96
d5fd9bac-6a23-4511-ae4e-4361a6ac35f7
63fb3249-a927-475a-86f1-9a00831c63fc
de413063-3c8b-4e24-a7ed-404b3a25cb6d
a693e180-033a-43d3-9304-1e77d60faf89
cc10ce68-eb7d-44a9-8b09-f6dc3ac0179e
9d0b3ff7-f562-4d00-88b1-74fc48690280
ad579b04-9e4f-4787-a8ed-f384dff49115
f290df43-de3c-41bb-9a35-26f366191652
a3e1e970-c9e0-4f08-82ae-4ef2e787d6c8
5c638d27-30eb-4e3c-9613-a4b63f28cf7d
4502cbb7-cab2-4084-a3b7-2dee5230be44
6128545c-73b8-4005-903a-5afbf1886e4f
4b223d70-524c-4adb-9298-c1744e0261cc
1b7da325-f2a1-488e-8c7e-048d6648e55c
a5e4e279-fbcd-4c16-8474-e70939a675af
566a13e1-8d9d-4c83-bac1-d813c465d02f
82e73716-33f4-47bf-9cd9-f8dd77b9bf3b
fe43dbc7-f201-4700-a0b5-289d90810af8
1df1694f-52f5-4665-992e-12c4ac68d3e4
0a487adf-eeef-45c7-8846-109c09687079
6a8fdd92-32eb-4c26-958a-d95cd00b9678
93b25175-a777-40d0-b8f5-07573f469e97
8726291b-d755-47bd-8c44-a48244108ce7
aab240cd-04da-4ae2-b69b-102ae304c67e
581cf559-5816-485f-b234-b14d23cf265f
ee6aa789-66ac-4c0b-b2bb-aa21cd90217a
f52c8e87-6f8f-48f1-b71b-6bb80456efcc
3d68e472-7ac3-4e14-bdf9-b436758be990
d5505d43-bc38-4eba-a766-500b1958c63d
a941cf18-0b02-4e27-9aa7-ac9d019739c0
aec6d86d-b860-4e7e-ad12-a8eb0efb834e
d195d1e8-5a58-4b63-b6ac-5c4b74798d83
af444013-cc49-4be9-bbd2-cb54711c5f31
37c425ce-5d4a-4938-a5d8-06863fbd8a50
3965f082-e7ed-4aa9-94c1-d405baeae526
2220a3ea-50b2-4afc-873c-59beed316f9c
31dacaea-83cb-41b9-a1c8-16ae511cd672
7640c660-baab-457e-95a2-eb2af47a9d5b
859de0a1-a903-454d-bcd9-7cb2c520ab5e
af4624c0-316d-4091-8f37-d37fb78b00d2
e40e39a4-7573-45c7-8ffb-abecf56b90f4
559d50b1-6335-4015-b651-1ca0b49e591b
60f15d59-8027-4d0f-9039-429ac70e6222
6b3a7b5b-5afe-49a7-a2c3-f7954a3efa06
eb3fb254-4667-4c5a-9d2c-4ebca31ebad7
c77b595a-59a3-4930-92ac-6e75ee74f0ce
bde0f39b-4853-4822-ba16-39be40841c25
bd53fa2a-599f-4b04-83c1-8279ec4f789f
f0030b6b-d8bf-4de0-853b-c71c72c6d013
7b61b188-8dec-4906-baeb-6c00b1d2464a
d4159981-1f12-4187-a191-4e49d52c2554
4acab2a1-248d-4f54-875e-0058f7a2d724
ec5ed272-9ab0-4bcc-813e-a28bddfa2f66
e773a408-fd2b-4089-80bf-6f6bff10ab72
2af4f4aa-26fb-4759-afab-8cbfca8f9aa5
27c672fb-e29f-406a-a18b-b351b9fd69c6
999e78eb-b9f8-41a6-9fe5-0abf30b9dd91
ec41d53c-10dc-483f-a5d7-6789f8b36d12
6a7a32a9-c834-4176-a53a-b3d7a12cb4f6
9e6470a6-e2c4-4296-86c2-43f68951cb2e
1bd1b43d-40a5-476e-8081-c7c7801aacb1
9c8366d2-c6a4-44f0-9bf5-9175db1bf20a
e029e1c8-a940-4358-9982-4ca79798243a
46d2e03e-c31f-49ce-a8ec-cbd92d04aa5b
3556bf88-ea25-4774-aa61-899bfc60678b
6935905b-8adf-4926-a893-c86ebd341157
ec4f6827-ee88-40b6-aeee-5c029e1ed0d5
2284d0ec-5fb7-40b0-9f31-a7191f4ab493
4503595d-3a6d-44ba-8efc-63d36f1bbfd4
128cf01d-b6eb-424a-a0d8-4d7cde48aef6
fbd71083-7f9e-43c0-aee8-2b49e6552d19
3d069754-fb3e-43b0-be31-e5a625a5368c
c433be9a-4b7d-4242-9412-e763315a5745
7bd143c4-57b7-4bba-90c3-657fd9bae6f4
d99a1358-c229-4af2-9731-9efbcc63c2dd
5d990919-11eb-492f-821e-e5e8e4067411
5b6896ac-8630-4553-9cf4-e3dea584a0c0
59619d80-2fd7-4268-af55-47f6c1ee539a
e2f26a45-9fbe-4c6b-9220-e9000c1156d9
5eccf88d-d504-4af5-a3f5-0bdfb11eace4
316b20c0-0030-455a-8415-2196eb04ac44
6f27fd70-ac8f-42ff-8377-508943bb562a
81bc863e-fa61-4bb8-8efb-0633a9487356
f61556ea-5a82-499c-8aff-feeeec9482af
48e6cbea-dedf-4456-b3c5-a1c3ea60e7ed
288e00c3-b944-433e-9859-ea61993dd747
2a4b9125-1a70-45b0-b54c-f19f19dec923
b489f399-8ba9-4c39-9502-500fc6564aac
0db75209-a5bf-4bd3-81ff-4bb4a0850fcf
eda26fed-bd65-4833-9763-aa04e7376a7e
4497788a-0bc3-47c6-97e2-2044f2f51ddc
2bfb8d4c-946f-4f86-8df3-ac04eb711f51
1fe6e1ff-3a27-494c-9e94-18cd87178ba3
45c15100-f5c7-423d-b218-aec1bcbeae5d
4fd1c504-46f2-40ff-91c2-527a6fb5cb5f
e50225c3-271e-42c4-964c-6307909f809c
538a0b1c-383b-4e9d-9e84-db90a40b3ba5
f62d2586-225b-458c-a34a-0ddd271372ce
222b1545-2a41-466a-9725-f85faf288492
948bb753-8e2d-4a58-ac9f-d13065857b16
8d3ebe9b-3890-4d1e-9e03-1799d15521cc
0cfe07ae-b0fa-446a-abdc-6b5788edbff4
51c9fdc1-db34-40be-92ec-3b5398f0c1a6
bbc0af43-dee8-4e0f-aab8-fc3e8d594bec
0d5a4fe2-40b9-4194-8278-8aef8caa33ce
453d3edb-4227-4730-8581-8480dc7e0957
d3d5aa83-ee6a-4e3e-9deb-c3f3116656d1
64d1baad-000d-43a1-b94e-306c82cc40bd
fa071c0f-30bc-4ff9-bd5f-2caba8aaa753
eab31820-d6df-4a87-bf11-32c880f182af
0013fa5b-5033-46f7-8882-b16f0c67bae1
22281c44-662b-4d7e-b1bf-df4038a46b6b
faad5cb5-4d82-473f-acff-2a302c12c37a
9f8b21df-4d09-4583-bba4-a1329b968fe8
29f74042-ab1f-48af-8f88-d60036b9da3e
a6e8e75e-1974-49c4-b851-e39facbc0ef0
e21813ac-c25b-4183-8889-b3d13675dff3
4d4b623f-a9c7-47a6-867d-d58205af5abb
b6dc7070-b897-40e7-b717-4edb2799a991
4833a8b7-92a7-4d3b-8c50-87ebc82ee533
8e2b00e9-8bf8-4952-901b-ea5dee5939f8
913c19f0-9a66-4ae9-92a6-3b739a37bc2d
1c979c6f-4cdb-4eba-8466-d7159ed3eff4
8b57463d-09f4-4b67-8321-54a758bef344
9f5daa9c-2908-48c9-b0f2-ca39f1042ea9
0c8d2a90-726f-4a42-aa3d-44f717acbd31
8346330d-e2f9-4a9e-bca8-7ec5f140902f
d242f394-1b5f-46ac-bb2e-6215f0078f96
c19fc72b-41af-464d-be75-84cb391d5391
811b9b5d-27c8-48c6-8ee7-7ab0065dacd6
3a241f03-f0ef-4d28-9ef9-eef3184a5e83
7c9f3eff-6f57-4827-ba1c-a413d9be75c3
fd148a3d-a8bd-4148-8f9c-c0ddfa9721cf
b451397e-58e8-480a-91b5-235ecf47ff07
592ab1a1-914c-4adf-9017-0abbcc4b9116
b27440d7-be69-43c3-b131-13e5857b595a
bedfb431-6f50-49bd-9e6b-4a1390c8e7bb
412f02e4-2955-454c-8922-94a110baef3d
570dc1cb-365f-4d1b-8854-08311e9b9d3d
c15c09c6-5a70-47b9-b64e-3aa52a2f54c0
3b2d9825-5e36-4491-9057-44c78d4246e3
0783f0e1-da12-42d4-9b8c-91b0979c6721
a5f76f0b-7761-4d7e-b36c-457508eafbaa
4bcb329c-e45c-4646-a3e9-aa933885bc73
ba503c57-8e14-4d3e-8f24-7e7c36bd81c1
7a850dcb-c023-46ae-9f90-ed0b00223b50
0cefab62-bc2c-45ed-bb34-56e4b9c19247
59042b4d-24c7-44f7-99e7-ee8a0b332839
3df218dd-2f27-4e01-9834-c9771d4229b9
a085b8e7-8698-46b6-bf7f-5708cf35b0f6
34141368-0fca-47aa-88cb-198e181cfc9c
11c35a6f-b603-448b-8a13-1ec0f17b04d5
5e5c0b49-ec9c-45d7-a850-8f0ed421a600
c5ff0ba8-447f-4459-9902-2d2f187bec1b
7965e7df-016c-4afa-9975-3d2c8d3ef005
22c3ef9f-82a0-460e-b69d-42cd26cbe81c
4aaf52ba-6468-46b0-b359-6bbb527a6d0d
5c2c8d9f-5679-476c-b607-1c52fb9156b4
219f4202-7aff-47bf-9f40-a06ab46e344a
11c6313d-149e-41d2-ac23-4773931ec5bb
c2ae7a7d-4dc5-4d5d-b7f2-dfe372da38e4
891dbbd9-c4e3-4685-a0e6-0ef6a33c9eb1
8da1f483-3d7f-41ec-ab62-a413535596ce
8754c8ae-892a-4f44-9037-429d4ebe9c9a
e484efbd-62ce-4109-a5f4-b9f02817771a
11bac931-293c-43fd-b91d-66952331fd18
c07510d7-7831-4b58-b8e7-9fd56c12fe3f
57fd6938-0a5b-472f-b48a-40811ba37b52
04a7ce46-fe4a-4b89-a87e-0c11f8bdb3d7
44ea2ef6-520a-4c3b-9eec-3536c8b85c4f
8a118744-7125-4f10-89fe-5948dbfc4b46
57080d11-94bb-4014-b04b-53c2219878ee
aa75b9e4-022e-440f-94f3-def5bb7eb191
c43f9aac-9a3b-4e2f-9735-5fd09a9f00e8
c9e243a3-1f82-439a-abfd-6254fc08e53c
93a4876a-0990-402e-8602-aa7e0d86b625
73943c8a-5bbd-40a4-910c-8955446f4eb8
d913a5bc-bc5b-40ee-8db2-16587b4a9736
36f78518-5c27-4cd0-902a-4e5848e4f68c
73252104-1e5b-4383-ae30-c9eae20c3ee3
7ad4d0e2-3cdc-41e0-8122-ebc607d04016
28b4eed3-b647-44a5-8d4f-30a26c8594b1
c60c9cd7-8528-4e01-97ae-c1ecc13ef125
74bd6acb-f7da-4044-b026-8751ea636779
4169509f-20d7-49f6-8e12-d5bc3d59cdc2
23119b52-0207-44e6-b8bc-dea8c077f53d
d7ff496c-cd72-4089-82ba-f58af161f73d
642f5555-a5e7-4998-abeb-29e3314df1b6
ed45946c-0368-495d-8644-1b57fa1cbda7
d9ec7af1-6ea6-4281-9906-9de012ab8165
b04d0f5d-986e-46fa-b450-739b0f76fe7a
ddd9d79b-a682-4ae8-8285-b54bae913961
20e76424-8df1-4951-82ad-0cb0920f5634
6d163211-91cc-4cf2-92d3-7576a01e19b5
71b13d63-0838-403f-a0fa-4b9e2ed19f24
e27569b7-87b3-438c-9674-f0de382e9b94
f7057eff-a65b-462d-9b58-f1f77e6d221a
83965b87-f6a8-4a56-a1fa-89d7c07fa95f
0d159267-9b53-4765-9ba6-359a051cb514
2d50473c-5ba2-40e1-b305-767d7a8e5195
aa035066-9f26-4187-b43b-ddc2f8e4ac18
b0e57f08-84af-4f72-91c8-6867bed820fd
c94bc585-7f8c-42a0-94fe-e776a1de4f5b
fdb66c93-6dea-44a3-b700-72e5c318ea47
607edee3-0690-4ad8-ab62-1e5a9e8823f2
33c70d10-8947-44df-82d4-f0af5c0ad527
299b5b01-709b-44f8-be87-b98f80ec5aac
fcf5c194-f0e5-466c-b88a-30946b271aee
fa2dd882-fa6e-461d-8bf1-aaf8d41aa40f
cdf6a291-797d-4771-8a95-f342461cc470
3fac63f4-d71e-4e85-8c8a-34dd658c109d
b15ae4af-b015-4d68-997f-360cc8f7364c
76fdeeb5-0764-4080-9d3f-c168245bcb7f
1632cc71-255b-42e8-a875-62a6d18b4a1a
aa391a56-4d64-42b4-b17a-a9e3df6d5811
7ed7ab5c-8d9e-4e53-a569-d1a4494a88fb
e2b6484d-376c-4142-afa7-d9dbb9162fe3
76cf2266-a93b-4635-b629-306eeeaf970b
6e045884-6c5a-4a51-86d3-d2604824b2ea
68e82033-c506-4692-a3f1-ddafba9d332f
13c1159d-4778-4cb6-8040-3d3c9e2c217a
ef2fc088-eb58-45e8-9692-71a7838ceb99
7d02af49-3f63-452d-b644-d5661f283ef2
54bd0c74-0ef2-498d-a1e8-50b15eafd105
ac3975fe-797d-483c-b964-86a462db0406
99001ff0-b122-46fe-83c4-dc386a72a828
c2ddcf29-6bf5-40e0-a452-6225b6240420
29342d76-e6bf-4520-82f6-fada102eacba
22296847-9dc9-4148-a3b0-1d4f7a3d65b1
9fe34d92-8382-43de-918e-dd7dd8089690
e550a440-3b71-4dee-8aca-5ed910fc9009
557ea2d8-5c85-4ec5-9fce-75137b956dc9
dfde8aac-b20a-4e3a-b307-bdea13e49f35
c5ba97f2-24d3-45b7-89b8-753c20db6653
f7af47f4-199d-44e5-b92d-76cb0601e42c
97f6eda9-1561-416e-8436-47812045c5d1
f4c2a8ef-b3f1-4488-af5d-7d350176540a
10bafbb6-3519-4238-9fdb-8f5719be7eef
af646b80-f606-4daf-b6e2-4c4a118c534b
b7e8579f-bd25-452b-a598-5fdc6af8465e
e6036e6b-90ee-4337-97f0-d4277f237e32
d833fb56-99a0-4022-aa95-645e105a8cf0
14dc4b34-40a4-4d14-b09a-f2a74ff56cc6
854c0aba-915c-42eb-845e-fbac60c38e3d
9cc23c78-d5e5-4511-94f7-57151659f037
75dd6fa1-af89-46ae-b072-e910ed54bca7
cc356931-4f2f-4528-85a0-0960d4d83088
9ea66a4d-6af1-410e-8b85-bff7fcb1c411
a34c17b0-8811-4802-9732-85316cbbc908
47ba741c-4f82-46c6-8749-6f535befa00c
5e2c5c48-0ddf-49d5-87ee-0e5fa80d95c2
33489c95-b0f1-4831-b9ee-26ab5e78601d
3399e7d9-da14-4fad-b128-9c13412769e3
0d2c5a25-69fd-486a-b11b-fc454dc7ade6
f3962f46-b348-4f01-b3dd-63884e2f4634
52f6bd2f-0612-4978-acd8-e5fd00c6f27f
16160a7f-ac0a-4485-99cf-e111bc068017
60d86271-8397-41d3-9c76-a4bc38e80484
1aa0a424-6674-422b-a853-a0bea9e6c932
1c404127-7532-4f44-bfb1-224f8f6034d5
c2d11956-98c1-4550-96b0-aa278e3ad357
49261cf4-b45b-4df2-98e3-7fe24fedd12f
a73221f7-168d-4e57-a2ad-7c4d3e9060bc
e74dc9b4-2b68-4445-a78e-0c96eee512d3
4dd1ced6-778a-4e9a-bd33-3ccc8ea438f9
2fead932-f19e-41e4-845a-f73e96826205
4f8b6be6-d12c-4004-8c49-fa08e09da8a5
24396766-134e-4bf6-b266-9c582f8a9a48
5812da51-067e-4151-a27d-d38f96f861ae
f01eebb7-974d-4441-aee3-25863fc9b4ed
224f5df3-ed6c-4c5c-b405-d7ffd16598e6
0b6eacc2-90cf-423d-b36a-ba9193659520
c06521f3-3bc3-47c7-ae8c-ea1e06aff73b
80919338-2e77-4f4d-bac7-939b52509a88
4ef89537-4672-42bd-8e2b-0bd5c31807a4
93c93fd5-9cd7-40b7-a2e8-1174991526d0
6fa7b823-c2a4-4c48-977f-b8a0c1060659
3445bd25-ac7b-4782-95bf-d79ffe2cf9d4
2d9b8e5f-9bed-418d-8b45-a780eb9612ef
5247a1f5-3e9c-4a3a-8a9f-959ae9143766
185ae136-b7ce-4711-a527-7b973d815edf
80580ab5-19ca-465a-8662-6ca6264ba1dc
3677768a-0e4b-4499-93a6-ea0b3c67f31e
33d157d4-929e-48af-8e61-d416a087c082
19d8e66a-16a5-4baf-b4e1-699eb7485ea1
c74fa9f6-2a1c-40ca-82ad-e0b2104e7db3
dabc5254-e54e-4e45-90e6-6bbed6ef70ce
f80da014-e114-430b-a343-da61a60fc277
92208f4f-fb41-4981-a8e9-2ec255869e6d
ec6cd2f2-0e72-4d3f-8d34-3e738a77a3fb
025fad70-3f4f-433f-b027-232fcd5ad1bf
93769419-1fba-4279-932d-a7738da85b8f
063f4d9c-37ec-497a-89b8-c277c57a7c54
58bd7db1-e334-4c15-99c4-6a399abbf0d5
84cae728-3aad-4811-ac03-5be7b126220c
76d77bbf-c3c8-4dc0-ab7d-3b208ded832e
ae44548d-edbd-4a00-8581-c7478eeb7554
ee19b129-e5cf-4b61-abab-467444705803
2a24708b-c45b-4310-a6e9-a129fee8ec63
6b526f55-983d-4c35-91a5-51e325482430
2a52529b-60e1-453d-9cf0-4ce493d46abc
23fea90d-095e-42dc-9ce6-93b35fe20c9b
5e815232-176c-4508-8196-ededbd9188b2
41ec0239-3274-4ca0-8f79-b30b4806c430
c63ba9bf-b1a3-442d-9c01-c67ec0206f44
b6352b5b-edc8-4935-98b8-d510b4b301e5
ae0e8387-b45f-4cf5-96ca-41665611425f
a07bd9d5-dd47-4373-a21a-96b2d9032611
a0955d11-1cdf-4073-a957-7600380d1048
ce26db5d-7b02-42da-92ec-06eece9ad030
4b9b3248-5539-4b44-9c3f-b4e03afc7c12
d5d8d033-c9b6-4d0f-92e7-671b144f58e8
2cf4d7fb-1a00-4407-9032-46eb3b525eeb
3504e0d4-ed0c-4855-9007-cf93c03145bf
3799ab77-9223-4d24-96b3-1027b654d35c
726d560d-2bc7-412e-826a-bf8a43ce507c
6633fa39-bdfb-4e11-bcc8-36d9e2b767bd
9ea099f3-2c4d-4d2c-8501-a2dd6eefef71
c653a7c2-88c0-4bf8-84fd-ca65624eedce
8814da87-fc77-463b-90e1-c5b2678e2528
fd66e32f-1ed0-40cd-8515-13ea5a6a9452
049b87d6-a20c-46f5-b031-c499aab51909
e808b907-864b-4396-9871-5736fd8cc2ac
050cfcc9-70db-4b93-ab38-149b46660c0a
f6ee5850-53a4-46ee-a7b3-d4fe5cb4ef87
50f769f0-fb60-499d-bfa8-a28a59a01e03
6af92b6d-5bab-4eea-af6e-757ac46575ac
3f05f325-298a-48ff-a790-c75ac49f8c34
1b1c74f6-d756-4e10-ac0d-3e0a7605ee1c
1005ffe1-874d-46aa-be28-d0dafa1c57f7
ffbcf8a0-f58d-49ba-94aa-4a988912ba7a
13e8710d-f0fb-4e35-abef-d35c96b86fd1
786e77b1-5b85-4d78-bb7b-dfa78e95ed95
c7623b31-d17a-44c7-9db9-df7c5dc7a7cd
0381a247-c89d-4981-8818-4c584986f684
2c61411d-e044-49fa-8a7b-10f5a3c61d6b
b2f8f311-7034-4acd-9fbf-5aff1e72f1cf
ca4c5b6a-2fa7-40fd-9581-00989737b346
5392d742-9ab0-4157-877a-65a66d4a1ff7
6c6a1bc5-a196-4d5a-a393-b423f970c5a3
eb015017-a47e-4063-962f-bce4f10e0d62
68d67a92-e9e6-4fb6-b238-1e4f5f573e19
c6de8cfb-7795-47a0-a0cf-884de34484c3
4233468a-997f-42cc-a568-a9a35278f260
b89b942a-8a99-4d27-aec6-eb3d7407f6ce
c43ef023-09c5-42ea-89d1-a973d98eb40b
728fd858-ecb4-459b-b8ce-89523590ef39
5fcede14-e093-4c2d-9e98-cfd3e0f8d826
b978df64-837a-4c17-b6bd-49c861d5c3bb
136db76e-14b9-47dd-ad3c-821814b70ef5
7580fcf2-5e4b-4954-bce7-d851dc346a20
1f9dd90b-cf6b-4e15-85bd-e85ffc0888c5
9ed50879-37dd-4fbb-b99a-23ae493e1ee2
19df085a-4dad-450e-9d0f-1d77f7444f1c
940bbe62-2c6d-41ed-81b9-dbd2365564b1
ba29e9b5-33f7-44b9-bbb5-d4caeb6e0ac9
17ef15cc-81e1-4b73-9080-860b6653e87f
312181ae-fecf-4582-a260-32675337b97a
ffd56f47-01bc-40bd-96c4-e75380997888
c74b67f8-b033-4fb9-9c06-3c336dc0da0b
25ce9588-d259-47a9-bad5-689eb88edc25
c36c7a09-d73e-4e61-a065-d6d190a00f8a
c76b5050-ddf0-4806-af9d-2e1415ffb079
010fd6d4-4d00-4a58-a160-ac827a04ae96
b6945086-022f-4164-bd69-9f40fe20514e
f2a1c585-ec16-4957-b2b5-abe31144bfab
496e7f27-1c61-4f77-9fb3-52a2f73c9a25
78a52000-5d52-42ec-88e9-a4497111f397
6f669a8d-d428-48dc-a1c3-618ab68531c1
342c7941-2c87-4cec-8e08-04043ac91c7e
e874bf3f-45ce-4e7d-9f9f-fb98abb8b6cd
d3f23f23-8ac9-4137-99fb-877457780a5c
d52b570b-aece-40ee-af4e-5ac7b2250eeb
8eeb7b1d-9a85-4657-a255-b4ecec0c7e0b
76e4b60a-5e75-4e66-b600-eab976c03341
2b2265a5-3205-47d4-b39b-e5745eb43c78
e07ae58a-c51f-4813-8876-1c75a7e8f023
ba684407-05d2-4af3-960b-ab32dbe1d40e
e525c2d6-1336-4189-b5ab-4894ee6f7bf8
ba9abcfa-10d1-45a2-8fa6-c6df3f7ea95c
3f4abd24-0236-4d84-b6dc-5cb9a25d4aeb
7e872b13-00b3-43eb-aef4-4badbf823745
a85659c1-0b52-4436-ad00-ead479a22512
fbc0a5ad-7c90-4d47-8fee-2eeeb6f67dd0
727d9dea-9ad3-4767-b842-d1d26932660a
9f26fab2-64c9-4bfa-ab2c-6df18681983f
d67b0cdb-267f-4bee-a856-7db67c0cb045
e0ece2a5-2a47-4d41-afed-07a37a190772
dacf4ad9-8111-4973-809e-55ba3767d91a
a0c8d618-2356-4f67-bb9b-f02eb1d76468
3d85068f-479a-496b-b54c-25fe4463947f
8a8dc908-5d53-4c1b-baf0-0da28c3fb18b
a87d2133-708e-48ea-b407-03e3145bd8b6
073222fd-8b39-4996-b64f-5d64dbc76152
b53794e8-e6f0-4c95-b209-4c646dbc4df7
494463da-af6e-4eb3-a42e-64e445e1ac03
825c5b54-f842-477f-9816-0b7614ac6225
75766e5d-827f-434c-8d16-90b0a64d8cec
51816dc6-da39-4f02-8c5e-1bf64fa3ec1f
a88a1dc5-7fa6-439c-bede-ff17576287c2
2d489db6-ccc3-4dfa-b54e-6ac26f4db4ba
7108a1fa-e4a0-4f38-94e8-212a6c899aae
49bc1b0c-7df5-48f1-a68d-1b0732b51891
ea4c7bbc-3717-437b-8e46-0a47dd21b057
9e37db4b-423d-4d42-89ce-ddbebd49f408
b0fb885f-f0ef-49a3-a829-5c97cb5f25d5
aba61940-844e-4bcc-ad72-c71a770a10cf
798d89dd-7d1d-49ea-9679-4df65580a1ff
0d3da447-e2fb-4178-8f21-6b66a0d5f872
9909b3d1-7ee0-4414-985f-6070f0054387
d69dbfc9-c912-46a2-841b-003fdc3370af
75eb70fe-a0e4-478f-8930-5d1cdb708a10
a028f5d6-4b8c-46a1-8c65-bf45c2e51475
834e962d-9d48-4900-9a46-958f0207dbe7
0ec0b710-2b88-448a-b6cc-2cd04dfbf9e0
440273c0-42d9-4904-9d73-69966d81fde0
49dcdbc0-7323-47b2-98df-717295c64d56
8778e0b5-fff8-43e4-813a-49acd98e164a
46015003-a8ad-4092-b069-bfe33150ddc3
2b2875a5-6ee2-47ca-8c9a-c34a396e10fd
beb38293-7f4f-4756-a588-c548f3284c73
ddf3d77d-0b5f-4d31-a9f4-b9569d40d5b1
d7795871-2dc9-4434-906f-22af3ad8dbbb
f4b4faf8-970f-4b56-b888-c6a487657cf3
c5e34e7c-2add-43d6-8816-2cf380f7bb50
1bfd1130-5853-419d-ad61-f3dd0f3d56fa
fd1dabe9-efeb-4367-8146-dfa5852cea61
9d95dd38-f56d-498c-b577-cc6d43ae4bd7
2606997e-d2c7-4572-9bd5-023017770418
f7cf4a8f-93a2-4e38-b7ad-d32755809587
66547a6b-32c2-4694-9c39-3f4e21abe51f
1ae86541-fea5-4ede-9452-4d7943856cfc
804ec24b-bad4-4775-9592-8242085f9d01
1e9588c6-3ea0-4430-8088-9a7fcbc5f54d
5ca9b8ec-e552-4059-9df7-966d4955c4e5
9ef6ac90-cc69-4174-926e-f69b074a5a46
23f3bf98-d807-4b82-bb11-80b292402dfc
b6630e5f-dc70-4543-ba93-5505e31b8fd1
4ae37c41-88d8-4a0e-ab28-db24fa4a09fe
ad20b60a-0d76-4ada-bc2a-69414a6b4cb5
e6d2bc70-a22b-48fc-a053-ffef11d00c02
482058f9-97c9-4928-b9f7-81aadff6379c
558af6f7-c6eb-4ec6-96e6-05d62e74c916
c7817d9d-a205-4a82-a291-a08fcfcea11e
1acced8c-f4ec-46ab-a123-49753f2fe98d
88c43ba9-3f8e-453c-b3c2-29673311725e
21c8b441-fea8-4237-952b-583d0c3b8ee7
daa40697-4ebb-4046-afda-899851320854
39b2058e-1b13-48a9-ac83-fa8642955879
c503b233-5703-42c8-b1ac-782bcc2a0641
98a11bf1-3323-44e0-a5ee-c0f446df33cd
3fe150cc-fded-417e-afd9-e30af2036da2
a3e7cf21-ddf3-422f-b5cb-788d848fc874
33994c52-70c1-45b6-a3b4-4709a9d330b7
26a49c8e-dc52-4f44-b46b-99afc180e856
9a999411-1fc5-49fb-916c-e221a630e6fd
5b911ed0-cbd6-422f-a569-338f676429b1
9980ca60-42b4-43a2-833e-1ba834d00a64
e1cd6251-e0a2-4548-b528-ef06338a9bc8
3f605fa3-65c7-4cb6-a7a9-c3b090b9e4af
42c3bf01-34ef-4744-a505-b3012cb47241
4a3a2bfe-8cbd-4ad8-8024-1cbb4e6dbc4a
025813dc-eb08-4c42-9fda-d9f3e351f88a
c8a5cf9f-3311-4d66-ba6f-80c29c52e3a7
a8bd47a9-8bd8-446f-8e56-2112bc34f51e
a768826f-e96a-4714-a7ba-5b211239745c
27850171-a298-4362-b51b-0bb33203f448
aa918b75-0cfd-41df-a579-9989eac90034
d1dbd1d8-614e-4eab-92a4-912ecfa5121f
58471a5e-0895-4a3c-9fe0-7778a4f95005
f4a7e5b3-80be-4d79-bc84-f85c5cd4a660
ec76c2cf-db4e-4056-8baf-12b8f48201e9
c9a71b8f-e4fc-4f66-bbb2-8d7f3c2d6077
a84016ec-02fe-4550-87b8-4d4fea3dd56c
78078a62-bb15-4524-a088-0db6e4eec026
82c130b3-5b49-458c-91e3-5d661ba7c392
0ec20581-96f6-4158-864c-2672c7133100
3ca284dc-73ff-43c0-8927-db52f7c11261
ff32cb4a-3585-4179-8f04-baffe7084ac0
a96de82e-b112-4335-aca1-aaff8ef3ef6c
233af5b5-fdb2-4bbe-bd60-8ec1ecdb72ff
9c6b5be5-4e02-4a30-8d01-c78704e0fd2d
bc1fc1f6-579f-428f-97f6-70eec1dbe8cf
bb621c60-9443-432a-82b7-64554ed57284
0b49ba71-2ffd-4596-875b-c41977ef1c2a
23be6e42-2ae0-42da-a574-ac8693cd4a38
e4e5c5da-9fea-4941-a4e8-c2a41ae3c19c
89e22c77-4e07-4f4a-87a3-0ef095cb088c
e7b71487-0dde-4cc3-aa5c-54f34ed100ca
324b89a4-be0e-4605-8a5f-e1dd5afb2b6b
a1be188f-ca8c-40c7-a61f-2aa2f062903a
658c48fa-b57f-4d84-b17c-6baadbf1b989
9196b098-e086-42ad-8682-8b23b086df69
dd9f67a6-da0b-4616-ada9-94993850a53f
1dd8e02f-c8e3-4ca8-96c5-dda8760ac38e
5bc3f7d0-ed56-4736-a70d-f68d9a5cf3d1
4ac3d647-7031-4b9b-adc8-3c7d22e5eaca
7ee6f878-a0b6-4f8b-a22f-e88af7d82d6a
11e646c1-cf61-4825-8162-cc3189a898ff
30cb358a-4e1e-4571-a69e-93776d822cc1
e1cb6744-fb42-4a0c-ae62-d821c13e0f27
b60c3b78-bfb5-4301-b51a-edb75b82c25b
d80a11ea-20be-42b1-8c59-6dc145b5b9d4
4f94230b-aa40-4833-9912-71450d58e13d
d7bd82b7-09eb-46d9-850a-ae7c725b71d4
9caf3742-87a3-4c37-909b-996c5f311ad9
bef3b349-036f-45b4-99e4-9c73e316ad80
da5e1340-1ebd-4fd1-8bfd-825ec6673d17
cef96342-7324-447c-aa39-34a1a5b1e8bc
fb687908-5373-4b76-b450-6010954fbb1d
bb80db65-ea91-40b4-af3f-ea95a05db141
7fb38175-3f00-41b9-912a-05920f034273
1001c516-df0f-457f-af89-7fab14297795
6058f092-e816-4246-ac2d-be137738ac31
e3bae945-42e7-43d8-b502-d1c3003c6d17
e94eb38a-f912-4ac1-bf9e-65fdaa57e0bb
7d0c514b-664f-49c3-a4e1-cd847c006caf
6cd3c6a9-9c48-43f4-bc7a-8b635bbf7fdd
2bbb927b-e46e-437b-95d3-6f55dc2fcb12
cfd8313a-11bf-4f76-908d-3dc8dd3519d2
5fffe296-a270-4fb8-ad06-df3884f6a271
a34a1e81-d2b8-4dce-bb71-639458981894
c82ad9df-c8f7-4f0b-921c-008136dcd42f
3a2e3c8d-1ff0-47bb-be86-a8cc3ba29eb4
af3bf5be-c93a-490b-aa19-eccf9207b826
cd48bd99-b0f5-4a77-bf68-1f226178c653
4d311ced-78cb-4d7c-801e-c583b0dabb71
36768b56-d4f8-416a-a070-b8a96e7b28f4
bdf2d714-16dc-46a3-ab1f-6dd4a7c6261b
8171cc42-e8a4-429f-a695-149a205bdafa
11eb4c8e-1a06-487d-8987-989c0bfdf031
816427ae-ae65-4164-a574-83b5b12020b7
89062257-6b8b-4e29-aa97-62bcd7e2ff16
35498940-fbe4-4d16-ac39-b54d9a4559e5
d18e7746-7465-45d8-812d-fd5a2ffbba49
24481536-b6d4-4e49-81d5-0570ab2f14c5
44c76816-e53f-4916-800d-4eaf35f8f254
cfcc6df9-e710-4b87-acff-c1b4e8ceaba1
ca4c12f4-e8a8-4595-9e13-2a5ded8a3064
a0500872-1a10-48b5-b633-85cbfc80d91f
9480125d-024d-4d44-84df-7fd8bd6d8841
fa85bfec-6c66-493e-9cf4-b4e6e78c5f15
358e264a-14e4-483e-9948-69837bc3f169
527960cf-e4c0-4659-9ca5-8e78204aaaec
4cf48441-95c8-4368-91d5-17d0b1729ea7
5a247dab-b632-4d7c-b4e8-d4c95ea8da04
ed0d9564-2953-4b13-b35d-544bc1a60f0c
21028d54-f835-484d-8698-423504f3baa8
4fad47fd-78c4-4958-96bf-93c4cb49b74e
cf088748-db9d-449c-b00d-e0f6f3945ab3
59f570db-a244-4b3d-b077-3c7da9e01928
767ef5ba-7d4b-490a-a75b-14582eb2574f
4b8e31da-4922-49e1-815f-c4f3e2782e14
ca57014c-f351-4599-bd50-569e67b2b06c
be9f998d-9b74-41b6-9126-d99be78efb99
1448acaa-9eaa-4793-b1f0-f59a4cdd510d
e08021f9-e65a-4722-a2e7-26c9eef55fef
6f97856f-4394-4fef-87a2-871cc4a982f3
569eac7e-369a-459d-894c-a8f6492935ef
9fc6ee1b-0dcc-4bfd-8561-de28130ba2d0
35f7bf99-bc06-4c66-9e0b-86dc33949522
a80bef3b-2e97-481b-a37e-c1c79cd83823
62567268-f323-440d-a95e-03d4eedd4ed1
fa3eec64-432d-4732-8bed-1f48666f5b7d
dcc5384b-a1e3-4b21-8e3f-94815f9ba177
4c9027a4-fc5d-4097-8cbe-4e242b0486ac
9b48fac8-989f-4259-a67e-ccb0726e96de
5b282bd9-bc04-4290-a097-dfa186b978fa
00ae936f-6a9a-4898-b967-4b89617b5d4e
98fa6ef5-0e65-43eb-b728-01e1104035c1
70a12b75-477f-4620-87a8-807b089f1654
662a3895-fe42-4b8c-94bd-e8376c8d0850
13ffac60-9ef8-4408-8fd1-7acd1d4950f3
03b86979-796e-4ee7-b459-2df4f96347c1
f629fe23-9964-468f-b1b3-bd9b9002fa6f
f55cded9-3d33-44dd-9754-2a4d1191d5f5
8a6a3675-eb58-45ca-9254-410839ecea7d
150cfe69-74ea-433d-ab97-245466787e50
1ef1d8f2-4075-4473-962b-0b751d5bf8fd
233b0611-d240-462d-bb1e-ca908e3fd8e8
467a9e3a-c46c-4951-aef5-c8b63a7164a1
d0e66ab1-16bb-4789-a6a5-38688bb34fcf
5830ef96-2d60-4197-9672-1bd0650fea6e
32da3476-003d-4a5e-b06d-20ea16e90aef
ea04e55b-61d3-4704-ab18-1d00d4744efa
07cca054-af0c-45b8-a2f9-9bd909dc3eba
15cd694e-e4ac-4894-8891-5b4a8f1312b0
bbfbd374-c035-4787-8a74-7d0af727cbce
843d12f8-4e02-4d00-9499-dc4de0a54727
025f10f7-e8fd-4bfc-9898-19602811cdbc
19023807-32e9-4de3-8317-f34843303313
755f0ecc-f975-461f-9bd2-7bab79283bc8
2bc1ca14-34d6-4e01-adcc-b8492c43f57b
75e6e63c-728b-4cb3-8c2e-db1b95f0f771
1691623a-5632-4259-8240-6eb61d382cb3
5026c3f8-56ac-4b4f-85b7-60c63e150103
9a9cef91-003f-46de-8f45-c3a073cd18da
1a49e15b-ce69-4a85-9496-a4beac06cf61
4c40bc9e-75aa-456e-9a45-54666daf0fe8
de669422-a972-45d0-bd7b-f663eae2880c
4ae63ee3-6a38-4235-b00a-36e88dfccd0c
225aa6af-5ca9-4266-be26-bd5a63d05309
39c2a004-444c-4cdd-a502-ffb14029f364
3fb88a83-4765-49f8-86ab-419dc29a483b
6e9cb5ab-4d20-4fdd-9627-291226d49bde
c8b258b3-ac98-4bf7-af70-d34f4b9cd91e
dda93050-cf13-449b-9774-23bb15b22c4a
726db62e-077e-41bd-92fa-db26f75c80fe
c63b1b08-3007-4439-9e8c-46b5173a80e3
77278d55-41dc-4c96-8ba2-1ee2a759b19e
94fe1934-bd92-424c-b31a-46298d2212f9
e0280844-04ac-4aa7-9133-6b3cc6a4ebbb
2ca83c1f-6b2c-4427-a2f8-8f38a93ba76e
ea8dd010-a61c-4b0b-97df-2fefcf95623f
9433a956-d401-4034-961b-f42c09edd823
b41f8025-94fc-414a-b314-57c00d8a28bc
4f50fe6d-afd2-425d-af0e-ba5252a8ae44
d4a4bb7a-bbe5-499e-96d6-75cf300720fa
1b876eec-ae4a-44ec-8e23-df4862d7d7ac
f6c9be90-7a31-4a30-8fcf-52c390cf1074
4386b24a-0953-4af6-a75d-274d77c76c8c
f0f23c62-8cf0-4659-9c3e-74e4fc2890fa
60f521e6-d26e-4377-add4-0231e86ef4c3
57fdf30d-6e25-480e-94fe-a21feaeedece
4fcea48c-2712-4e11-b036-592d138331f7
62e5451f-96b4-453b-83fa-5effcd51741f
5037d013-239c-40ab-9614-6771f9cc4826
22f1d894-33f0-47f6-89b3-375e67cece01
297013b3-23b7-4fe5-a73f-90c95863b6da
6b416100-ee92-4baf-a874-89512e0f3666
8b409076-dc00-4945-9513-87d772141c8a
ec907457-bfc0-4a74-a40a-0838ee8ac777
b8c43308-e854-47e6-b347-6b152b291c15
5ab955d8-3432-4c10-ae8d-f92c3b12bb8b
ad0d7776-df5c-4a95-9eb2-c7143eada422
9720591a-1789-4b8b-84d2-4f77a903cd95
3a4d1948-cfc1-4c45-b596-b26c771ac8c8
55c96ab1-9600-4c35-945c-9c29b0e00589
644c847f-dabf-48e5-9032-55294fe0ea10
b8b0cfca-aa63-4f72-b94d-4e7aec195e83
f39ceaac-1503-4349-a975-550ca334038a
a51d8e20-eece-483a-8d5d-aee2d499552d
867987ce-088b-4c07-a881-f17a176f5506
9a352a2f-8a24-465e-baf9-9cf16aa0ae7a
dab766be-85eb-4e56-a7b0-d00ba5c1d7d0
4fc01e51-87a5-413d-8606-80111ea6b37a
86e9586d-eb6c-46e1-90e8-f1b325311ad1
28d6fd52-2310-4a5d-bb30-21d91c932173
7e93d6eb-fb94-43fd-9f10-8fa13b849146
bd0ffc03-c34f-4fe5-ac9a-5bb0af9c9621
cc514c00-9468-4193-994f-f7d1f1f1e5a2
a693a361-dd35-4e87-a640-90a8bfcf3a30
b7263581-80f8-4a74-932e-a9727260562f
4b9c4d51-5469-469b-8b42-18bec85fae3b
47bf5112-7963-4e16-a25c-efa1999c7cef
f2dee196-b483-4674-b748-b469c8d41f4a
787086b5-cf20-4043-ad90-4d1740ae4846
a8ba5eb0-b619-4cc1-a338-257ed11716ea
d29def9e-3315-40ed-ae4b-454a25c21865
017215a0-172c-4166-91b9-bf340005a021
d4ddd161-21ca-4d13-9dc9-bc13fd940926
92a4d559-1a33-4f5f-9893-84838c832552
91f79f45-2db4-4841-b412-c7f1c1950ba6
765ef04f-39ee-4c00-87ce-6e45fbdf9861
a736ae4b-1d8b-4428-95a0-ffcdbb17df7a
d046becf-e264-431f-99b1-1167daae721a
86bf741b-110b-4433-8cf3-8a5c3eef4a00
8998af1a-8da3-4e84-9e2b-ee3d6c6d1d41
4b7bf51f-c829-4bbb-afee-0fe323973457
e83477aa-2007-4a7c-ad05-11722f933342
ba35c219-5898-4a04-83e9-c3335aaaa867
cc4b039b-b55b-44b8-bf30-edf0fa71ab50
5a4f0bf3-e966-4aca-b69b-31d54c9d0a1e
3608d52a-b4bf-4fb6-9d50-8a053a3b3cec
e55bd262-2d2c-48c4-a043-39926e513ad1
e2460eae-1d84-4575-8c7c-de4be8edf0fa
f7558f35-6b31-4b64-84d5-cc7b0cd73ebb
e6c392f0-ed30-4490-ba17-72b677a3230f
16e8e419-c5e4-41e5-81c0-f83b0b8e65e0
2a55a537-25a3-4eaf-a22d-161496283b26
f9deb61b-1a1b-4d00-beca-aaf2b6907dbb
132f1309-e733-4a6f-b1c0-6c3225efcf16
331d4fc2-4317-44fe-ae41-c1263a51e47c
73458a52-9ee4-47c1-8a9f-007df564e89e
b8d08e8a-9e19-463f-928d-0ece7cd22cff
cc3f5f44-cd38-4fa4-80fe-6903c197b854
ecb5d7aa-dbb1-4a9b-80bf-d5f1d3047d99
00afe390-1952-41d5-a66e-87a792537e40
ea4e2612-669a-462f-9778-912e50afc44e
cc989353-2be2-48ce-aa12-7df4515d1946
7910e568-4aae-4ae7-ac0c-531b6b8ae375
f40e9fdb-d3b9-4386-9d50-e4906cc3bb4f
baaae4f3-3655-48f4-9cf0-7f5a9e9f1ef9
8b176add-158e-45b5-b8bb-edb38ea4f6bd
43ab1de4-bfc2-473b-aee6-9e0a01b7ebbd
acc339c8-c17d-4a44-9093-32251cfdacee
a2ba18d3-11f1-44db-a7a8-f53d57ccea51
21474ac3-8dc7-447d-bb70-4f8cab6f2091
ea759fa3-90ee-428e-9193-024cd94f2ecd
5da49117-7e86-422e-8187-b2498b56c5de
42748450-4dae-40ed-9fb1-6c2fc6f33143
f906edf1-e856-4af7-a11a-90aa4f970cc3
eb5f9049-15a4-47f7-b62d-f64aae8d7e91
c61fc6e2-80c6-477e-8f00-75ebc0383983
0da8b745-a9e6-4acc-9c39-75b99566c9ac
31844eee-d051-4f1a-a652-4180d1caea10
a9f00e96-f304-48a8-b75b-3553ac58336e
89e58e0f-0c4d-4120-8a3a-94887d992288
e1815074-ca83-4779-bfea-af77aa2ba0f3
2b385367-a0dd-4b86-80b7-802378b64148
ca67a3f4-0b56-48af-a3fd-2cac4324559e
fb1e338c-9175-4624-92d5-75309bf538db
9ba3ea08-7d40-4ecb-9001-e75cd777f54c
33d846c6-1dd2-4c24-a367-6ed49b392336
5feb80d8-6349-4c35-a9c7-209dd613ee29
95cf7bda-41ec-4e5b-b069-8cbde2070b3f
4b33031d-51f7-46b2-b155-4812b415702c
636e6430-3a82-40f6-9012-b7abf8308fa8
f91f30d8-8ff0-42c0-9154-7882551139c2
b4746465-3f92-4e50-9b06-cd988980f199
4231cfeb-1fc6-4c41-8513-99df746b0ca6
4fa3a0fa-d456-4c46-9408-915d67b4b895
a84ddcbc-32ea-4589-bf69-d64512a381f6
653f3009-fee1-402d-af70-af808bc55e03
b37df64f-e162-4937-8549-2c1d5b6eb574
2fc282ed-9d33-4b5c-8ad5-0b0c11a8fe3f
44475dcd-6316-4ecb-835a-f027eb854db6
df13ef5f-554d-472c-a2b9-0564f1e8f3d6
29454211-0676-4d8a-a40f-2096fa9c4647
de942432-0418-4229-8ebc-c2fcb4dea853
31750090-134a-4ce2-a541-97e4dae35a31
a7bca538-7bc4-4355-8070-d934fc7ff1d9
ef9be6b0-1ca2-47f7-9d9f-f3ea3ea8c767
bfa13d4e-2ec6-401c-9977-07f21cb35a57
cda51c49-d80c-4d8f-87c5-80714070f57d
0d5ad297-d8ae-4025-a493-243012d22778
d832b8dd-a30a-4985-94d5-189e17e0b876
1f9569ff-5746-4be4-b758-202912c6a355
009f4657-fa8e-42b6-862a-63a6a73c7874
34c8f021-4cb6-4fd6-af5e-afe01d6baeea
b56b4b14-4738-44bf-8f0c-340601f5b747
617e033c-5a85-4f09-86ee-c04640e3dfec
f73f1bba-2d2c-4232-bbe3-5de03da310d9
5f3de16a-4498-4aee-bace-735c71dc7fcf
8383a75d-110d-45bf-a456-db324f73eb13
2e5f39a6-1b75-4d54-ae4d-cb2d280c7b1a
f6dbcac5-4229-4c95-b55c-b6204385013f
9dd5d105-8550-4b2b-96fb-c856939b12e8
ff0e7609-c180-415b-93ba-17d2cbfdaff7
f0609485-2f47-4550-af8b-20098034be54
33b5e243-f2d1-4c4d-a58e-5015526de7bb
8422ad07-98ff-465d-9a43-8bfdf8dfcd65
ac0e716a-1a5b-4050-ad2b-0dabd14419f6
9c617a54-74ba-45e7-938a-187550000eb9
73fe8042-6f22-4c35-a7bb-65dc84c874dc
473bb141-c929-461c-b67e-cd414557873d
155eb25f-b2cc-4f68-9b15-8332be80ff3b
e49f233a-cc8c-4aef-ae61-4c9cfdf35ec4
6a32cba3-960f-4331-ab99-e5984a37d21f
0b57fee6-1612-45ee-b92e-3d9142189347
979bbc6b-1892-43c0-8b7a-f9ea49b52e95
821e1c66-03c3-4273-aaa2-29f4a0eb6a70
120fe67b-2959-4a2f-beec-aeb1803d5b89
0e1f954e-b03f-46a7-bd32-ba43cc1df707
532f77a9-b781-4b9f-a9c1-63cec6ca5155
1f5cf14c-4c54-4d12-8490-df0dd12d036d
c02582ea-7e6d-40a2-9e5c-ab95952f82d1
02b938fd-1a6e-4242-838f-52b155dda414
679658d5-db8a-460a-9deb-b138c4e7f97e
9882a862-073c-4b8e-8e29-facb0900ea54
0b70f645-610d-4f0e-9a34-d7b83174e1f0
20839fef-7b60-4957-9f76-3c47f7208938
a737dab1-2d8f-44f6-ab09-7316488ed66f
d5d53c2a-4b3c-4f2d-bf76-041812539641
4dd36619-6187-4b8c-b20d-fb9704b731ee
3078e937-fc10-4eef-b7b9-3710c7a6649f
612e95f5-dbb1-4276-9c2d-f0fc53726330
0b8ebf2e-9a70-4182-9238-517b34a32f0b
0c5714e2-bfa7-46b1-865d-78e63fb796a0
85fe1554-3846-4232-9eea-f85ee5f25ed3
177728c5-f5bd-4cb7-80e0-727c75209773
2a8ad412-a618-4267-b93f-926629ad3582
285b13bd-957f-40ea-999a-c63f9e5c1a9d
5ab41ce4-f0ef-4430-b2c7-e93a5112b41e
f370670c-c8c1-4d8f-b0d8-d6fd3be1e741
98e2d345-43c6-46bd-8984-a829ab176a16
bd3e2f64-982f-4b07-b887-a58e31a58eb0
c2ad1b43-6d5f-4d61-bf78-93859c7fb614
0c09609e-7a49-4d6c-9fbb-d5d146abd499
27ca833b-c54e-4bf9-b942-8c0c0cf0eed3
78e04c1d-13a0-468d-bba1-dbd93ca7f825
83308c8f-6f8c-4b2a-a91a-49dee6f6bcde
6fbf5092-c3ef-4b68-9fbd-b949735e5e02
424587ce-b5f2-4aec-bba9-fe57e2a0e9dd
7e3ca67c-bd36-4cef-9e5e-e8f1498867ac
185e234a-5e95-4710-9779-07a71076a6e4
63c9d161-8949-4582-95fe-6c19e15169bf
d47f52ed-1857-4bad-86f5-25eb7183d659
7a273ca5-b407-4eec-b3d3-8a825b2e5157
f70b4921-390a-45b5-b040-1747863f8018
c76988d0-30ee-4d24-958b-a17649d34f83
89a05197-fdb1-495f-a36b-42d27227245a
6dd569ff-6830-4f88-8514-7345eadc3c45
6db5c865-8adf-43c5-badd-bb3a95227cbe
247245b0-3cf2-428e-82d8-25526e95b023
5b99af54-4922-4e8c-87e2-2b954baddb00
b92f5bfb-1c0a-41b7-a86f-059f3055bc6b
a0b57230-658f-4867-9958-8bce13fbe4ba
46f33a3b-6273-4c73-9b4b-127750b3c929
7cbb0203-e3e4-4aa7-a4a9-480a4e978e62
87ecab66-89ee-4b9b-80a3-16cd48627550
1afc8867-21f3-4e51-91da-2e356c594f11
37003eb8-0f1e-4888-883c-0d06df6d874d
84a78ed8-3383-4d79-b49c-ac8bf55fba45
8ab220ab-fd97-4522-a219-adfb650ae006
b20fc81e-2bfb-469a-8f5b-ce2b9af389c5
eef47cec-a881-4556-b09a-a2b28f3e4abc
806af6eb-f133-4743-b3ac-bb4d70886676
c50c680b-3120-4961-ab23-646a6c5c799c
fb282cf6-944b-4aed-877e-f05bdd68323b
ac4605f8-0d9a-451e-a0de-e51420a26438
0f3b65f5-053d-44f5-998c-cf524474d5a1
b8373f2d-c54f-493c-8dfa-7669b0d36681
391a91a6-b4c3-449a-86ee-f950df2b85fd
981d3132-c76f-4bad-8aab-ba6fb20fa3ce
ad0729c5-52e8-4dcc-b678-7383382d3eca
b573ead1-592e-4747-90cf-56af043b133b
7d2b1634-dd51-40ba-8469-67b315476c20
88110912-0174-438f-99c0-fe3f24ce2e44
25370704-7226-4205-9002-faa93fa9b734
445ad0c3-5fa1-4793-bb65-8609cbe3b2f6
4d957ee2-1040-4793-9608-377f3fc88f68
53ea6b7b-a100-4cb4-9da7-a758dbe84b40
acf8437c-b680-44de-821e-ef29ff2275f7
ca1123c9-a126-4e5d-b461-211e704503b3
32089d19-73b8-4606-ac49-447a7229c2ed
176cf3be-4b48-437d-883f-374a0037dced
23dfeed3-c07b-45b7-ad55-ecc1a4288cf2
75c7d2e9-8e92-40f6-8ed7-58e997efe07d
50fea6c6-b9fe-46c7-a853-197d7aaa30cc
d4d8bda7-f3a2-447f-8ffe-99d010add9eb
82c9a28e-e78e-4eec-8bfb-1eb46aa4d571
271d3f2d-eeb2-4d35-80ba-efe7bd4f2fad
e3c6d92b-3122-4d76-b491-1c8704be0b73
e2b36628-458f-491a-a6de-1e81a313a11c
f8e2df13-784f-483a-9640-5c0a8426b87e
a26c6377-3b49-4ec8-9f63-3054490a9193
1eed8bc9-5d52-44ef-988b-7a021231d91e
703fe525-3075-41e9-9d54-76bb30253c3c
4be35021-2867-405f-b6af-6c58a97e03d9
709bdf32-eb85-4567-bd25-fc645e5d8ad4
30f1d9e2-6661-449d-a066-dab10443dd3f
13723fbb-8a7f-43b2-8cd0-dcef1f6504ca
331d21ec-179c-4791-ac6e-c7f13ad91f55
9366dbff-dad3-4428-b793-30ed864968a4
f0470322-3c30-401f-89e0-d476d6d73b79
f92c2b12-caa4-4cc8-8f87-12dbd66a1078
d87e51dc-cd17-491f-909b-f512b9ba83ef
b304bc2d-cf07-47ff-9681-415e68ebb2f0
afb71e9a-8032-424a-832f-4580fd95c7be
91782e6a-b20b-468d-a792-e8ded2bdff60
d0f541ee-f62a-4ecd-9340-c0983400ca58
103d02b0-caed-4cd3-8733-cca7548e49b6
7755b691-5e28-4c94-9a21-919199329df7
74790414-556e-44be-b0fa-bd1ed9ad4307
60efb846-02c3-4332-ad79-911fee1022d7
1e51454b-59f6-4946-b366-13a4143be378
21b033d8-8754-4d02-9493-6c45b50a2c75
a0f29565-0d53-4c54-99d7-0d6d4670777f
82f1e8b6-dc7d-40c9-8457-97ab3d00ce00
700c09d5-45c9-49e8-b80a-aa2ac26fe3fb
12986c21-c2d8-4e86-b0ae-2e894faeffc5
01180c18-9114-4c56-91f1-35f9995451ee
a7969367-ff4d-429d-b8d3-f7d9b2432569
3f402674-a1e8-4338-a029-41cc14ecce73
6b90c007-d5b7-4e36-8dbb-3051d60bba0b
b38479c8-b9d9-4820-a887-b455509d1860
831fbabf-529d-4bad-9857-e6cf57111576
0af37368-096a-4581-a54a-94fdd89e9685
59ce0fce-db1b-48a3-901c-776ec6e264af
cc103b17-12df-4c02-83ce-0f0a749354dc
8196b306-d390-4767-a4b0-810ee86988f1
862611c6-b311-421a-918b-ff9eb8947f04
261d18ae-54a8-4aea-b9e6-4efe536c6d72
6a7c5fda-f8f2-4744-9b33-b5a5f9d712bd
fc4cf5de-bbcd-42db-9f6e-5995190e4ac5
9440b2f7-d581-4e20-b2d9-78a91dc2e623
0f082f9b-9dcf-42d8-993b-19f3b4b5f973
83e75840-ecbc-4184-b3f0-20ae21df6676
8f5c05fe-0c1a-4e24-b566-536345426c1d
ce1a79f2-f26e-4deb-83d2-502805d5886e
cb2a2add-a8a3-41c5-a11d-d88d4b7cd21f
743e9d88-07bb-4d7a-a7d8-91201de156b2
8b8245ec-9658-494f-ba40-a6796030256c
8f893c3f-d93a-4ef0-834d-8629de6055a9
c5ff87bf-695d-43ee-85cc-a55e56bdeee0
5ceab6b5-f157-4349-a9ab-44ebe916de74
83eb721b-6377-4ccd-b26e-94218ce89fdc
a12b466d-af53-48cb-b714-7fe32cc022c7
23f83444-3d02-4715-8ea9-6ba66f328dbc
9b9220e6-6d59-4a43-be85-1d5d134f1857
759b8b33-d833-4996-8dbc-301bb5673873
e09846ef-421e-4f30-a2ed-994fb96ab576
8f95afd3-75fe-4b4a-b84c-92c4d462243b
46af3070-c922-49c2-8a51-8a0967841f72
5e3c8124-801a-45b9-8406-294da4505c0d
be10a7e5-6646-451e-8acd-944c811c85f1
d4706c06-17ca-4644-bd12-8edd3d4d4ded
1ef27c32-23a6-4afa-b527-e9a33cb1b831
ee1fed86-6714-4ff9-b07a-c891eb1edd54
b5ec8fb9-76bc-49d6-adc5-f023ae774835
34c9277d-6191-4018-aaad-4dd9579e9a21
c9c7d6b8-5ca7-4c66-a2ca-e7ca4d6e0d41
ddb9aa22-7e81-4699-b9f5-62b88ded675d
1c71e20d-5f8a-4d9e-ad3a-6ff0d46249f7
3752182a-0023-460c-a4a0-e18e1b938287
5aa885a3-0ea5-4b08-b510-5572311de85b
ba599a92-50f0-48f1-9c86-133a4e79167c
d6ca25d9-f4b7-4224-8c5d-d27096f6c22e
cfb26c7e-a4e5-49ce-bf18-80e5a48855e2
00f89074-7fa5-4f28-a923-ce776fc91538
64332525-c036-4e69-a9c5-7a8fefc6312b
581a1189-d3f2-48eb-ac7f-cfa4262f1a80
44c3cab8-7b6a-49e9-8d1c-f0afcdf64ebd
c419ef01-1d8b-421f-aa25-fb969593b9c4
bad69b93-a8bf-401e-a8f6-7d28e2cf91b3
02d8124f-6269-426a-b88b-0f575bf5ff06
6293d385-be22-418a-ac58-52d31c7ff0c8
1b968b00-a810-4ea4-ab85-3431cea97c9e
250508d6-1220-418f-af3e-c3fc8facc4a0
07d18ff7-670b-4241-bd44-389bcdf08e36
150ec823-26a2-41a9-8318-7271681b5ad1
f823240b-fe7f-4d34-a6da-07eba90ea1fd
f359bb59-0fd5-4c8f-b623-c240e070b673
bedc1438-862a-4d31-a197-caf1e8723c92
a1ccbc43-b599-4281-9910-a8607e954d40
4ba8470c-6ac2-40dd-b95d-692ab2096d2f
f2fb8bf2-f100-4f31-b01b-2e34c5f8172c
ef3943da-b5ec-4a88-b65a-f4de932d601a
898f4961-f609-47d8-b7d4-ed8288f3834b
163b9938-42bf-4aa2-a2da-a5841d50d9f0
3034c4a7-7135-4ab0-902d-9ad6f454222f
3e99f6e0-c7a6-438c-b2ca-7ffe1d93cd6c
27fc61cc-5aec-4ccf-be1e-4de49c84c489
11e9953e-236a-4f36-9de2-75718e07391d
d500d4f0-cdb2-40d2-869f-96b1303deea7
43e07472-c62b-473b-8814-e1cc0a0e926b
a5c4e877-008a-4caa-b1fe-5bc7ec460989
020e2547-215e-4c94-ba28-c3d35a4131c2
4d7d0887-f13b-4425-967c-fe80cc56a83c
fa77c7a7-251f-46d2-bdf7-f727c9de7cfb
d6a5768b-edd9-4fa3-9fb2-34a08dd15038
9b4297a8-194c-49ea-9138-bed3f2e97960
5776b2c4-836e-4e9f-9efa-e19c438d9ab8
4b526b62-a69e-4343-b68b-fa389c06f55b
6605a126-07c8-4476-8ddf-942167fe480c
71ab38f2-c996-452c-a33a-ef8396820f5c
e364868d-d845-4636-9ea9-d0315904e4c8
13b9fa2e-099a-438b-b38e-b2a3a58a2411
6d6a675b-3f33-4d44-9fe7-9036c062beee
74161fd0-020f-485b-b00f-ae0917edbeab
dca8217c-2467-41da-b8c5-eed698d34524
ae069647-3133-4524-bda5-e9763cc85f39
e820584e-705f-4b57-a62b-878d1bd557a7
02372bf8-2290-4074-8edc-c862b9e0bc89
bb32d47f-9067-4e5d-b393-ed9e8ca429b0
68dee6bc-2cd0-4619-8243-e8f9ff8ba914
6dbb28d5-5129-4c6f-b77c-b7310409bc5d
39632792-7312-411a-b27e-a2af9f638345
ae920ec3-eaca-4f49-b400-955d31734fe7
2de2f0ad-caa2-4edf-ad64-f620c97e12d8
debd2cb0-dbb7-4d05-b194-f61b67810e6b
d0860d55-4d15-4d5e-a9b4-cfa7020267ea
f790573f-8ba4-4a99-89b6-2d29bb2aef5f
51ba02b6-c621-44ca-a3fd-6eab9bcaaeb8
2ad81c53-f059-4cc7-9cb7-abccee085928
61a1a1a5-3a27-459a-a6da-ed414abb5a8f
a59f097d-a97a-404f-8dd5-171f36d80ef7
cc50435f-2d20-4c75-84d0-772cf811f33a
c76c6eb6-2a9f-4a1e-8130-86d797b70d2e
29c67c26-4813-4f4a-b018-09c6bc817add
9f4e23ec-6736-4420-a972-11092baf36b1
21883766-c808-4123-9def-b490fb785c97
dd14bf15-25c9-4841-b6d6-245263f8506e
fea4f1fd-84d1-4c1b-ba4b-1bf08df1e18d
f24a957b-90d8-43e6-8651-b1168f92971e
b10918a8-6f20-4591-8694-48f6e6208374
d3abde89-2961-4b42-96f5-9f30f70e2cb0
8db417d8-a1a1-4d32-b736-bccf6c0b6298
b7c7d784-2aa9-4014-aa37-4d7f4ccc663e
a43edcb6-8be1-4b09-a890-9cf4a6d1788c
b95ce974-fe80-40e0-8ed4-a7a65c6b7db7
b4500514-dc80-4bd9-b1c7-04352166f608
980484f3-acb7-4e09-8385-eaa7023d8ae5
5f7c18e0-23ba-44ed-9020-1464ffe0046d
a51fd614-7f46-49df-82e0-aa094277f6dc
eae4295f-3545-439d-bbbd-bf9aa02e1f98
527d9f2b-60f2-41f5-b684-6a6e695159ec
45050fee-ed9b-491c-a20a-11bac0a8119d
fdf7c10a-3067-4d30-94ce-0541ee8d1bd6
cc1fb2be-b11a-4229-8748-c986e92eeda8
e0d047bd-5cce-4c33-b963-316a88359787
bd2bc95b-a3fe-42ea-8f47-bae3e9be6acc
2a21d255-fa1b-48cd-b3aa-ac3148c1b835
2ed54a26-8a5b-40c1-9500-ed9a9fb92f60
d5f3f55e-09a1-4d11-b06a-91862697e9d7
aed68db8-b43f-48a4-abeb-893758b874bf
f205b6af-904b-4868-9921-7bbf86d00840
355962cb-db3a-44e0-9daf-51fcca2c991f
f5c0db70-6e30-4584-8642-a665eea89f2d
983bc449-3dc3-47b8-9be8-4ea47d6b0e95
c4accddd-e964-4634-aec9-50b6924935fe
f1427eb0-95a0-4da5-a23c-092eb0a39955
bcf24ba9-edb4-4499-a638-8eb4a4c77641
2482a3b4-ce26-4fe8-92a5-e3e456647ba4
037a2761-5c45-43ae-ad1c-627689b47f26
f47ea9f2-a915-465b-8be2-48b9fbe22aff
2953373c-ae1b-4b9e-8d60-522ad174a37b
5ad31cc9-b3d5-4623-9874-1ce14bf52adc
8d00a4ce-94d9-42ad-ab20-a1ae1635a70b
8e5944b4-1781-4e6e-8a38-e62665f36368
c5bd7558-9410-4c61-b779-01701f77ea30
dc0ac727-e599-43ee-9dfd-81e09aef2a2a
031a50ad-dadc-4525-8381-08b9e9dc11b4
2497f39b-4ca0-432f-8657-d140280fbbc0
491371d9-6b9b-4d4e-afaa-1983bab277f2
42a7de58-4d76-431c-8a20-a5e3e6f89fbd
b6d35706-7f49-4927-b58c-bfe222aef7ba
d74d45bd-fe50-48ed-bb40-521849f80020
a9ebe12a-2c95-4d47-aaf1-94beadfa63ff
c3cc1354-c90b-475c-96e1-f27dd7f39ec6
ccbcfabe-f3fb-4248-b084-e2d9a5ec2e64
af245a35-02b2-428b-9bca-54051d1b3d2e
8cbbd587-6344-457c-8d40-9c4ccb46500b
a1ced405-7f30-42dc-abec-bd1fb3894278
d63fb6f8-12e7-42f2-b9af-0af869f70f76
cdddf813-3422-4734-8af8-d00df09294d0
7df2d532-25c5-4123-b1b1-31c7998c7536
3a67f6b6-cc7d-4129-85da-361a69032725
f02f3343-c647-41ca-85e2-52492e4edb71
de528ee0-f95b-41f7-a1f7-d6f92b052aa1
3fff6965-d993-4bb5-b4c4-d7e20585589e
306da483-bfd3-418f-8c3b-266f333886d1
58da56ad-576c-41ed-bc0a-3114721df476
713eca54-aa74-4308-b103-bc108de51e5c
313ef7f3-869b-4f67-87dc-7680b0ca23f0
044cd7a0-75d6-48ef-9c43-bbcd1e4ee713
6c17647f-3067-42f1-a24c-d08325a046d3
be26c7f6-7bed-4d47-aa80-85b6b1f32f30
6cf98e8d-eb82-4d56-a137-8fdf7e1f27b2
5dfe5dfd-6a25-4b39-b211-7f448dc80103
5bd70fc9-c0e1-41e8-9e4b-ce285189a158
76b7cf6d-6590-474f-a1ca-eea804f4f619
5a9175d0-dbf6-4395-9673-26231ba6f633
77d5c583-9919-496a-9a2b-1ac60a4d69fe
dec23bd8-0aec-42ef-bbc3-b3ded50313f8
2191d0af-f3bb-41f2-8d3e-527388debd50
8c59a888-9b58-4fb6-bfa5-240f2e0d0414
ab225c00-4e9b-4b18-96b8-0f4a0c1931e0
4f0d9afc-48ae-456c-a306-fbb1369eb8d2
73ce2141-7c8b-4bd6-b9b8-2153fac6ae8e
24469f61-de55-4988-9081-2aa3e823f16a
32bb0a33-f7a6-4164-b33c-06aac7ec3d06
813bf8cd-33ad-4898-8faf-70557410fcc3
ee902069-808d-4e50-adac-bccdadf8ba72
afe504f7-77d5-49fe-9669-7af36c00ca3d
1de10be4-89c6-42d1-b05f-8ecd583de8bc
6a5850f6-bbf3-4864-ac39-c3d9dcc45dc6
9a6fdc16-da25-49a3-82ab-12284fca5767
46e1c7af-0e77-4674-824c-34c978a8a2bd
bc727345-c08d-4637-befa-5a7e37ba6966
e1de8d76-851d-49e3-b898-83eb1ca56f7d
8f433b12-0c03-41e6-b498-18913ec7728d
38aeecbc-853d-4d84-81c9-2b28dd0f5883
2753c663-16d4-4e37-878a-12e79de0a6b1
60c45f7c-8a9b-4b66-9b67-474e689aa618
8995d6e3-e18b-4c68-91ec-ed17b84fb7e4
70e1c0de-3213-44d6-b04e-b1e39d341764
36f8d785-0950-47a5-8de6-767bb385af5e
2f4afbf9-a38f-4db9-824b-fabc1411f8f7
a7126aad-41d2-4ebe-a07d-214ea8e5e210
fb16affe-11a0-4642-b713-9eb540547fe3
60329e6b-91f0-4f83-b098-be301d456b83
3692abff-7a1c-447a-a6d6-e3af5c4146b0
6fef41b3-6981-4c26-874a-ccf0669282bf
a60da00e-a665-4461-aabb-a5c055156cdd
52f71b4b-43a9-47ff-b73d-5899b8b399b2
9f5ec657-10fd-4551-9e7d-3563c08c9a1c
cf557c53-9457-46a3-9a0c-a2eca3d0f9a0
a69b1ef0-67cd-4a41-b146-02c760a781bf
542cca74-f333-429d-9d2a-1ab96e8f807b
a7ae664c-1eb4-45c1-a117-a9a2ba9c47d0
15c0029e-3dca-4d84-acfd-bdd4cb25d837
2e6eaddf-57b3-40e1-8390-caa03a78fffd
7232ef0a-8381-4f5b-a4c8-7966ce3c5743
7c33e5ee-dc88-4ec8-ba01-26fbe1812ac1
fe9b87a8-d0f0-430b-8b28-9db569379bca
b40af983-e0d6-4d78-aa68-d963beefdfac
e5d7554c-90bf-4296-b235-ceaab93493d9
128184af-e21e-43ba-b621-f93a6fce9765
ffcf0750-2bdd-4e91-9364-3032341fa872
7c186189-00a9-40aa-8a96-cbd92e21316d
2ffe530b-b3dd-45cd-bd06-93da8c1044ec
a2c4a77c-7008-4df4-ac89-89acf64d4ca1
fab73c78-6962-41d4-aed9-de23950d19af
175f27f3-749b-4266-8b25-e5916c9b30b2
b1d10474-d1ec-4ee7-bc8e-6cbc37b478ff
91aef539-c802-4568-909f-d6336655846a
bcf580c8-8f58-45cc-9abe-f783ce86dafe
d282af4b-5f74-4997-b281-b8c171470232
7063e6ad-6e78-4de7-983d-5277e6e57515
c02a7a1a-29a2-4d6b-acf5-9e308962d9ac
509a062d-9cbb-492b-b1d8-9a9ccae290e1
d6f91cdb-9708-4fec-9c39-9694c62f1887
722e5ad2-ac86-4d49-97b7-557dfe09fa60
96802037-2ddf-4909-af71-8c0b53429eba
95b42921-a35e-4333-90f5-a4656aa98836
d8e55286-a58c-414a-80c6-deebc9718217
8e5cc04c-8e6c-42da-89eb-a3793e8962ca
24898be2-0465-4056-89cf-6befe61a47a0
14a5a2a7-b622-45d1-b8e5-6fa99b4d7e0e
c694798c-b0db-4b72-bac2-53ea969544a3
eaa962b7-1aad-4288-866c-ce6e369caaa5
fed4d28c-ae55-4efe-9ad3-583e64fa756b
328d02db-da58-4d40-b2ea-5fd0db7e1cc7
15a6496b-744d-4810-9ec5-351e0245862d
c3be4314-023c-460a-b798-605d93155aa7
8b354f70-a9fc-4065-b574-b30d309276bd
e73acf11-7b4c-497c-856a-e63bd0ee6074
2859e133-25b9-4d43-99f1-59cab820d635
f2e011ec-3eb5-4bde-9bfc-0fe3751ed239
74c9ccd9-f945-488a-a130-8c5e62735b03
3c5e4cdf-9dac-4475-bd60-c4a4c7be14ed
67de201f-6980-4356-8259-925f691fc785
b7c28618-5e09-4ee9-90ac-5cbbf2212a3d
31981e7f-0ba8-405b-9543-134db5be875e
71a19e76-0469-4879-8466-44ec16f970b9
93b23134-7e77-41d1-add6-b5e7183564bf
b15203ae-b6b8-48bb-877b-26b7ed630db7
298f4378-d50c-4e15-88ad-e8163ab36473
7f51ab87-a22f-45d2-9a09-dfae7cdb2707
1ad685d2-3216-48cd-8157-2ea9f47254cf
922b9d25-d9cb-47d9-ae6b-393f27a33cb2
6e320048-14a6-4018-8d6c-01154a18f833
ace398c3-0e41-46e6-8b0d-3e40bcd4b632
c8e8c483-f433-4963-8f88-3c0a4ee9bd08
012f6314-4729-40de-bb0a-d3c6a9394548
0846a3b5-8fb0-4690-b3df-b4f91a1e1b58
4fb1a7b4-d588-4c5f-b720-019c8191d527
0eb61f0d-8657-412c-b9e1-8a29028d16af
06ce9f92-b566-4f5d-8475-862441da07bd
8c81161f-784d-4010-a2c2-fe2881b08b33
35b43a9d-1cee-4116-935c-50ab032b0be8
c746ff4c-424e-46f8-bca5-4efb8d57241d
5f7d555c-f30d-477f-b675-8a509e592843
80b527b9-8d04-4f14-95c8-436407022672
096740e4-1706-4428-8bb1-578f2e83f772
4bf3e10d-6b1c-4698-a669-7db4f14acaa3
f7839b80-6f47-4b5c-8b55-4532f7f76014
7baf8941-1d67-407b-aa04-f0f8cc3653b9
310dae2c-1c82-4666-98dd-6b4ca01fc23f
1c396f44-96c9-403d-8c37-ec27f6ccb927
e5e3c80d-a9d0-4815-b650-d1a109b5c794
b11d3f0b-4eb9-42c7-80ea-c57461eb1834
e6b280dc-b28b-4922-9dc4-5e48d375d593
163c6a28-8910-49a2-8639-8e6ac9de05bc
36fa2cb5-4886-4195-add2-eab4a89fdeed
6c491d47-c324-4025-b14d-e74543edb24e
3fbf2a9f-336e-489d-8c0c-b9646eec2e3f
ec70ca46-d6ce-48ea-aa02-33c51b7ab0aa
4d7daaeb-2556-4627-a34d-00ce58318ed3
a856cc25-d867-41f4-9fa1-ce260c1a769d
183df625-8ea0-4d56-b0a4-939778e362f2
2864cdae-df18-40b8-bc04-89f69d960aed
b7b6a134-7035-4b1e-9cf2-72bc2bbda4a1
1726dde0-5c3b-42a2-8421-267dc1cbd2aa
e1680fa3-fa30-4fd9-b2a7-e6fd59e3efc6
40bae8a9-6c50-4ea1-80f0-7bb11084776c
7bfc5ce4-2276-4147-9b82-34ba6f72cac5
4e6a522a-0a79-4f44-aa03-eb187aefd8fa
cfb4de89-ed47-4646-9c6e-ed2c609f80c5
99932875-267f-472d-baea-0a131636bc18
d59e40b9-e3f6-49f1-9478-3dd2294e1370
cfc4f373-1b75-4392-a228-02b01682eb17
ec861ea0-5088-4f42-bc1a-19a7960a45c0
5b77f336-7897-4403-b25a-d92d7f41a7d7
e88b1ce8-2db4-4ccf-9632-175674f342f3
56ac317b-031d-49f2-b3e3-4adbb3ed7933
7fecb5c3-9d7f-4672-8690-a8c13a8dd0c7
171724d0-7087-4631-9113-4abb8a1aa78e
7fb08986-70fd-48be-a5c5-6d9f749c3941
3e76d434-53ad-463d-8f07-7447a733ef52
0db59360-80b2-4ada-9ad5-c09bebd2f337
e0bf0751-2333-48bb-aba1-be4e75a82b1a
fdd2ade1-9129-4a74-abdf-7929d1dd7071
118fe134-e1e5-4f05-8409-c222502bdf71
2137b7c4-21e6-4857-9fae-2c4e7aa8b275
0ab1a9b0-78d0-4252-b0d9-b73b744e6c9d
53a3af0e-1e92-4388-8299-fe1b1d0061bd
7dcb2532-7b5d-4dc2-b444-4c744d9d1007
b030a0c1-8feb-475a-a230-2f75530917cd
6f940ef1-fbf9-4886-a5b9-c92a6240943b
247abdf7-09ce-4e6e-bda7-f42e8bab35bd
4126ec1d-e723-457f-8b91-6b8520f5db54
2321e850-ef0b-4cb9-a176-a2e44e025259
f9f0950e-f4b0-4238-9ec8-4fd3fb3b9308
097d046d-4083-4588-b7c9-f3a1394a64c9
b46c401a-4450-44c7-bdaf-04d020298fb3
7f6e6bb9-f8a5-426c-a78d-d5f9d5631f1a
66eff8e1-6087-4898-b16a-f3ba85aadf8a
33562321-3441-4568-8d2e-802e4ef46d98
9d175bd0-6053-4e63-aaf5-285ce2227641
47536b09-5f28-4d05-bae7-b710a9d0458e
9ec71b5b-8b93-44e9-aa72-a9d174d9a704
e2c7f661-8ccc-4a16-b909-51e5af49840b
94d333f5-2a8f-4d3b-9a48-2bc9512fcbd5
0a425e84-db7b-4e1d-b06d-dd9bd1fc8775
4b6fbbdd-5e68-4a9e-a5a4-355d9d19bec8
1f14d9b1-85a9-4d84-b7e7-7bfec7bf4782
feba7ccf-2fb7-4bd8-bdb7-5b07ee016281
b514edda-6fc3-459e-b4fd-62f202a855fb
521bd6f2-abd2-414f-8541-b4007f3d4d9e
ea07e6f1-30a7-4c07-ae34-0f4f9c5df60f
ef24f589-90cc-4fc7-a85b-135cf9af88f1
5bf02fdb-f1c2-42d0-9e49-cec929059cfe
98482562-e16a-4618-8579-a81386635610
d95127c2-278b-4393-a53c-0134f53bc7d5
fec5dd02-ed10-4812-9171-71995df606fc
5b12f0f2-1d7e-472e-acc9-43e5f48329c5
453bc8aa-6f56-4bba-ba44-e40b19363171
6c76991c-4872-4e23-bc8a-efbb77245481
331d8d26-b5aa-4a2f-8275-dd62147f0c3a
77f7c5c0-aad5-41c1-8b0f-4e58ed62acfe
4588a8a6-14a5-4418-bf5e-481bc04200e0
04f64a03-4914-41ee-9f25-cdcff0f08240
ec8d13f3-0d0e-4ceb-be65-9d358c60fa1f
1fc8e557-7a33-4245-a9c5-60e8c2bb6c2b
ba492ebd-855f-403f-b7e3-a6ce4e7ef757
f4433647-1c33-466d-a0b2-1d619fdbb394
571676aa-c8d4-4516-83aa-eb3098b5d227
b9bb63db-8e0c-44d3-9a6f-24a60212d9c4
e2095234-530b-43af-bf6b-4414a2e8a5a5
ece32b3e-07c6-4e1f-b071-1f483d84ddb4
a2215499-5f3a-413c-9413-1cea78b99b15
26e47684-4a36-4f55-873e-6ad42ff5102b
1f72c763-e1cb-40f8-bc75-e196f3e056fa
89b0e7d9-444d-4503-8b60-dc07d284c606
5b9659f1-33a1-4735-8a63-60a48c141187
fc256121-1d42-47b8-8bc0-9b5fc61e581d
9ac2338a-b969-4a68-882f-c63384320034
b5f59a70-544c-484d-9c20-6d168964b120
08c61963-05bd-44fc-9d11-36f6f519b352
c5ca7025-90c4-4d88-9964-fb57e417e5ed
3245d081-44d3-45f5-8820-e90ebe1e9a33
c1e2d613-6294-4d87-bcd6-f1ff7abc9568
1a6973f6-79db-4209-bc1a-8550854b367b
0aa5d08f-24f1-481b-aef8-c00b918e630f
1f716ec7-006d-47f8-a3f9-24f452bc2a0d
881a8ffa-3e7d-44b8-bcac-f455fc34b8a9
9c8f321e-0f9a-4aa4-ab23-36b33a5c3ee5
3176a1c8-14a1-476a-bed0-d9c40495300e
611350ae-2fc0-41ec-847b-9e009bf8c2f7
e2b5fe60-16c7-4456-9bba-b7c659a82a5d
73cd8bff-9bde-4f0f-967a-c664321fec41
664ea5ed-e4e1-4959-a743-2c7ae4e54d17
cd29d4b9-df23-4a47-87b8-e61871ac122e
13363ee8-257e-4c31-842e-6211a4d0f0a3
8c92c949-9d9e-42dc-8e57-dd6e24034e4f
d8601b84-4baa-4c06-ae21-4bf2a447cf6d
aa11d757-3417-4c89-959d-c1e5e969069d
a1ceb596-a4da-49f4-8790-7746e192adce
9496de64-d49e-4df4-9c8d-05a893ffb84d
c3b6594b-97ef-4330-b161-1bbefc7fde42
52bf3176-271f-4e87-8930-0e86a3a06ab5
386a3237-668c-49b9-b5d1-a4852b5e7304
1915ade3-5339-429a-bbae-c3100e36cf02
691f870f-f9fd-4b32-b8ae-ce23db2a85b9
9bc157c9-4732-4da3-aea2-9dddb207336c
60fc6257-acd6-4ec6-bd19-cad06452263d
d671cf73-98f4-4ab5-b673-cedfd9805316
eaa5a9c7-82a6-4b43-9b11-813724a8127a
4dbfdc56-1c87-4cff-ae7f-6d9233121365
c4907ee3-ac88-44e1-bc23-6bdb44e7185a
98aa1545-b7e8-433d-9e3d-c6c0b01217f8
7c2cd2aa-d35a-43ad-b5c2-a792c75ce61d
c1e69aae-8055-4847-853b-243c9b3433f6
44d7da82-738a-413e-95d4-020e9fd4f025
f99fa246-6254-41db-a015-92d8efdb1a00
ebdfbb53-c30f-496a-8a64-b849d91c2df4
d769fde3-0ade-4433-b4c5-31f8e4b74e4b
baefb571-9fa2-471b-81d2-b7e836164a8b
3e9350a4-084d-4540-9d27-c53298b2aec4
d03be466-0d3e-4085-b6f3-d8228f0f0a53
9f16bc4d-9c0d-4446-9795-fa14f9f1f3a3
43ffef96-dbe7-4f94-a811-f3ac59593a2f
87a5589a-5c85-4867-8f84-232d6213df04
33bb4c87-45ee-4324-a1a5-25b5b07ac31f
f764fe2e-1b94-4da9-8c71-49449ad75e6b
eb7cdf18-f3b3-49ca-a69a-4acf848dd1cc
3942a4f0-c814-4418-a8e7-6a0eb6a5f886
f8cf262e-5e62-4e53-8139-567b44e07dd2
3be2d774-d4e7-4caf-b90a-a2ef08f73ec8
500999b8-5085-423e-90a1-3a829fc644bf
033d7964-9950-4118-bf81-2d2e42f85c57
0db9df07-777f-478c-b79b-d48f1ed4ac83
97608cf6-ad15-4cd4-b881-28c107a74d0e
4e9cfb7b-b247-4f81-b141-99455fa1fb80
ee9f0829-c874-47b5-9937-ee79c1f0b02f
e5ea9f70-6b0a-4b16-88e7-dc1b9bdb58d9
3b660c20-7972-4b1c-bf49-e8566f5919f7
b56d4a5d-61c7-4d96-82f8-386265f50b8c
baa67f3f-3f04-41ba-8876-5e6a2282ec84
dba42e77-1276-4f75-a552-e7382170054f
9cd0ae7a-84ac-4c8d-97c0-2dbad817d6f9
c78e92f6-7c4f-4c16-982e-6cd57c2740dc
c3c6389d-9e48-4948-8f52-bedbaf350186
acfcf9dc-c6eb-416d-800d-875eeb5c33e0
e3e06ebd-02bc-44bc-8617-6b5f01492c29
7c33c540-617f-4201-a09e-c33ddcf57033
db118272-0385-49ea-bbce-9d930bf910e8
dce77d1d-3985-4750-be51-a4c10e9a18e4
97e69731-4eb2-4e91-ac42-0a40bcc0583b
66acaf8b-6ee1-4d45-a5d0-0cdbc8abd516
e8bfef26-d733-4a1f-a212-1fa2ca4fa670
22c85cd3-e729-4ffd-bbea-8adcdbc7f34e
a95184a9-2e7a-401b-86b7-870ff08d370d
50d5be86-37f7-452c-ba55-2e5d701eba1b
f7debe22-7bb8-4425-b339-cad835408d56
019b7d2b-5abe-473f-922d-f646811baa66
ffe08158-4b78-4e16-9369-759909cc8ccb
80480dd4-926c-4e6f-a585-485ee548417f
8288545e-efac-4c52-b213-ce51f56c48a2
8b26a739-3339-4213-b0ab-a285462bbffd
9305aefd-4b4d-4eb6-89db-82b96d35774c
9bc00e29-4431-4790-8062-a2022244448d
0481fe21-4715-49a3-acff-0dff1d1334d2
a3a62bf2-f2dd-42f1-b135-07c52143281b
473aff4f-873b-4c2d-b8ae-c06aaca3167b
107cbccf-043e-4042-bdac-da1f30016a83
d2354e49-a4ec-453d-95c0-2eceded6fc7f
dc54c927-02f6-4ec6-a086-2d398127cb8a
b8a537f8-7148-455e-9ad4-d0e3e98fce98
8355f0a1-e7cf-43f9-a9f5-0e2b1ccd4bfb
0d83fd23-34ae-4c7c-96fc-99177a6c6c70
78b8ae57-e14c-464c-a90e-27da5472684b
2d22be85-04ff-4d6b-a2cc-593243ea6fbd
33cfd6eb-23c3-430a-a0ad-5042038c1210
b9927366-4979-429a-bc08-ef413678a264
87d33a44-00b8-44a5-b39f-16e0e3a97a51
56ba1987-c321-4e0e-8151-d577c416dcff
3f1889ce-d5e0-4ee2-b129-345f8682b0b7
5156436c-086c-462e-b8da-e0eb2c3df7dd
7884d4d8-5dee-4e0a-aea9-92d838c25ac0
5058f6ff-d12c-481b-9ead-6e21a0b445ec
f69a120f-e6ee-491f-9505-ae74be75a1e3
e42a5b72-dabf-4b50-8f87-a05879aeb42f
7586b694-88dd-4999-8f25-65090c865d9c
5e3d0600-c0e3-4801-8851-1044e8479813
f1aef7ce-f7ac-4b28-ad15-459ebfca28ee
d3bb4c0f-798b-404c-851e-e2c7b6177a03
0b7da0aa-e43e-4caf-b758-e336a8bfe613
bf3447d5-9984-4d43-b204-2ad6d1b4fd86
897670f6-f745-4af3-b677-961fefbb963e
eb72d382-6236-4402-870c-33b92787907d
4d702732-af85-48bd-9fe3-3d19319ab2f1
319556a3-5285-4823-bab6-d923407844cc
9aee0760-b35c-4c46-bf4c-ae0940ee9cb5
ee89c48f-532e-4746-bdcf-ed22968e5cb6
cf80905f-f8d6-4187-b8a9-3e2e794adf2a
a7185bc8-6620-4f66-8d36-b5ca6948d611
81c79187-e361-4750-af6b-adf3f86b5e78
2b0b4f67-eb05-493e-b714-aeade94d0f75
37e0bdc8-5d78-457b-9bbc-046812efd6cd
fc685c61-5359-48e3-8694-4ff7ce6d17d4
cea618a8-6c75-442e-a2f9-8616a429f512
9de7eb49-3e31-475f-b9b8-d2707c277bcb
e4569acb-40a8-48de-ba06-46d2dc44770d
989243be-118a-4755-a151-8b2d020cc015
4fda8bfe-8ae3-4866-979c-0e0e952db4b3
77e5e807-0806-4acd-865c-9de7411ac552
46e97c5f-9333-4d40-930e-e4822d1991bb
fb23ffa5-df49-4ce4-bc30-7f9e33fa21ef
9a83b687-3211-485c-b504-f88ffa1f9155
f2ee8d90-b002-42e0-b126-169ef80b9786
e20441a6-236b-4bdf-bdd5-8e7bef9426c5
02b0aa24-7827-467c-b8e3-056c5d67211d
219e294d-e807-41f1-acc0-f6501079094b
781e3a7a-a7eb-4233-b4c6-31dbaade5859
c74eb9f0-805c-4902-b98e-a2bbfa9aeb9c
74ee8743-2208-4ca0-ad36-048692e3f6de
f9b01b33-6e4b-4a1f-936e-88780567550d
4f33aba9-5d6a-4a61-aaa4-63ffd9ea59b7
22b31fd4-cc8b-4750-af87-563d450375f7
d87f1fa4-5a61-4fc0-bbd2-efc769dfe0c1
0c756ce8-769a-4920-be36-7f93eb5be626
81990ba1-2620-43bc-9966-503064869118
6f8fd3f1-e841-40f2-87cf-b210746d7859
7ea1dbfc-5e04-4058-bb92-2dfa34b2dd56
66d481a4-48df-46cb-b5f3-5fc86cfdee9d
baf68bb3-933b-4d41-975c-a51ff198bfe5
df8f09e2-9330-4262-8478-7f5b9201f025
d8ed25ae-cc26-4915-8805-4eab81214efe
5e142863-45e8-428e-9b56-a37db21bd8e2
f1ab07a9-9acd-4f6a-819a-820873430022
1f8885e8-06a4-46e2-a8ec-75ca448c6ace
cc11e752-3b7c-417a-b8ed-3cc7dad7b513
e54d540b-b33c-4b94-aaa0-c177b1d0360c
b70d9a4d-fd1b-453f-bf70-e187c850562a
f09c7aac-7141-4ed5-9ffe-55addf89847c
349a859c-0005-442d-8a35-7fe894c65b23
094a66a5-0727-48b6-a624-be4059567a3c
8d7d192d-a04d-43c8-9083-c4d4e16ddc46
2a5673b1-6df2-43fc-9cd1-404c2f141d60
c2a7c134-a7eb-454f-8bf5-f7aec196554c
12834eb7-571b-49c5-8672-d7ebd076f193
62c235e8-6ae8-474e-82ef-909b63c80b75
3259bcc3-1169-4bad-b801-7bd3126a1333
4a75d3af-d0c8-41c9-94f5-f51c15a7ac42
0b791ef6-eadf-4925-9d6e-87b0d92ee78d
6d0a00c8-f05f-427d-bcbc-0c92968eb119
da2bcb3f-2b63-4f4e-a433-b3a9432bbe0a
d3a053db-a9ee-4a4b-9295-2b0292134ef7
ffd61119-ba49-4ff7-b056-3238d254460a
42f1d732-5332-468f-a888-daa650173441
7e910a5a-2637-4512-83dd-168dbbaabf21
2eeaba9f-94d0-4f24-b5d6-7869792c2660
84c39abf-46b5-40a6-b1ca-9245de2a32f2
0c01b88f-c4d6-4b75-ad10-575091d8a4b7
264b203d-e8e1-45e5-8edf-5b996c6fa3b0
6fb303c7-a4a8-4542-9dcc-ca0d67f45fbf
02146c0b-e9d0-4089-b7f1-631a16a53f2e
e3b3628c-a36d-4d37-b1e1-4aaa5ed29448
3eb8d468-e959-4423-a808-d5ceaa70e3d8
48260e52-2cc3-4730-b056-53bef97ea57b
e60aba77-2315-442f-b8c2-38e885bc874b
96cd45f6-f493-4af7-9cea-e7c00b4489e8
dca1f0e1-8d41-47d6-98bf-8733116ef079
5b64cfbf-566e-4ca2-b6c7-2eab13c2c5a9
95d38aef-286d-47ac-8571-6274587d8ff6
665ba5a2-aa38-4e0d-b23b-bfc604a16c81
d56b20b8-4e35-4dc9-9f58-ca3438481c04
fc205aec-0bd0-485a-8866-e8e3773dbc9c
523bd498-d216-4515-bd2e-2eb8c87235cd
2b2d946a-e34d-48ad-bc5b-aa4d84af872d
1b6b4d9d-7f66-49ba-bff3-e904cb581338
676da571-ed1a-4984-a05a-c36047b880bf
a1bb1c4d-959c-41f1-b417-045681fbf7f1
7f3a1a14-9483-4790-8d6a-95c696fdad91
bccd0fb0-7d2a-456d-9166-07baf1df2213
0e97d9d4-12ab-405a-aa99-7a4a8b746aad
5d9ca3d3-7e17-429b-bb54-28aff6c8cc87
8197efe1-d2ac-4f08-b15f-aa8a10ad7590
dadb8ae1-b34a-47ce-952e-6dfbbc30c827
dece70ca-1796-4807-a863-6ecc3b42d0ca
6d025e68-0056-46fd-9e6c-e16ca07e3f5c
82966a64-6298-4d5e-a71d-8a6417dc6510
9933e11e-84e7-497f-bc81-7b793e303ef1
e7adfb8a-b1d1-499d-83da-9761716d59d8
1316310a-a2c4-4261-a24c-7f1e65131f1a
623f8c84-a6e9-4a31-8428-35f344ffb0d0
2da71459-c50a-47f6-8432-7bca2c4b2277
6f16dc34-64ff-412e-8fa9-7089e6827d66
6c0235c2-9de5-4338-a885-63d256e2a528
fdbc6372-4fc6-44eb-b480-5e96a79830e0
03df7e2e-7cfb-4349-87dd-e26d66c01062
e7e3b905-64bc-4db8-a19d-1564a3a6a7c6
b818d43a-f9da-49bd-8345-56192d4b555d
419f5718-748e-4c07-9296-6be394c708ed
9483bc74-436a-45bc-8478-72173a9934b9
a490b9ce-14a1-43c2-839d-61138e51e47b
bbe65049-1a17-4554-9d5a-6ef02dd78718
00b8e5eb-e7b6-4a82-8752-c91c09844f75
d4577c20-ade4-46d4-aea8-05f901024120
20c46cc5-478e-4faa-ba4c-9d2f85e48494
d3dc50e3-4cfd-46f4-9cfc-1daf7a05a902
14a3795f-b10c-45cb-81ba-a02e380837c0
b4404c49-70b1-4f2c-afe3-4ffc368b5461
8a741cbe-7cfa-4c83-9abe-b35be4fdc76d
36df3556-bd0a-4910-b67c-a91795d2428b
9b6da601-21ca-4947-9f31-71d21f5c27c7
6e8dafd9-905b-4a8b-b8f0-2c18ceec2994
bd1d8b49-62af-49d3-b596-d8c9ff8b8198
819ae697-2314-43a7-a451-1333c2f5596a
c71193e3-f0e8-44c8-ba06-7017ac5514cb
a3ed31af-9bfb-405f-ad90-01d751d754fb
742ffac7-e2de-454c-8ac4-fcee6b46babe
40793ed5-767e-4e29-a198-bcffbd1342ef
6dc0b490-5ced-47d7-b927-4c0b168c69a5
460f4fbf-a868-405f-aaef-0039f7905300
abdc1128-9d6f-4001-bf1f-1ab5d33022b6
89399f78-71a5-42f9-89a5-aaec939b1214
d3413977-faf9-44a8-aac0-1faf109220aa
c9ec1c93-78fb-485b-ae32-7d4d44abfe09
12f41aa0-3255-4d83-83f9-264d1f999b61
20350659-e164-473c-abdd-7e51bd8cc451
b79b627f-44e9-40b2-86b8-eda08da6e92b
e98de828-8d80-46cc-974a-f2d7d94e99d9
7e2e7601-e00b-4a1d-b468-25743e4dbca1
0cf6e938-a8ef-498a-8a2d-cf57da9bd0df
41bd5deb-ff91-4b85-b73f-adb1b39e5072
82bbe20f-9698-45bd-aae3-58be90452a7b
eb85d0b2-88d7-4642-8113-5358464faf25
a174809a-626c-436d-ac39-898ba70bc754
428e82d0-6d0b-4a05-8f0d-34052d8a9714
5d692b1c-21ec-4e6b-a212-20a86bd93dc7
6b88c416-45df-460f-b224-5bef1bb6e902
5f0b2b46-6570-49d7-91f4-d083be4b141e
e6f1d500-30f3-43e8-98eb-2dee95588905
f9c848bb-ed64-4763-b081-471abc31de76
67e19be0-6839-43da-ae77-ce7c191d2fb3
832c34f1-18ba-4f41-be14-6f5ba38ee7f4
e4f59a9a-658d-404b-ad99-ebdbf79d1bea
1d8d3195-a199-4b9b-a574-5d7c52fe634d
0e54a4ad-90b7-417f-be10-f1999e6032c2
3589c9c6-1d42-4be0-9bda-ad0a884a1525
68039a79-29b3-42be-b837-766c30a4eaa6
655da878-a4ab-4a17-8c0b-b6aa158882ef
e9129bfa-ed50-4b64-beb6-26a086d39f8e
329a51d8-7c99-48b2-b57d-329e00e388e1
721f6403-870f-433b-b127-03d4e928f54f
a59cf1ff-14cb-46bf-97f6-b937caeccf8e
1a95de67-7b38-440f-b42f-5827358f22f6
dfda6911-4947-420c-845d-3c6ac3e64942
778d065e-93c7-4652-a7e0-68579bae7623
f746b916-c166-49e7-875a-8cb013ade1ee
8688ffae-dfe7-4a9d-ba69-fa0d76dbfcab
e71b87e9-0f9d-44c3-af97-8b72b0e84d45
c8b59382-92f9-4b0d-969e-6fe9f6ed55dd
c380b6cb-e459-42f1-aa82-908c74c1c8a5
dffc4838-2265-4b72-a4c6-87b1862081d1
764e28f1-6850-44fe-9cca-7dce7cfa8fb0
6041d95b-a9a1-4459-995e-81731a1f5956
8bc21097-571d-4b0d-90f2-acff4efe14d8
ebae16c5-0172-499b-83a2-80ae504ceb86
408ec910-b3c8-49b5-b4fd-93b7f526cdeb
3cf7e2b7-6363-402b-b0f6-5781f7e1499d
8c54564a-6694-4fbe-b91c-6b81d093eac7
a54335e6-fcdc-48e8-98e2-7ab82f826e38
304d2530-e940-491c-8212-3914938d49af
58e12a14-1218-40b4-a8ce-8837c3093c57
d031961d-89d6-48d6-b61c-f61f68aac195
86776361-0724-46aa-9ad8-23bf1e5abd6e
a9d1f276-84ba-4f79-99dd-cb544cab1062
c53ca17b-5751-440a-9ba8-4f5b9fbe2ce0
f38c6c4f-f268-47f3-8daa-75aad42a2dfc
08437e38-0d12-4a66-bb25-fd4156956a4d
0ca5d40b-f107-4ff0-ae15-75f4aa0718ec
2ed88053-3935-4f15-a6bd-d94eb65a8c89
ac06eb4c-cb7a-4d23-832a-70c8e73a368d
f8d12bdf-c663-4112-bee2-236fe738e6fb
a58cb2cc-ed97-4e15-aec8-94b247d69735
febfd244-3165-4f4e-be58-3cd088612e3d
f397d710-3c83-402f-b1af-29405ad97e38
e7622155-6556-4181-bcc5-797f46e77563
adcc6b8e-6738-4840-b395-b841cdab2ea2
da2a2c91-a724-4217-abfe-f9cfd0c3749d
34e36a38-e7da-4cf9-9acf-127e5088ceca
542174e6-8948-4f2d-926e-a15dec5c78a1
2d001df1-e91b-440a-8956-de3fc168bf10
4c0d5cd8-151d-4e55-aed0-4ceeb56cca1e
35c656f1-c87e-4f29-8021-6678eb289683
8a3a5b05-7d3e-49ce-9a24-64d1f468f405
b2c3a3cd-5a2b-4cec-8405-2e5bb83e0dd0
e8ce9f36-e773-496c-a1ef-c93441415618
9ee5cf2d-d7be-4179-9adc-1dd80d766221
7ef40ab5-8042-4559-b19c-a09c18f00703
d8fe5315-cb42-4d27-a3f4-207afeb7d664
e65d1895-b240-47d5-92d6-bbf6c1572739
046bb9e7-7dc1-4c15-9ab8-0021234e0403
6f677d85-97c6-45d8-8c15-a1201b78b298
f7528b2f-8b5a-4b35-95ba-002e6fd7d2e9
e2122e5b-9285-49c6-8afb-9b73b4f872b7
b1cb77b9-6178-4ac9-b274-562065f960e7
2c26e26b-7cf1-4742-8fa6-62296a548f1c
e4d493dd-7bdc-45d6-9941-2b16f11b76dd
b6af994b-a535-4bbb-b521-4bc7a02159f4
ab124aa9-13ec-4a62-8638-d0c49833f17b
5b44b177-1b27-4cc3-a5de-8ce3c78c2b31
7f2eb430-f331-4a88-a7d2-6537efe9e3db
860c5bbc-1512-48fd-8224-9acced2998b7
e3d6b647-8f58-436a-b6c3-a49f4212bd43
d7ced382-6f77-42ea-b339-ae956b5f8015
38468e47-6f08-453f-a852-229483588d94
9dd651fc-f49b-4920-8767-2e882aa9e2ec
2aff3022-1036-4d36-8531-365a37741ce2
360da3c4-d9db-41ba-a285-940f80ade73c
8a2b464a-34f7-4fd0-b506-08c883a0541a
88735f57-9dd8-4b2a-86bf-b2b403f74d63
64f36f17-863b-439d-9409-da9b1acce481
974c93d9-aa22-4e30-8deb-da1a7597da41
b9c0cf75-b5f5-476d-8309-e4d94493dec9
7692b08f-86d3-49be-8864-ce0252fb78d9
5e058a70-c940-421e-b706-fd5373bb7fa6
db14958a-17c0-4eae-8630-6ea5bc008c45
d994ab40-9d94-44de-9d58-7e22747989b6
c80e0c16-6136-4ec3-bdd6-452f94607730
89af9593-313f-432c-ae3c-65c729906266
2068780e-c178-4316-b79f-cf08c5cd0e3c
78cf2a5e-ce64-417c-b93b-59a59c3079de
53f71d70-2bf4-40a1-8777-ce0dc10c3228
1a8027f7-1d68-411a-89ff-2a617d683ec9
c24ee31b-9042-4bf3-813f-ff4a90a173c8
03a5b5b7-af08-4242-98f7-2eeaf471dd3f
6808d524-7abe-4d2e-89d2-60572f682b8f
2b2cc2f5-c713-4877-ac03-763648d68a90
70005ae8-c219-450c-9535-d94012a75a6c
54980641-9dcc-48bc-9ff0-2eae9957d04b
49401ff7-28a4-41a1-8bc5-af2392ce4bd3
b4d084f7-ce8f-4529-b774-d0ae1baf122e
ac7d3c83-d32c-48d2-8d9c-3e404b599e25
41b7fc62-e45a-421b-83ce-c73e333dc8b6
7a47ddd6-c4f0-4c28-9a85-02c160826442
f0ea1eac-d385-4159-b5a0-7e18210fa7f4
260b9c65-d841-4781-bd5b-d019595322ca
7def434b-5b1a-4feb-9e55-0c09a3f88ca5
98406491-1ba9-4ade-8919-5b2bc8126bf6
d44fc629-8af3-4ae4-a6e8-9e8658dd5be8
6f145fea-90e1-4bb9-b91d-62ed20220a51
f626351e-4778-4ae8-9d2d-6223c4b018a0
1f4926a9-73aa-4e16-b821-f8965ab1727d
3c2e9ca4-fd7d-49f6-82e6-2019139cb0f3
bfc77a43-8391-4505-ad79-6ace5afe73d1
e4902bea-4969-4714-894e-fb05b6674bde
09d3e257-3744-433e-a2ef-8de76c1ab96a
82fe8a6e-3fe8-4a6a-a614-345a6cc834e4
9c337e4e-d9ee-4f27-b6ae-85ed95d9f0ab
a7a3404c-b5ab-4fc0-a779-bc902936a3da
0c988127-cba1-4a0e-bae2-4c632be46a05
197c086c-278d-418b-a2e8-ee0d6b9d605e
a2bf9511-16ea-4580-84f7-214d01b89107
60db91e0-fc38-441d-8fc4-a50bb4c0b8e0
5508cdb4-20df-4741-b690-1a48ca9255e9
860309ae-dca5-4f1b-8fc9-5bcc3310444f
0c94dba1-7f3b-42ed-9df3-7fcb9c0c0f4e
dd76eff0-7872-4828-80e8-9e68deaaa567
ae8b49a8-4ea4-40a5-b479-b9318292d123
52d73c16-e591-45b0-a6a2-8d568f229a59
7d98c16e-1aba-4924-8cd0-b25a9aa91e3b
39a19d3a-1243-4e44-98e7-cbd51791078d
0dc11304-9069-4925-a4cf-adcee7ba0aec
7c0a6a44-8ab9-4107-a55c-478c68aced7b
050c9534-153a-460f-a70c-9a8f5660cb81
a6db0fd1-3890-41a6-8a2f-fa83f22e0cf5
fa7c4550-9650-4f94-a52c-38a703554891
4a4a5568-3f38-4020-b634-426c1049312b
73441f79-d7bb-45ce-834d-a41db551e473
45f4b772-ac44-4ef1-a84c-71a377414034
a1247ff7-560e-4762-89dc-95b62f23e615
f77045c4-0901-48b7-9675-748ab523bb32
ecec257f-d0a5-47af-bb32-401b7b2c0460
19edda52-0773-4e14-a240-008f0fa71648
624a1ea5-8236-4292-92ee-162b1fc03957
38bbe310-894c-45e4-a69b-7a1e9f3d3d7c
17249349-502f-4013-8398-f2936ba55a8a
16d066aa-3f63-4662-ba65-5fb023fbe7fa
ff131bb9-5bef-41a1-8564-934ee0a7865f
993b13bc-06a1-4e16-b5f2-d1e7bf8b239c
49342756-626a-4b6c-a161-5a6b3d3121f1
40072171-c29d-4dc0-ba9c-fe8ed3c457b3
9bc86b25-2c74-42c3-bd30-4fcc912062e6
c5d71fde-4501-46d5-bea5-9316ca0b85e5
97350013-26ed-487c-be26-a28db939a1d2
1ad99218-504d-4edf-8e05-3923e90dab92
7f13353a-5bc7-4d8f-9e38-6eee270f8dc7
8cbdf8c7-a5d4-410e-9b49-651096915d8c
b820bf73-a21c-4e6a-9d9b-6ce2975958e1
e86cfc73-8896-41ee-b1ef-d15e00186bae
f90681e3-8725-4eff-afba-6fd0dcc08e22
2c7e150d-a6f3-40ed-9685-1c46b1407847
992bc9ab-15df-494b-b5c9-470e65375982
ce065657-dc36-4ea2-a14b-758e6796f448
6f35148f-24bb-4076-a3e0-4f88289a3491
c038f265-5364-4fbf-96c7-f86b436e14d9
50dd0220-eb76-4776-9c68-ce21807e5aad
04243273-a9c7-427a-aa54-30e6749bf9ed
b21e6ab7-b67e-4c66-a0cc-5abfb761a8dc
e4b42d9b-3166-4e09-bc53-78a1a0d06623
dcf5b212-0bc0-4202-9794-e222cabca3b7
20499589-114c-4310-b177-3a4bd66626d3
97e620e9-6ceb-4832-b4cb-d7991912c2a1
b5bae15b-b38a-40a2-9b39-daaa0f608ec9
c1932e56-c598-4118-9d5f-3f11b525f6dc
b2c0d0ab-e1ac-4929-8086-c2e9eaa3d7ca
62acdaae-b4e5-41d2-8f98-189074994735
e782d463-ccbc-4919-8699-adfea94316f4
827ff104-85ac-4525-8e00-0bf3bac99515
4801858f-6b93-43a7-9d96-842069997c23
fb86b982-70a6-4242-bf42-6f59a20e78b4
cca6dc1e-f93c-4ba0-ae97-e9bd530bfb9d
9f0996dd-6244-4009-a330-fe88ed30f0b0
9aecf922-f1fa-4405-a47d-80b1bb47d4ea
7c7cb0bd-3daa-4a84-805a-8df346c1fc99
50c75b7c-05b8-4926-8c80-0e8e63e3e010
d309e348-260f-4f11-8120-39acaca63cff
5cefdee6-e9a7-4525-9707-02f43db6c0e3
20b7d2ab-36d9-49ff-94cb-08b3da2ad051
3d8059cd-b20e-4fba-b44e-c7bb6604fb52
9af21c8c-44dd-431d-874e-7bd01c36b3fa
ee0ee266-1bc5-462c-8627-f49e3062ae2d
544a0380-7274-4f96-b6ff-8d9141f15c75
c7aa9293-9e1b-4e5f-a715-2a39ab97d92f
0f42f12c-fb69-4721-bafa-80095f46bbbf
91131a58-a431-47b8-852e-64a06ee388b7
fe680688-50a4-43e1-ab38-84ade61b3ca9
bced61b0-1910-4a8c-a360-f0496019a453
7ba606f4-4197-4b48-98e4-03f9368a0c38
6326e6f8-baab-4deb-a127-2ae0af83c78f
b666cd5f-8394-4a80-be71-09e947f39117
2232ab48-e52b-420c-9e05-6e6dc41ba73e
f5fa1ca4-8771-4c80-9d4c-3b36d92e57e9
439e7e51-b7ab-4595-be29-89fbaa5cffac
ec7479a6-ffbf-423a-9738-9fb647be5cf1
c0338493-574f-415a-a40c-2a4ce40bcd10
9948866e-6316-49c4-afe8-6a6eba2b2de0
b6110830-2d54-4604-a272-c6461ef0122c
45948d73-cd36-43e1-ae39-f73158e0a755
990752c3-b7c9-44ce-9916-d687001e8232
6e932d25-b8e8-47c2-bf3f-5cb2043db30c
029819f6-6289-44fd-8798-d76eeacb1e37
022dd8ac-99b0-44dd-b7b4-b5dc1e5b33c5
0acb3fa8-2649-4fb6-8eb0-211f8b00bc1b
ef8f5b55-77ca-4103-85ae-422bd16347cf
78c1cf70-dc25-48d3-9606-c4fe00bbe176
1576233e-889b-4f35-9c7e-fd97c1b6ca4f
e6b85d49-ec39-4cc3-a9ac-7a921982065a
ee8e9105-4f53-44ad-877c-ef1830a4fbab
c6c425d8-fa41-46e3-8edd-7e89ec32b14d
e3e32e8d-e631-4187-877c-f68095ca980f
f518ed6c-9075-45e7-8779-b4705b8f0b63
aebd3118-5ce9-4f85-90f4-f6a7e75d7e5b
9c963154-3913-4c12-b164-73718692d154
2dc5ff84-2cc8-4e29-9b80-77cbfac31f34
e617548f-0cfd-439d-9ac5-f08128cd6259
d477aedf-4f06-4831-ad1c-4e25b30f33f7
c23d2316-c142-4497-baf8-dbd98da0c5c2
eaa530a0-9586-45ce-a81b-cd5c31407362
b253cd4c-aed0-434b-ae06-b38d3f5a534c
970bb7e8-8fd3-4efb-9a0c-304f7a0c3b08
4246b8f6-f8ac-479f-bac2-63b98e101e65
50536e29-612a-4ec7-bbd7-8dedc50812e6
3b414665-0697-46ee-89bb-c7f386c66816
b2cd3cb8-946f-4658-ac69-0006f3976212
64ede729-a471-4667-9b4c-85904f0b7867
93dfa89a-2c99-454e-a290-ff5ff19ed8ad
400eed60-94f0-4053-8cd8-4596689661bf
d9816f5f-9564-4933-80e5-fc25e145c67d
adabfd73-0d62-415c-a82e-e9abc8ea4e2d
036dcaed-7595-4559-bd6a-0d977cf108fd
19529d9a-1d94-4e62-a2d7-7209396640d3
2201844e-a09e-43b1-93b2-536dc7e828fe
8b5c9dc2-5828-4f68-9fd3-09d70067d069
d5049032-40cd-4078-94bf-d1d79a00e640
d1622188-e399-46c5-bd16-2fc5a4b09ba7
dc9469c9-bf27-470f-a41d-5e9bf2206ba0
b1562858-e9fe-41b5-9709-f90d6cbf1e64
8f70dd53-97db-4c0e-9195-a77878f5a8a2
62219ede-ae95-46dd-87e7-8fdf94b30ff0
b758b33f-9fb4-49c5-9b20-88ec3c26fb35
d1b6d315-2b09-40aa-af0f-2b5d2f148b08
34981e16-2bb5-4940-913a-19fd8d288e83
c3ee333c-d958-4c3b-8221-2cd957062e49
a350f6e0-d00c-4812-899d-53ace80dadca
c5052ad5-d61f-440a-825e-724424755d41
d479b012-a540-4072-8da1-8d96c240edaf
5680a0ab-44a7-4980-94b3-b913fc27c44b
0473cee4-fa65-41fe-a7c5-d1d2e8d24900
0223f303-787d-4e20-beb9-3165a8ab596f
1280fead-3fb4-4eb9-82e3-9e26a1d80dc1
62279f55-83f1-4e23-b54b-118bfc44e6e2
da893c46-d48d-41c2-8068-079aa23b7c4d
5674b051-7f26-44c7-8df2-b47d8b1d267f
cebde0d2-c2fc-41ef-afa9-91ecf0577422
00daaf2e-ba52-4b81-828a-75f7f6bd2538
e27fc71e-dea7-4c9a-822a-89df4deec0bd
5f8a55c9-73ab-48ac-b645-a9e5dfc016e3
43ab130d-b62f-4ded-bb8f-a7a4ea200e9e
8650bb83-79bc-451b-9d24-36220693e628
6bfb94e6-9125-4923-a64e-b42c8d5122fd
7b0a37a9-9771-43f9-be64-93fa9944a67f
0922cc47-2a18-4d8b-850a-35551342c25b
3b32b880-d285-4dd7-a70f-ece6cd8c9212
37cacca3-871e-4c78-9bf0-697484c61688
97e60924-9c76-472c-8af6-495b9bcf28f6
914284e5-8fb7-47e9-959b-35c83bb55c2b
e6739df7-4d7d-4cf2-9bb4-fa9223e10533
7bcda974-afea-4119-a61e-3b1ca2f75211
2223ae2c-ee7a-4161-a6f1-2af4820c007f
91c8f09f-f191-4b24-ac04-42d0a04fa5b0
c9bda1d8-2edd-4fee-8602-762dae5e1a44
825d5f40-dff7-45c2-9578-8f72998eaa49
71538cae-8d66-4319-9ad5-82a50883817a
8475543e-5814-4db0-99a5-cbb722ad84fe
d72a4c8d-6f87-4790-b414-263202c39bfa
5413f009-0b02-4186-9193-5e1926513514
75ff8c77-4ca5-44cb-922a-382b57f883bf
45c7de35-4b00-467b-9902-f118765607fc
cca9f18b-9eeb-4343-9cd0-e8e893ac0fe3
1576437a-5370-4ae0-886d-2f53998baf37
aa4bf169-832e-4305-a335-0a7aaa5fb0b9
b9cee9b1-9505-41f5-a65a-2066a74928c4
e6106d49-a19a-40d2-95d2-807230b0b94b
4a39065e-cf23-4711-a267-9a91376472f9
55d7019b-8ce8-4fe8-9514-f3dda8a0d57f
db21725a-40b6-4c74-9f39-3b2702d1981c
1dcd5ef9-7343-4ab1-9c0b-9ea4c33d9769
6c460534-b0ea-49b9-96be-b92124c911d2
569bcb12-fec3-4eac-98d2-36398a381694
7b57549e-49c2-4624-b6bb-14d9d383d1b0
1b2f880d-dae9-41da-bf59-42b658e918cc
d9ef572a-3475-4505-933a-6e59d9fbae41
6a2c3faf-0b86-4f45-bc49-5d5b689f114d
b97f6ea7-7649-42bc-9ded-bbda94cf0da7
7af99857-1a6e-49fd-b3d6-22ef121a610b
1587979d-f029-422c-9b75-ba28008bf20d
363169f4-e9be-4311-b7be-a37f5ece8a89
92b02128-7e5d-4d04-9a3c-8aa1769f9e4a
fb5af4ff-289e-4a62-8f0c-fcfc277698ad
19195387-2cf2-4a09-86c5-7d94e2b87672
cf0a9c0a-2dad-439b-b2a2-b06ff15f61fb
af9892e9-8ba5-453d-bab3-3d36e494ba45
2b8240f5-2723-4666-b0aa-84b0ef6d47ea
d69751ae-2b45-46b5-9f35-1c866e9daf5d
cbb13d5f-1a54-46cb-86bd-fecb2070509a
1c5a4ae2-a002-4a9e-a0ee-fd20ef49b6d9
2ab24baf-9d04-4f71-af4c-b86a99d184aa
38e5953c-3439-4383-93bc-35367327ea7a
218801c3-3fcc-454f-bc9f-91381cf59abe
ccab3191-3253-4a93-a5c9-b507bfa6278f
7a0c7a92-8b36-4545-bf24-0e1a048711e7
34779035-4f67-4b81-b095-7b65d4c474ec
183fc690-ddf6-4efc-bcad-544692d7a0f2
f6e3ee5b-469d-40de-bfe8-c1389d4f9b87
b6bea57c-d570-45f3-a451-cdf981a6174d
7c5285ad-9e77-488b-a470-b44b8f2856ca
8efbb18c-1a14-4721-b998-fd08c62a54bc
01386dca-a9ee-40dc-b079-941d773fb295
a41abd52-03bb-4a94-82e4-c660bee22d9e
8616dc64-b3dc-4ebb-aa32-3f276dfccae4
a253cb22-42a8-4d1f-adf3-57819770940d
3277b610-6721-4dab-b9c9-f19054387c76
878b19c0-6ae9-412c-80a4-d3fa757798c8
2b944fac-44ba-4b47-a448-855c793e42f0
07a8f386-0a21-4779-9e3c-38a5cae16699
380b606e-bced-4aaa-ba35-e146eac88936
8972fe3f-0545-4223-b8a3-ebef70437ff4
7fb1b9e0-70a8-49d4-b358-a644e9bcb244
d7ef49f8-28d1-46d8-b7f7-5affba7701cc
04384413-17cc-4211-a804-b10325aea637
58df5f94-68ff-4385-87c8-826f1a65f442
79fd0e0a-4aa6-4a8b-8e93-199cc02ef950
a5256bcb-8742-478b-90c2-6c6fc5d42c09
65c8616b-102f-4603-b9f5-68681a6cff8d
dea86f11-754f-4143-8961-cee93bf375f9
96369422-cacd-45e8-9f99-5ebbf9e9130d
c3831d71-3b65-47e2-8a73-4e39dff59e05
4484d2d5-dede-45db-bf6e-fcae013c8575
082db881-2769-4d62-b0f5-c93d5f0e9dd7
340c67b8-5293-4b2a-87ca-092fad13bfc2
6be4bfeb-5d86-4a77-8c4a-ccf1885ee05f
dd681646-ed63-43b2-83b0-3e04aa0ce173
7ca5c08e-27ae-4dd7-b687-c96f068f2999
7b40dc3c-ba27-49a8-9cf3-2f8918a2d2e1
423cf301-2093-46b6-92d2-0eb880fd70bf
1d2cb9b7-c1ff-4fd3-9971-d1bad2f4d2ae
7bb5b7e6-2e5d-4c50-be51-26e17e0f777d
47352c6e-314d-4b02-89dc-6a292a36986b
53c6d34e-0ebe-4c1c-bd48-d490d4840ae0
abbcf0ac-2f06-4ea9-83af-ebd2d77f438c
ed73a1fe-803f-492c-9ccd-35991baa9715
8d2a2507-e434-4ce8-9a21-ff510533a8a8
82105da4-533e-4151-97e2-b16acba3ab27
f56884f5-4436-485d-89a0-bec97466850d
dd470515-693d-47b2-afc2-e3b880c52e22
d1b606a7-c983-4cbf-a58f-5bcfd774acef
79dfc8c5-1f3e-4320-8e9f-108abdbf5673
ca1ad308-ce9f-490d-89bb-61221f0a20f8
c2409523-539a-47df-8364-15c119b766e3
310a27c1-967f-409c-9f08-d24aa2aa376e
207eead0-87a7-4936-87e3-bcc40beef535
6cd8b3f4-c6fb-4715-9c05-83ead755b240
7e081f1f-47a3-49cb-9b71-251bb8da62f0
1220305e-954f-4839-a811-f045aa187185
2f2e725d-ee10-4cc5-8fd8-c7b928702a11
3c0384d0-2453-414e-952f-ba982daf656b
8d3501f4-c923-48b3-87b6-3665001e8936
bb1019c1-1a44-4457-9fa0-5f23e22aa13c
1043e014-4e12-44c9-8f9a-4e34671c2507
5df5243a-1949-478b-9659-26f139a5c816
269c2a41-a1bb-4ec3-b9f3-bfe1063a18df
1c797465-2592-4588-bdd8-021ed8dd97f2
360e3201-aebc-45f2-a0c9-fdc57dc7c30b
cc2b84ca-4fa0-42b5-991e-d849ddfe4632
1d370f35-9cc6-4de8-9f0f-06b2b5905594
7b71282e-aff1-4d66-8f5b-446055564856
ca6f1fb8-a57d-44c3-8be1-088274786aad
df173944-5670-4e76-aff9-b8a19b2ed31b
ef1d2b43-6bd2-45a2-ad03-ead8fb45ef72
249b6408-34d6-4a68-a4f9-1442ec6d56c4
76e26753-644a-4799-8eca-ba571804b146
d3e28644-6439-4aa6-9987-afc15e8aadec
1cb21a72-34df-4b29-bb77-949bc221dd7e
3ac484f5-64d5-409a-b9b2-b39d49bc2918
cd0a304e-a914-42be-af62-3f0788087897
c0231fbc-9048-4a03-8fad-980b94f4fd89
8ede980d-4a93-4a2c-ab71-bd70483aabc3
6cc6a4a9-5151-407d-a3d1-87a07f90f8d6
719eab0a-d683-47f2-9a3b-93a9dbfdafbb
6866febe-a53f-4f97-b691-b63cd57b3083
c766f1d0-9929-4a78-8929-12096d815a9b
cdd2ee5f-ddde-46b9-b889-134abcec53f4
e9fde2ad-6f0f-4066-a8d2-f257f154aab7
15ce8fcc-52ef-432a-9fd0-06ed10233dfe
09ae257c-636f-42e0-8f8b-fef3cdb542d8
353c4f62-d252-4e4f-af4f-ec31058fb52a
6c1310a5-48c4-4ceb-aaa5-af506f80bdce
bf98c481-6039-4eeb-bbc8-fe882085afb5
28af288c-cd52-451e-b48b-e78253fc8a83
549b8a86-b14f-49e4-b671-b4ace815a553
43ede1b8-5da3-4845-97df-f4be41fb9bef
1982a1f3-6572-4c00-b2b0-0d2acdd1ef51
a76a90ef-477b-4e6a-893c-c5ca2efae993
72f522b5-dbe1-4ab2-a1c0-78f9213a3d0a
b454c0da-b519-4fc0-a522-fe865b3ce029
25c86dfb-bc54-41c4-a03d-c5ead40268b7
7261ff09-e854-425c-8c7c-f94bbf7869c4
b62e88b2-d2bf-4ddd-8818-fee59050b881
bf6c8784-22a7-4d5f-bbee-196f7605b794
2322fa27-6f35-4e47-9e3e-2ea5580c5eca
8395fa9f-1240-4a1a-9dcd-9f1695ea02cb
c4f2017f-0c26-4f12-84ca-b063d320e47a
626afbfe-fdf0-45af-9100-d40c15f3fd02
4fdc90d0-0311-472e-ba44-4cb28cc0f606
b0174415-c207-493b-8d5e-a052ab6200c3
cd734948-7fa2-4bf2-9ed5-4dc04bcdc426
1cc886de-c6b3-481d-a3aa-84b48e17e32b
f094b055-37ea-4a1b-9c11-cdd7586e47ef
f884e8ab-f5bb-476d-bb4d-1135a4e1071e
a602d8cc-c4e8-481e-a89a-95c903ca460d
7123a356-4a0c-48ba-9231-1b4f9c233d0e
4a60ab74-7878-4bbd-9e87-4ae92d6de285
0dc923c6-949f-44cb-9996-5d2fd427e1d5
b97d431f-3289-48ec-9ece-1d52fd1a7400
2d9d3107-bb64-4f3d-94bb-7bfd409c9608
c5c8a333-0b93-4407-a14c-b47832d7232e
c64cbb2f-d213-43a2-bcc5-3914a0e39737
bda9c6c8-d77d-42c2-949f-2b8a1b0d9310
3179a3e8-6d8b-4b1b-a3f3-48caa02538a8
4c1e5b1d-9cd6-49fb-abe1-effcc4363ace
cfa8747d-0b2f-49f0-ab5f-3d9494ed7e09
35fd9af7-329d-422a-890d-a6aa4a6671b5
99ae094d-1236-41d7-8914-04f15807bc2b
7ab3aaf5-9f2e-4f17-a746-81c40f7cc2d7
f36c8cd4-d360-4525-bc34-414a1095c1a8
121813dc-c278-4e6c-9ea7-c4312302ae24
aee5a2a1-aae0-422f-a23a-246f748597ea
0ee60dc0-7b0e-4fb8-a2be-8c7c728eb8c7
89671179-c1a6-4e6b-bd02-1e629bac0251
57de83ca-ee2e-47f9-8ce3-58da6141bdfb
87dfde5f-1090-4ebe-9f1a-0c7042b957da
82431f52-85ce-49cc-88e2-b0536f2fa62c
ba1aa81a-9d88-4346-96a6-75860c2b7111
cb2647fa-963e-4a23-b211-4418c82bdc7f
87a739af-a6e0-449d-b3c3-024384144340
55bfdd33-8e56-42fb-a4ec-d13c65731a6c
25231ba8-9c92-4e32-953d-033e27e8aed5
45a87100-5652-44b2-bd9a-413122a93989
b93f1677-e046-4adb-a985-45b01d5e8f41
e71b2d76-1a46-4913-93ca-75b1b6fde49f
b0028610-e2d1-4373-907c-011860c41e34
063bc40d-85aa-4000-bd8c-10d35a8f6e0e
3e5e00f3-8065-44a3-9dae-6506349afb5f
1a82b07c-08ec-4b6e-84dc-1eed9cc2de6c
abf979b3-4f13-4883-a82f-aac91ddad380
d1276cc1-098d-4a5a-9d8c-bf08ef8029f1
6df8ce94-eefe-41de-b3da-e30bd9e1f49b
8c29fe09-26af-455a-bc53-921161662130
1ddca117-3021-4534-9d71-04ff52b469f2
81acfdae-7374-4fcd-ad64-57be2a3017ad
4078d707-c104-49c4-8e64-7eacfbdd00c3
45107bc6-01da-4da8-821a-295d17c917e8
1d6c55f8-eeec-4bde-b644-d479d6411a16
36ce5b9c-c240-43f7-b435-dca825bf074a
66bff595-01c6-453a-ba5d-c3cdf9e0c5e6
6fd6dd1c-cf00-4756-a4a7-3219e3a133eb
7edd27f7-f5d8-46c9-967f-c2de58004cf1
7ad8c681-0da7-480e-90e4-5b527188ea63
7c7b2dca-6bc6-41a0-a4c7-84b4d07771aa
37ab228c-61dc-408a-8111-e6d054ba995b
889137fc-1ec1-42cf-8643-31475b9e6022
20289f76-0f5e-4142-8cd1-a7f1ab1edc19
c56ba75a-1b97-4196-8168-9873cabbaa76
eeeed307-b0a2-493b-8168-f2116eb6299b
f229807b-7cbe-4dee-80e5-65315eb90fa1
3c8089c7-8f50-4f1c-aaa1-98c10b66d939
3551bcac-3ce2-4dc4-88be-8f8943a98c89
6b4a7c44-f2a6-4a99-b8a2-93900892db6f
cf8d1ca4-4ab8-40bd-bdd3-246256f20ab2
a18db35f-dcac-4f4f-8501-ff42255b34a7
132e44f0-2c1a-424a-968c-ddefa8b7f339
ff747358-fca1-488f-ba19-080acb80f18f
09ffdee0-337c-4911-b2fa-954948d13e8c
74949ba7-305a-4b29-b553-4191df91adc4
7f81a009-7177-46d3-84a3-67901d05efc7
1062b163-60a0-4c80-b4d0-9d0189d3390f
7481f32f-20f7-478a-9ee4-ed5d30c81292
6eee5155-5cfc-43db-b16b-86e959a0e583
4b0b47f6-61a5-4ee3-bb0e-28f2a9467eb1
12c052fe-0acb-4503-90e0-fc61276b9e01
74c9bc73-64af-4dba-957d-3d44b65f8ea8
fa51ebac-c621-4167-aa98-3976fc5e523b
f239f886-973f-4c87-a163-831991d694a3
bf6f5c6f-b7a8-41b7-973c-cf4bdfec8a13
6c9b5beb-4b23-4c16-a878-e85da8fda44d
976e8f99-190e-4ac3-8b5a-8aec0a911f9c
fdb611a9-d726-40a7-b08e-09fa3612c580
2d66a93e-ddca-48a3-b505-74aed704fdba
50f5c9cf-d245-4eef-be14-bb29c8dee16e
f6d0fe08-a3bd-4fd3-89f1-c2daca8d5797
fc8dbd71-99e7-466a-a1b1-6fecb38296f5
4b9f1956-2166-4e9a-b401-1ab3eba05cde
33a98462-011b-4b7f-a646-d050e52595d2
32fd550f-14cb-4a5e-ab06-442c89b7a939
0f0f7a6c-81e4-464c-8b55-0e49b62a6c26
494aac35-4573-4550-b2af-af206216f325
142126a1-df2b-4907-a54f-f4485a527488
31195f26-f8b3-4150-8142-20484efa8c3b
29963468-bb8e-4e1d-892b-c713a51eaaa4
2a6b5068-d327-47b3-9f25-dd1665177fb0
e0360629-21c0-4374-b4a7-6217d5f30c7e
ce3e7373-5335-4a5e-8d21-d6599a977597
92e63b13-b6f3-45fa-8185-ac3cd0dde2c6
d9c44f2d-4429-4797-8ab7-876e44edba2c
57e3653a-e6ae-4494-ad5e-ea0c7fb72b40
6747feec-ba59-4cea-9c46-4b54d0bcc871
b76804a4-e679-43ea-84e1-a637fda9313f
f8af51af-3053-4b0b-a534-6e76655fc78e
c2a87ab7-ab4e-439e-af9f-34ee297f5767
b8dd397d-e34b-4113-b2bd-ce59189d8663
bfd9f0b4-f865-4f58-8aa6-1ecfe0631b29
4778758b-288b-4953-a811-b4a2f98f71ba
74206768-0464-4369-a642-872df7a37ea2
1cd394ca-1455-4869-b60a-419ba24951cc
f9063ebf-ad67-4789-8ba8-3cd47960b18a
febf7e4a-eefe-4358-b88e-e3ed7046b9fc
99eb00c0-3c8d-43de-ae5f-7aae76da7fc2
bfdfa05e-85f1-4ea4-9cd0-24cc58a742a5
8ec3ce99-6231-40c9-b01a-f27c89755800
82b019a9-900b-46b8-b54c-4268690568f5
9b037274-a65e-48a4-ae22-306d002f12d6
abbe3b42-6550-4098-8dfd-8112f13ecfed
d944bda2-0dcd-47db-9840-d85020b0b513
cc039c45-27f8-476e-9ccf-1d2fd31620ad
ec966cc4-92e1-49d0-929b-2311d4791daa
e05f29ab-1917-4ca2-96e3-d27ae66184e8
1996343a-5af3-4992-91f1-584a260b755a
bf01199a-77e6-42d5-89c1-2cbc2e908f9b
cdb30737-035e-49a1-a641-8c45af8bd374
e2ad893d-b74b-48cd-b937-a1404f60a461
6e9def7b-f001-4a7e-94c0-0d1e794ffc20
36132a76-0202-4cc4-b2c3-45483baa4fe4
d3ca7d3c-a40c-4d41-8edc-3e778528eafc
545aae7e-faf7-4703-b414-6086795a9144
7fe8911e-8444-4f2d-8bab-db033cb7822c
aa033fd6-21c2-4b79-8757-e25cc04081a5
e6d44fa2-cacc-46fa-85b1-678bf92fb827
49706d9b-86f5-476c-b5fe-2bdb2ba4f710
768c76bb-059e-4e98-becc-4135f9b04cf4
98d7c8b2-071f-43c9-83fc-1cd13fdc5e0f
547ee533-0e27-41ad-93f2-455bfcf04795
885bec70-1b50-477f-a426-9269ba1b2655
0f75a8da-c1a6-4a2c-9d53-13662d13d16e
0736430f-49c1-4ea8-ae1e-bb17d9df844a
cfde0c15-d792-4f63-98d6-48cd255b8e07
4037fc93-87ff-40d1-a23e-a3e5210f1d51
96d666ff-2617-42e4-9f7d-d4e154b040f2
10db7fe6-15e8-4c82-a218-3f87fc9be341
0818a2d0-ba5b-4b1d-968c-1a419d3dd182
c28f368f-5846-4979-8be7-158d8d3e688f
e94fe2f5-2d0f-4030-baaa-a5d282b4f9c5
a66f37da-1168-45f5-9d52-1266137bb57a
6d7077bf-c1c0-420e-b092-bd8fb7b69aa5
24d141da-fa07-4e39-ba6f-00e36cc24d3f
380741a7-f57b-4c0d-8af9-1446ae2f09aa
3de9c5a8-2920-448c-a2ed-ce4c2258de79
e59f02d1-3901-4370-b1b2-59de4be9ad61
e2563353-aa8d-4829-9c81-6f9cee0f451e
ab43d4a5-c7a8-4a9d-953d-7f591c044b8f
37b24980-dbbb-43f1-8da6-aa7a499be4d5
539554bd-dc9f-4e69-800e-02482a54d922
3a3caf09-9f19-4535-8ff3-8ae932841388
38905337-7292-46ff-9e18-167b5c11f6e3
f64788bf-0ee2-4b6a-9b7b-336c41f2f545
f7b04913-24ec-428b-b214-960f05ddc7ab
114494ea-6256-4f06-9d68-91d833ec56e4
9728c136-82af-49af-b435-d6170d8b00df
cf702958-0b8b-40aa-ac92-07265f127260
8e1a1957-fb87-4ba8-9d6b-ecdbfc8f0d9e
f4b71183-3309-4f55-9ddc-7d1095c29a5d
4b606402-28d5-473d-9450-f9fa7067895a
8a70d3b4-afd0-4ca8-afe8-a2242effeea8
c6db50a3-8986-40cc-a05b-287effa35175
e8d877c6-ddae-4ddf-bf6b-163414c204e3
c01e82bf-b137-45e5-ac75-a3ba51162484
1ae771a5-ee4e-4021-8cdf-9abeb6919f5d
d5751e05-2845-46e1-9b52-27310643381e
cb90d4c0-329a-41fe-aa31-64e4a44f35c5
1ee92503-43d3-44b5-ae8b-78d399efa42e
fe41896a-d5d2-441b-be92-8c25229006d2
fdce10db-087b-4c60-b668-533cf2658ae7
be3eb69d-46b3-484f-bb0b-dc98ebd1e6c5
89e9a572-0231-49a9-b032-8d941b2775f0
bd67c995-42ae-49f4-9f65-fe3679eee324
fb685881-51ab-41d9-9fcb-b130a2e18a49
5d639eea-0366-4554-b7cd-6129ff4a15be
9dde04b5-a690-4de5-bf19-80af7f2eba01
d1089484-18bc-4df5-b84b-9ba2e49281dd
380192d0-549d-4862-9935-e780fd87bb28
8806180d-f8d9-46c3-8955-7b3ffac3ef03
553502f9-74c7-436c-b1bb-374960ef1258
36acce17-3545-478a-add6-cc129e1d53b3
0c31791f-5e0c-4e10-8ed4-d2afb253f74c
a3640162-1eaa-4adb-82aa-681aece6770d
31b00258-5236-4289-bf9f-235ccb90a69a
6f01e998-7bdb-42c4-b7f1-58662abba0be
d5ba712d-ea6f-43f8-9d01-95614f6f9407
1a0e98ad-4221-4872-8fc4-e8e4d0952fbb
ba1dd6e9-7397-42a6-8a81-b5d7bb7cc1ef
a9f196b1-a209-4ad3-b5d2-5a46432b8582
b12a7879-16c3-480b-b50b-9d71e6636cfb
f2549b5c-233d-435d-be01-94c6285bc9bd
d36bb738-ea4b-4b36-87ec-bc140e665068
09a30f11-1158-439a-9364-4de8fd0fe9a4
1b95266e-ad5b-4931-bcce-4deb238231f5
f0d2453a-6e53-4da2-86be-c9b2345f39df
f8b2ea27-cd01-4ff6-9262-50246fb64539
4cfda7e7-417a-4112-b0be-c88f32d564b4
e2884fea-e9e5-4125-9281-9ed97651d73f
38a37cd0-99bf-4bed-af5f-c737a4636fe6
bfcce94a-846c-42b6-8e3b-2f3d3522c40e
aeb2d60b-970c-4d65-bd7a-b65897bfb573
1d98db96-ef5e-4b4d-9aca-afaca011b6bc
ca9bbbf2-8652-4e2b-9e8d-a4ea13b7ed5b
feaa8a50-6a61-4e0f-af2c-5faf36693637
4a6e11b9-b518-4f4b-9e10-f8f73962285e
fce338de-45b5-42cc-9e94-4aed6c3d6e18
9a601ba3-57a7-4eee-9181-4ffe7b045e3a
41777c5f-62ed-4467-b625-f9c7058461ac
9d5db8d7-6232-4ea1-8f47-6373d96b5573
e03a1d5b-cd7d-4938-8766-65025fdc47a7
9586c828-f70e-4d36-b5ec-97329274f9cc
3e4a6145-aab3-4f91-9252-d4d8b5906e9f
8cbca49c-2c8f-451f-80ab-6b009d6d6703
b1b6d46b-4fc1-4186-9434-dadbdf1442c5
cf9d5464-2eca-409d-b228-e9700532e56a
bd77409f-6900-4f9b-9eda-6a64686b3696
0f7e93c2-3062-4864-834e-5d7a16961c84
e918fa10-9acf-4b61-9d8f-dd8bdafb740c
3c350e6f-d116-4f21-8f0b-db6d644c53cc
7767ff01-6e2d-49f7-8481-84415942eeca
c5a96bcb-9eec-431c-aa92-96b546e7af56
0af2b5f2-1289-4fb6-ab23-954820f5e201
ac0d7877-682b-4094-be5f-13aacc39f53b
a2dec5cb-cccd-4da8-9cde-51ae6b17ba26
f5d12f19-8faa-45d3-86b2-242caf556e18
3f117067-aa4e-4c0f-8044-6ba5e92d6092
2096290b-b8ed-425f-92d8-ed8851075835
ab299f98-9f32-4adb-a618-5605f0845959
e1ba1c79-8a8a-4c27-bd64-f4d29457121e
81de0bf1-a02b-4f6b-89d2-cc4d3afc85ff
d4979f1b-25f9-4dd4-afe4-b551d49eac01
d274b626-fb07-4a1a-bd2e-556a74ff2554
37b62cc0-b72c-4b57-8df3-67f5c516fdb4
d278f0bb-82b9-4327-bdc7-7c151735a799
77de53c9-fcf3-4958-8efd-ea0057f16120
c44b4896-3783-4e09-973e-ab0b7920b8ed
45666244-a195-4d7d-9101-33ebce444a6b
e991b784-464c-4bce-9f66-26a335e286f3
3edc6f81-652f-403b-9f13-376532dd78c1
d8c24581-900e-4957-92cd-a06d6fe991c9
8c54f4c1-93db-43b1-a9e2-dc90c1950be5
4699b3c1-b45c-471f-9664-3001258b06ac
3f9e76e1-5a78-4924-a925-16cc3df2e0a0
dab7d1a8-5460-482a-8b8b-a47f4b858807
e1406dd7-43a5-4259-9347-b18fe1df3bb8
7ea5ea8c-404f-42ee-bfd7-c54ace7e377f
43426c8d-6011-44a5-ba04-462e7d3054d9
1136c27f-2d00-4e04-9600-07d93e999111
11fb5de3-af1f-4e53-a538-b3cdc2752992
5c7d672c-53a2-4db8-8d20-c326b0d5e8a4
61715066-7dda-4fa5-92e4-e7c1e0dfa4a0
4c78f301-9cdd-43d8-8efa-0a1eb09d4bd3
ee510a0e-5721-4e74-84c1-74ff72731d00
809e8291-1647-484c-8e7f-5bff845240fa
08d023b2-06e1-4386-9e37-c47a592d00b3
c87e8c53-de3e-4b09-bcb7-fdb1570bdfe8
3d8e4841-b272-4c39-95f2-64d9ef69b136
cb3febed-9a0a-4d18-be7c-03eb588e9fc5
2bba5f59-addb-488d-9648-26ce3eee51ca
32589e97-0f24-4b83-b028-c11f797ac01f
2f95316b-b564-481c-ae83-32115fc31a38
90aa2cc0-c3d1-494c-ba5b-044ba35db843
2eb36878-ba3e-4af5-9a4b-35788acda2fc
428d45e5-509a-4c0a-a2eb-dbca6574a2ed
0e89875c-ade5-47ef-aacd-1f4b9c39bc0a
85ea20ec-95b9-413f-9442-bee702bdb1c3
2153e2a7-e92e-47f3-a2c1-d9df41d4f564
d2f722ec-aae0-430a-848e-bfc3ffc07eee
e3800d07-1f8c-4243-84a9-36c4c6752641
61f32cdc-a1a3-400a-ac18-49223bf60182
64082594-4df0-44fd-a600-91d9265d4a84
3f72a54a-0a99-4078-b221-642e8113d1ad
473dada9-0315-450d-8263-3463502ebc9e
ab695c4d-806f-474e-b4cc-68219c52a8ee
fadae5ef-84ad-4591-b864-23a3cba66ab5
ca834478-1131-4b9e-9c24-4ff357d070b6
2d6b8501-98b0-4ed7-856d-7552fa12ebe5
9b5fa069-48a1-4e4d-8c8d-50ad42f39bde
0be7ca66-d1a8-4526-a74e-b032b26aa7cb
3d0a81b3-2083-478c-afef-5a027407d8c0
9814a296-9578-429f-9713-03fa55e126b1
f2749e76-0853-4c8b-96f1-08c298114076
6e687577-3946-4ea5-9316-977eb29314a8
782da654-f310-4b5f-8353-df7782d65737
3b673f69-a098-4e09-bb19-deeffb5afe9e
caf34c03-d742-4f48-9213-9a29e78efabb
43c3b3c6-27b0-4ab4-93f4-cf54650845d5
7a6ad1e3-458d-4a5d-9abe-9e98a2f85630
94bbc93b-ca08-4350-8983-4f8aed40902e
23e569b4-74b8-4347-8b0b-979005207b03
29669d00-3c3b-431d-bec8-42f8458dbc88
2302c299-1f8a-4fd2-8a75-36941debe2e9
c843e214-916b-4443-972f-9d3be054e37b
6bccad8f-bad5-4b89-9b45-b64551fa33c7
64e76d85-5415-4885-a30e-0c7d20915722
cb03501f-5a31-41bb-8588-512fa99bf6aa
02f7d179-9e99-4e00-b897-39d4d5f7e296
569c1f6e-a6f4-455c-b5c5-6fc5ffa22260
d69d6d73-cd5b-4495-8ce2-0e696d1368fd
43b4a0cc-b5db-481a-b79e-d35d71942ce2
86dff897-b126-4891-8b24-b4a143aa14c4
982af6ef-8186-4294-8e50-b1e27c16c0e5
ab75fc6f-e4d6-4b90-9702-481844078e16
9ad6aeb3-e217-4703-888f-cc242f69913d
382c5f45-0a6c-442a-ad14-948e0835a424
216152f1-46e3-458a-bfa2-59856e36b171
879d5e46-39df-4140-bdaa-6a3456f3d5f5
1ee22619-8a21-4018-a07c-1c95241e0beb
eb47ea56-0786-403a-8fd8-f3ebc0552c65
6820aebf-d39a-4c3a-b72e-ea42da74cd0a
f1b91462-feb7-4871-b943-c9b7d7389515
f654e76d-6109-48b9-b374-4a5b5c73c814
259109bf-11f3-4fb4-b807-2f67f87d7b9a
b64473cd-fd22-48a0-bdcf-49a655c4d4fe
4e5303f1-ffd0-40ab-888c-1836570c5534
83077c19-a137-4387-a0e5-343c4c630ef0
92901f5d-71ab-4e56-8444-b64acde2d67b
81503463-cd9b-4ad3-b493-a27879a34308
2a180361-ace0-4171-a00c-a4df15d91ac5
b18b91ae-021b-4263-ab14-8ff57942bc57
b775162a-4d34-4666-9046-57cb05d42a6e
e1050b48-9c8d-4611-8080-10e1b18091d6
ea0ce7f8-89cc-4db8-bdaf-7e9e5a442c23
d7b8d765-07f9-4917-9320-4a1da0ab93e1
ecb0011a-0292-4669-9bf3-9c9f4bee4f25
a075b961-8fa8-4aaa-a17d-24971330eda9
78c65286-69fc-4f61-92d4-06d5359281ad
06279a3a-7cf7-42d7-b77f-3e0c81d56570
1996381e-653c-4fc6-825b-cc2963a1b945
10b78156-c432-4b5e-9e64-4af9146bf713
ee002bee-1e1b-40fe-9577-ac59d78bf642
336549d2-bf33-4eae-957d-627a73d812f7
3cf9cf92-9812-4af4-90a0-b298a2ff8c1d
f5a38df8-482f-4a29-b809-c6d13d65a7e5
bf29874d-b955-45a4-9290-7a5dbcf674eb
9be4fae0-07c9-4c3d-bb22-890019b20edd
1893a6ab-85f8-404b-abde-d30eabdfde87
4850db32-1830-4661-83aa-30d7f26cc879
ed4f0e29-db24-4c01-a640-f492d7bd972d
7ee34668-4439-4451-bec4-3ee6080c8447
88a76c44-95c1-4607-8d28-d93b7aef9506
8198f27b-a520-4e5e-84be-a126426ff18d
a6ce52f0-6293-47b6-9b99-d575002f459b
96bdd516-4fcf-4f30-9550-fb7ab5e191fe
a844f270-b58f-434d-bb4b-6aab7b39c92f
1da4f67b-6717-4824-bee9-438dd2dd127d
39880bbb-04b3-48e0-8ced-00a2227e8f18
da02f1d0-72da-4e30-90f9-a9e9e07b8e82
6090f50b-3f22-425f-88e9-b62a1d63f85f
6b88a682-6b8b-40e9-a43f-a6c9ffabc877
3909074f-04e9-4c62-82aa-023cca0ace0b
db51d880-982a-4b06-953d-9633776be748
8b525d63-c61e-4046-bfe4-a4169063163e
edf0ea94-4ab5-4284-8f59-f6d9cec52e77
613f3e70-96f6-4244-9bdb-776bc68df956
d07379f2-f993-48cb-825b-e3c76188ee43
ca72a9d3-7307-4a1c-9069-609bbee9a05f
3f47ced2-7d76-4a43-b8f8-f1cdb11650f3
d01e451c-e157-4e8f-afd3-9a0d43f5af69
916d7c7a-696a-4171-a536-93dded0e9ab1
5357db2e-24dc-4cf6-a545-ee17e980d8b4
367d2714-7b5e-41f9-ae4b-c968fe4841c4
8d94acf8-c7a0-43f3-ac3e-4649da7dc292
c723568d-0b8a-4fa0-989f-3583df7ef3b1
97f86615-9972-481e-b2dd-929283882d38
986f7e1e-58bd-4635-8085-c101d1e5f43b
f56a8f91-4b8d-45db-81a0-2b8bba7a6b8f
1c5929b4-3023-4f39-b03a-8568136c9d4a
8521781a-8fd7-44be-90c7-4f6b0083a3a7
fd028d9d-d0bb-44f3-b434-6180e4b30d0c
334d3e49-087b-4a25-a1ef-4acdde967c4f
138bf302-f558-4464-ac48-6d957cd7d5a9
e4d6377d-b880-461f-bb1b-8995d9a27025
e6351444-599e-44ff-8f89-d22e4baac709
cd71db1e-ff7f-4038-bc25-7c2db071dbc2
2dc9311b-5d46-4d9e-a93f-01acee6e7cff
87c909cd-d859-45bf-b857-53dd5e2ae14f
b4344337-c67a-48ad-a604-6da95033d0bc
be22345f-2ef5-4ec5-bf44-9052f6ff5b7e
9f57b9f2-bc8e-4dbf-99f5-f5b095ef4337
73326818-3580-4184-b01e-7936b092de4f
ed6d1986-205b-4ce7-8e98-233ed4a0bc18
5c889eb9-e399-4ad3-96ee-c1a2b0c415f3
b8472c79-d879-4975-83c7-5c6711ee754b
19a1e2f1-9ed3-44d4-9d06-d735df6d580f
b2e3a002-7d5c-425a-94ad-2c13cef9a5fa
b970bec2-8874-4ffd-ae41-00f9101e4cee
b38697b7-6bcf-414a-bc36-58c435a3b286
2c7498e9-df69-4e23-ab3c-0db47d4c04a6
9f75e7da-3775-401c-94db-dd19f5b450e5
3b5350cb-17b4-473b-b117-e5a694e9a5a2
e388260f-7c07-4f45-ba3e-6e50868391b0
090abc12-7add-46d7-9da9-00ec5f3a51f1
4447c266-6f4b-416a-9e9a-0ad1eb6af49a
7e40d590-d165-4307-9df9-4b9b861cff40
7347aac6-1e9a-4cd7-a1b1-8a3ab120c406
423a2f9b-6153-42bc-af1f-73eafa8e66fc
d6a5ec2d-2426-4a87-8889-3973ea855f78
0621baa9-ff9c-45d6-9a1c-1ecf83594be6
ee4ea0ea-6db1-45f8-8dcb-a3cb5b1006dc
0f7762cc-0431-4eaf-8b1a-923afc14dbf5
b0336b93-0cd3-44c1-94cc-b40baf7a1049
f90ff5d7-79ac-4421-98be-96c72c43c81d
c8bc0090-82d1-4c63-94e7-eda32eef51d5
6fd67772-6b09-4c57-b77c-c805ca609bb0
c076d40c-c8c3-4f45-b126-8a5466321883
17885fcd-6857-4634-8b88-7dd0fb228c00
c3c563a8-e705-4fda-8491-fd5350a2577b
b4d2392f-6b85-4b6e-b9f8-82d0f1ed760a
01b8a2bf-bda9-40e3-912d-68fb4fde1e29
bf73020e-fa1d-4bfb-895d-2583853734ce
da361023-815a-4b8f-ac26-fcf2b9995fa6
46aa6152-34d1-4cbd-9e9a-3dc32990d9be
057ee9d0-4abf-46ff-9b40-13b21069049e
24313489-e070-4f95-9651-d598fc19c482
67320b5e-87b8-4201-a8a3-20ef9d4c40b6
376cb6f1-395e-48f2-a7f8-86e5544cf1af
90050806-ca60-4f53-94b7-5f1467829d18
0aaefe4a-82ca-4512-976e-fb93dae5817d
43f332b6-3046-4fbe-a4c8-1d4f1ce6d75a
8073a95a-f1f6-4031-864c-1d4d81808c1c
37ac025c-68ec-4b2e-b593-1e29a5717f26
4cb1b61a-ae54-4b5f-bee5-62b84b27d48a
5f39a418-2a0a-42f4-9321-462822b5e70d
c693626b-e851-42b6-b4bf-51ce8b8619ee
eb39706b-b768-4c61-baae-dde2f8ea569e
5499c7db-7640-4232-91cb-9a09568982dd
06be5f50-c435-41d1-b625-8821374779d4
353bf73c-726e-4b5d-a840-95a87bd17bf1
83de1d6b-d29a-4b6e-931b-bd7d6bc481be
3e2d2bfa-1692-4b57-a0ab-2b20ad36a4c7
900c1eab-ae60-4e9b-a79c-0f74832c810c
08310b71-7bc4-4b78-888d-e8c1850e3f92
1c076338-5d32-4987-9f75-28993c5963e5
d817c73b-fd8f-4062-b752-eb1ee8e34be6
4103c05e-5a12-412f-885a-d70c9034e79c
f93a16da-775a-4040-a9a0-2dfc1d5badb0
44a0ec43-e2f0-45d1-b81b-d8682239f64f
dd90ad8c-bd50-4012-8211-81b2eb3563fe
17473b1a-ca1b-4a25-b202-c842a10eb3c4
0fe12ae3-2f85-40ce-854e-e25455738d6c
c89dd668-0de2-4666-a0da-d3d0ee72684c
aa13a873-4c93-4645-8b3e-fb95c8cab6ef
34b9cd22-166b-4722-a365-a9dc80e03041
958f612b-aada-4c92-b46a-febeced2cd4c
64076365-ceec-4e20-bea6-3120c69b72fc
58c99a61-fa03-4f16-972e-7f83123902d5
d76fa251-ba45-4529-9e25-a832dd82191f
c41a2787-879d-419c-9912-5f4ed86ce47f
86136099-1528-4862-972a-b299ccd4a86b
8dccbd78-3973-4ac0-b00e-2d50860e9f0c
4d108bae-f804-41a0-8047-17e202faff4e
9796c0ef-e99d-4f72-be4a-779e070c3808
defd3e39-be72-4d83-9623-94c80a181db7
20bd421c-4b23-4028-a444-23a270022ab1
59eff1ff-7fcf-4fe1-b2aa-567109827ec8
37aac91b-37e4-4cf9-95d6-c34e67cfe3a5
a5014ec6-a087-4d76-973b-8c9f3db14703
f5d3e7d4-2e58-4b9e-882a-ed2ba160b3d7
5c366433-0c2f-4c0e-b859-3ae156a852ec
fc21658c-3c41-4eee-9c14-9d8b30a28b54
e2db4a55-40d0-47bc-a80f-8eabfffeb198
f0f3ddbd-e076-438d-b847-a85e02db5661
e8b57599-b635-4600-a2ee-9e9a07b75e1f
66f50723-91cb-4128-a031-7ca6cf0888b0
f4abcca1-d574-471f-b707-070ec6566126
ffaade9b-a289-48f4-bc5d-eeb2f39b8fc2
e055cb85-fe44-40e2-ac97-9c3675ee915d
d5385376-6ce0-4f47-ba5a-378c81c8c3fe
425b8ca2-d401-4125-85bb-7653fa17e731
635d7980-261f-4d34-be70-aaa38cb0babe
4a4a99a9-0d68-431e-89de-dbb5d208b155
4846eb0c-cf4c-462a-b66e-2cd426db7c36
348539f9-5478-4f54-a087-802e60a1f758
942ecb24-ccf7-4e4c-8a93-2262bddbcdc8
053b2229-b843-4c0a-ae0e-ab31de76a694
afe2ec36-b4e6-4b45-aae1-604b9b5fbfd3
c9c007b1-004b-4720-9582-f787f5d886a4
3b666b4e-fbd0-4c1f-b751-a9bd1238ec96
75adf907-ab3f-48d0-a4dc-2c36ed4c0fec
3da84d80-2a27-4a33-ab88-24084606dce3
c32ab555-1be4-494d-a19e-95ab1134de36
0d256d2e-869c-44bb-9fc5-0cb47a9c0e29
a9167c5f-d1ec-4466-8b09-1d2a1b75fd92
5410f11a-c7a4-4788-9e0c-0d0844541b47
0fbc2e2b-8656-494f-9470-682b6a09f67e
81ff6604-ccba-4fb0-9f0a-2885a3486554
78bcd0d4-9f23-4568-9dc1-5a52f01f41ea
638cc98c-d15b-4ad5-b382-4e94a61235ef
a833c1c5-c506-4865-8776-3959089bd14a
d1dcfeff-2b2e-48b3-b46d-074a8bc2ada0
5d3895b5-f2db-4fa9-b241-805003c27487
5e47e40e-52b4-48a8-ab28-5bdff099ec46
a17fc31c-8849-44a9-b420-c37df001d92b
6599f5b3-14c0-487e-a6c3-17c70e93355b
11eebc50-a7c4-4f2c-85fe-ef56ae791df7
e2523748-13e1-4d35-8228-9f27af4c3e66
2424da85-355f-430a-8f1a-fabee9d27ec8
9edd79b0-8113-4d8c-b78b-2617e4d1288d
980cf1d7-4d92-4b21-b756-f35a0d504647
d4014ece-76f7-4d7e-886d-201fd206023a
03b5e383-e302-45a2-997d-d706710eb49a
600a7fcd-b698-4235-b0d8-9b38e2d265ec
6b083c9e-f143-4ea5-a6b6-df9a500e11aa
88b4ecbd-0491-49c1-8f93-ccf5cb9d0aab
47cf6009-e386-4001-b1af-43fcc72a89b3
24c60f97-592b-49b6-9734-07e3f0802aa3
0b3683e9-bef0-4668-af3f-9ed4e78d946b
a33abe66-29c4-4325-a7ea-0df499738b83
52aaa506-bf4b-4a80-9b1f-b6789462f7de
7780493e-7485-484d-8341-fed83a316a41
2eb07d90-4dc7-4761-ba25-b109dec184a9
c5ea9dd6-7566-45d6-8aec-b2559aa00a50
2dce1131-ef48-4957-bd6c-aae485aab6d3
1e4084e8-109b-49f3-b990-7c535d2ebbb2
eeb491b5-1cd1-48e5-b8f7-391669f873bd
5ad77f65-7e04-4e08-bcc6-6d74b5202d01
bc726f3f-00c4-4ae6-a986-6c25d6e3be60
573e07c6-6983-40a9-8bd8-74420b6f827c
dfb726e2-4a61-4a2c-a467-23e771cb105b
62f770e2-4d91-44b8-b0b3-80cbcee8bd05
72d3a4fd-3652-4884-8976-3ba03dd6f356
65a0720f-bab3-4e55-b0a7-ee56220d1ea8
81032ba6-d22e-4ec2-b344-ec285c4eb30f
ed774e2b-f566-4f54-8a60-774f94f725b9
2db2a2aa-c1ed-4f2d-8384-5003636e7d51
87957efd-a929-47d5-af84-1acd9e89e15d
d80c38aa-9cc6-4d79-ab1c-970b54b54be1
646ab046-3918-474e-b0e9-df74b7cf98ab
ff30b3a8-9115-4fc9-8eb0-917bfd72a30f
4d8c5b9f-cde0-406a-ae0a-ce17aaa85928
eb273bad-d860-4688-8a42-3767bfb38459
2b14a45e-7e73-4e03-a4d8-f37b8662b2cc
c07212d2-f0e1-4896-88eb-44225c2a39d0
b305eea0-7a95-46bd-8688-5462d973ceb7
223ec617-a8fd-4fe7-ad7f-91246d21d3f1
858369e2-ea2c-4c5c-83d4-c959fd96b5dc
a9610967-76ff-4b6b-99f6-d3372f591c44
20275416-d8ba-48eb-ae0e-ec0b03e46ee1
10ec333a-1300-4e5a-b527-482cd95fc528
d271cd11-e80e-45a7-8e81-26b6cd1f4ad4
c8d3b795-4100-4dbc-a2c8-ce346b51a72b
b9cf7cc8-ec02-42b2-885a-75ef21137516
d3cfc232-606d-47fb-b00c-0aaeab319dd6
40a59ee0-cccc-44d3-85b7-4c66db3ab8ca
d9dc6f8e-9dfd-442c-9373-c954c1b02476
97b2516a-4ece-41c4-b787-9f41d0bf7452
ca1fdb1f-cf82-4a2f-9e81-8915f558c209
aabee032-8920-4e62-9dff-bd229f52b52d
76e173c1-21ad-41e0-a59e-f33c4b63f057
50d6b961-b614-4e43-af2c-9de8d1cb4d74
92b90a9e-72d9-4401-b220-b68030091373
af1209b3-f9d1-42f7-b621-0638da5b3b22
edadb45b-a489-4352-9371-56d072d90acb
cdcf0543-f87a-4351-b333-0a960d8194dc
a25982b3-7b23-4c53-a313-48aa0b29e308
d1c2d7cc-5463-4f22-8048-e959d91a2e51
0bece483-4b98-4859-bafe-8ac3b329b922
ad14081c-0858-4abb-8df0-f944b4910e4d
531d3eb3-00f9-4be5-9550-ee74fbf5db19
01fc0461-2de4-42f7-8b4a-1e78daedff89
56012ebc-fb88-428c-a7b1-7230d781ebff
3db08a19-614a-44fe-837d-56c09323d36e
24b9f921-9de2-4cd7-919a-9dd5cd7c1b4e
39ab7ace-46a8-4f66-a1fd-e4fb6c34848a
d7b0f7b0-3a10-44d6-b3a6-9be673565bde
cb3e420d-8f63-44f7-a0ee-4ad75fc24b06
0dc40b26-c00d-4e29-a0d5-a70d44283e7a
4e256dd0-0ef0-47ee-845c-6aa5daffc535
d022107f-0edf-4721-a846-28b7d5f38abd
dd94eef0-12fe-4654-afca-d7f6a4d5ad74
2cfc86ad-c169-4fa2-9634-819f4fa924f3
5fa58b7b-7a83-4a6a-89d2-806cf2010577
f7ac88a4-fb00-4519-a731-47efb543f82d
232311b4-bffe-40e2-a672-ec40095f7ab1
3ec9af9b-a837-464f-a89f-36d3d4991e2b
32fe1504-15f4-4916-af53-922a6e442681
cf19e09f-ea4b-4a72-a095-900e2d327826
278f31a9-fc95-45ee-995a-5de4db883c26
4cda88be-a418-4d65-a7ce-9c78d0038866
1326fb75-fc6c-4270-8c95-897d9ef35104
168f2f8d-c2d6-4168-b388-4339b3d8b13b
dc09af85-2883-44b9-9d99-d4629bb27542
1e24784c-4bf7-4d25-835a-14713b44563b
3359ae55-eb9f-4171-98a3-91887ac27b00
696d5fdf-6eee-4a71-9df3-d88e69ab44c9
8c09d4f6-54dd-4851-849f-9954d9c90211
556f3040-a16c-4ad3-8953-56c8b2d76f31
04a246b9-8d7b-4555-b4ac-de931346b867
ca0d4010-8d10-46d2-9b3e-399db15a4d53
085446c5-1fa6-4934-9280-f047a422f232
5ced1ff7-9af9-4382-9c32-a2c9db286593
17fb00d0-95ff-4033-b8e4-f455b61518cd
b9b0b8fc-2294-4c76-a1c0-7eb8698c82f2
f11ab195-dfdf-4252-bbbb-aae580eeb799
dd9b94f9-acec-44ad-9a50-dcdd463f9ab4
a80c9fdf-86a2-43d6-a8b9-b7d7a3c6b18b
8a4af2fa-1074-47b6-8bc2-759a5c3a447c
d40bdb47-769e-4964-948f-0ee512d43ea2
7b433a85-8000-441d-a3fc-654c629ca2d5
0d80bda9-2115-4522-8ae6-ba50ea420ce5
ff2a6165-49e3-44bc-9220-f2aaa671c551
00b33127-c9ad-4bea-8441-81c2f7ab2dbf
9ff67f98-4aec-4a93-9291-e354473bd548
15016254-e984-4208-ac30-b15623212d6f
42bb423b-efdf-4802-93b5-9b86d697b07b
6ac0fadb-8027-4640-979e-2bad619d2934
a9ed5455-09bc-4cb8-a1a9-cfbcaa425f0e
af758263-fea0-405a-85b3-58fd0bab6c1c
0fa0b9f0-1ca0-4a3f-b558-3533e3224f17
f617f87a-9316-4245-aa2f-c3ce007b1357
a4be7758-b1c0-46ed-acbb-0f61cca0b481
47d2c7a9-82f7-4fd4-8607-22b03b61af2d
30822ff8-f5b5-46c7-8f2d-7a079eef48d3
17766136-6126-4e7b-a0a9-c4a4837a741c
e41755db-bd2f-41ca-ba16-9c105915ea30
64a3d52e-336b-4662-ba72-0632f820ed77
574388ee-5350-49d9-80ee-87f6d0de6f56
610d2b25-f0d8-4cf3-9289-5f928ac540b5
b838d6a4-b4ed-40cd-8a09-6ca5863d3425
3f667fdf-933e-4609-9341-e1747cbf9bbd
d3f8abc9-c6e2-4640-a45a-7bdf14e463b8
d81d38a9-0238-4a6e-8846-d1d6223ae664
017bf3f5-20b4-4bd7-a1d8-aceeb8f37668
80b6c95b-76f4-4901-824a-354697fe8515
4a682888-62cc-4527-b7e2-1e2df28fd6a1
e8310629-81cc-4aa9-b649-8308918f960f
4dac13fe-a819-410f-b0f2-23a9e825c586
abad433b-c0e4-4bcb-bce4-ad2e62dc1e0b
92a37199-2423-4652-9c37-6081ce45266b
1d512a77-b6e1-46dd-a14c-a6b2f6985041
e7f73925-7407-4d8d-9f36-d81ac0d8a0d0
a107bf83-698b-4876-9b29-db24d0d7c9cf
ec3a2625-1b00-4d26-9bb3-b215f20576a1
d537f5a6-531e-46cc-ad4b-549976d08050
5855ab55-6191-49b0-8ccc-a9e81cfc8524
bd046cf9-9006-4335-afae-b80a1f888929
3301cc06-9412-43b4-a7db-c16320f05700
a2c0d85b-14dc-4241-a8b9-516d3d132dc9
ee139bbe-0194-4587-a938-f7bbb044cc8a
b98b3b69-9d4b-4eb0-8857-25a37e8b8516
8a05b4c6-4c8e-463e-b7c3-96ba48d93f60
8049e67c-d282-49a3-95e7-7cd20e49788b
449311ce-81dc-4e34-a60a-996d9974ead5
b6b27582-f388-414d-a19c-1b31d9b981dd
abe35d79-cc6d-473c-9774-326053789fa8
9b685283-2298-4c69-8633-88a462fd7df0
e01dae38-19cf-4254-b06d-97123f3be4cb
968df849-87cd-4fda-a1c7-d1b93fa85ed7
4d244920-7128-44cb-8e2c-c08530f96bb7
4f89ecfb-f4ab-4f76-ae4e-3b92877398d5
71c49164-18b6-4558-8aac-3aa0b7b51aa9
12702086-3ba1-4b1f-8007-fbd4715cbef2
4f5a67b6-c522-4f5b-b5cd-8aa0f3970299
3cd0d477-b05c-4016-819f-e1429b48c07e
d62b7b43-0ade-4c74-8966-e3a920771e75
e9aa1768-40da-4b6b-927a-025cea1100ec
691ca308-0893-4b28-8e89-8883922c4c97
efe3bf8b-b6d1-41a8-a8c9-5b33df99a4e4
178744ce-88ce-44ae-ba46-4bd111092ddb
c3c72ffa-9533-4408-8749-100fa13d1d0a
cd358e45-0b8e-4dab-973b-8f1dffc1ecc7
1dd1ba8c-dcf8-475f-bd99-e5109ec8013c
bdf299fd-c741-40ef-9c48-95bfc134700a
91976ab0-c6c5-4d1b-9ecb-74da1f460d45
8022f832-e0c6-481b-b3ec-5b335e18f221
5413029e-3517-4d7f-bf11-c37929031239
b9f08019-7f81-4c88-8ea8-9a15b61ce7f2
d7cdae74-1355-45c9-bbb1-3b78b08c85ba
ce704674-1e46-4f45-beae-93708504eda3
b316f022-90cb-41b4-9eae-3d02f70140de
f432b92f-58dc-4884-92ae-96d2eff1bd7c
fe034baf-80e1-404c-b5f5-e2f840b38c67
9f5d993c-2a4c-4df1-9d78-de83c9e34594
f282c9d7-4a08-48c8-8acb-81f8e7d7fbb0
13a45a37-30cf-4007-b203-38939ba313f0
fce7682d-44cf-41e1-8fca-efd5e5f3bb74
1ddc5936-566e-4ea4-b82e-f0f2c8a75b93
402c996f-2915-4adb-a398-744029926aac
44fbf989-c868-405f-af1b-346ead5afe3b
438898f2-9cf0-4db6-b0ca-5d3295ea9748
ee958aba-d88a-4b53-b9a1-bf485b0610b8
326a084f-24e4-4837-85dd-3d0de1ba0d35
a7745b5e-828b-4d9a-bc71-d282b0721e9d
80adcfb2-3d48-4981-ad59-819a5d0362b3
91f57bf5-3c31-4992-9cc1-318c4fcd28a7
72fe208b-4830-4486-9bea-e7919221f393
aa620900-3b23-4549-ad66-61ba3a60669a
bca51523-2455-4dc9-9b27-cb4e2d8b9877
a269bed5-d9b9-424b-b0ac-ad31b7062d20
4037f85e-81bb-4c5d-8f54-00bf0f321970
4503b372-89d4-4e3f-8215-c1f256f19b99
3dd94a89-d3d5-4b31-b0cf-ba86fea28ab8
31b6cc33-4221-4820-b434-5e537b331296
e998ad40-b7c9-4e41-b668-6f43ba47c215
e9d234b7-6305-4645-a050-cbf48dc9b841
1494a51f-8c28-40ad-a818-03af46da3016
a80b7712-abdd-451b-80e9-1c1e0a1b2891
166cd7be-24b7-47b0-9190-30b9db8ec371
b1c85a8e-b097-4df1-afec-331824799313
2080aef6-b4ae-494c-a1ca-9a21159ce8bd
63eec469-c593-40b8-a620-286b02394b72
6b7f38a7-609a-44e9-a6bf-04026e183b4e
ab0d061a-977f-4cc4-afd4-4ac2ec858671
117d07bc-0dba-4d6a-90ac-e4efaf50d49b
79298aaf-aa98-46ad-b054-1b6d32dd0417
5c5b7b02-c114-4a7c-9084-5019462bb4f5
d248b06e-251b-4497-b737-dd145ce22ceb
bc3b7055-a4fc-448f-8d56-fd8be164081c
f8183ada-6c8c-4c43-b76e-6f0328439628
bceec9a8-ab02-44d1-a41f-37046351d377
0e00cc1e-8285-4157-af44-8cbeabcdc194
9a243eda-fd1c-4b92-ac7a-0f1627d0461f
5145892e-e94b-4bd6-a5ef-92ce7ea2fd17
f0ee62a4-f379-4192-98b9-442e580a70c4
6e497691-8e26-4698-ac77-86944fbb2b3b
5b92a096-4352-46d8-8d86-0fc9eaa669fa
f64b2623-d61d-4087-b119-a9c4afbcb5aa
159f9a45-2f4b-4cef-b5cb-a0ea7f2c01e0
61156285-aa12-40c7-ad27-67019408d36f
691cb03d-071c-43e7-adab-733096131f6d
6b2b71e9-bafd-44cd-8ebe-e99089b7a523
e6493f58-642e-4121-b583-17b2335ee64b
64028351-d3b8-4e49-9a8d-4371ef200754
37f633a7-06e0-444f-9ac7-fa57437a94eb
ea5b63c0-96c3-4984-870d-b8bb64c76860
4f1fe45f-68d2-49a3-8acd-060ba931aec6
0ddcabce-a9ef-4e41-ac2e-5812a1d2e665
f9d3c16b-7106-4ec8-8b4f-def314c6bb99
30ff8d7d-a5f8-4c3c-8d33-db777b1b9144
74e6462d-8d34-414e-8872-8e3367daeb84
517a5701-a233-4862-8194-b4cfccaede11
5fa14972-542b-4250-9163-31082f2920e9
45d5043b-9930-4b38-b0c3-5495e7979c21
6c5004f0-46b9-443c-b76c-dcf3eb7bbb7d
5d1589ef-da76-487d-85e6-881cbacc17bd
256ae893-fbf8-411a-96e9-dc41749c2321
151f1ff2-5818-4601-9f85-97fb1db77a17
c996ccb8-aa15-4f02-8bae-676c2120c08f
3b46b977-1db7-4150-af0b-2ccfd7b0d9f2
7503ee70-c2d6-4b37-b14a-9afde758aefd
3ad1c75d-2376-48dd-a83a-a54d4f81394c
388a20c6-69d3-4eeb-9dd5-f2af819aaea6
36bac396-b32f-4ffa-a8ba-a652861fc9b9
41284d76-aa15-4156-abc6-b842b490f4de
37fcdc41-000b-477f-b5b1-4bcb06e91c0a
de47e163-5ca4-4a2c-8a26-afa4d5296d1d
e520dc2c-d605-4248-a2ca-cf4bd76dd04a
825e9270-c1e0-4e7c-a5d4-48a6809d3308
867923a4-06e9-466b-931e-2014bd09f410
394a1fbe-c940-4b77-8e59-9b00e5b8b1ae
0423181d-a002-4b30-8995-7eaede4cc6db
84fffff2-9a6d-43e5-afa3-8f30b36af808
ea9ed554-a584-463d-b6c5-360909f0b047
7b66fd89-0f2f-4eb9-a669-501f0524ff7d
c9be869c-3672-4e64-928f-53a489e73287
102541f4-78cc-4570-8fc2-e1cbed7be002
e6ef7d30-bd46-4fbd-bf74-b878872a5957
4c6a2e2f-5e68-4213-99bc-8e6114c5f1b3
0ccb8db1-91bb-49ea-9743-23a0dcb5be96
9fd8a0b3-8d94-40af-8153-6701f415ccc3
b5d928b9-9d2c-4236-9c6b-e9b1531139b5
00313279-5e73-4d0c-8fba-1aaf7014a174
70309331-862f-4565-b700-eeee26b50180
28f296cc-eaac-4f92-ad80-cabeb2f9c341
e8ddfd28-a350-43b5-8361-6f46346f619f
2e166912-306e-436b-9a7f-a73698667e3f
a5ba03ad-a11a-41f8-86c3-9b8dc2b0d817
10e86588-80bb-42fe-9fa6-6fc3541e993f
c58ef83d-6776-47fd-9b77-10dad938e9e4
51d1711b-55bc-40f6-a6d4-cc3e17947f93
799eb745-8902-4915-bed2-222015a06280
30417ef8-e5e7-4c76-9229-75fa386fffec
356b53b5-7570-4888-8dfc-55ba68dc1c7f
b69e377e-7c28-4521-ac19-803fb720be5b
aa7decd8-3c46-495e-a230-b6b325473bc1
49c61055-327d-49e3-8a1f-a05e16abc75a
04e9f242-0bca-4b2b-9f23-17516e196eee
2bf84636-c24d-48ea-b586-9a061c0bd4d5
9cc32008-fbbf-4d92-b34a-e164e02cffb1
b100aefa-d072-4b75-a7e8-24bd405a136e
5a8432bf-268a-456e-9347-d6a342c3e05c
944bf280-2aaa-41e4-b4be-8e4fd8308c56
b5ce872c-fb62-4258-95b2-25772322068d
cedef0b7-690b-4ef0-868a-8e969f6dd7af
b67ed17d-b9a6-4027-b2b3-6b0c406c63c7
4e783e65-7dc8-4e57-8dd1-ec7652f4a7f8
9f0157cd-4c4a-469f-aa50-ae11b8d6d4d1
5d20ba97-0549-46c0-949f-f2c34525f23b
0e582acb-8e13-4e59-8669-fdec886276a1
f1e26a1d-f55e-4bbb-8a83-cdb78ca29581
36249c5d-fbea-4cf3-a330-b72489cc6282
a3a0c9a0-f588-4aea-819d-05698c0695c1
ea671df5-2d80-4074-be9e-790eb78ee014
8bb97162-0d7f-4bff-9ab7-560273119445
1623e32a-957f-4267-b0d0-12afc824df72
72315d45-87a8-4ce4-9119-0d05cec6b4b7
24a6d0e6-85e3-4ccb-b772-4378c0d80451
b2dffe88-5ec9-4ba1-a66d-5fe13ecc7fd6
b11e18e2-bedf-41c3-8cff-ba03d10e767d
6adf5d66-ba6a-488c-bc5a-e45252934f48
0011fb26-aafe-4b8e-b650-63ec96f3a64d
298979da-375b-4c4c-94e8-44790e1a30bf
25e8aced-254f-4967-8cca-fe0cbf368b43
d88e2ebd-6ee7-4c61-911b-9faae01dc962
6fd4dbdd-70cc-4e64-ab77-f6d52329d527
ebafd0dd-9fdc-420a-9595-dd1eb9990600
7b40a5fc-d015-4f4f-868b-a5839e1dcab1
7ddb557c-fccb-455d-a6ef-b6e53f4049d5
8be476d5-a84b-4f55-a50d-cbac722d9dc6
55da0920-16c0-4072-9102-9db44551dcbe
775be0d9-496c-4308-b9dc-374f41b7a97a
a47948a6-2805-42ec-b4e5-39b2ea73c93d
745dcb51-a0bb-4946-bd74-137d2a7c1e81
1e63404a-26c9-4bec-b652-89edc09080b9
06c2c5a3-f0e6-45de-81ab-d2cd1d119cdb
f2c8d5da-03a5-4cab-85b3-2bf65c56a499
8d93faf7-a41e-45f8-a562-83d735e518e9
f4a54dff-cb78-4ede-950d-96d2c044d6fb
3a970ac3-281a-423b-a913-e918526fdbbc
21aaeb02-a01e-4542-a80c-bdcf7dffb148
52bed8df-b7d1-4d48-aa5a-09a6ca1f01d0
26c9eeaf-948c-4b5c-887d-03b20bda5746
f255cd1c-81f2-4704-be42-2a6680e27e66
df01629b-9a2a-48ec-a45c-7f3e40da669b
8ec3c399-bdf5-4a35-bbcf-f1195e8c3e3f
e32c14a9-8706-4783-8c1c-14c29a6156e2
8d0f341f-da0e-415b-bf88-c1084bb6ddb9
934247d0-acf0-445c-b045-3fa32913686c
5fea9c2b-d8e0-4841-aba1-f4de23e0f7cd
77bed6d1-06b1-4b98-931f-fe68732c5489
ca8b517f-afd5-4811-87bb-757321cbd96b
22ca83f7-d354-4cf8-9858-09aec495e65d
fca57afe-76b1-46d8-844a-59428c2a08d3
10f43733-675b-4f92-b799-b6851f8e1415
84864bd9-7bad-4569-9b45-60e7ffc6f993
c36c1041-e9fc-4547-89ac-ebd3e2e90cc6
1a8e7f18-5818-4bc3-b519-97eeb24d0650
2ea3a9e7-8f13-4e45-adbb-578796ac7ecd
1f90d19f-04e8-4637-bdf6-2f35ae00e3f2
84730140-45d8-4935-af5e-0b27197c7d2a
aafd9f06-506b-4dc7-91f3-58d48f01ddb7
21aa1bac-7b1b-419c-8ce7-2b8a91741b0a
bceb5851-d751-4a9f-9bd1-80de16b2d669
dd62409d-37bd-4657-ad18-1a0740e38847
41afd3c1-b090-404e-9f70-a56521be1bb0
a7f6bb24-07eb-400b-8412-78e6749fd684
3ed3491b-dde9-41a7-bc2c-ba03cf95ee4c
9593e1a0-98b7-4a81-9dd3-c443d10ce6f8
2c661c03-39af-47da-88ed-e73988b0f09d
23592656-56ce-407c-9839-a3c5e1a2a579
7227683a-4628-4ac9-b96a-410a25784d81
c2a02da3-1165-498e-a47d-beec51d51bc9
1779dc19-a814-494a-b43d-1bde18adccfe
ceac22f1-a707-44cd-b4e8-d6a92f659b5e
489ecc2b-714e-436c-8211-eea15c116610
a56f809d-de0c-4da2-8caf-4bb2d02b9fe4
3728e4c1-010c-4a57-a1ef-8cbacc8ee5d6
4300e0c8-5832-48fc-bb9b-47febeadf74a
504cd59d-eba4-4536-9927-31e073e610ce
4785d9ba-7669-46d6-8a65-b11799f14216
549babae-7782-4780-8776-98c82a48f59b
329b9eb3-dedf-43a7-ba12-221bdf9cca58
db85a431-f68f-4235-afb0-c394212d57c5
7f204707-46be-4532-88ad-69887a134686
99aa2a21-ff88-42c7-b244-fcf96702434c
4b42844d-bfed-4107-bdaa-72fe414f64b8
58b316a1-71a6-4fd4-9f9d-9c7b7da69d82
b6f3c6da-3b57-4e76-8d3c-4182246a033e
91e58a23-deb4-4a61-8833-a98cc6a03308
eb805513-db1a-4087-97da-221f878c5564
a365b9c3-c96d-40c3-9156-52252fb6a578
1b045776-ce98-4313-9e08-7cdeea7b20fd
f2fad6b9-e635-4f7c-a2ee-83582a45a6a4
0630543a-b0a1-4ebc-b1ca-2b4cf723c80f
45e8c45d-b7ce-428b-8265-be5daa77a9b2
996bbbfe-b0b4-42de-9be3-6fc0b4f4bedd
ffd04996-2d6e-46f6-bf44-9dc88d18cb2c
1db9dede-2517-4091-9199-4fec64718a2b
8eae0521-3518-43de-ae02-1012c13a829c
041dcbfe-377f-4f47-ba50-fe2944c743bf
03a12fd8-c59a-4eaa-b1c5-b04bd522f934
88b189aa-21e7-40f5-a3c1-ba2be9650183
15141da5-f6fc-4095-8132-507e7e4b22a8
092877b6-b12a-4315-8837-cf4a18e29699
6c31b503-1f57-417f-9696-f7dd2db580ea
5eae3654-4804-4d55-852d-dd64c38d4f9d
b215ec94-f796-48c3-818e-423e1ce29f8e
b2b80138-0dc0-44e1-b299-ebe9ec5aa8a9
265e8689-a39a-4cc7-af91-298fd34a1ba3
8e0a7e4a-5016-4435-b83d-0156df711f56
a520cc16-c8ed-4230-9f61-e242072f56cf
595e2942-0db6-4822-8b54-559d76264f59
023226e0-9a1c-49ce-aa38-7275ef7f287b
54388829-ac86-4114-92bc-9961fc2932e2
91f89d23-e3d9-478b-b029-f6beba4f9981
511e5962-b8b8-4643-9ff7-4f6612629ccb
f8819253-bb14-4c8c-a37b-4353ef60d9aa
ba7b658b-8413-4112-9907-d6da1d7e4406
64ff8e51-20a6-4cea-8487-706f2e38fa09
89c0b5c9-b1ed-4e14-b8ca-131519b93fc3
6ed023e8-6396-4a48-8814-a75f9dfd5131
74b9d5cd-2ef0-49cc-a18b-fcc0dbd3bb09
d7c9d376-fd27-48a7-930e-22942ccd0f48
f2f54f3a-3d7e-4b0f-94ce-b44c01165816
e1561242-95e0-4ad1-982d-21e2ebce4d4a
04ae259c-b04f-4a33-9b07-73fc12c1f610
4cb08889-6ac1-476f-8035-9eb0c3d7243e
b9eda53d-0674-4b40-b889-a8ac7d58f766
c72eef9f-a9af-44ee-a779-b9d49def1f15
16254425-9e76-40c2-8b4d-19f7c949ce44
60aeebb3-141e-48f2-8912-e09b34a2f6af
b78affe2-85b9-4477-a6c8-2f98ff066792
276493d7-65af-4fc8-95ca-8533af04b07c
2ac9fbce-04b1-4a44-a9e3-6a7105261b56
b727203b-53ca-4695-bc32-b44c42908a92
cef2d0d2-6b89-4055-a274-704fff24622f
b3f6ad21-e6b6-459a-8f8f-f1972965bff3
d9e957cd-8219-4117-8970-f3e7397bff75
3c45418d-f520-42f3-a117-6095b04ce898
6de20287-3e02-4bec-8193-221b7e8251ad
e7921cd9-a00e-4b5f-a531-08ab641bd53a
54506e78-814e-41c0-b4a8-3ab28f78a63d
01c84a07-25c2-49ac-aacf-5274f9ea8d8b
2ee490fb-1055-459a-a1c7-d52206c750bd
d3da815d-f971-4f25-aa53-8f419e80cf74
0f149972-7020-4fe7-bacb-6d0ea5506f36
3d7c5167-04d2-4483-ab7d-dd30dab414a2
4d058fa4-877d-4816-8568-311e0d3e0815
0fb29f7d-ed46-431c-8f6c-9227259e7d6d
ec959b04-6deb-4824-be3c-1de0945667c0
ad2bf3db-0e28-492d-a7fc-09a98870c0fb
5b3fe52e-f349-4b6a-b5cc-2f7fcd4ba603
1136f4fb-8a83-4f64-836a-d97fe9ca7050
47faf4eb-63d0-4205-b873-bfce15a6f432
54e3d84d-9f46-46d7-86b0-c89a3ed95185
041d16d4-b069-41d6-99c4-df335f3deb5f
59f69592-7dcf-4c34-9123-e193ad598310
baeaa511-4ca1-46f0-819a-b61f99bd863a
954bca03-8158-412c-9f01-0e2e3317d243
95266014-fa4a-44c1-b769-cb078ce551f2
6481d933-0359-4164-90c8-b28fbd7e0783
b70db1a0-d4e9-4ec7-833b-9d7464b0e647
17131269-c1ef-409e-bb7f-66d0a71c00a8
08e39669-f0f6-4621-80ac-4939951d0695
1c496f1d-b96a-4af1-9ea4-b592047baed3
f39aa1ed-711d-4b47-9cc1-02169dcb1fcb
488167d4-c189-41b4-8bac-0c8242ae3755
32d243d6-86a9-451a-8d6d-efbefa71757e
4390cd40-d8f0-4bc6-857a-122f4b226212
84b3f614-017e-4bc8-8cec-b4d7b6cc6e00
ecd9936b-525f-47a8-b1c5-ce3bfd12f7c4
7d782ba3-613e-4f3f-ac1e-a27ac1d25c2c
b09256bc-015a-44cb-92d9-89e864d2396c
9eddc69c-cd1b-447f-9c5c-84d835104472
097c1282-8117-4d20-b264-747d09c5b306
0b0c581e-0796-4e43-99f7-3358a7d006d1
12624f0d-4e7a-40f8-a18f-1e76dc944ef3
74c49103-acd6-4521-942e-6efbad2873ec
4b0f7bbe-d742-411f-a5ee-eee8896a4b37
69c2f95a-bbc0-4dd0-8b49-b68c3d03ef4e
3378fa3e-609d-4f82-9cfe-7cd86082790d
a614050c-a676-418a-a3f3-4904e7d95048
d58b7aa3-85cc-4d23-87bf-bb54a176132c
2fda3c95-50b1-4707-b3e4-006c25f58922
6bea478d-aac6-4406-9f82-b2b03d6179cc
147af2f9-2382-4513-b018-ea6b4deebbd8
b3a075fa-a6ba-4bb0-9ee0-7eab66c32c23
d64b806d-4425-4843-adf5-3580ddfbbf55
a995ad38-04fb-4162-be26-01541df44fd4
92e97961-912f-40ae-bf30-acd08ff80aa0
117f6ac9-4137-4498-b8e6-a9842bee75cc
f9390e02-f392-444f-be17-ded38d4349fd
a7d1e631-f0f5-4767-8e70-dc0f6672f981
be99458c-2608-4e85-b660-e67e66c83f6c
02f38d15-2169-4e27-937e-a8dee1e10d52
9f4597d0-3fbb-43ba-a812-27c42ea190f1
9318855e-ea80-400c-8f81-7f6100c137e0
26c43285-9c8f-4938-a6e3-6b818704c11b
01f17066-3f6a-4852-b5f6-2993aa7c691d
010a281c-43fa-4b09-aae9-263dc18573bb
81522c46-b2a0-45b3-add3-ebcd7380687c
1518c172-1fc7-48d7-8eaf-c7e5c0dd5f27
87eb4289-ddc1-46df-b0d9-a82f88d4d193
acd37f53-c762-4a8d-98df-bcc5b9031e2c
24baca34-23fe-454c-8ae7-5c29294b2f65
8b1ebfca-0e22-4b11-8591-2889b77f9f50
3fc28436-fd82-4355-a1f7-bdf69e04c248
ed89e05a-32db-451f-bdcf-d4ca4d1abaf1
e217fd3e-b19a-4fda-9a2b-613677c76b6d
3499d03d-bca4-4b7b-b099-6f68f7d163e7
70d1feda-4a3a-4998-ac5a-a603a11209e3
14f8d023-4b6c-4f4e-90c0-814cb2c2caba
cca026d6-6a52-4562-9fb3-90661e894125
8e683207-b2ad-4ac6-a045-c2d24970882e
0b031c52-7804-4cdf-abe5-32acc73df9a5
39a4130e-f50f-4f45-84de-74345f5ed375
4672f999-8cae-4b51-a84b-8a4d833fbf5c
01f4f7fe-996e-4352-b961-94eb41f82fe5
b1126845-cf88-498c-9e25-123b01cd7b5e
9881362c-fe8c-4c15-abc3-4a62f88264bd
9fa6a83c-d3c1-4d84-9d07-4fb89b533620
5b863937-56c2-486a-817a-a6ea8ddf8b0d
fd2eeae0-0412-454a-999e-d9fb799ead96
597c8d18-4dbf-4a94-81c1-412cd6b74359
1e652908-b0cf-4eaf-8e3e-10eed7c2cfc5
76d7eb4b-a921-49d8-924d-90755cbc7810
e1a0f327-eb9e-45c4-86a5-b20c49430a99
6689bc9d-e768-4aa1-8c64-3b3eb47df207
6d26ef1e-5d57-4bb8-8c9f-eafc21dd6881
8195906b-552b-4a2d-8524-b161ea4fe75f
e6650f79-d3e3-4ce1-a975-906c2d62511a
263eb997-50aa-405b-bc4f-e380ae9919af
f361ed5d-7f1d-48a0-98bf-ef07b87e2688
7e8ccb8c-fd94-46ad-aebb-714ce9bc571c
7ac1e71b-3c3c-4f2c-8a49-98429ec0da47
e454e647-662d-4c6d-98b3-25ccb82095a8
26eafd8d-b1d4-4b49-a20a-385bf34a233e
2994f7f0-0ac2-47e3-a38b-a85a46799455
6886630f-24b5-456b-bb0a-06fbc9628ed5
4f9201f7-c389-4bfc-b58a-416bd96cd06f
36fe9699-b82c-4faa-aa69-256372b69a8d
71eb3c54-88ad-45c0-b0b4-947f39fd8c49
6b977378-0100-41dc-98cd-97feb03f673f
438690c9-ebc4-4d9b-a7a4-a68d1e5ba9b3
c4c84e5e-8a89-4bca-835e-97277255b86c
020471d9-7128-4154-a212-a192e710fe19
55997a62-573c-46a2-a963-b51b9220fb7f
44a20bb3-94eb-4409-8e37-d041c4d25022
76b43896-da17-438b-b54f-86e139c58e5c
4b1bf65d-fd13-4149-a208-16b488c11f4c
b279272a-5c93-46d7-8d1b-1adfc7896582
74908e36-f08b-41a5-a1c8-056b7a779ef5
80962402-e74b-497c-958d-abe66d3f722a
ad779445-16b0-4a9e-8a5a-93471022a623
cd3b1d7c-7ef1-4326-a753-f5afeac5bc62
4f9b7e57-f0d5-4366-a2c1-a33c5e671a99
565dcc7f-3985-4718-a649-cfac5f11e0b5
f0a64c94-3dea-4263-9809-601f2d1586aa
7e80382c-b8cb-44f7-8085-02d1fb72b4e5
5c91aa59-822f-4002-b15d-9915f3a47b97
f896349f-81bb-4fdc-9c18-619a1944482b
4762be1a-d3ef-4b69-8ea3-4e02d5741995
9e5800c1-6bba-4825-94b6-cf3d73c87c4f
89720e46-7b14-428e-8e29-8b108534755e
3c3b889a-1cb0-42ba-92a2-a73e7fb7c010
c44ee7e9-fb0f-4442-8175-73b3abb307b3
a315652a-4d6e-400b-98e6-14f2a7b625dd
dcd655b4-9cec-4c0c-8c8b-c6e4aedd09b3
bb73aad6-439f-450d-9c74-a8fc95f0b24b
6b8a590a-f609-4fb5-80f2-da07e538c637
32b5698b-6ce7-4a27-b20e-00743eeb0a78
8043e740-8f93-470c-b74e-e5fb8b87e0a6
4ba1fcea-023e-4a6a-b05f-c418079cbdce
55080081-1345-4ccb-ae82-c742eeecbd3e
e282ea71-cab7-476f-95d4-2f17cd339f55
d4955738-ffda-4f50-9b76-0d96eb20c987
590c0e76-e1e4-4397-ab22-9172ba6a7a6b
0144967d-ad7b-4e42-b316-5e164cd1d906
c2de852d-f7f4-4c7d-b9cb-508188bd1892
f46c84fe-d560-4bc0-9dc9-04718bd8a260
85b3332c-38ff-4e77-90e4-779bac26920e
53ffb4b2-e214-46d8-abcd-437bd58eb1fe
cd22d70c-91bd-4cb7-9bd0-916bd91f041d
5e57bc29-8178-4cdb-b24d-33ad39dcc753
ef2467a3-0d93-4221-89b9-1169f6ce8573
90c41ef0-cd34-480c-bc68-3e662d868e46
a4e5a5df-9700-4ca7-8df1-661530ab6428
626b2556-ef4d-492d-9bc5-c0c3d1f4eee1
6a9759f2-5ba9-4eeb-8322-67695f773b24
e0c567e9-e0df-493c-9686-97d673d78dd1
4f2a9507-4ef2-4094-a8b5-23828b1880d8
08bed0d7-42c4-4226-bbdc-8adaac99983b
d7d136bc-be26-40b0-b2c2-1dfb726431a2
4dc940ed-19e2-4850-8e1e-7bf7ddd739c4
701c7539-2da2-46a9-909d-f3aaf6ef24db
d07f5c6d-4dfb-44d2-923a-68da241a8710
fd97e9f5-e849-4d65-82b2-127f8c25b844
fb0683da-0432-40fc-a647-3e591535d777
f26c0ebb-5bcb-4b78-9263-2252aa7ae555
99e72e76-7001-4229-8fd1-3e9a193a1f9c
8ce2bea4-6fa0-4920-ae2e-1f57d8c6accc
da4567d4-db49-44c3-a6c4-7e9f74d9ef77
375da49e-fcc3-4b44-81c7-ea537950abd5
1900efe9-ea1a-44a2-aee6-ad2a4c9b85b4
05b2ef29-1f95-4b43-9367-2938a3b5a96f
c63a873f-45a5-462b-889e-92825822d4cc
8a2bc80a-e46f-45db-a0b5-cdcc2584de0a
9cbd39e6-24c3-410c-a509-7d072fc5de15
651ec808-1e72-46c2-8066-215ac9b21fb5
707ef6bc-5d76-4d0c-ad72-de0bfe31e846
7a70372f-0ab2-46db-97de-634c68cd0d27
03776109-5e72-495b-8df5-64f8d3e8fd0d
1953d0f1-e7b3-47a4-bc89-13f04e30641b
293d19c7-624a-43db-92c4-405bf65cae17
42ce0156-a504-48f4-ba54-85a18f920dda
49d65baa-cc92-4110-9c59-2fc97543d3cc
2438faad-095a-45c7-be80-6cc355895a24
3f9ebcf3-9d2f-4537-839e-fddad23eccf2
bbd1e605-7117-4e94-9f37-2ce2ec3b5364
863a18da-a96e-4dfb-8e15-0034a5cd683c
b9a469f0-803f-4517-a3e9-a31b2aeeef01
443418aa-0a16-4998-a1ed-0863b8f1ead1
e96a70fc-dbf3-4ee5-9913-c0395e0fae4a
4f926e26-11a5-4020-b43e-2fe1fc7dd364
c0dea57c-3369-4ad1-93dd-9a247fb29cd2
7f95c7a9-c733-4326-8f0f-f588190792cd
98958fa7-44b4-4fc6-9ed8-47da79db3120
9ff37351-809d-46b5-be09-19eb6e411760
2fb248cf-541a-417e-b033-9c77b88aab49
e79e22f6-350c-419a-9e7f-ac0c259f2575
d0fcc3b2-af00-44ff-9c5d-3697f70f1c74
ce26822f-64ab-4160-bdfe-c2a03da8820e
188c6f6c-2bf1-4528-80ef-8cd280c23258
b7659ab4-7bbd-4647-b88f-2aec1c1fe323
bfd71527-4877-419f-b5ce-6a5117750bf3
2917bc0f-749b-4551-834d-3ab0fb8da632
ce6230c5-2558-4ad0-9fe7-799444bf4756
7bae5ce7-5ba2-4929-9179-3b691117dc4f
702b6680-b3cc-422d-8b2e-d03732db4f8e
a48043d5-d788-49b8-a3b5-fe28d73d0caa
910e3351-2852-4f45-a4d4-ca11aab529f6
50ad7951-8187-4495-aa00-f09196cecf75
9391254e-e37e-4f3f-a7be-3cbf846441a9
eb56ecf6-c97f-42f9-88a5-6370b4e7a331
17f94306-fe34-4e53-8ea1-a75102f4e315
e8070aff-d71b-49ab-b287-9d52e3023c57
97d1ad67-46b7-4147-be65-7bff1c676a26
fbdbf130-36fd-4df8-8a28-b08b83990cf9
e5f08659-4646-4fe6-b246-8c590c011a58
076877f0-ef07-4a1d-88fa-7b31a1f5d015
053a76f6-6e2e-42cf-8811-92325c863324
42e64c6e-c3c6-4972-98d4-1f1269faf68a
57e2e4b5-5ce5-48f7-9c7e-b8b2979e958a
aeab4f69-dbe4-4270-90f4-ee24c2eb58f8
ccf52f09-871d-45dc-bb89-48e65163026b
cbb78583-59ec-423a-a62a-ffa99834f69d
fa6cf6da-0b89-466e-b5fd-4a27052fa8da
d1fc07d7-72a2-4511-9f0c-b04ccf31eb4b
5eae8fbf-f818-4740-8c29-aa05488e0777
0370cdd3-f800-4a5e-8e5b-904e5e7fdd47
32f1a73f-fedf-459e-8ca2-05042d120fc7
cca2eeb5-eb42-4c24-9f8e-27a4878b69fc
54db7215-6f22-413f-af0d-e1123f75cbc0
4740196d-b9a9-42e7-974a-e62d2a63f326
3144a6bc-9849-4be3-963f-0ff6e4e22a63
8e091083-e1f6-4360-b286-e1a2d8adba43
d75814af-1c0f-4ed2-b29b-11716de32afe
3416cf88-5625-403c-a5f5-5c68b93a1f66
b271eff5-df8c-4c6a-a1d6-6d698ffa7d37
0d6a4b63-acaf-43e3-a508-9a81829b520d
80da0a84-71c1-45d7-a0a2-db53134c8e6f
1f4eb444-2953-44d5-87a6-4c1d3779f4bd
86644c09-d84f-4574-be64-3ab017195f7f
7df962ed-8c31-4d66-b650-dacbe683f37a
f7ef5601-5f93-489b-9e6f-e27a5ff4c5b8
2bc0054d-8a03-454a-8af3-52332b6f2ddb
68efddb2-3109-41ae-970e-19effe3a841f
b1eab576-0bae-4de9-8a16-3857c7a5fc61
b159a5af-d5e3-478b-bc26-82359f5c9736
720e449e-c193-4542-9ccc-ec1e6f7936f3
86966314-ef3e-45bc-a3ec-54bb97ef3d92
71dd2745-f6b7-45ef-b025-ef8b8cb8e531
d9a49bd0-48b3-4ab9-815c-78c15ebb0a85
43600153-5655-423a-a7cd-f81d1abcdcac
185f5faf-1147-4876-a270-919338561a54
2e502889-29e9-4613-9978-f62b6ba7ca3f
b54a6f38-d048-40c5-a322-61eba29e8131
f0b5f4c4-e7b9-42cb-a202-c897a7b1c5aa
22e7111a-9f9e-4d4a-b026-41e450eec414
248c08cf-4244-449b-90c2-ea2a4a58bd1f
6d2670a3-a10a-4bcb-9871-f4b0e9afe2f3
a3ac5c21-492b-4b8c-a7ab-d76aa60a73b3
94077e7c-4943-4672-8d4d-f7eebe7e5ade
9f052e84-2699-4036-bfc1-75d54b4543f9
15873955-91c8-4035-b8b6-1ec61dd6bd90
4e9ae695-4469-4d11-9410-47660a6b60f0
318924e8-8024-436a-bb5b-9f208846740b
0a9c8b01-a5f9-427f-b2ed-e3fd2b64f8ea
c091f681-077b-4c0c-b6a9-cffff7ebfc22
c1f1ca77-f19b-450e-9fc9-24927939bc0a
c8138d6c-8367-4e50-97f6-d3cc154308b1
ce07c6c4-860f-47b9-94e4-326232f62cf4
502e1629-defe-4571-82d0-d34ea1dda4ae
24f134c1-fb48-49c8-a304-d048c4281df7
6dc026ec-4f43-48c8-828d-848e49ba6737
9bcfe370-8480-4690-9edc-bfc5a4b3d36e
24c2314e-64c0-42f3-aae6-75c832fb57b4
4c048986-1a73-4bff-8f88-8c501cb98fcd
119f8e92-5505-442a-a707-467110eca7f9
79826c51-4eab-469e-956d-34a4ca3cf264
2cd7f221-0c86-4b86-992a-ef2314dcfa5b
2aa62c6f-a452-407a-9b0e-6eebad1843dc
573c8832-4766-4443-b06d-4f931b808056
84ff2066-634e-4b82-a633-c441ea7f2995
c39a9c77-a6bd-4b15-8cf4-ff810748c461
3c0e93d4-b18e-4df6-9bf8-ff6b78797634
4487ba4b-3216-45d7-ab46-89b5e7836915
57a74f2c-b3d2-4f78-97fc-a0f38e885f7b
f3ebc54a-184e-4fb6-b5b8-735353a44085
9879bc11-fefd-43db-8536-23ecbe26e340
84cbc28a-917a-463c-9ff3-87bd3e4c5f64
2b7e4f3c-dc65-4f21-b460-48825e1972cd
7c65d5fa-e694-4998-ba40-837c51b965a6
cac23283-aa21-4b1b-a814-dd0ba03c9206
f4974951-eaba-4b8e-89f1-0bcfe737a99e
290d1c1d-ce54-4707-9ca0-daa6fbfbe5d3
b93dbf84-cdc7-4bea-a1c1-da7c8e69c8b9
947c993c-dc38-4028-9415-a7a3158dbd92
a959898d-986c-4d78-9343-61b3cfc8f326
0e339013-0327-4a90-8d84-2e56869100cc
3e3ec8e9-0ade-4445-a438-2e0864533e3f
dee9cf20-8ae2-4635-b308-03b44341f7a5
e962023d-0b98-4d48-8574-4abdf078ed60
13efdc2b-5f85-442d-b3fc-caf27e60c02a
75910332-26c2-4bf6-9fa2-1184ee5067f8
909dae7f-8b21-4676-a2af-b50a2288d23d
04559345-13bc-450b-9909-97778eff575a
0bbf9cd7-099f-40d5-ac88-545f51bedece
c6ddc568-03fe-46a0-b236-1b022f5ead85
b2d2df31-5867-4156-b6ff-ec86cbe9cb3e
7ad669ad-692d-49ff-8086-4e1934dc7ea8
79f51802-e551-43b7-8652-e94ce5b7ed43
921aa950-c982-4d0f-9ea1-a030b8fb153f
413fc74e-347c-40ee-ae43-7270ec3f2f31
9ba48068-6ef8-4479-b28c-4808865516d8
d38befa1-127c-438e-9eae-e0b0b6c4a361
91f8e3ab-4984-4d7e-b551-16ff8378f596
dee756ac-2a8a-400d-981a-9e9e720fc3de
d742645e-96ff-4d7c-b241-df4e81fc49b6
a4f98d04-3f50-492d-ba39-304a31a3884b
2ee9a0f4-bc41-485b-bc5c-2a4282ad8253
2227f1d8-d2c8-466a-97c2-d02b03c52642
e6b98ec7-9be8-459e-a07d-d4c0a4e6626e
f984e879-6e95-4249-8755-d8687db17f73
e3bc4327-1e40-4337-8976-b24eaaa49646
b2b2c405-0568-4c9d-aa7f-0b8b6394cb24
3b6e767f-2dba-4fd7-9d33-d5b14e1e6c74
5a53c9f8-688f-492d-a735-29f6a7721c69
b83f82f9-5e47-4e17-862d-36af7bb15afd
a90f1fb3-157e-429a-b7dd-db19bb300f70
acf17adc-bce2-4700-8b44-97ebd3e76b8e
3fa72e8e-d758-4e5b-af9a-1c579687b827
553b7f6f-4bdd-44e2-96d3-8cac54b52646
60f67762-9260-48b1-a245-9e4daed05749
206a3504-08c0-4005-9849-637ad418de1b
18c9e65e-f784-4cf9-9542-80761e031d7e
e98370f3-3f3a-49a3-b0bc-b5c971f726aa
15d1aabd-ae96-4b61-ad7e-de5d628f4441
4a2bd9c6-11cb-4cf6-8f83-aa04d0ad69f1
9a186907-e4e0-4f47-ba35-06cf8217400d
b4aa9589-04dc-4893-aea8-473bc3ee7d7e
02b4c48a-aa6d-4cd9-94c5-f1ef42b0c52b
89ae8b4b-11ae-4e55-a68b-dec3bba9d6f3
647b5eeb-2d18-42c0-b18a-45cf11f3c6d2
f11d0323-6d01-4e30-9b8c-b08703124023
3a444183-81fd-4fec-a2b6-cf84aae2b84c
bce83b54-1ef5-4423-86e3-cdb385834278
3ee1208c-2f0b-4215-a238-2b03ab3a6301
5c9e41a9-fdbf-4e97-9a24-0d2082f0c054
8a8242b6-2478-4072-9240-009db026be08
2702f20b-7cca-4b3a-936f-f1785df538e1
16571901-e991-480b-a38b-168cb93a6693
c7fe184f-ea64-4619-bcc4-096e5bce3fba
13e2fd5f-60a8-4267-8ff7-59c779ef4aac
27bdd432-c773-429b-88c4-288a8c6e5892
9d6fac59-f514-4fde-aced-36321c694044
dfd00ee4-2907-4673-b375-5c863f2ea0dc
2f75d46a-2898-49f6-a0f1-0ed13644321c
be2deeb0-78fc-42e8-b1b3-6d014f98a684
01a084d0-43a3-40cd-b138-0eb2958c0ff8
0e027923-0cd1-4d1d-afb6-e793ca075d7c
6719c1e7-857a-4cde-8f8d-039c5f5cd5fd
9fa3e1ae-dd24-4df4-9353-bed4cea1b93c
5087249d-ee47-48e4-99fa-887d5288c61b
2a5867fd-3baa-4f57-8aba-d91711b16b3a
59c86604-461f-45c4-9335-37d4f86a0507
8b7a8316-d409-4eb7-9d99-0db52e775f09
0fdee86a-5e17-4322-a63b-d155a5b753bc
a24ecd92-c139-4a34-9021-699d0060ceec
a8e7d336-3536-4b75-b374-24c9d8a03197
d4974262-dbb6-41d0-8e46-2690efd8aa09
00e8c9c6-84e6-4f2e-9614-5eaaddbacfb6
7ac6927d-e487-4f14-911f-5defc7404bf1
c93a2e57-9894-4a16-92fa-2d0331346f93
47cafc9b-6e84-4711-9fd5-81e1268c9477
72038131-d834-4cc0-bec6-6a72e29bfdeb
40ee72f7-5b17-4f61-b8f4-4dc39d4e95f7
477627e9-91d3-4ce0-8631-5cfb8b089153
51fcb58e-cd6c-4599-80e5-260d2bd04330
4629d5ec-0804-4324-80a0-80fc0c6ea798
11da2923-8619-4a02-953f-3f97fee214ea
30fcbfed-3af2-4858-87d8-482a3dffa01e
41c70ccf-cb6f-4407-b42e-ce81ca59bac4
4d0cd5ca-7a7f-4808-99e4-4d4b69e20ac3
b90d30c4-3f6c-4626-bf79-1f94d8f594b6
17d75f31-9447-42eb-b520-7ec32e3d6cd1
897b6b40-4416-49d0-b908-6d8ccf778b27
80e43989-e1df-42d0-9eac-42e74856ce24
47d8e225-218f-4a38-915c-961da334e0a8
c328d8b3-d0ec-4614-a115-bec03f342ff2
2e92ce32-ae72-43ce-afda-70efaddf2c60
4d81303a-747c-42ff-ae97-3d41a6794917
618212a0-eb20-467e-a860-a24503aadbe6
3446ad1b-5aab-4cc6-9250-c9d47c9f9346
387d6d5a-5f68-4f8c-b5be-f17e95034506
f7d6f4e2-e16b-4e4c-a9b0-ec95785800d2
dd9d457a-0632-4c5c-b9c4-a1c493df1e5f
07c479e1-4be6-41bb-ae31-0ae77566340c
e6ad1473-8fe8-4da8-acd1-d0f917bfe2c7
e1efbe3c-a943-4d61-985e-aa22bb490fa4
88780e2d-21a1-4bf7-a829-2d989257d9fe
7bb7fdbd-1993-4ba2-a87e-7363da6f80a3
092c8f32-a52d-4e10-84c0-b7402598f61a
e8915891-fbd8-4ea9-af71-a455fa272806
ec247619-b0b1-4616-a055-068da7e42a63
7aefb0a0-ff2e-44ed-9410-1296c0e6a3c4
e5c01829-4202-493c-bf61-015716dd5685
b4f3217f-21ac-4973-a979-5326e6c775da
22abf2f2-ccf3-4bd5-ba72-48836c481d81
797e7273-6e75-406a-b4de-56177c962f59
bbf5cf65-4e0e-4493-936d-df7523cf5c6b
9add2de0-e17e-4a44-8840-7169b02fb5a2
3b327ef7-acdb-4728-a9ad-a6c408ad2b7c
543ecab6-b235-4297-a396-d61a30caca0a
f04f28ff-244e-408f-9927-7216837362f0
f7965255-afdd-4666-92bf-737f9d1e070e
6b9d092e-a171-4e16-b6d9-a9c712bd56a9
6de22011-dc60-4f55-8cea-d29fcdbd01f3
96698095-05d5-4a40-be45-3504de7e35dc
03c34719-e9d3-4754-944a-875a075fbeb0
b9655486-2229-45b0-ba2b-cf3daaad6897
53c6ee2b-965d-4545-b0b3-573592bb8893
74372873-84f8-4e99-a92b-20447157f633
e04845d5-65d4-4d2c-9bf7-856edf21905f
dc3fa18c-1907-42a8-9b82-769ce66073be
16125db4-020c-4b72-8029-0d5d495ede03
6f8d3e50-ef84-4fcd-96d0-b9852cd1ead6
738af69e-76d3-4391-82ce-087ec27b1bf7
22d078f7-a298-48ef-b9a6-58bd26e82e78
cf7ee0be-a38c-400c-8e92-16f0e4762589
68f35eca-edc1-4c8e-9a86-8cc57b7b6f59
5ce0113b-049c-42b1-a198-958912236e3f
6abc9d58-9bef-48f9-a293-5ecf6e9e76f9
0f59e2a0-d163-464e-9600-bd1a67ca1d32
d7bcd29d-44d6-43fe-a187-421d38b15b12
39447acd-7713-48e0-bd43-bd0c1065c7bd
2dad15b9-e107-4c1f-8f82-da7fcb7fe57a
d742c403-001d-4801-81a0-6982a8c24ffe
e130191e-295f-4722-a920-01bb10a9ac51
37751819-d659-4bea-a597-e9951aca2aad
a6769846-690e-40b4-86d3-829c7ebc49c4
bc0c8798-ac81-4c0a-8f03-cb9c21f0ab00
f59f8f9b-7c52-49fb-b4d2-11fabfdfda14
f29d1d01-043b-41d5-80ef-3a14367f3241
7fc8f38e-25d5-4788-accd-257a5c497b87
36f621af-339f-432b-9445-7a09a34207eb
768a90c4-794e-4e08-956a-5da7e13865d3
38a68ba5-98cb-45fb-9142-36f640be3eae
99b82bc2-5090-42d2-b829-8b45e7018837
5c8be9c9-1071-49c7-ae2f-d17221d2f477
dc26d152-54e3-4a88-b81e-a4e3eca6b760
61debb91-4f08-451a-a647-ea9ab3c39574
054f3598-4deb-404d-ad53-cdcbfe11a1c4
be851939-a634-4d33-8c2d-35586ce120ca
f26af327-9d19-4d13-9d2b-386c9202afd5
5314c6af-aa9d-4cd3-8dd9-9137002aa51f
8cd9b93c-2ad3-4454-a961-2af46c2ea8cb
54d9b1be-66c3-41f1-860e-6e36778709a3
aad0a26f-28b1-4581-843a-6d54849ea967
2b4a59bc-bc59-4546-9b9f-83ecc7a13cb7
52bd5fbb-e185-4a8f-99de-14b4a7b8080c
2253ebea-d8bc-4bcb-a77e-069f597b9322
a4b1a98e-04d9-486e-80b4-7988c71cbbea
b8dbc8a9-3826-457a-8b87-deba97402c10
167312df-a143-41a4-badf-80b75563e390
21187ae7-1cd6-4669-b5f6-0d549492b229
8c1c8ae1-5e34-4a73-a9c5-d807e5822249
ff9c6a0b-ce80-4f6c-83f9-6d2ad0539d8d
30a7dead-e097-407d-9754-89a0de2946bf
367a6aaa-283a-4bc7-a722-78f8ddadc6a9
81625b79-f2da-46f0-9d8c-01e48961a6ea
bf2de996-2387-4db2-9a61-9725b442d349
8947317b-c925-4aef-9acb-3db4b9168d71
ca184d9d-a24a-48d4-92b5-cf79e9eddac7
8e59ea64-683c-4139-93bc-89ead333a59f
f3461eb2-c149-4ac6-98b2-1a60a1d3f33e
a8dfd518-0afa-4e8b-9b9b-b750c96920fe
c44ba09f-200f-4a87-b26f-9e30a3560272
e75efb58-12ba-49ce-9df5-f529428ee8dd
fa0dcae8-e8ec-46da-bead-abb7381d240f
ca62a801-7b37-46d5-98f8-68f5e4f424d3
5342dce5-0fd5-4132-a0be-328aca51cbe5
96e33105-9cee-479b-b41e-981525bbad06
1c1f39d9-aeee-44be-837c-d7df0fc8ec39
11670e49-a984-47b3-adc1-4026f0baa0d6
388ca2a8-7082-4d36-a78b-9f668dec0276
012f3cd5-801e-4262-8f7d-794eb762e2f6
7fc7cb9c-589a-40d1-ac5b-0f54828add1d
f04ce516-94cc-4594-bad0-cd0009a55581
8c83627e-04c6-43aa-b817-831650360ce3
899fe7d3-c412-42ff-84b8-ec6711adb9ed
72b6fae6-72de-4405-b7b0-d6c0fd387a8c
58d76fe4-615a-477d-a84f-0a3f00c267a4
667dfcd7-d5de-4a37-9509-6a298150c245
b5a5a3e2-6048-4b86-99f0-46e8ce295e11
1eee19ea-2594-4f0c-8911-8553e14ff386
b8b87166-512f-4ca0-9b87-a6aa39207a41
9c3b4018-a523-45fc-99c3-ac3738fbb5ef
1b6b1324-59b8-4057-841f-95fcd124f840
80151edc-1aa8-4d7a-aa7d-28b369dcc9ff
085ff9ed-9934-4629-a1bc-2160c0fe0929
12310885-c7da-4b25-a640-1559a0951dac
c6ab8949-75ad-4648-a6f4-e10beade4c46
2016ebd0-6ec3-4e1b-9c19-3b87240ed0a5
f9e4c3df-34d5-40d7-8d67-37fbf6807164
29e25d16-d538-44d1-bb06-f22f40de5e16
ee3f4989-6ff7-47c4-9c21-a4f8dfb8c2a0
438cd34d-ebdb-4fe4-a0ea-6c5ebcbb24b0
2ec9c68d-2cd9-4e63-9c33-36f0325ea191
2df35011-c056-4121-9b9e-d7f2f3cf9c3d
12b2c72b-d153-4182-82aa-bf52cd10dc4d
3f6f63f7-f213-4c43-a44a-3bf51adef4de
26eb89c1-9576-4384-b35c-4ab3279d6c3f
c7d32649-fd1b-43ca-8a03-624b6d126c84
0cecdda3-d556-46bd-8c3f-a24effe55f69
20bde61e-96a6-43b7-ae5c-eab679bac358
49602b9c-47e3-4c94-8218-63de3b8b89c3
a1b41049-c22d-47bb-ad20-6943e55065d7
790cbcf0-3e41-47b1-8f47-d859f0fce5fe
8f655171-ef35-412c-9268-39f1bf151a88
71b97d9c-9942-4297-bfd0-981fa73becde
fb3a3e3c-c40e-42d4-86a8-96fea21a76b4
955a6274-9c24-4608-8e2d-277aaa3aa239
c0d0753f-38b3-421c-92c0-d74b4984ab02
930a3fb9-04be-4837-b580-29c3c61f4936
097de662-aaa7-499a-81dd-0cbdee6ce92d
28de3302-03f9-4f57-b2d9-7263213ecacf
accfefc8-5321-45ef-82bb-93e81500d4ca
fb109172-a3f2-4b94-8562-413346b199a0
5dbd5c1f-f5ff-4db3-bb78-8b59c5fe9bad
25d283a0-e266-45f5-a582-0f81991cc60b
d017fc9a-e9f8-46cf-87aa-816880f48962
b813076b-389f-4b68-affc-07b2b46b3466
bdc8bb23-ce37-430c-b30d-1cf504fab224
ca647631-87bd-4f72-b32d-99df9e243d4b
0761f1de-68d9-4027-ba52-a82b858c3248
cecb3234-cfa1-4658-921a-6641ad493b40
a381f9bf-ded3-476f-9485-da5fe620a1ca
1588e07e-8d41-40b4-a79c-a2eb3f3bef69
87721564-3e96-4be6-bf5d-b96527f2768b
b90cd20f-bb45-4d00-8ca2-4f6325b48934
538f7884-3bde-4c93-be05-cb3e8779cdcb
2d4bbecb-7008-44fe-bb7f-8469c636970e
ea0793b6-8960-4c52-820d-be797437b19e
9c550d21-53b7-40e5-b5a8-895a0599407f
080c50cf-8b9f-4418-84b3-1b24595f12a0
a97101f3-325f-49a0-afef-746d8d263ef3
6da8d04c-0b46-44ed-bb92-52c43a4dfa31
fd58cd27-7139-4156-9397-4c42278883f0
a4dc52b2-f6ac-4e56-817b-dff21e397950
2c6fba5f-c443-440e-9071-3a69c634bcde
d70f8de1-36c5-44fb-bf34-9632ffd035ba
5f2bdce8-0095-4e2b-a1b0-e9f0aafd3c34
7a1a9b36-f08a-4577-ba89-ada82384a391
64bec8df-64c0-4e4f-9d53-60bf26e1d66c
1aa46b0e-3690-424e-9281-dcd6b3d68835
f275c77e-7388-4dec-a8ad-664221e6cdc2
389b4c38-be80-4adf-938e-ed08e8443f87
d8f9f8fd-a215-47a2-be33-888dbf4e765e
c5c020c6-d5a5-4b5f-9bfa-7b3d203e462f
0f3b61fa-86b0-43ca-8013-bf0b78c16213
953611de-a958-48ae-96a5-f3b35b277ffe
ba51a494-2f52-47e3-9c8b-2048ab08a265
922a2875-b305-4fd3-a83f-00e3e9ee58b6
81a43d97-7f5d-4501-87bb-dfaaaadf69e9
bca88875-16f7-4e16-b2f6-15034c9c014a
48f5884b-6e61-441b-bef5-45a5a74af966
60c6f6b6-9e1d-4812-b7e0-b1aa7fb4e1ca
4a281a2f-8600-4e7e-8f44-adb8c3b1ae0f
f08edd85-7076-4499-a1d9-266956ab7f2f
dcfed9c6-5d77-4205-bcc5-c6888bca1acc
b00c8b34-ba5b-458a-996a-4e6aa9c93fa3
4e9565af-4132-4b51-a5f5-fd4373364427
200b7c6c-8097-427c-9817-b27ef3f23e80
04241718-2ad6-4fcf-b5eb-73e7f8618bf8
38890aba-3c65-424f-abcb-f6530107dd0d
2f6c8907-c9fc-443e-b289-b6dab10f869d
a1e6749b-64f1-4132-ac3c-9118a8ee4d73
06736904-1a78-44e8-9318-f39e8d612b0e
f05785cb-1c33-4ab0-8a67-d7bd3d5c016d
0233ed67-a27d-49fa-b126-300b9345365a
90d7a35e-d54b-4ada-83f6-c61ab4349b21
5586ea6c-46e1-4f2b-a718-e8e893a88cb1
e4e0c252-d4db-40cf-8a38-5a0450a791e9
820072b1-13d0-42d3-9043-ee8df3635d18
94ab71c5-000d-4c75-abff-2fb6dc9c4a7f
be74703c-84fc-421c-860e-800515c5bba6
18e92e9a-ec6a-4478-83ae-1e23976e88ca
966e0d9b-8d98-4095-a066-e971c6c65d44
257a3936-7753-41a3-b635-763a850dc17e
6123b1d8-5add-46cc-aa6b-a6efefc5abd2
8ead6f67-3ced-429a-9ecf-1c0f51dec8ee
e90b1fe5-8e9c-4269-8b45-b3b70658a76a
9db08f70-2647-40d3-a800-ea169b71a8e5
399c0821-820d-4618-9c9a-b6304dca2b2e
a3cb038b-e923-4a0f-9873-c9a964c49d42
918a70bd-e0cd-41d6-89ad-8d9adc1232d9
45a491d9-b810-440c-a1a9-6df68fc4e34d
ec135436-4899-4e34-84ef-f556c0f00b31
2e01f16d-4eb0-487b-a103-2ed9ed86d10a
7ad0211a-f5a9-4f1c-b240-25502fc9a44a
5161096c-d3ed-4d5f-8636-1a34220135f4
3b301003-74ea-4840-ba9c-e801e9fb5835
ea98f61f-2993-4423-ae4c-b91da9a41d1a
cae21eb0-70fd-4d78-8d2f-bdd950acdbb2
47fc0a97-bce6-444b-8de4-1b0d24daff0e
ba2b7fa9-865a-41bf-9f69-52bdd20e1d85
1afad5b3-6088-4a8f-84a9-76fe42066a9f
6064d82e-6039-45c2-82a1-e3a605479582
6597241b-5893-44a5-b375-d29284b4a238
dfd1a78d-980b-43c0-80db-fa41ad1c1e78
7c1cde12-d7b6-4b9f-8c93-95cf6706f16c
87c503dd-d3f0-46a8-9d99-216ca538fadd
e9ffdccd-68f6-49e8-b1a9-9209be0633e5
64504a03-c5f1-4e69-96f0-525c3c589cca
6cf220ec-5ece-4b01-8b83-6096fcc6442d
89b4c235-6e54-456b-9692-f46512a08e6d
983a00c7-40ef-43a4-86d5-f6b9c113f8a0
b3bd5956-884a-4ec7-8d7e-e4fd7dd1adcd
c9bd20cc-f9ff-47b9-831e-7e5be73cb2f4
82c2ff77-283c-466b-b3e7-09498d6a61a4
d2be7895-bc78-4a91-b7e0-7c116e3cf2ba
1d84792e-9354-46c3-98c6-c5a4b0144314
b1de756c-3812-420a-9fe2-745a85014828
116044a6-e734-491a-928d-78c2baf44b6a
b293cc5c-a275-4b48-b15a-3f7b53782d39
b884f953-0fa5-43c9-9ebe-0a2a603081b4
5f0df3e2-8b01-4181-b824-7fde2739435c
cc19e260-f1f1-469b-a6f2-98f0a809dbc1
00fac48b-3af7-4d63-b144-eb71d9ca0e2e
8e562bcc-06cc-44b0-8ce8-459cb3aeee48
d793f564-5bf0-4276-bff0-eaf92a2b0f26
8fb1b49e-0ad0-49a1-8976-94d1ffe5e709
83e714c0-daca-4521-be60-a9d3e346c365
3ed9ea0c-e88a-40b2-a4cf-13de24f2dd80
4de2173f-76d1-4c97-a3f1-11eb644ac543
c865b1a9-9cda-432e-8ce5-994abfc51846
f1655ae5-58ee-4f83-a0ef-8b4c7731c24a
44850be4-889e-4641-afd0-9849a2b840e8
38bcf590-0eaf-42ec-b269-31564ce347ea
4a65a009-4034-4d7b-994d-9759d74bcba0
6de03f07-312d-4b17-9579-cf239f7db71f
5561bd70-d431-439c-a9ff-6bddb290ce3b
f2802a32-7451-4f5a-b07e-3b998d00e088
714e85b0-e9b4-41a5-aa54-87bc1bfbd358
f8ba7013-e93d-47fd-abc9-768d78f4748f
70eaf12f-42fe-48a1-af51-5543ba46deb4
ac6c968b-8db9-41b2-9383-67bca21a9952
e045f766-bc09-4880-bad5-e7c157ed06e5
bfa1e0d2-4942-46bb-a976-ee2f43cfbe4f
63135c54-f39a-42a5-a730-86a843febb0c
c8ed139f-a13e-4d75-b2d3-6035a73bb89b
6505c282-2147-4eeb-9f6d-5f4835288e4b
1215f473-b7fd-4273-822d-63eb76ea73ae
1cb6a8aa-fb76-46b6-8d46-9090e70cd9b8
fa2b79ea-6fdc-4bbb-8dc2-c83b9d55d91c
3020c469-4f0e-4d72-9e84-4200da1d069d
13e817e2-1b95-4bb6-9d56-c6010ec773d3
fac9f924-32ec-42f5-a656-9782a4d75c12
056c958b-6217-42dc-a007-b574a78372d5
7a6302a1-75ee-4c4e-88c1-7d211f732fb8
cf848016-bfd2-4d49-8d9e-c019b0d3e7c1
ad81a2aa-dfe9-4d69-8083-40ca18100719
57fe4ed9-e89a-4a58-8b18-0d26c84835f3
afaee0aa-b4b7-4dfe-aa2a-59e271f9c89d
6911d2a2-3d2e-4c86-8225-6ed9c1623675
e859b743-b0b9-4214-b83a-b5612f58ae8e
19cd1de2-2b54-442c-94ff-8b861bb7461a
efb1895b-baa9-4d2e-b998-93e0f7755e39
26f8390c-5cbb-4bc2-a385-912e99909abd
38d3242b-194e-43cb-9451-5b6d585ff704
be972ec6-7363-47fc-9fba-4fe1f09f1a6d
f27820e2-6158-4531-9ef4-4466a63d96d7
51415707-3d18-4873-95b8-f563b31b0500
bf0e5648-eaed-408d-93be-bbd17495703b
d17ea999-fdaf-477f-aba6-5351eddb22b6
e1e079e3-4b25-4f8c-bfc2-0e772141dc0c
56c908a9-ee17-4026-a06a-1a64ac9f2265
bc6d8b7e-8d2a-4190-8941-0452169a4536
17e71a7d-eec6-4b94-9ff2-b34b019f5b37
d97703d0-4299-432f-85f8-4e8d3cf84d4e
c8f8b0da-76ec-4ab9-a998-db7fc17ccf6d
1670a6de-0f19-4b2f-b77a-020f58a2294d
6c58c2b5-e5c7-44d9-addf-16067e26a324
b94ed370-5278-4943-8bf2-de714e2a17a6
7fdc3a1b-5673-40b8-b4b6-6431e41b9f31
94e9a045-e929-4cc3-b403-f11503557cb7
ff8ebf43-6e02-47ec-9298-b381b87c73f9
fb205b53-5a82-49fa-b0c4-ac5a9074dcf1
09222431-3e6f-4906-a0ee-ea022e7a769a
f21fdab4-c8de-4d59-8821-009713f983bd
b315f7c0-27fa-41a8-bed7-702f5cf85c63
4a6d6d62-028a-4805-aae9-b463ca83ee9e
d6dd800d-1a3a-45ea-b704-891ca9693edb
311ab8aa-af2b-4ea7-8b30-f34f015fc939
ec0345eb-a2ff-49a3-b6e7-014cc30f343c
1a191630-2b3d-418e-bfa3-4b8026068b71
45ab2acb-d694-4e87-b526-ba78b39f20ae
045e8c0c-c091-4b91-8763-9c274c0828bc
9c248d9f-4eb3-4370-b634-48606a8190d2
3563d8fc-ce17-4233-ae0c-270b0e95693e
e47c5939-4ab6-4ec3-99d2-53c1576862cc
db791563-e781-48ff-a261-1821923a6198
5f4e1968-618c-4f89-be0e-b56371363de1
a8d8e1c9-294b-4a8a-bd86-f50358e82e39
559dd874-2929-4487-b353-21d2ae35a3f7
ebb7b4a7-3fd4-4952-a869-ae233bc97dc7
217c388e-dc86-4464-8c84-1676d987afac
94440832-b476-4096-a03e-9a144a0cacd3
65cd4fce-40c1-4c51-9671-7a94084dab4c
c0d48489-406d-49f5-913a-f4c41f2a84bf
10a9fb1a-18d2-4623-80be-d55734b2382e
92124b17-0707-447d-a097-1960ef6f5176
59f0c9ac-a837-4ae1-ac36-513bf0569b66
205cf390-26fd-4424-8abc-76bc30a2f5bf
a5d7f3ba-38fc-40ff-b7b9-ae993a7597d6
93063faa-86fa-4913-bfff-e31821713422
c2707be8-2592-4a5e-8a32-6dad19413fdc
ae2b8686-5647-499e-8ed6-c0d3989b9b1d
95cb5bf4-95e3-458b-9f65-88e9ee48795a
56b652d8-8d52-4bb3-9821-1031c9b3b095
27004b68-1c2a-4984-b151-044df1484f05
df043ddf-3e66-4855-aebc-11047337a3af
c20362cf-2ccd-4017-99d5-d366bbe50072
0a651a3f-62fc-4228-8958-1c6678f1cdff
08eaafb8-1bbf-4e26-9df7-80ade9fde157
ff20dc99-b154-450b-9922-473c939c6971
1f4265b3-5966-4ea3-99fc-44aaa5489c8e
24b455ce-a673-44b1-88b3-f58a1d7e1a3c
827516a6-1ad6-4f68-b083-fdf38dd25454
da477d22-a316-464f-9886-f9970784a05e
21e26ad0-493d-4d83-974e-4a21b9707a6b
6f8c793c-4c36-482d-909f-c6f83d914890
9b63fe4d-dfa2-4f3d-8b18-2c0e405fd538
09c0c7a1-b5c0-4387-ae57-394baf1953ad
ae949f60-440b-4303-9201-4bbac8f633f1
031c7ef5-eaa0-4224-8032-bb035dcebeb1
5bfd5dbf-a35a-44fa-ab76-a60cd4c1b1bc
f548f9ac-cc01-4198-8c5c-3dd66eab4687
8fda3d22-2c08-4a62-956e-c24dad87a7ce
e7b5f99a-3aea-4155-8713-2f9042590334
b54b7203-150a-4a14-8211-29025d7f5720
ce17a16d-5f5c-4bc2-b2f0-6731a3960607
b4b3ef04-0d0e-46ed-b670-6edbbb13a84c
4eabab9c-ceed-4021-b13f-e0582dfb993c
27c1a78b-8955-4334-bc94-406299745c59
ffeb6b58-a34b-4f82-be38-8684c3d9f19d
c881bf23-139a-44e3-a9b9-13efef86d49f
4ddbe64c-b1e2-4510-914e-0a61f3107d01
a2bb4f94-aa92-47f4-9680-08609557a28f
f36f5082-4c61-40be-962d-b74af32712d3
c41ad4f8-11e7-49ae-9af3-ac834c64df41
5669a1fb-6848-4fb4-9a88-8966e6b4859b
08b6980f-c828-4814-9d20-4086befbd4f0
db15efb3-a8b4-47e0-a3cb-a2ec0f8e6b6d
3664dac8-7a58-486a-b942-f64b464e460a
781b4764-bbaa-40ac-9b51-613b30d02072
c57c5981-61dc-4c06-9936-c057f2e7db35
c4ba1514-404e-4627-802d-ae8d134d7cdf
85023ebc-0939-4bdb-bf58-b19e1a60e25f
27d5ff3a-beb2-4d75-ad8a-b39b06f11aa9
f4894b73-4a60-4570-8ace-dee4ddebb53c
39a08ffd-16c5-4bae-9f03-fd8f26bc27e4
84b08ac1-e472-4aaa-8580-23aea45314bf
b647105a-32bb-4f46-a65d-d51bfc66f2f5
8becf879-5357-4533-afbc-19d0b9dc0cfb
349c4daf-1794-4ecb-a217-e0ae75178261
878635eb-d1fc-4a46-b4b7-5a4eb865cb62
07a96154-5a17-45cb-87b9-7f49acf396af
8db422b2-6152-4462-a3ea-6431f31b4f76
b6f20fba-c630-43f9-8dc8-7dc010e3e2a8
80ea9f66-86e8-41c5-abad-f9a08cb4a989
cf52cd84-dc2b-4862-acb5-a521541d5ffe
0c1adb2f-92c8-4b6f-8bbb-1c0a5d7f0139
5ba9c7fa-a379-40a2-9548-82fa697df6a7
9204db49-e04f-49b8-a4e1-cfab3bfe09e0
b8378f4e-3910-47b9-90da-bc8375ab6243
b956863b-f231-4155-bd41-2154ee845c1a
1ab6f943-bf41-43db-b6c4-f7bbfb085660
0e7b0a31-8879-4a29-8fbc-d35a9f403738
f433439e-59ca-4e57-b3ad-26af9d911f39
dd28aa31-30d0-4831-b17b-285fa1cb7820
0d96fe4e-29bf-4314-92f5-5473d59d1b38
a62b4c1b-b5a1-463c-8c24-ca1893649a01
72751a4d-50fc-4c25-8099-950ecbea621c
7bfb6c0a-31bf-4917-bdff-fcc9947c588c
7018c1dc-0126-4d3e-ba46-93042e046d2d
9fbff2f9-93d5-449c-a4ce-8aa94bf7c710
83435b73-b66b-4c80-a69f-1c58fc9ada00
d7dc9b91-52c7-49cf-be96-8c9647ab479b
10409a64-dd7e-4078-a377-9ff8f650a27e
4b9baca4-601b-4d23-b3dc-a571dc248b49
3d676551-edc0-4d31-a3d1-5171e83201ba
85c63c56-093f-4d50-8cce-85550f52d8ac
38c9b7a3-aaa1-4388-a0f5-560a3c0d7601
9176f030-34cd-4efd-a3e1-4f2cc3f1e2ea
fa480254-0bfb-438d-9707-99e88f40303f
b2deb27f-6b28-496a-b619-ce448a156ee1
46fc469e-cf6f-4d3f-b1b9-d5043d428bdf
8fe5e903-93a8-475d-99c0-0971a5cd102d
139fc75c-a6f1-42b6-a986-12e299ca0802
f16c1651-adb5-4a4a-b235-8e035c473bbb
e9f79871-c43e-486e-bbdd-a847a89ec0c4
726a28af-1290-4f03-8c6b-bb596da39bb6
0e18b3a6-95db-4cd2-a4f9-c793b8fda72a
3355be07-0ee5-43d5-8392-02dccbba747b
e2e66cb7-f837-4115-bbc3-3587589959fb
23b45a68-ebad-4efa-a374-3943a2df07cd
53544286-435a-44c1-8550-005c2441b4ee
e215d2a0-e584-432e-89f7-1e55efb5c53e
ac931ea9-3c5a-4468-b4c0-d8fe45e1c8b5
b50b2594-7290-4ba3-ad2a-cb34f3a84b8c
382158ad-23fe-485c-8011-6c12ee285061
cc353d5e-31f9-4658-84dc-749aa183994e
1d20264d-4400-4947-9c90-76358b4d6db6
10cd89ba-6d37-4bd2-9d0b-6f16de269f5a
5a0ee93b-da4c-4d0b-9603-f6ac48fe35b5
3d25f9bc-5ea8-4ee7-9b7f-9ffcca229cb6
df9ecea7-c355-4081-ac70-0fce95c0bb5a
4f9e4359-3fd2-4d11-a030-6b691ff7a956
1892f383-7ad0-4413-8f22-87cdee4334b5
66ea61aa-5646-447d-85bb-172595967732
28fc2a02-aaec-461f-98c7-4000a5b3c656
c7e29857-9d4a-4b82-abed-eb1e4f271099
49c75ce1-e680-4164-978b-c7c28cf595dd
b9643161-e6a1-4265-bb3a-14c3c378a5eb
39386c7c-2cdd-4139-92d0-0fa3e65d5ced
4b5a8176-51b4-4add-802a-c887b120d51b
3753cc67-cb73-4c87-9842-12abefd9d9d3
4b6e1bb7-1618-46c7-8538-fb05afa5a298
c1cdf555-d6bd-4c72-966b-23c3226c85bc
3cf3cca9-9516-4b07-8f9a-fba7593a44a7
96cf0e66-dbc6-478c-be7d-28748c91ec36
a52af12a-74f5-4a18-a8e6-a33b1c248e91
31da5db4-a4bb-4c68-93dd-cdb7a6c388a4
99dd990f-d9a6-4f07-8302-2fd77611460c
110db98b-9c9b-4a2a-916e-29151bd12df5
1cc4151c-f96a-456c-94e8-39b1a1f2f3dc
dbde8925-74aa-473f-b4f3-118b429bbd36
38c35a75-ed5c-4ba9-9cbd-64445f90c21f
91e2b48f-d858-4292-a10f-d6f0d9cb796f
11a67d17-b99f-420e-968d-c38af5a27dcb
3112e5fb-9762-4186-9f44-3d2516d9bfd8
9ecde864-1ad6-4f3d-a731-aeefd95d4853
b4e0f2eb-4fef-4848-aa32-4f48f72aa5fc
5a026f2b-454a-4fa8-b2d1-6014ab4cb951
060776f8-c88a-49ea-ae41-e545281bff38
2b9d0de2-f296-4baf-8f14-dd46bca994fe
7c518db4-cdd0-4869-b807-c9596fd9be06
29be2c7b-75c5-4448-9d84-d3dff7ac571f
d604cc0c-fa2f-4729-8044-7b0c9d4e98b6
d29c212f-ab1b-469c-997a-fe8803972f58
9077ff94-a065-4d72-b720-c3e1fb26c518
13198bbd-96fb-443a-982e-aeb491b68e92
e77e4b4e-e95c-4f08-a6c1-a2c03b57653d
557eea3e-adcd-4cfc-9bcf-2ddbde89919d
a1238cf1-145f-4bb3-96ee-16ee69b80d84
51dca78c-df95-4707-b198-4a0a978ea93f
7dd93c6a-97d1-4eda-9d73-9dc9d2dacfc4
dbccc738-5fa5-4c2f-b5b9-8edaff0eacbb
d299445f-4f58-47ec-8724-dd779e110f2c
3e0cd781-10f9-446c-9b6b-14e47d8673d3
5f0bf378-4c4e-4dd9-9325-30ac26ab5151
c715f7c9-4975-49b9-a9c9-098a5ed8fe86
123d7c42-84b0-4c69-b4da-d909e33d1942
3bc97a26-15dd-495d-b112-cd715c3f0d31
aac06e72-7d75-4aee-9ddd-33952f17e9ce
6ab4d061-5d4a-48c1-afb3-e03ce9ac729c
887a6173-73d9-42c0-9a26-a124feb3198a
d1b4a5aa-cba5-4800-af9a-cc4421ece0d0
0fc76475-b946-4ac9-b4ba-76b7b81fe66c
4c2368c6-cbe0-4efb-9e1f-7d69dc15e1b7
60787565-027b-4879-aedf-1251643f47ba
62861cf2-7fc2-4c7a-a1c3-1378048cd790
121dbacc-20d1-4bf5-be0d-d025df26a1e6
71f4e520-0f76-41fd-8880-6a39519c5150
4fb68956-afa3-40af-9409-6ded7cecab07
9079fa51-d39d-448c-862f-76caf0482a98
27705e52-9798-46ab-afa5-ee7c164f7a6f
8535a7ed-80b8-4b7f-ac36-3f2918378581
ec951385-68e5-4820-a82d-8a2803847794
24aa4a2b-ac85-40ae-bbf1-d4016fabe38e
c0e7ae35-87f5-49a6-8c66-e831e2b7cc4b
92b3b7fe-5b9d-4475-8416-7ba88d44b930
9ca6b8ee-6bb6-4aec-ab32-a1d48dec4eb6
11276b19-92e0-4766-975a-36c1a1ced2d3
d86ccdb6-9917-41c1-a626-a32bec4e5faf
8ba4d365-d7d3-4cbe-990c-3e68435c2947
3c65eb53-dd13-4a98-b62b-4aa8094bc350
045509db-ae7c-473a-aebc-304bc40e0911
de613883-4223-4b74-b098-608426e8bcdf
f25518f3-2db9-406d-a4c0-80fd8b9eed5e
78454baf-59d0-4b9b-983a-3c84225d69cb
e070f1e5-28b2-42d3-8eee-5d2f804d260c
a88a1c18-40c6-4e96-87e3-6f7923839847
1fe75e9e-23cd-46b8-8d6b-2057b2c8cfc0
234f6bd5-d7aa-4d81-932f-1b581d288f90
cdba4744-1e1c-4221-95ca-9e8cb3f49afd
283502a8-802b-47d7-b09c-2e5cb1939ae5
ce165a6f-ff9e-4014-bfe8-ca311b36f551
90b856b3-770f-4916-bf3c-1c5ef82e6103
1a985f9d-c50f-472c-b628-dbc6a1964001
7f4f1c37-37a7-4207-831b-949956621fe0
89f68aa5-83ba-4603-8964-bffc7bd9e0a8
ba5c3330-0187-4afa-ab0f-cdff8a0c8fba
65990979-70e7-4fdd-8ff9-311f22b16b6f
131d4ae2-fa4b-4628-8d99-6395ee226714
7cdc2c19-029e-45a9-bdcd-54dd8d28fc86
ba9336b0-fc7b-4b33-a887-a66adde1f4df
cbf4844b-c80a-4536-9573-5b1efe1cc50a
013f192a-3233-4a9f-8553-5fb7030ff49e
d39b111e-27ca-4502-b9ba-af9bd6d7366e
5272e250-d193-4e5a-a1d1-c24c6698ec89
a8cd5ea1-099b-45c6-ac80-611e4b20489c
635e3b8f-503e-4e54-bd11-63470cdc80a6
67d8359b-ff34-4f52-a739-2f4911ac259c
d9acba14-88bf-4d47-aedc-95200c17f4f8
2fad3e41-c45d-450a-be3b-a4e22ecab04b
64f3ddc6-8ee0-4859-89fd-6f3a25e96000
b3ab32a2-5855-419f-bec0-c8a7fdc89e7d
9ad76276-5838-48dd-bf76-fac10eae65bb
1e7af004-d1a2-4237-ac6f-9b6b83dbf88e
dcdc1561-3652-4b59-8071-2888458c96e8
fa1d4c4b-e734-478b-b7a9-ef6b2ff92149
f3cef394-c4f3-45c8-ae52-b2df771b7a99
86cb0b1a-becb-4a2a-8834-e6801d12418d
4e90802a-e63e-4df7-b21c-45ffbefa3f3b
0fb540e5-c9df-409a-ac73-530d9d593371
e321c186-13c7-43f1-91db-88667592cca9
13ccfaf7-a30a-4332-801f-bfe86fa03601
01bc7ba8-76d0-4b60-977a-c803e845219b
ab28d9de-feb0-4890-9113-00f22898bdcd
3be406f5-bbac-4185-92d9-a7592c67ea97
f9bac376-acc2-4020-acd8-dac8ad6e419a
714d5b2f-258b-42ef-aa0f-5e97cc32851e
3953c276-6cee-41ee-b27a-d397d2f3b058
000c32b9-a4a8-4285-b9eb-1189a1da03ce
5039e820-36c0-487e-a02c-172fec70c762
afa87a51-1915-4849-adfb-f6d7287e1597
65befc1d-3bc5-410e-a0a0-d963bce8aefa
e817fd66-757c-40c4-9ccf-f5ce45ba3e37
5305c230-f20b-47e4-9ebe-39f978c7ab95
7c7a05c1-6576-4f77-b875-3d0917d53960
6869e5a0-d502-4333-94b2-3b550873dc69
a3fc0672-9b42-45ba-8050-7f25255b8271
1ee9f019-14ed-4eff-b7d8-aa4b807ae824
a3980649-3db8-46c8-8f30-25fa76116eff
512f078e-3bd7-4a1a-86b2-ab3d51550b9c
9889912d-6300-45aa-8c39-fba4edf7ef2b
aa49e0c8-a13c-47ea-ae87-00fda5bc1c4c
de35ba06-cbe1-4eca-8edd-bd032ccb7278
4d84cac2-ac85-4c7b-8aad-1ec776ba897c
c72910e4-94b2-4410-b380-0e3f89dc122c
1f03bdeb-2a1c-4c32-81cc-ed7de55580ce
46110797-d251-4d4b-b58b-100e36a33404
93e22012-b313-4eed-9734-945bf6e81151
b779f097-c91e-4034-b308-10fdfd08df09
d63730b4-a72e-4bd8-a959-b819bb49ac81
fe274f0e-a084-45a4-b369-e062bff23371
ffc4b12c-9539-4de2-92b0-5e0a526c6f3e
abf3cc9f-d5f3-45df-b279-d21ee0132130
8f88696d-8cce-4314-a405-b50d0031bce3
eed900a6-7dad-4ae1-bdd9-b9f171678be1
f3d33c7e-2249-48e8-8c12-9f7719142839
93444f04-1a83-4d97-97a1-15c74ba9fd98
4246ecab-07e8-41a0-9d03-9c3e854bd718
f1f06c4f-8e6a-4451-9c12-7207ddd5acdd
837b5d64-fdec-4f58-bc6e-59d2ab8c97de
6252451e-c267-4937-a179-4fc0eaa01f09
2f068c4f-ff98-412c-9aff-659163597b39
0727d2d3-bbaf-466a-88ef-d7ce48a39583
91df6dcb-2979-4c7b-a0fd-936f76e514c5
2fba4717-f0cc-4eee-8bf8-9d4f249e7c8c
51019dda-86fd-43a7-a7ee-2f3c1b2e82e6
6418ddf6-33cb-4fef-90b5-4c59cccd8df2
18663e86-74a6-43cf-a238-6d8119204f5f
0968aeb8-e57c-43d0-876e-73e4c443d759
26812114-e78b-490d-aa75-c877912cc84b
0f6a258f-6d9b-4f51-8258-a8d130ca7571
d02b0989-d1c1-45b9-bce1-3164d59f28c3
f60f8c58-0122-45e1-958d-9d151d460cce
40bec09b-e635-4af6-9a28-dcc0e8e1f108
41821391-1354-43d5-92c9-cee3e220e54c
80e7fd77-2179-436a-bcd0-28254ee77b21
cff6bf24-5b4d-46bc-8037-704986cff527
6f2013b1-e780-4bac-a340-e0533067f7ae
c86d5025-dbeb-4375-9e73-4f795cbf25b5
3eedf2b5-2c48-4105-b32e-c321ed3c1d9d
82d67233-0e39-4eed-baf6-f5ccc3f6924a
4a7d84f9-995d-4b9f-9a76-3766a5151d98
50e2633a-d5a1-4fae-ae53-f27ff4861b81
c0c36a30-d751-4604-af2a-0d23ef2d9ba8
774d5861-7ec5-4075-82af-b1355f967570
5e7b4531-9d1e-42fd-9b40-6cc98b5055b4
1754fd21-65ed-4e0e-9791-dd6bc48b6631
3182e443-4d38-409d-be7a-b1da7d25dfb4
b4d0eea8-ba2d-4f22-88c9-09283cf52fa3
da614336-e68e-4e4f-ae97-591cee36f845
54375b56-baa2-420d-876b-49996975e2db
a70d85d8-a2c4-414d-b268-e0abd7bbfb68
9eb6a3ae-2422-4e24-8f6e-2abf34890041
32babc3b-81a3-44a2-82bc-6842b0186da1
f61299b5-3525-4478-bd74-82c3a515c13b
1cbd7cc2-d471-4104-a864-2fe2aeb6e7bc
82b1c54e-db13-4344-afc1-d0ce0ba23aeb
ce1c4f52-4809-498d-8cb0-0e11192d4b62
e3a0caae-0216-4986-837d-1b55d6d452dc
712aafaa-a99c-4472-89de-d2c4c8f7d2a9
a13e7fa2-2d23-487a-9c3f-8861eccf8011
a75a24bf-6557-4d44-aeef-feccecfb345e
25e5fe7a-0598-4b3b-b7cc-8b17a1bcdf6f
437bae0f-8111-4e40-9df1-63b4ab3fd874
a8133de2-dd24-4897-bcf2-a69902d89727
1348c3ee-9c6f-4c30-a47b-8ba68804f835
839a62ed-1487-49f5-8f27-775545acc2ec
19a10853-4ce5-464b-8e45-0e77a4ed14de
2f84b235-3fc4-40a7-8fe8-b963c8e29062
9eb948cd-0955-422b-9a73-e2680b196af5
3bb68275-e928-47e1-8c70-8a4d25717250
afe03c2e-6242-440c-9def-e873bdfa02d5
5b1e8e79-d015-4f50-9e5f-e41e48e84564
b2ec8edb-5eb4-49be-a3ea-0ed580d550a8
1a1f1a82-b55c-4bc2-aac6-0c6449c40b57
b156b5ac-f167-4e3c-910e-e57fef6ac120
f1b9f6e1-66fc-4d84-914b-b64c3bddccb3
cdb4f72b-8e7e-45f2-9601-2e82a1bfa03b
9505fecc-2557-47d5-949d-1f8d06e93be0
44ca2bfd-782e-4e80-a9af-0fd3bc661967
6b212b6f-9f25-4b29-bc89-6b8ee1fc76cf
943a3f8f-8bf6-4b3b-af0b-ee8303c2891a
9d97aa83-aa01-4ab8-aecb-dede9105a3e9
2f3536c3-f78b-493b-8151-c78694833a8b
a0e51885-9294-4866-94e8-091ca8f70d25
2008626e-697d-4590-b752-abb29ce683e9
34638048-ba71-4a2d-a6b4-1e35517f87d5
b0fd025b-b470-4bf2-bbfd-5331bddf362a
e8457dc9-06c3-4de4-9ce4-c890fabf360f
8a3b35b2-b04f-4e40-b01d-69fb34e90657
ad34b06c-1328-4e22-8a8d-63f524481c73
e9e8ce1c-15f8-41b2-970d-4a59c56a83b4
ead758f5-6603-4e17-8d44-963fd8b31f95
befc8762-a700-4d17-a648-b17ec524f615
8a23a70b-900b-42cd-86e0-a1a8898bd60e
bfe462a8-63fb-4262-a35a-2f3b063aaf78
17e64c11-c691-4bf6-a547-f82a7683fb54
6b896d2b-cf62-46c9-bfbb-2be99fa8ba93
3cbd55ca-ac79-4ee4-baa3-497706cb8735
3616bd07-6486-4f9f-8022-a9061e698bfd
f720c50b-7aeb-4856-ba2f-601122407b98
89454b85-fbc7-42f9-8094-63627a148369
38d6159a-342b-404e-b5d7-4c425c762fd5
500a2124-e3f2-4138-a6cc-e97dd97ec5d8
cfced008-8914-412c-b3a5-00d6a883c242
ed77aac9-4cd6-4f26-b2ff-4f8ae9dafbcd
a92d18cd-1a54-4caf-8202-21dad29017ec
7b043163-afb5-41b2-9c6d-f82faa9d7b23
ff93b140-7a40-45ad-88a9-1d52fe701ae1
9c67ed09-b79b-485f-9728-6894cf18b2ad
cfdc1b66-5920-4441-ac91-2f586caa16ce
b6712f28-0e47-4764-a351-9de029dbaff6
0d18cd34-939f-4dfc-9475-a20911d6fd25
0ece4085-68ba-423e-86dd-d945988d97a9
1e718918-fe87-4257-b302-db7cf18d339d
5c6aab8b-b12e-4c55-b47d-ba077e70ec3e
43d6d132-2833-40f4-895d-1d165576a960
ce1e54ee-a8a1-4ec7-b6f8-06a544012afe
13bb73e2-c6ab-4a9e-b26d-60f00e53c230
96c491f4-f6fe-4224-82ce-c15de9d57ac0
249f285a-2478-4ea5-b103-061e279861b1
fe3f4f2a-73f9-4e40-83a3-fb03dc5b4b8a
6f3e3242-b8f1-47a2-ba4c-ab003400c100
5229c84a-5ca8-480f-883f-c4b3dae7b3d4
b8b5b3e8-0b0a-41a5-956c-02c08b934787
b6ec912e-660f-4d82-9067-7041381549b0
89fafd3c-1e2d-4031-9cb1-2f0becd93189
e156717d-27ff-4f99-bc6c-db5bfedf3da9
fdcb5971-a202-44eb-bb5b-8101ab7b4700
6a3cd721-7766-41f6-9e10-5e5b1c2e87a9
ec34c7f2-8655-4cb8-9633-f4da88b0c09b
b9f398c9-1e2f-40c2-b7d2-4f7d4a5a993e
45fe2efd-1b2e-4685-bd89-5e3bd3a9ee2c
99a7573f-e0cc-4fc1-8541-13342f476d9d
629f3cc7-88f5-47d3-8c75-1e1730e87561
948cc210-c0d8-456d-aedb-5eb41fdd88e2
8292d07d-a8ee-4df1-b821-567fa75ac459
d982f7a7-59c9-446d-9ee7-c916c9d6cc0e
97d53963-a271-46e2-b351-7a6a06dc8c81
67ae3cb5-55fb-4210-bded-e9aa347925a6
45f4866e-f4e7-4b63-8566-4d51f98f0f5a
82831fb4-20cf-4eee-bf36-b30d8717edb4
ca36092e-9665-49bd-a964-6dc6e4c688c9
6454ff04-05aa-4abf-9ded-dead297f1335
06880b37-7be6-4e36-b1a0-abe7e6fe6e85
8c301f58-511b-4a56-a64b-cdfe9897efe9
3759b5cc-42c9-496f-9515-366741c73471
7ec3589f-7c2f-456f-a3d6-dd768c4e80d7
b2e24b79-fe33-4d2a-863b-f117ad82d666
59580a38-aa47-4bba-9b0c-641147d3b472
20efa2eb-adba-4c84-89d3-43754aca9483
fe1ee34e-dd3b-44b6-8431-03bcc53d6af4
1528db69-8f22-4276-8856-104fe0f234d9
0871ca87-a13f-4ad9-a839-3f4ccc76086f
87ba1095-696e-4b36-92a8-1d056493b8a7
5747e1a5-6dab-4d1b-baff-388c418a4a8d
964db788-df8d-4abf-85ae-7164d8d3df76
5172cb69-8137-45aa-b4c1-2a58941985ea
f97fd492-9017-4841-a27b-83809888c998
236e2bdd-4cda-4755-b38b-8f83e6fc031d
6de4f439-9e18-402a-9f4a-89ec163022e3
36642657-6b9d-41ec-a4b0-8dd9c20f12fd
7cc1ed33-f3bd-4729-b5dc-a09b672053f6
493724d3-92c3-442e-95a0-f29754589d9c
977cafb5-bad2-421f-87d9-99bf4177c820
80695f81-977e-4269-83c3-1e57517971d9
f2208354-6de4-4936-9cef-50e5f5d223be
59f92377-5590-4e6f-80bb-016195b5e158
801a1413-649d-460b-ae02-0b8539e24005
dbdd6b62-a12e-41a8-86c3-92c0e64c1c32
eaa44fce-c63d-4165-87a2-6edce3bfeec7
fc91a89c-779f-4b2b-accc-249baa059758
3092b945-d701-45ae-a733-fe47ea6bb151
927b8256-5141-4385-b8fb-df3f92e03099
d6984e23-5994-4ebb-b77c-6f3b77bfe088
0b763d26-580c-4420-9098-f2c51ead0cf4
6cbfc44e-13f6-48e0-8c7c-21895a9b834d
c2d0903f-ee16-4301-9c92-ca510a4427ad
75180b9a-51d2-45e0-ab0e-dc0aa1d53628
be0bc756-06bd-4f91-89c1-b060b91a177d
e55b341d-b0ba-449a-bb58-69333f04253a
02e7c458-78ab-4cf8-b641-7a09e5db789f
621258e9-4ad5-4742-942e-9a65e40dbcf7
eb483ecf-5fa8-4781-9a26-68a6503a0025
bf5e00bd-fc36-4439-87ef-7b547adcbb2e
3e045345-d84b-4d8b-9d86-a0cd1a93772c
8becfa5c-3668-4c7b-b2d0-00106b549667
73507510-1cce-4b6e-9ab1-9dd9baf74ec2
391d77f3-da32-44d8-8445-24144f023acd
aa392e96-2762-4524-a93b-0f89cdec492f
600403e3-8ef2-410e-91bb-1f3cb61dfe64
3af301a5-bb50-4d4b-841f-a042805092a2
f6f22e6e-7ebc-4ace-8077-0ba72c2bbaa0
287b03ff-adfd-464e-b6ff-9a71a2c42b77
85135e96-36dd-43f5-9e8c-df761d479cf8
bada91ea-d5b2-43e5-b52e-8908dc1f7f3a
262cfadf-b211-45e4-8b9e-182d35059052
2e45ec0a-a995-440e-8eb7-928ace08420e
cd3be9f4-eec2-4a53-bbd5-cef7abd68ef7
7dbfcf08-731f-4385-8f38-7cb84d9f09e3
48ef1945-bd00-4636-b5bb-cee9642b9278
fb8732c2-806c-470d-bcd4-85d7da068c45
2b6bdf5d-bf05-482b-aea9-6d910ee67b21
b1714d2c-366b-41e0-92ab-1b5338572868
8fb84aab-f6be-44ca-b576-fc898e18452a
0b519cb9-4919-4928-852b-9c4d2df9f804
2f60cf1e-8792-4928-862c-a11456ce9166
44006558-fb6c-44bc-9a8e-2e870db5e032
28fabd72-7ad2-46f6-b7f5-5bba0e7f3fc6
f2178cd7-1891-4f4d-ad51-af4b0ba978e0
b3a2af58-612c-4ada-8b05-ded253229368
fa7d8b01-36ee-44a3-b871-be0c0fde8d13
ab3746c8-dd4e-4307-975d-c67e0291bd63
bb07c5ff-219c-4489-9d67-653e2bac6e02
440952f3-5ea6-4b23-a9c7-611aedcef5de
eac508b7-2ac6-4e2a-922b-7f54fbd03bca
cf7efe7f-11c2-4c02-9ea2-133882408a62
3b269547-97a4-4fca-893a-9345358390e2
c0f94c84-d1bf-4c89-9204-45f892164da4
bade99d7-226c-491c-bd1d-983d596808a1
ca0f8e4e-f812-44a1-998f-cbd6d5662c88
b47b5bd5-fc73-4761-b660-0fb7baa3ad4e
e9f7952d-9ef9-4e3a-baaa-b0a1b6ae1a13
3ef3e02b-34f4-4953-9f6f-edfa645b8f6b
f3db5a52-7146-483f-972e-0526689cf534
91607212-5040-4692-b379-c7986ccf9dbf
3dc3ff83-5e2a-471c-b81d-8c66351a2de7
d346303e-25da-430c-8c3a-183ebd8017a3
b7c8549b-11d0-497c-b3b3-da5c7310ab37
ff254f24-16db-4c2f-a2a1-6816d1245161
dba74275-de5c-40b5-8b54-8b22ed5132bb
aaed54cd-f1d7-4d86-b918-976b99e565ef
b2ba7dad-2bec-4563-ada1-49da9b899201
f7f4d27a-6357-4f1b-b7b1-6decd9319c1e
50fdf2fd-0d55-4f6f-bc6d-3ed56fec779d
919de536-37c7-4d9c-95b5-f6598755a0ed
c3176161-d5f1-4efd-aba0-7816c5f18c8b
f9973f58-dd65-4a16-980a-4fe0ad5202f3
ad451ca9-b68f-4652-aaad-b5715708304e
8cd832fe-38ea-454d-bae2-29f9bc9dfa53
170fd906-4427-42a7-ad8c-5a00e21795da
2b156443-d37c-4c5e-abdf-d077e26b75d6
0a230209-edfa-4314-b580-cba7d988bf2c
3a7b72e7-48f9-49d8-a689-206ffd537330
cd6dce26-eced-4426-8c0b-3bf505f61b67
428087a3-30f7-47d3-a201-cc003261ba41
2cef52df-2fc7-40f9-8541-7e53e7f23644
e4432c29-2958-4509-8b4c-1c51ffb32fec
0f2a178c-8784-47f6-aea0-e59126ee5a0f
0a3799ed-57d3-4583-b0af-aaace1f8ff36
a4872878-1bdb-46c6-a86a-a2df381dfe81
cce72be2-1453-430d-bddf-b710356e0c65
490e9580-0ed9-4105-971d-74dce12e07c9
1edb8d62-d314-4301-aca2-8402b6042ddc
1d812d22-815f-4ee7-a366-9f3f621a2d86
164c0e81-a962-42d8-8f4b-e70aa727d5a9
b5600b24-8bd0-451f-9cd0-87fcf679170e
62ab9149-31a3-47bc-9938-0d72a3671047
0bd2dc3d-20a9-4415-a11e-9077df687681
3c970d42-6c97-4fab-a441-993f602b5a08
1d904dd4-77f0-4bb0-ad30-556a3b1eb071
f08b6529-d588-47c3-99ea-1466e748e5d5
07c2dd82-e5a9-4245-9cfb-77dd61140ee7
ac568455-e4af-4ffe-9276-dc0ad2bb160e
fd47c614-d235-4268-b274-5c4686879596
3d851072-80ad-4ff1-a029-b9b94dcc52b6
5c897ef1-8b3b-43a5-b575-6829bc5d303b
a01bf626-b859-4c7a-834b-7cf90c51e454
b053855a-5535-4410-baa7-1e0752617266
d8937819-b5a4-4a1c-9474-d5ce8adc02d9
a453c3c5-ba49-4c63-a9bb-57afeb905775
7bc76595-e8a1-48bf-85c3-ecf982591b9f
04bf1ee4-028d-44cc-81cf-56aaf7163f66
5863184a-94db-444c-9a36-97c495d5b312
10ea4102-d1fa-40e9-9fe1-6cbfda06a590
f7b35f11-765b-41a5-bf1a-a407f6cb7411
0460439c-b8ed-4a7b-96dc-a126ab2f7292
83628df4-164c-49a6-8a8e-f29e1bf591cb
41661484-3c2b-4ae8-8917-92148750f432
14b6167d-eea9-4553-9dd8-5df0885ec93e
88605c15-0213-4a9c-a07f-26f59ae42f22
8c40db1b-23ae-41a2-bdaf-92a3a1caadd6
6f5e2c29-d68c-4518-90b1-191112ee1741
302d75b6-4f1c-41cb-8edc-bbb30bab1b12
558080ee-6103-45b1-8e83-adc3a00966d8
02addad4-15ef-4096-86f6-653a2e8ac503
7fd8b066-3b8a-44d6-9f33-37d89f4e7e1c
8f8448ce-049d-4657-9a6d-545299bca714
b2ac8378-7095-4745-968c-815d435842f8
bd37c336-447b-4fb9-a01c-931e883a0e47
11a3932d-1ef2-4b08-bbcd-6ea7f9e59f41
79b5b11d-5dce-486f-bdbd-d531bab09eb3
f80f6adb-0a30-47f2-92bc-e1fbc76f53db
648ff7c7-d679-413e-9bbd-c5dedc8660e1
7fe31ddc-0308-41f2-aae3-45b2a447fd9f
592c3cf4-d278-42ab-923a-d85c0fe73a8f
affcb54b-8d4c-4771-91f2-b5630009d538
a4e301e5-ca2e-4ae1-b990-fb2742ea30bb
782a9c7b-3e8c-440a-9263-45f9aaa0ec10
44737a6a-1e63-4f19-b048-1985367ef6dd
478171fb-1cd7-465f-a9f5-6867799e85d8
846c0574-c3d5-434f-91be-c3d5f14b1031
95b64957-7e90-42fa-a4fb-a5ab980316da
c47e10bf-5dd1-4b19-801b-1b33da2090c5
7dd09f22-c056-48dd-9203-30da12dce0cb
5e946bab-3f9a-478c-9f13-960a94494a50
db2b3374-eae9-493f-aa91-03c3ac26fde2
beb26856-d9d9-4706-a2e1-50fef9602609
90fda500-e914-4437-9da5-fbcd89066145
212fd113-fa3b-489c-b943-1b019feecb89
87aef2a6-9348-4005-a0a1-7ff278312cd3
f7ec6ef4-2356-433b-93f5-ef64a94be424
36b9335d-19ac-4d03-9eb8-dae92dbc6599
041ad8de-2f1c-423f-bdec-2a1e8fa1f29c
489b0eb2-f68a-4dc8-b824-4c851ceb0238
2f7ba4be-4bb7-4825-be72-f211eef9c02b
2f54a0ab-fb09-4873-b496-141a593e2dea
e7f60d38-bf75-44de-8fbf-c50aa6013899
4e594dd9-3847-4f21-86df-eca00e13eb6e
1f64592c-b758-4712-9070-3363994303d6
ae48d6b3-f412-4c04-bd13-9c94ac5b0037
7f4d315c-d7b2-4e24-a47a-696e2330fb8b
8403c4d6-40f7-4d91-8460-69b9d99ddfc2
4893b12c-6563-40b6-9f14-63c616c8f2e3
3e4c09d8-c05b-4a57-87d6-fb12f43fcba7
548df632-6471-4141-a7d9-595dd498aa59
493c9d03-3235-4e1e-8428-15ed69996222
192a7db8-4f57-4508-950c-cd3684f3e480
36c9bc98-083a-460d-bd74-83fd9992119c
d526f712-9ce1-45ea-8243-a565d6720d9c
9feab44c-4b67-4856-884b-620616b5d172
9a5e4eb2-8dba-41da-85af-d24d72f5ef3f
c5c904f4-ee2f-4c67-bede-4bad22607d4c
f2e8f209-2723-439d-a6bd-9a7d53627803
442c1549-6b48-4aaa-812f-7c95bf7e3b34
5deda542-c067-4bea-bb54-05b9f176893a
b72ae126-efd7-48cc-9553-cd5edf530cad
54462e51-7052-4ac1-9e48-f1165bd9bfb3
9fd2e167-98ab-4532-bc7c-84c133a515f5
642cb630-6389-4a37-b188-29f449f17b55
71c7c629-9b6d-4664-aad6-971602b8eb54
cc7d4f1c-dbd0-49ab-8e40-b1fcf98d0147
9f4eb978-a652-4663-b963-837ab7c7f5a9
34053e41-8c92-49b5-a8a2-cce72a443b78
88c60674-5f63-4f24-ac67-00cbbc9ab536
0713dc09-998e-4a14-9b5d-1b220b486b15
28b5f0eb-4df2-4ded-b8c3-4f1ba129d1d5
00e017f0-0d17-4b7e-aaf0-61edee7a6106
8dbf69fd-5b05-4d26-a583-a5b73fd35afa
23aecd51-d529-4483-a0ce-cb1a2d98d807
155a0d36-861b-4f59-ba3d-f6cab5832609
a8ff6a1c-b8e8-4293-b999-88c6998c24ae
95df24e6-7ec3-468d-b636-7ff3724ff157
ca97ad0a-b395-4746-860f-c5f22ae85b40
2e784c66-b86f-41b3-9c42-1a10ecb61e73
a4493068-a78f-47f9-8c66-f9c46ebc46f6
df6f0eef-a826-4d0e-b831-e3c02cf5c2b2
74821636-18fa-41d4-a960-23dbc0cfcb2b
1743bd81-d967-47fc-9547-a4b4cc7b67cd
77d2f634-07d9-4758-9e97-1695004a90c1
e7dfe796-139e-4e75-8dc4-b1c7dcc0a74e
8140a342-2fa4-4a7a-ae63-06cfcfb2a89c
ad16c39a-e5ae-4212-9c1a-13a8b7e7f77e
212e11ab-69ac-41ed-a4ac-2dcf2ade7f4b
1ac8154b-676d-4e74-b9e9-efea7da42169
f89bcaf6-b1b5-43a8-9ac7-12be1fcfcac7
0b6c16d2-70fe-4464-a79a-8f732f580fec
7d7e1e45-5115-4b57-8187-fa79a50811c2
7cc8c35b-e38a-4c2b-8c88-21e49378b993
144b04d3-7809-40e8-94a3-4f26b6789178
b5b13b04-7964-45b3-90d0-401d65cc29e6
31a51851-f554-44a4-bdd3-5e52220696d6
4d5bd2b0-ede0-4111-a25d-066666edf813
c2fc5732-f1e4-4bd8-b685-a42d34839fff
81315ea8-f200-4561-a125-54a4a155b968
547b7af3-c1f4-4162-ad79-4f520f82fa3b
8429b638-bd52-4887-a7ca-649d6f459be1
a66206b7-57eb-40d3-9331-ce207bf5e4db
0ac5a053-239f-466b-8123-d532124bbfc0
ba5411e9-6569-45a1-aa42-71423c95eddd
431617ad-a363-481b-bcdc-6a2e6648e611
72fe89a2-9283-43ad-a896-8bc3cb5bc0c6
a76df6f0-5277-47d4-8a7b-dacd16ad33b0
b4df3052-bb91-441b-b99b-c5d3779db7af
f70ecee9-a692-4893-a314-0ee9af38c5e7
4b009a25-91ba-48d7-b82b-dc2e93ecf4e3
0de294bd-0c05-484a-bf69-00ae0d0b6b41
26a1de55-1ccd-4bdd-8972-b4aa51e668d1
54d258f9-4b73-46f8-ae01-83dd99bc817b
6febd939-9d01-446e-aafe-5532f826057d
2476bf75-18e0-45e1-9b48-23ee1543e5eb
bad71d2e-3d6c-4052-a7a9-ae1a36ebf8ae
b4fac325-34dd-4494-9cc8-5bc7f1512290
23cbf0bc-35c3-4117-8b30-bb60f7e5ccc1
a993b7ed-3dcd-4ea4-8cfe-4d25bda866de
59adefa1-5185-41bf-989e-0188d19f09f1
abdfa3b2-9fa1-4d58-966f-6a1f73a2a7f8
f79fb8a3-f8a8-4bb3-adf7-89b21ddf84d0
b3864117-5d88-44a8-995d-dce9276dd2d7
4f7e384f-68ae-4d25-bfe7-d8f7b2e2a3b1
826df86b-8b3b-45ae-85a3-17940aa347b6
77c795d5-5eaf-4559-a1e8-19b3532c261e
6958425b-f732-42b6-8b01-2491466c69c6
61fc13e0-a987-4407-a6c5-54c4774cedd4
c1f8493f-ed7a-412d-9a63-66d4b36764f0
1500a882-2c89-4e5b-80b7-c7690fbbf9bf
86071f4b-b3e1-44f3-b826-2054a85ea7a8
e4ce94ea-017e-444f-98ad-98dc6d0c6d5e
f96335e3-8a9d-4713-b19f-a4a50e06b599
2d049772-b35e-451d-8c4b-730add7675f0
d09be146-2391-49d7-b963-312f672e2a70
b85982f5-581c-4161-a7b3-b2c21789002a
8b7ba2e0-49ee-42f6-9dc5-f0be649993dd
2e4a7a92-2acc-4486-a79b-bb431b56a010
2fa95588-3f5e-40a9-ba3c-8578e9dfe5d3
a5b40e2e-65d9-43b4-9123-0c25502cce88
71d33803-8267-480f-a990-06a0ffdf3eb1
7333c4f6-644d-47b2-a74b-8b81abd437c4
95d518ac-a39d-45c8-aac4-5fa72afb8824
c21ec149-51a6-4966-bb4d-58359ff373c4
de71be04-2016-4359-a8c4-cbae1acf4bc5
c807d390-1b97-4f07-96c8-0694145aef02
fce568a8-dfb5-45da-9b00-1e7bca322247
abee1128-0657-4081-8f7f-f10ca668ca86
38a2b2c5-59e7-4701-8d3e-60ba64af069d
3ad7514d-26f0-4b14-8695-1f52f347f4c1
3bea8ff3-a432-4731-8745-1ace1effeca6
c3dc1de3-09e0-4388-821b-fdbb07eeeff1
3c14148b-3b05-4ff7-b631-b1a79df2dbcb
25e9fc9c-2cf8-457e-9f37-a9252c5ee80b
76861871-c4e3-4876-8c85-e082d4fdf905
9827aa3e-84de-43f4-bb74-d4cadd1d2522
35632c60-955b-4d49-af0b-15eceb78b49a
e8c575a3-7d29-4f58-a902-8eae839cc16e
fbb94488-97cf-4402-83ba-b6f9ce106da1
f0e78b13-0780-4ff7-bfca-40553a977a62
57a08199-e480-418b-89f9-fb60ebdfc106
81a9de9b-f6d7-446b-9ad6-02c4a6e95936
e610f066-4ce2-451f-a402-454fa7170a17
ccbe3d92-fa23-4dc7-9a1f-71216af6e613
d58dcd35-f134-4529-ba07-ea8de78ad6cf
970fc81f-6cf5-4efa-9244-18797335e0f8
b4843b34-63aa-4a21-8c70-13a7a438fa97
8f6524ac-6c1a-4b02-9925-6c51ad02b0d0
74f522c0-119b-45d4-9c2f-2863d51f5d42
c7ba6aa6-ec81-4cb1-b1cf-8a16fdc9245f
91563409-57c7-4a20-ada6-a31ef348ab95
783991f3-6251-4bb9-b518-6864e235ecc8
f723baba-e607-4532-8271-63d207874dc4
2cb11992-b82d-4d1c-89cd-f511841af6eb
c94072a2-4843-4eda-8c8f-c543c4ae6e48
77513c5f-dcd1-4dd6-94c6-8ba0bcf19c9e
92b670e4-a5f1-41e9-a4be-5d0f554ee838
ac68d6e5-7748-479d-adc6-ed7489a152b5
9d45cb99-86af-44e1-a608-e9875b9f6cce
18a968b2-4415-4872-8269-23290ede0e4d
9a7b3d54-1c3a-4300-9611-238c917db44d
52f9b50d-8257-4ad0-a1ab-4b8940bde929
32aa7978-7069-44d8-a371-e4090d285b07
17c2efca-8de6-4294-8efc-56a2c720a515
103dcfd8-fc1d-49c2-abfa-cf2889d73495
18956d15-aeaf-4935-8abd-02d961a1b8ec
13d06af4-0486-4437-900e-0748719a762f
5b61e405-7a39-4b65-96ce-99340ba97c43
03633ac7-07f6-4ed3-bdc6-0e16e900bdc7
6796d1ff-0ddd-4b50-a0bb-a7ed0c5be647
697057b1-6f9c-413d-b0cf-f5653b2a985d
effc7783-e36d-4179-be68-90b93ece8b12
3c137d5d-6c56-4a0d-8897-9ead417aad36
e562958f-d7c6-429b-8911-f1680efe6975
5236fb7a-ee80-426d-86a2-727f252d1693
5fcad31b-75c7-4d06-9102-6452bc284bed
4da92727-9090-4486-8d28-9ed0a2bead7d
244ee55a-803c-4a0f-a439-dbfa16c87556
2d26f2c7-1431-4f15-ac0f-47ecdcd7fcad
520b8115-51f8-4a96-9f39-0beb0548d4fd
cd604c6d-5fe7-469a-8b86-1563075a7e29
29b78107-5ab3-4703-a1a7-a479d4da3ee4
b4a6344e-d7ac-4463-9fd8-5454d76e3484
caa4cfa1-818c-41e8-81b7-8a6feaee4be5
0c471534-733f-4678-a255-b40bc9da4c27
488e7883-c3a2-492c-b19c-b4b2aaa9e0e7
25a00895-9224-402d-bca0-e09f2e865e76
af72d3ea-2520-4319-a7fd-29b15752eec7
f8e22bc1-4377-4d3a-b94e-9f76363fd568
9d731de5-b7b5-4575-af33-4fd6ee55bc43
bce91a73-d262-4531-86b8-efb76b7d7761
7b9171f5-b8ec-4117-80a1-b9e17bcd2fbe
36a0393a-fe5b-4ac2-ae9c-8c684e4ac034
572b9e04-e46b-4f50-b0ab-2ede3ff4a087
ce964c87-abe0-4cf1-9edf-940f1f927287
6c1f6cfa-2005-4727-8d5f-617f7d8d0c46
7a0cc225-7852-4b41-9677-cba0afddc94d
d64eb386-dfba-4922-8232-8eae971db735
6cb24d23-63f6-40cb-b606-5af8253fb0c3
1731584b-a73e-4259-a5f3-9fb10b908a7f
94cbadb6-505e-4eb4-9347-a3ef07e2ddfb
c80ad7c1-628c-4087-9cad-6b582092fed9
0f60e6e0-62b6-4c84-9718-c4280311c693
cd4fbee2-dc98-4fcf-8521-0cfeb7777e4f
10d293f8-532c-416c-9ac5-3cade27fd950
b3490cb1-b83d-4536-99e0-6ff1d26c2059
968d892e-b57f-4476-8e5c-60681306ebe8
9c1979b1-7951-4876-b66b-6377ed51c9b0
6bc5144e-3b3b-48a9-81f6-ef55892bb0be
f76d66de-aefb-45a1-aeee-1c27fcafc2b1
5e293726-06bd-4285-a557-4ce7d9637d55
8c2561cf-999f-4611-80ea-10a39780c251
3c6ab3d1-0c9a-40f4-921a-01047c345d25
23837f9e-ebef-4a5f-a51d-fbf675ed163f
12f08293-a005-4ba4-9bb9-0dd5634b94fb
219af644-789f-4707-9f66-32b33ff99b39
077231ad-14b4-49d3-a602-2c011125d29b
3a6ae88e-efad-44e8-a5bd-1ae9faa74bf2
ab6eb085-efef-4575-9142-10df5ac50364
533f87da-de08-4461-af67-28ef9d546da4
ee10d629-c1bb-4b18-9826-58f95324b723
7e1bf63b-aa68-4d4a-a6f6-cfeed9a0e182
13d49ea5-2ea2-4e0b-94a2-568655daacbe
6ea49294-f76c-4449-a383-b0a19966d126
71358493-cd5c-4f25-bee3-83f5020b0422
3cd6b49f-daac-4090-8255-241de1820bb3
2a98518c-5967-4694-a820-259566ed9289
15572d9e-26f8-4e05-9abb-7d4d60b16714
625b0d06-a8a1-4358-91b1-cb4afb7f68a2
8ac28d36-5ebf-42d7-a3fc-976b8047c269
3e22b027-6283-42d1-8e4e-8a75ea15b5b2
6a3732d0-c2b3-4fa9-a321-99782c2c0cf4
9fba6828-1f71-4ffa-974f-1dd36dcbc68d
1507a058-e8a0-487a-947e-c79fdae671d1
78c717e5-02c5-4b9e-a783-84f69a3808bf
99071864-6582-477b-a593-63479e66da42
ceb97a3e-6fe1-4f4d-abb3-fe77c684891f
b6ba679a-f5b0-45bd-b23e-1e5549349e3f
d5f64785-c1f0-4b54-a4f2-17d3ab6c7b18
48c84361-7a4e-412e-83b5-d95a4990bee5
dce6f77b-7245-42ed-89d9-0f058807b09b
57ec112f-11d2-4934-b372-49a3a288bb78
f9592a65-7b8f-4280-a00e-a90956aa8a77
28adbfd5-58c9-4960-9c38-0a5af2c036f2
917d8114-9ffc-452e-b388-6ec9bbfd0189
b0adf848-99bc-463b-88fa-a4d4d680cf8f
2d8151cd-c97b-444e-b15d-c7834af0b087
c7741253-c92b-45d1-be03-a793367ab0de
13a6ba75-09b3-4381-8a7d-20ad86445ac6
f5de7c10-acdd-4d8e-bce0-edaa29f4e3fc
5160c2c5-c3de-43b9-9489-b19ded614c53
df6125ae-4898-4db1-8f2e-e24d636c2dd3
aa7030ec-b670-4f31-8d86-e3e600c7c33e
786f9b21-d122-4495-9526-2c66fbab4bff
d2bb9fe0-b276-487d-9848-4d98e6daead8
af5ccb78-e490-4343-8734-6b070b51142d
62205c9c-d1af-44bc-a45d-0ba063185e1c
a55bb124-993d-4f5c-8f83-c5211eb150ab
8abe1d87-0c5f-461e-a627-ce28778e4311
b948e661-363c-4ef8-9f9c-af040e61ec52
8816674e-8869-4b35-afed-508106c4065f
8d1202d1-0b4b-477e-981b-1eee6498c48e
a2180d75-d01c-4ca4-9a06-3f7b63b14bc9
f1103f38-63db-4ab4-a8f5-376fa44975dc
9aaabcc8-67db-4f75-bd62-f7837c3e2b00
fa230a14-bb81-436b-bded-1c30813e2573
65a432c7-8a91-464f-8bd0-6024c7f8142e
3a0a9042-0916-4009-b934-dff7cbd055bd
a0de27ce-8549-4c6c-af85-9b23d96806db
7aff0895-33a8-4cf3-a224-41f0e57c745e
]]></system-out>
  </testcase>
</testsuite>